{
  "uid" : "389f2c799ee27d5e",
  "name" : "GET Список стикеров задачи",
  "fullName" : "tests.test_api.test_api.TestAPI#test_get_api_task_id_sticker",
  "historyId" : "6d6ecebe240d50664140f603964b63e9",
  "time" : {
    "start" : 1720060287830,
    "stop" : 1720060298478,
    "duration" : 10648
  },
  "status" : "skipped",
  "statusMessage" : "XFAIL\n\nAssertionError: Unexpected status code. Expected: 200. Actual: 500",
  "statusTrace" : "self = <tests.test_api.test_api.TestAPI object at 0x7fcfcc7530b0>\nuse_api_base = <api_testing.api_base.ApiBase object at 0x7fcfcc790fe0>\n\n    @pytest.mark.xfail\n    @allure.title(\"GET Список стикеров задачи\")\n    def test_get_api_task_id_sticker(self, use_api_base):\n        jwt = use_api_base.create_jwt(email1, password0)\n        column_id, task_id = use_api_base.get_column_task_id()\n        url = f'{self.constant.BASE_URL}api/task/{task_id}/sticker/'\n        requests.post(url, headers={'accept': 'application/json', 'Authorization': f\"{jwt}\"},\n                      json={\"name\": faker.first_name(), \"color\": random.choice(self.constant.COLOR_STICKER)})\n        response = requests.get(url, headers={'accept': 'application/json', 'Authorization': f\"{jwt}\"})\n>       Assertions.assert_status_code(response, self.code.STATUS_200)\n\ntests/test_api/test_api.py:470: \n_ _ _ _ _ _ _ _ _ _ _ _ _ _ _ _ _ _ _ _ _ _ _ _ _ _ _ _ _ _ _ _ _ _ _ _ _ _ _ _ \n\nresponse = <Response [500]>, expected_status_code = 200\n\n    @staticmethod\n    def assert_status_code(response: Response, expected_status_code: int):\n        actual_status_code = response.status_code\n        with allure.step(f\"Expected status {expected_status_code}\"):\n>           assert actual_status_code == expected_status_code, \\\n                f\"Unexpected status code. Expected: {expected_status_code}. Actual: {actual_status_code}\"\nE           AssertionError: Unexpected status code. Expected: 200. Actual: 500\n\napi_testing/assertions.py:11: AssertionError",
  "flaky" : false,
  "newFailed" : false,
  "beforeStages" : [ {
    "name" : "use_api_base",
    "time" : {
      "start" : 1720060287830,
      "stop" : 1720060287830,
      "duration" : 0
    },
    "status" : "passed",
    "steps" : [ ],
    "attachments" : [ ],
    "parameters" : [ ],
    "stepsCount" : 0,
    "attachmentsCount" : 0,
    "shouldDisplayMessage" : false,
    "hasContent" : false
  }, {
    "name" : "clear_allure_results_folder",
    "time" : {
      "start" : 1720060035019,
      "stop" : 1720060035019,
      "duration" : 0
    },
    "status" : "passed",
    "steps" : [ ],
    "attachments" : [ ],
    "parameters" : [ ],
    "stepsCount" : 0,
    "attachmentsCount" : 0,
    "shouldDisplayMessage" : false,
    "hasContent" : false
  }, {
    "name" : "_session_faker",
    "time" : {
      "start" : 1720060035000,
      "stop" : 1720060035019,
      "duration" : 19
    },
    "status" : "passed",
    "steps" : [ ],
    "attachments" : [ ],
    "parameters" : [ ],
    "stepsCount" : 0,
    "attachmentsCount" : 0,
    "shouldDisplayMessage" : false,
    "hasContent" : false
  } ],
  "testStage" : {
    "status" : "skipped",
    "statusMessage" : "XFAIL\n\nAssertionError: Unexpected status code. Expected: 200. Actual: 500",
    "statusTrace" : "self = <tests.test_api.test_api.TestAPI object at 0x7fcfcc7530b0>\nuse_api_base = <api_testing.api_base.ApiBase object at 0x7fcfcc790fe0>\n\n    @pytest.mark.xfail\n    @allure.title(\"GET Список стикеров задачи\")\n    def test_get_api_task_id_sticker(self, use_api_base):\n        jwt = use_api_base.create_jwt(email1, password0)\n        column_id, task_id = use_api_base.get_column_task_id()\n        url = f'{self.constant.BASE_URL}api/task/{task_id}/sticker/'\n        requests.post(url, headers={'accept': 'application/json', 'Authorization': f\"{jwt}\"},\n                      json={\"name\": faker.first_name(), \"color\": random.choice(self.constant.COLOR_STICKER)})\n        response = requests.get(url, headers={'accept': 'application/json', 'Authorization': f\"{jwt}\"})\n>       Assertions.assert_status_code(response, self.code.STATUS_200)\n\ntests/test_api/test_api.py:470: \n_ _ _ _ _ _ _ _ _ _ _ _ _ _ _ _ _ _ _ _ _ _ _ _ _ _ _ _ _ _ _ _ _ _ _ _ _ _ _ _ \n\nresponse = <Response [500]>, expected_status_code = 200\n\n    @staticmethod\n    def assert_status_code(response: Response, expected_status_code: int):\n        actual_status_code = response.status_code\n        with allure.step(f\"Expected status {expected_status_code}\"):\n>           assert actual_status_code == expected_status_code, \\\n                f\"Unexpected status code. Expected: {expected_status_code}. Actual: {actual_status_code}\"\nE           AssertionError: Unexpected status code. Expected: 200. Actual: 500\n\napi_testing/assertions.py:11: AssertionError",
    "steps" : [ {
      "name" : "Получить access токен пользователя на емайл",
      "time" : {
        "start" : 1720060287830,
        "stop" : 1720060289017,
        "duration" : 1187
      },
      "status" : "passed",
      "steps" : [ ],
      "attachments" : [ ],
      "parameters" : [ ],
      "stepsCount" : 0,
      "attachmentsCount" : 0,
      "shouldDisplayMessage" : false,
      "hasContent" : false
    }, {
      "name" : "Получить id задачи",
      "time" : {
        "start" : 1720060289018,
        "stop" : 1720060297304,
        "duration" : 8286
      },
      "status" : "passed",
      "steps" : [ {
        "name" : "Получить access токен пользователя на емайл",
        "time" : {
          "start" : 1720060289018,
          "stop" : 1720060290384,
          "duration" : 1366
        },
        "status" : "passed",
        "steps" : [ ],
        "attachments" : [ ],
        "parameters" : [ ],
        "stepsCount" : 0,
        "attachmentsCount" : 0,
        "shouldDisplayMessage" : false,
        "hasContent" : false
      }, {
        "name" : "Получить id колонки",
        "time" : {
          "start" : 1720060290385,
          "stop" : 1720060296744,
          "duration" : 6359
        },
        "status" : "passed",
        "steps" : [ {
          "name" : "Получить access токен пользователя на емайл",
          "time" : {
            "start" : 1720060290385,
            "stop" : 1720060291654,
            "duration" : 1269
          },
          "status" : "passed",
          "steps" : [ ],
          "attachments" : [ ],
          "parameters" : [ ],
          "stepsCount" : 0,
          "attachmentsCount" : 0,
          "shouldDisplayMessage" : false,
          "hasContent" : false
        }, {
          "name" : "Получить id доски",
          "time" : {
            "start" : 1720060291655,
            "stop" : 1720060295643,
            "duration" : 3988
          },
          "status" : "passed",
          "steps" : [ {
            "name" : "Получить access токен пользователя на емайл",
            "time" : {
              "start" : 1720060291655,
              "stop" : 1720060292952,
              "duration" : 1297
            },
            "status" : "passed",
            "steps" : [ ],
            "attachments" : [ ],
            "parameters" : [ ],
            "stepsCount" : 0,
            "attachmentsCount" : 0,
            "shouldDisplayMessage" : false,
            "hasContent" : false
          }, {
            "name" : "Получить id рабочего пространства",
            "time" : {
              "start" : 1720060292953,
              "stop" : 1720060295074,
              "duration" : 2121
            },
            "status" : "passed",
            "steps" : [ {
              "name" : "Получить access токен пользователя на емайл",
              "time" : {
                "start" : 1720060292953,
                "stop" : 1720060294371,
                "duration" : 1418
              },
              "status" : "passed",
              "steps" : [ ],
              "attachments" : [ ],
              "parameters" : [ ],
              "stepsCount" : 0,
              "attachmentsCount" : 0,
              "shouldDisplayMessage" : false,
              "hasContent" : false
            } ],
            "attachments" : [ ],
            "parameters" : [ ],
            "stepsCount" : 1,
            "attachmentsCount" : 0,
            "shouldDisplayMessage" : false,
            "hasContent" : true
          } ],
          "attachments" : [ ],
          "parameters" : [ ],
          "stepsCount" : 3,
          "attachmentsCount" : 0,
          "shouldDisplayMessage" : false,
          "hasContent" : true
        } ],
        "attachments" : [ ],
        "parameters" : [ ],
        "stepsCount" : 5,
        "attachmentsCount" : 0,
        "shouldDisplayMessage" : false,
        "hasContent" : true
      } ],
      "attachments" : [ ],
      "parameters" : [ ],
      "stepsCount" : 7,
      "attachmentsCount" : 0,
      "shouldDisplayMessage" : false,
      "hasContent" : true
    }, {
      "name" : "Expected status 200",
      "time" : {
        "start" : 1720060298477,
        "stop" : 1720060298477,
        "duration" : 0
      },
      "status" : "failed",
      "statusMessage" : "AssertionError: Unexpected status code. Expected: 200. Actual: 500\n",
      "statusTrace" : "  File \"/home/runner/work/PulseWave/PulseWave/api_testing/assertions.py\", line 11, in assert_status_code\n    assert actual_status_code == expected_status_code, \\\n           ^^^^^^^^^^^^^^^^^^^^^^^^^^^^^^^^^^^^^^^^^^\n",
      "steps" : [ ],
      "attachments" : [ ],
      "parameters" : [ ],
      "stepsCount" : 0,
      "attachmentsCount" : 0,
      "shouldDisplayMessage" : true,
      "hasContent" : true
    } ],
    "attachments" : [ ],
    "parameters" : [ ],
    "stepsCount" : 10,
    "attachmentsCount" : 0,
    "shouldDisplayMessage" : true,
    "hasContent" : true
  },
  "afterStages" : [ ],
  "labels" : [ {
    "name" : "epic",
    "value" : "Тестирование API"
  }, {
    "name" : "tag",
    "value" : "@pytest.mark.xfail"
  }, {
    "name" : "parentSuite",
    "value" : "tests.test_api"
  }, {
    "name" : "suite",
    "value" : "test_api"
  }, {
    "name" : "subSuite",
    "value" : "TestAPI"
  }, {
    "name" : "host",
    "value" : "fv-az885-830"
  }, {
    "name" : "thread",
    "value" : "2263-MainThread"
  }, {
    "name" : "framework",
    "value" : "pytest"
  }, {
    "name" : "language",
    "value" : "cpython3"
  }, {
    "name" : "package",
    "value" : "tests.test_api.test_api"
  }, {
    "name" : "resultFormat",
    "value" : "allure2"
  } ],
  "parameters" : [ ],
  "links" : [ ],
  "hidden" : false,
  "retry" : false,
  "extra" : {
    "severity" : "normal",
    "retries" : [ ],
    "categories" : [ ],
    "history" : {
      "statistic" : {
        "failed" : 0,
        "broken" : 0,
        "skipped" : 82,
        "passed" : 0,
        "unknown" : 0,
        "total" : 82
      },
      "items" : [ {
        "uid" : "86b517118a0de8b3",
        "reportUrl" : "https://Nat754.github.io/PulseWave/74//#testresult/86b517118a0de8b3",
        "status" : "skipped",
        "statusDetails" : "XFAIL\n\nAssertionError: Unexpected status code. Expected: 200. Actual: 500",
        "time" : {
          "start" : 1719973794175,
          "stop" : 1719973804419,
          "duration" : 10244
        }
      }, {
        "uid" : "9f71a87e6ce9da9",
        "reportUrl" : "https://Nat754.github.io/PulseWave/73//#testresult/9f71a87e6ce9da9",
        "status" : "skipped",
        "statusDetails" : "XFAIL\n\nAssertionError: Unexpected status code. Expected: 200. Actual: 500",
        "time" : {
          "start" : 1719887459245,
          "stop" : 1719887469560,
          "duration" : 10315
        }
      }, {
        "uid" : "c2525e861c203fb3",
        "reportUrl" : "https://Nat754.github.io/PulseWave/72//#testresult/c2525e861c203fb3",
        "status" : "skipped",
        "statusDetails" : "XFAIL\n\nAssertionError: Unexpected status code. Expected: 200. Actual: 500",
        "time" : {
          "start" : 1719801477656,
          "stop" : 1719801487985,
          "duration" : 10329
        }
      }, {
        "uid" : "474eeb5bb2b2209c",
        "reportUrl" : "https://Nat754.github.io/PulseWave/71//#testresult/474eeb5bb2b2209c",
        "status" : "skipped",
        "statusDetails" : "XFAIL\n\nAssertionError: Unexpected status code. Expected: 200. Actual: 500",
        "time" : {
          "start" : 1719714897985,
          "stop" : 1719714908783,
          "duration" : 10798
        }
      }, {
        "uid" : "2a38fa7bb6c36d62",
        "reportUrl" : "https://Nat754.github.io/PulseWave/70//#testresult/2a38fa7bb6c36d62",
        "status" : "skipped",
        "statusDetails" : "XFAIL\n\nAssertionError: Unexpected status code. Expected: 200. Actual: 500",
        "time" : {
          "start" : 1719628212206,
          "stop" : 1719628226036,
          "duration" : 13830
        }
      }, {
        "uid" : "78c5825a59708d58",
        "reportUrl" : "https://Nat754.github.io/PulseWave/69//#testresult/78c5825a59708d58",
        "status" : "skipped",
        "statusDetails" : "XFAIL\n\nAssertionError: Unexpected status code. Expected: 200. Actual: 500",
        "time" : {
          "start" : 1719541915148,
          "stop" : 1719541926194,
          "duration" : 11046
        }
      }, {
        "uid" : "8ea025b2d642549f",
        "reportUrl" : "https://Nat754.github.io/PulseWave/68//#testresult/8ea025b2d642549f",
        "status" : "skipped",
        "statusDetails" : "XFAIL\n\nAssertionError: Unexpected status code. Expected: 200. Actual: 500",
        "time" : {
          "start" : 1719455396257,
          "stop" : 1719455406730,
          "duration" : 10473
        }
      }, {
        "uid" : "857e3f2f97f250a8",
        "reportUrl" : "https://Nat754.github.io/PulseWave/67//#testresult/857e3f2f97f250a8",
        "status" : "skipped",
        "statusDetails" : "XFAIL\n\nAssertionError: Unexpected status code. Expected: 200. Actual: 500",
        "time" : {
          "start" : 1719369055112,
          "stop" : 1719369067870,
          "duration" : 12758
        }
      }, {
        "uid" : "71231880179d0eb5",
        "reportUrl" : "https://Nat754.github.io/PulseWave/66//#testresult/71231880179d0eb5",
        "status" : "skipped",
        "statusDetails" : "XFAIL\n\nAssertionError: Unexpected status code. Expected: 200. Actual: 500",
        "time" : {
          "start" : 1719282699560,
          "stop" : 1719282713473,
          "duration" : 13913
        }
      }, {
        "uid" : "69d4182a5e1af671",
        "reportUrl" : "https://Nat754.github.io/PulseWave/65//#testresult/69d4182a5e1af671",
        "status" : "skipped",
        "statusDetails" : "XFAIL\n\nAssertionError: Unexpected status code. Expected: 200. Actual: 500",
        "time" : {
          "start" : 1719196366836,
          "stop" : 1719196379863,
          "duration" : 13027
        }
      }, {
        "uid" : "444a0abcbd96ad90",
        "reportUrl" : "https://Nat754.github.io/PulseWave/64//#testresult/444a0abcbd96ad90",
        "status" : "skipped",
        "statusDetails" : "XFAIL\n\nAssertionError: Unexpected status code. Expected: 200. Actual: 500",
        "time" : {
          "start" : 1719109979567,
          "stop" : 1719109993552,
          "duration" : 13985
        }
      }, {
        "uid" : "33bd954de89dffec",
        "reportUrl" : "https://Nat754.github.io/PulseWave/63//#testresult/33bd954de89dffec",
        "status" : "skipped",
        "statusDetails" : "XFAIL\n\nAssertionError: Unexpected status code. Expected: 200. Actual: 500",
        "time" : {
          "start" : 1719023257940,
          "stop" : 1719023269158,
          "duration" : 11218
        }
      }, {
        "uid" : "632d2b79577400ab",
        "reportUrl" : "https://Nat754.github.io/PulseWave/62//#testresult/632d2b79577400ab",
        "status" : "skipped",
        "statusDetails" : "XFAIL\n\nAssertionError: Unexpected status code. Expected: 200. Actual: 500",
        "time" : {
          "start" : 1718936979404,
          "stop" : 1718936990343,
          "duration" : 10939
        }
      }, {
        "uid" : "4a53cb7920c303a1",
        "reportUrl" : "https://Nat754.github.io/PulseWave/61//#testresult/4a53cb7920c303a1",
        "status" : "skipped",
        "statusDetails" : "XFAIL\n\nAssertionError: Unexpected status code. Expected: 200. Actual: 500",
        "time" : {
          "start" : 1718850582687,
          "stop" : 1718850595668,
          "duration" : 12981
        }
      }, {
        "uid" : "c81f847b61a041d0",
        "reportUrl" : "https://Nat754.github.io/PulseWave/60//#testresult/c81f847b61a041d0",
        "status" : "skipped",
        "statusDetails" : "XFAIL\n\nAssertionError: Unexpected status code. Expected: 200. Actual: 500",
        "time" : {
          "start" : 1718764314527,
          "stop" : 1718764325822,
          "duration" : 11295
        }
      }, {
        "uid" : "6299a8e4ff8a8457",
        "reportUrl" : "https://Nat754.github.io/PulseWave/59//#testresult/6299a8e4ff8a8457",
        "status" : "skipped",
        "statusDetails" : "XFAIL\n\nAssertionError: Unexpected status code. Expected: 200. Actual: 500",
        "time" : {
          "start" : 1718677858636,
          "stop" : 1718677870142,
          "duration" : 11506
        }
      }, {
        "uid" : "59655f93bc3ef253",
        "reportUrl" : "https://Nat754.github.io/PulseWave/58//#testresult/59655f93bc3ef253",
        "status" : "skipped",
        "statusDetails" : "XFAIL\n\nAssertionError: Unexpected status code. Expected: 200. Actual: 500",
        "time" : {
          "start" : 1718591613038,
          "stop" : 1718591624085,
          "duration" : 11047
        }
      }, {
        "uid" : "8faefb6e72f69ec4",
        "reportUrl" : "https://Nat754.github.io/PulseWave/57//#testresult/8faefb6e72f69ec4",
        "status" : "skipped",
        "statusDetails" : "XFAIL\n\nAssertionError: Unexpected status code. Expected: 200. Actual: 500",
        "time" : {
          "start" : 1718505208867,
          "stop" : 1718505219331,
          "duration" : 10464
        }
      }, {
        "uid" : "ed50bbbcf62fdc02",
        "reportUrl" : "https://Nat754.github.io/PulseWave/56//#testresult/ed50bbbcf62fdc02",
        "status" : "skipped",
        "statusDetails" : "XFAIL\n\nAssertionError: Unexpected status code. Expected: 200. Actual: 500",
        "time" : {
          "start" : 1718418539708,
          "stop" : 1718418550540,
          "duration" : 10832
        }
      }, {
        "uid" : "f0d1b00db573926e",
        "reportUrl" : "https://Nat754.github.io/PulseWave/55//#testresult/f0d1b00db573926e",
        "status" : "skipped",
        "statusDetails" : "XFAIL\n\nAssertionError: Unexpected status code. Expected: 200. Actual: 500",
        "time" : {
          "start" : 1718332234452,
          "stop" : 1718332244843,
          "duration" : 10391
        }
      } ]
    },
    "tags" : [ "@pytest.mark.xfail" ]
  },
  "source" : "389f2c799ee27d5e.json",
  "parameterValues" : [ ]
}