{
  "uid" : "c03fc2931b7e852f",
  "name" : "POST Регистрация пользователя без подтверждения подписки",
  "fullName" : "tests.test_api.test_api.TestAPI#test_post_create_user_no_subscriber",
  "historyId" : "65cde6c273276871256fcbcd8d2a7b23",
  "time" : {
    "start" : 1734835730916,
    "stop" : 1734835746504,
    "duration" : 15588
  },
  "status" : "failed",
  "statusMessage" : "AssertionError: Unexpected status code. Expected: 201. Actual: 400",
  "statusTrace" : "self = <tests.test_api.test_api.TestAPI object at 0x7fb2efdeea80>\nuse_api_base = <api_testing.api_base.ApiBase object at 0x7fb2efe31820>\n\n    @allure.title(\"POST Регистрация пользователя без подтверждения подписки\")\n    def test_post_create_user_no_subscriber(self, use_api_base):\n        url = f'{self.link.BASE_URL}auth/users/'\n        response = requests.post(url, json=self.constant.CREATE_USER_NO_SUBSCRIBER)\n        time.sleep(15)\n>       Assertions.assert_status_code(response, self.code.STATUS_201)\n\ntests/test_api/test_api.py:258: \n_ _ _ _ _ _ _ _ _ _ _ _ _ _ _ _ _ _ _ _ _ _ _ _ _ _ _ _ _ _ _ _ _ _ _ _ _ _ _ _ \n\nresponse = <Response [400]>, expected_status_code = 201\n\n    @staticmethod\n    def assert_status_code(response: Response, expected_status_code: int):\n        actual_status_code = response.status_code\n        with allure.step(f\"Expected status {expected_status_code}\"):\n>           assert actual_status_code == expected_status_code, \\\n                f\"Unexpected status code. Expected: {expected_status_code}. Actual: {actual_status_code}\"\nE           AssertionError: Unexpected status code. Expected: 201. Actual: 400\n\napi_testing/assertions.py:11: AssertionError",
  "flaky" : true,
  "newFailed" : true,
  "beforeStages" : [ {
    "name" : "clear_allure_results_folder",
    "time" : {
      "start" : 1734835683206,
      "stop" : 1734835683206,
      "duration" : 0
    },
    "status" : "passed",
    "steps" : [ ],
    "attachments" : [ ],
    "parameters" : [ ],
    "stepsCount" : 0,
    "attachmentsCount" : 0,
    "shouldDisplayMessage" : false,
    "hasContent" : false
  }, {
    "name" : "_session_faker",
    "time" : {
      "start" : 1734835683186,
      "stop" : 1734835683205,
      "duration" : 19
    },
    "status" : "passed",
    "steps" : [ ],
    "attachments" : [ ],
    "parameters" : [ ],
    "stepsCount" : 0,
    "attachmentsCount" : 0,
    "shouldDisplayMessage" : false,
    "hasContent" : false
  }, {
    "name" : "use_api_base",
    "time" : {
      "start" : 1734835730915,
      "stop" : 1734835730915,
      "duration" : 0
    },
    "status" : "passed",
    "steps" : [ ],
    "attachments" : [ ],
    "parameters" : [ ],
    "stepsCount" : 0,
    "attachmentsCount" : 0,
    "shouldDisplayMessage" : false,
    "hasContent" : false
  } ],
  "testStage" : {
    "status" : "failed",
    "statusMessage" : "AssertionError: Unexpected status code. Expected: 201. Actual: 400",
    "statusTrace" : "self = <tests.test_api.test_api.TestAPI object at 0x7fb2efdeea80>\nuse_api_base = <api_testing.api_base.ApiBase object at 0x7fb2efe31820>\n\n    @allure.title(\"POST Регистрация пользователя без подтверждения подписки\")\n    def test_post_create_user_no_subscriber(self, use_api_base):\n        url = f'{self.link.BASE_URL}auth/users/'\n        response = requests.post(url, json=self.constant.CREATE_USER_NO_SUBSCRIBER)\n        time.sleep(15)\n>       Assertions.assert_status_code(response, self.code.STATUS_201)\n\ntests/test_api/test_api.py:258: \n_ _ _ _ _ _ _ _ _ _ _ _ _ _ _ _ _ _ _ _ _ _ _ _ _ _ _ _ _ _ _ _ _ _ _ _ _ _ _ _ \n\nresponse = <Response [400]>, expected_status_code = 201\n\n    @staticmethod\n    def assert_status_code(response: Response, expected_status_code: int):\n        actual_status_code = response.status_code\n        with allure.step(f\"Expected status {expected_status_code}\"):\n>           assert actual_status_code == expected_status_code, \\\n                f\"Unexpected status code. Expected: {expected_status_code}. Actual: {actual_status_code}\"\nE           AssertionError: Unexpected status code. Expected: 201. Actual: 400\n\napi_testing/assertions.py:11: AssertionError",
    "steps" : [ {
      "name" : "Expected status 201",
      "time" : {
        "start" : 1734835746504,
        "stop" : 1734835746504,
        "duration" : 0
      },
      "status" : "failed",
      "statusMessage" : "AssertionError: Unexpected status code. Expected: 201. Actual: 400\n",
      "statusTrace" : "  File \"/home/runner/work/PulseWave/PulseWave/api_testing/assertions.py\", line 11, in assert_status_code\n    assert actual_status_code == expected_status_code, \\\n           ^^^^^^^^^^^^^^^^^^^^^^^^^^^^^^^^^^^^^^^^^^\n",
      "steps" : [ ],
      "attachments" : [ ],
      "parameters" : [ ],
      "stepsCount" : 0,
      "attachmentsCount" : 0,
      "shouldDisplayMessage" : true,
      "hasContent" : true
    } ],
    "attachments" : [ ],
    "parameters" : [ ],
    "stepsCount" : 1,
    "attachmentsCount" : 0,
    "shouldDisplayMessage" : true,
    "hasContent" : true
  },
  "afterStages" : [ ],
  "labels" : [ {
    "name" : "epic",
    "value" : "Тестирование API"
  }, {
    "name" : "parentSuite",
    "value" : "tests.test_api"
  }, {
    "name" : "suite",
    "value" : "test_api"
  }, {
    "name" : "subSuite",
    "value" : "TestAPI"
  }, {
    "name" : "host",
    "value" : "fv-az1146-94"
  }, {
    "name" : "thread",
    "value" : "2257-MainThread"
  }, {
    "name" : "framework",
    "value" : "pytest"
  }, {
    "name" : "language",
    "value" : "cpython3"
  }, {
    "name" : "package",
    "value" : "tests.test_api.test_api"
  }, {
    "name" : "resultFormat",
    "value" : "allure2"
  } ],
  "parameters" : [ ],
  "links" : [ ],
  "hidden" : false,
  "retry" : false,
  "extra" : {
    "severity" : "normal",
    "retries" : [ ],
    "categories" : [ {
      "name" : "Product defects",
      "matchedStatuses" : [ ],
      "flaky" : false
    } ],
    "history" : {
      "statistic" : {
        "failed" : 40,
        "broken" : 3,
        "skipped" : 0,
        "passed" : 239,
        "unknown" : 0,
        "total" : 282
      },
      "items" : [ {
        "uid" : "8f8dfc8a986fa33b",
        "reportUrl" : "https://Nat754.github.io/PulseWave/245//#testresult/8f8dfc8a986fa33b",
        "status" : "passed",
        "time" : {
          "start" : 1734748940749,
          "stop" : 1734748957210,
          "duration" : 16461
        }
      }, {
        "uid" : "8410fc1968605ff1",
        "reportUrl" : "https://Nat754.github.io/PulseWave/244//#testresult/8410fc1968605ff1",
        "status" : "passed",
        "time" : {
          "start" : 1734719345482,
          "stop" : 1734719361930,
          "duration" : 16448
        }
      }, {
        "uid" : "4fefb39280bb1b1a",
        "reportUrl" : "https://Nat754.github.io/PulseWave/244//#testresult/4fefb39280bb1b1a",
        "status" : "failed",
        "statusDetails" : "AssertionError: Unexpected status code. Expected: 201. Actual: 400",
        "time" : {
          "start" : 1734662653552,
          "stop" : 1734662669335,
          "duration" : 15783
        }
      }, {
        "uid" : "72ba9e5a7612a44a",
        "reportUrl" : "https://Nat754.github.io/PulseWave/243//#testresult/72ba9e5a7612a44a",
        "status" : "passed",
        "time" : {
          "start" : 1734576842461,
          "stop" : 1734576858624,
          "duration" : 16163
        }
      }, {
        "uid" : "21ae627372506116",
        "reportUrl" : "https://Nat754.github.io/PulseWave/242//#testresult/21ae627372506116",
        "status" : "passed",
        "time" : {
          "start" : 1734490419840,
          "stop" : 1734490436035,
          "duration" : 16195
        }
      }, {
        "uid" : "54a7d740df0c6b19",
        "reportUrl" : "https://Nat754.github.io/PulseWave/241//#testresult/54a7d740df0c6b19",
        "status" : "passed",
        "time" : {
          "start" : 1734463998800,
          "stop" : 1734464014958,
          "duration" : 16158
        }
      }, {
        "uid" : "1abe3b360a1823c0",
        "reportUrl" : "https://Nat754.github.io/PulseWave/241//#testresult/1abe3b360a1823c0",
        "status" : "passed",
        "time" : {
          "start" : 1734455407975,
          "stop" : 1734455424485,
          "duration" : 16510
        }
      }, {
        "uid" : "38a06bc22e9521bd",
        "reportUrl" : "https://Nat754.github.io/PulseWave/241//#testresult/38a06bc22e9521bd",
        "status" : "failed",
        "statusDetails" : "AssertionError: Unexpected status code. Expected: 201. Actual: 400",
        "time" : {
          "start" : 1734453692115,
          "stop" : 1734453707835,
          "duration" : 15720
        }
      }, {
        "uid" : "b6986001daf3035",
        "reportUrl" : "https://Nat754.github.io/PulseWave/241//#testresult/b6986001daf3035",
        "status" : "failed",
        "statusDetails" : "AssertionError: Unexpected status code. Expected: 201. Actual: 400",
        "time" : {
          "start" : 1734404224179,
          "stop" : 1734404239766,
          "duration" : 15587
        }
      }, {
        "uid" : "4e428ca7e7356203",
        "reportUrl" : "https://Nat754.github.io/PulseWave/240//#testresult/4e428ca7e7356203",
        "status" : "failed",
        "statusDetails" : "AssertionError: Unexpected status code. Expected: 201. Actual: 400",
        "time" : {
          "start" : 1734318083107,
          "stop" : 1734318098700,
          "duration" : 15593
        }
      }, {
        "uid" : "448a18e821e25922",
        "reportUrl" : "https://Nat754.github.io/PulseWave/239//#testresult/448a18e821e25922",
        "status" : "passed",
        "time" : {
          "start" : 1734231873882,
          "stop" : 1734231890050,
          "duration" : 16168
        }
      }, {
        "uid" : "9cccc830e9e74b91",
        "reportUrl" : "https://Nat754.github.io/PulseWave/238//#testresult/9cccc830e9e74b91",
        "status" : "failed",
        "statusDetails" : "AssertionError: Unexpected status code. Expected: 201. Actual: 400",
        "time" : {
          "start" : 1734144866436,
          "stop" : 1734144882225,
          "duration" : 15789
        }
      }, {
        "uid" : "60f4f352d9dc1a2c",
        "reportUrl" : "https://Nat754.github.io/PulseWave/237//#testresult/60f4f352d9dc1a2c",
        "status" : "passed",
        "time" : {
          "start" : 1734058843372,
          "stop" : 1734058859580,
          "duration" : 16208
        }
      }, {
        "uid" : "f344d00ad9e7fca6",
        "reportUrl" : "https://Nat754.github.io/PulseWave/236//#testresult/f344d00ad9e7fca6",
        "status" : "passed",
        "time" : {
          "start" : 1733972367547,
          "stop" : 1733972383920,
          "duration" : 16373
        }
      }, {
        "uid" : "afdf50437937efdc",
        "reportUrl" : "https://Nat754.github.io/PulseWave/235//#testresult/afdf50437937efdc",
        "status" : "passed",
        "time" : {
          "start" : 1733887145165,
          "stop" : 1733887161357,
          "duration" : 16192
        }
      }, {
        "uid" : "9a62abdda094fe12",
        "reportUrl" : "https://Nat754.github.io/PulseWave/235//#testresult/9a62abdda094fe12",
        "status" : "failed",
        "statusDetails" : "AssertionError: Unexpected status code. Expected: 201. Actual: 400",
        "time" : {
          "start" : 1733885873464,
          "stop" : 1733885889046,
          "duration" : 15582
        }
      }, {
        "uid" : "e0e98ce416606b38",
        "reportUrl" : "https://Nat754.github.io/PulseWave/234//#testresult/e0e98ce416606b38",
        "status" : "passed",
        "time" : {
          "start" : 1733799685528,
          "stop" : 1733799701694,
          "duration" : 16166
        }
      }, {
        "uid" : "a36003bbdddb1c4b",
        "reportUrl" : "https://Nat754.github.io/PulseWave/233//#testresult/a36003bbdddb1c4b",
        "status" : "passed",
        "time" : {
          "start" : 1733713355146,
          "stop" : 1733713371406,
          "duration" : 16260
        }
      }, {
        "uid" : "8ef2ed6bd5984a1c",
        "reportUrl" : "https://Nat754.github.io/PulseWave/232//#testresult/8ef2ed6bd5984a1c",
        "status" : "passed",
        "time" : {
          "start" : 1733627070001,
          "stop" : 1733627086184,
          "duration" : 16183
        }
      }, {
        "uid" : "156e3e120ff7edc5",
        "reportUrl" : "https://Nat754.github.io/PulseWave/231//#testresult/156e3e120ff7edc5",
        "status" : "passed",
        "time" : {
          "start" : 1733540208563,
          "stop" : 1733540224770,
          "duration" : 16207
        }
      } ]
    },
    "tags" : [ ]
  },
  "source" : "c03fc2931b7e852f.json",
  "parameterValues" : [ ]
}