{"uid":"5b809f2768d1fb2d","name":"R.5 Восстановить пароль на корректный емайл","fullName":"tests.ui_tests.password_recovery_test.TestPasswordRecoveryPage#test_recovery_password_to_fill_correct_email","historyId":"c89e92ccaf4be98f1027d5da5a586b20","time":{"start":1766377328789,"stop":1766377337468,"duration":8679},"status":"broken","statusMessage":"selenium.common.exceptions.StaleElementReferenceException: Message: stale element reference: stale element not found in the current frame\n  (Session info: chrome=143.0.7499.109); For documentation on this error, please visit: https://www.selenium.dev/documentation/webdriver/troubleshooting/errors#stale-element-reference-exception\nStacktrace:\n#0 0x55d92720119a <unknown>\n#1 0x55d926c7ec4b <unknown>\n#2 0x55d926c8599f <unknown>\n#3 0x55d926c88024 <unknown>\n#4 0x55d926c880f3 <unknown>\n#5 0x55d926ccb128 <unknown>\n#6 0x55d926cc4477 <unknown>\n#7 0x55d926d1bbee <unknown>\n#8 0x55d926cc2c42 <unknown>\n#9 0x55d926cc38f1 <unknown>\n#10 0x55d9271c9f39 <unknown>\n#11 0x55d9271cce7d <unknown>\n#12 0x55d9271b2c81 <unknown>\n#13 0x55d9271cda5b <unknown>\n#14 0x55d927199a50 <unknown>\n#15 0x55d9271eeaa8 <unknown>\n#16 0x55d9271eec79 <unknown>\n#17 0x55d9272004f3 <unknown>\n#18 0x7fdd1189caa4 <unknown>\n#19 0x7fdd11929c6c <unknown>","statusTrace":"self = <tests.ui_tests.password_recovery_test.TestPasswordRecoveryPage object at 0x7f13e6f2f3e0>\nrecovery_page_open = <pages.password_recovery_page.PasswordRecoveryPage object at 0x7f13e6f5e690>\ndriver = <selenium.webdriver.chrome.webdriver.WebDriver (session=\"6dae300693bcfe054ee4cb6511cd8932\")>\n\n    @allure.title(\"R.5 Восстановить пароль на корректный емайл\")\n    def test_recovery_password_to_fill_correct_email(self, recovery_page_open, driver):\n        with allure.step('Заполнить поле емайл'):\n            recovery_page_open.fill_email_to_recovery_password(email_auth)\n        with allure.step(\"Нажать кнопку 'Продолжить'\"):\n            recovery_page_open.click_resume_button()\n        link = recovery_page_open.get_link_recovery_password_by_email()\n        driver.get(link)\n        with allure.step('Ввести пароль в поле пароль'):\n            recovery_page_open.fill_password_recovery(password0)\n        with allure.step('Ввести пароль в поле подтверждение пароля'):\n            recovery_page_open.fill_confirm_password_recovery(password0)\n        with allure.step(\"Нажать кнопку 'Сохранить пароль'\"):\n            recovery_page_open.click_resume_button()\n        with allure.step(\"Нажать кнопку 'Ок' - подтвердить переход на страницу авторизации\"):\n>           recovery_page_open.click_resume_button()\n\ntests/ui_tests/password_recovery_test.py:63: \n_ _ _ _ _ _ _ _ _ _ _ _ _ _ _ _ _ _ _ _ _ _ _ _ _ _ _ _ _ _ _ _ _ _ _ _ _ _ _ _ \npages/password_recovery_page.py:41: in click_resume_button\n    return self.element_is_clickable(self.locator.SUBMIT_BUTTON).click()\npages/base_page.py:68: in element_is_clickable\n    return Wait(self.driver, self.timeout).until(es.element_to_be_clickable(locator))\n/opt/hostedtoolcache/Python/3.12.12/x64/lib/python3.12/site-packages/selenium/webdriver/support/wait.py:96: in until\n    value = method(self._driver)\n/opt/hostedtoolcache/Python/3.12.12/x64/lib/python3.12/site-packages/selenium/webdriver/support/expected_conditions.py:365: in _predicate\n    if element and element.is_enabled():\n/opt/hostedtoolcache/Python/3.12.12/x64/lib/python3.12/site-packages/selenium/webdriver/remote/webelement.py:192: in is_enabled\n    return self._execute(Command.IS_ELEMENT_ENABLED)[\"value\"]\n/opt/hostedtoolcache/Python/3.12.12/x64/lib/python3.12/site-packages/selenium/webdriver/remote/webelement.py:395: in _execute\n    return self._parent.execute(command, params)\n/opt/hostedtoolcache/Python/3.12.12/x64/lib/python3.12/site-packages/selenium/webdriver/remote/webdriver.py:347: in execute\n    self.error_handler.check_response(response)\n_ _ _ _ _ _ _ _ _ _ _ _ _ _ _ _ _ _ _ _ _ _ _ _ _ _ _ _ _ _ _ _ _ _ _ _ _ _ _ _ \n\nself = <selenium.webdriver.remote.errorhandler.ErrorHandler object at 0x7f13e6f4d6a0>\nresponse = {'status': 404, 'value': '{\"value\":{\"error\":\"stale element reference\",\"message\":\"stale element reference: stale elemen...\\\\n#17 0x55d9272004f3 \\\\u003Cunknown>\\\\n#18 0x7fdd1189caa4 \\\\u003Cunknown>\\\\n#19 0x7fdd11929c6c \\\\u003Cunknown>\\\\n\"}}'}\n\n    def check_response(self, response: Dict[str, Any]) -> None:\n        \"\"\"Checks that a JSON response from the WebDriver does not have an\n        error.\n    \n        :Args:\n         - response - The JSON response from the WebDriver server as a dictionary\n           object.\n    \n        :Raises: If the response contains an error message.\n        \"\"\"\n        status = response.get(\"status\", None)\n        if not status or status == ErrorCode.SUCCESS:\n            return\n        value = None\n        message = response.get(\"message\", \"\")\n        screen: str = response.get(\"screen\", \"\")\n        stacktrace = None\n        if isinstance(status, int):\n            value_json = response.get(\"value\", None)\n            if value_json and isinstance(value_json, str):\n                import json\n    \n                try:\n                    value = json.loads(value_json)\n                    if len(value) == 1:\n                        value = value[\"value\"]\n                    status = value.get(\"error\", None)\n                    if not status:\n                        status = value.get(\"status\", ErrorCode.UNKNOWN_ERROR)\n                        message = value.get(\"value\") or value.get(\"message\")\n                        if not isinstance(message, str):\n                            value = message\n                            message = message.get(\"message\")\n                    else:\n                        message = value.get(\"message\", None)\n                except ValueError:\n                    pass\n    \n        exception_class: Type[WebDriverException]\n        e = ErrorCode()\n        error_codes = [item for item in dir(e) if not item.startswith(\"__\")]\n        for error_code in error_codes:\n            error_info = getattr(ErrorCode, error_code)\n            if isinstance(error_info, list) and status in error_info:\n                exception_class = getattr(ExceptionMapping, error_code, WebDriverException)\n                break\n        else:\n            exception_class = WebDriverException\n    \n        if not value:\n            value = response[\"value\"]\n        if isinstance(value, str):\n            raise exception_class(value)\n        if message == \"\" and \"message\" in value:\n            message = value[\"message\"]\n    \n        screen = None  # type: ignore[assignment]\n        if \"screen\" in value:\n            screen = value[\"screen\"]\n    \n        stacktrace = None\n        st_value = value.get(\"stackTrace\") or value.get(\"stacktrace\")\n        if st_value:\n            if isinstance(st_value, str):\n                stacktrace = st_value.split(\"\\n\")\n            else:\n                stacktrace = []\n                try:\n                    for frame in st_value:\n                        line = frame.get(\"lineNumber\", \"\")\n                        file = frame.get(\"fileName\", \"<anonymous>\")\n                        if line:\n                            file = f\"{file}:{line}\"\n                        meth = frame.get(\"methodName\", \"<anonymous>\")\n                        if \"className\" in frame:\n                            meth = f\"{frame['className']}.{meth}\"\n                        msg = \"    at %s (%s)\"\n                        msg = msg % (meth, file)\n                        stacktrace.append(msg)\n                except TypeError:\n                    pass\n        if exception_class == UnexpectedAlertPresentException:\n            alert_text = None\n            if \"data\" in value:\n                alert_text = value[\"data\"].get(\"text\")\n            elif \"alert\" in value:\n                alert_text = value[\"alert\"].get(\"text\")\n            raise exception_class(message, screen, stacktrace, alert_text)  # type: ignore[call-arg]  # mypy is not smart enough here\n>       raise exception_class(message, screen, stacktrace)\nE       selenium.common.exceptions.StaleElementReferenceException: Message: stale element reference: stale element not found in the current frame\nE         (Session info: chrome=143.0.7499.109); For documentation on this error, please visit: https://www.selenium.dev/documentation/webdriver/troubleshooting/errors#stale-element-reference-exception\nE       Stacktrace:\nE       #0 0x55d92720119a <unknown>\nE       #1 0x55d926c7ec4b <unknown>\nE       #2 0x55d926c8599f <unknown>\nE       #3 0x55d926c88024 <unknown>\nE       #4 0x55d926c880f3 <unknown>\nE       #5 0x55d926ccb128 <unknown>\nE       #6 0x55d926cc4477 <unknown>\nE       #7 0x55d926d1bbee <unknown>\nE       #8 0x55d926cc2c42 <unknown>\nE       #9 0x55d926cc38f1 <unknown>\nE       #10 0x55d9271c9f39 <unknown>\nE       #11 0x55d9271cce7d <unknown>\nE       #12 0x55d9271b2c81 <unknown>\nE       #13 0x55d9271cda5b <unknown>\nE       #14 0x55d927199a50 <unknown>\nE       #15 0x55d9271eeaa8 <unknown>\nE       #16 0x55d9271eec79 <unknown>\nE       #17 0x55d9272004f3 <unknown>\nE       #18 0x7fdd1189caa4 <unknown>\nE       #19 0x7fdd11929c6c <unknown>\n\n/opt/hostedtoolcache/Python/3.12.12/x64/lib/python3.12/site-packages/selenium/webdriver/remote/errorhandler.py:229: StaleElementReferenceException","flaky":false,"newFailed":false,"newBroken":false,"newPassed":false,"retriesCount":0,"retriesStatusChange":false,"beforeStages":[{"name":"_session_faker","time":{"start":1766376173260,"stop":1766376173275,"duration":15},"status":"passed","steps":[],"attachments":[],"parameters":[],"stepsCount":0,"shouldDisplayMessage":false,"attachmentsCount":0,"hasContent":false,"attachmentStep":false},{"name":"clear_allure_result_folder","time":{"start":1766376173275,"stop":1766376173276,"duration":1},"status":"passed","steps":[],"attachments":[],"parameters":[],"stepsCount":0,"shouldDisplayMessage":false,"attachmentsCount":0,"hasContent":false,"attachmentStep":false},{"name":"driver","time":{"start":1766377326590,"stop":1766377326858,"duration":268},"status":"passed","steps":[],"attachments":[],"parameters":[],"stepsCount":0,"shouldDisplayMessage":false,"attachmentsCount":0,"hasContent":false,"attachmentStep":false},{"name":"recovery_page_open","time":{"start":1766377326858,"stop":1766377328789,"duration":1931},"status":"passed","steps":[{"name":"Открыть страницу восстановления пароля","time":{"start":1766377326858,"stop":1766377328789,"duration":1931},"status":"passed","steps":[{"name":"Согласиться с использованием файлов cookies, если высветилось окно","time":{"start":1766377328692,"stop":1766377328789,"duration":97},"status":"passed","steps":[{"name":"Получить кнопку 'OK' в сообщении о принятии файлов cookie на Главной странице","time":{"start":1766377328692,"stop":1766377328720,"duration":28},"status":"passed","steps":[{"name":"Проверить видимость элемента","time":{"start":1766377328692,"stop":1766377328720,"duration":28},"status":"passed","steps":[{"name":"Проверить присутствие элемента в DOM","time":{"start":1766377328692,"stop":1766377328701,"duration":9},"status":"passed","steps":[],"attachments":[],"parameters":[{"name":"locator","value":"('class name', 'btn-cookies')"}],"stepsCount":0,"shouldDisplayMessage":false,"attachmentsCount":0,"hasContent":true,"attachmentStep":false},{"name":"Проскролить до элемента","time":{"start":1766377328701,"stop":1766377328705,"duration":4},"status":"passed","steps":[],"attachments":[],"parameters":[{"name":"element","value":"<selenium.webdriver.remote.webelement.WebElement (session=\"6dae300693bcfe054ee4cb6511cd8932\", element=\"f.FCED9F3201F3E95C50B33B77BECFFD5D.d.B800F87A249D0B2DEAF9D7CD5D093110.e.4\")>"}],"stepsCount":0,"shouldDisplayMessage":false,"attachmentsCount":0,"hasContent":true,"attachmentStep":false}],"attachments":[],"parameters":[{"name":"locator","value":"('class name', 'btn-cookies')"}],"stepsCount":2,"shouldDisplayMessage":false,"attachmentsCount":0,"hasContent":true,"attachmentStep":false}],"attachments":[],"parameters":[],"stepsCount":3,"shouldDisplayMessage":false,"attachmentsCount":0,"hasContent":true,"attachmentStep":false}],"attachments":[],"parameters":[{"name":"driver","value":"<selenium.webdriver.chrome.webdriver.WebDriver (session=\"6dae300693bcfe054ee4cb6511cd8932\")>"}],"stepsCount":4,"shouldDisplayMessage":false,"attachmentsCount":0,"hasContent":true,"attachmentStep":false}],"attachments":[],"parameters":[{"name":"driver","value":"<selenium.webdriver.chrome.webdriver.WebDriver (session=\"6dae300693bcfe054ee4cb6511cd8932\")>"}],"stepsCount":5,"shouldDisplayMessage":false,"attachmentsCount":0,"hasContent":true,"attachmentStep":false}],"attachments":[],"parameters":[],"stepsCount":6,"shouldDisplayMessage":false,"attachmentsCount":0,"hasContent":true,"attachmentStep":false}],"testStage":{"status":"broken","statusMessage":"selenium.common.exceptions.StaleElementReferenceException: Message: stale element reference: stale element not found in the current frame\n  (Session info: chrome=143.0.7499.109); For documentation on this error, please visit: https://www.selenium.dev/documentation/webdriver/troubleshooting/errors#stale-element-reference-exception\nStacktrace:\n#0 0x55d92720119a <unknown>\n#1 0x55d926c7ec4b <unknown>\n#2 0x55d926c8599f <unknown>\n#3 0x55d926c88024 <unknown>\n#4 0x55d926c880f3 <unknown>\n#5 0x55d926ccb128 <unknown>\n#6 0x55d926cc4477 <unknown>\n#7 0x55d926d1bbee <unknown>\n#8 0x55d926cc2c42 <unknown>\n#9 0x55d926cc38f1 <unknown>\n#10 0x55d9271c9f39 <unknown>\n#11 0x55d9271cce7d <unknown>\n#12 0x55d9271b2c81 <unknown>\n#13 0x55d9271cda5b <unknown>\n#14 0x55d927199a50 <unknown>\n#15 0x55d9271eeaa8 <unknown>\n#16 0x55d9271eec79 <unknown>\n#17 0x55d9272004f3 <unknown>\n#18 0x7fdd1189caa4 <unknown>\n#19 0x7fdd11929c6c <unknown>","statusTrace":"self = <tests.ui_tests.password_recovery_test.TestPasswordRecoveryPage object at 0x7f13e6f2f3e0>\nrecovery_page_open = <pages.password_recovery_page.PasswordRecoveryPage object at 0x7f13e6f5e690>\ndriver = <selenium.webdriver.chrome.webdriver.WebDriver (session=\"6dae300693bcfe054ee4cb6511cd8932\")>\n\n    @allure.title(\"R.5 Восстановить пароль на корректный емайл\")\n    def test_recovery_password_to_fill_correct_email(self, recovery_page_open, driver):\n        with allure.step('Заполнить поле емайл'):\n            recovery_page_open.fill_email_to_recovery_password(email_auth)\n        with allure.step(\"Нажать кнопку 'Продолжить'\"):\n            recovery_page_open.click_resume_button()\n        link = recovery_page_open.get_link_recovery_password_by_email()\n        driver.get(link)\n        with allure.step('Ввести пароль в поле пароль'):\n            recovery_page_open.fill_password_recovery(password0)\n        with allure.step('Ввести пароль в поле подтверждение пароля'):\n            recovery_page_open.fill_confirm_password_recovery(password0)\n        with allure.step(\"Нажать кнопку 'Сохранить пароль'\"):\n            recovery_page_open.click_resume_button()\n        with allure.step(\"Нажать кнопку 'Ок' - подтвердить переход на страницу авторизации\"):\n>           recovery_page_open.click_resume_button()\n\ntests/ui_tests/password_recovery_test.py:63: \n_ _ _ _ _ _ _ _ _ _ _ _ _ _ _ _ _ _ _ _ _ _ _ _ _ _ _ _ _ _ _ _ _ _ _ _ _ _ _ _ \npages/password_recovery_page.py:41: in click_resume_button\n    return self.element_is_clickable(self.locator.SUBMIT_BUTTON).click()\npages/base_page.py:68: in element_is_clickable\n    return Wait(self.driver, self.timeout).until(es.element_to_be_clickable(locator))\n/opt/hostedtoolcache/Python/3.12.12/x64/lib/python3.12/site-packages/selenium/webdriver/support/wait.py:96: in until\n    value = method(self._driver)\n/opt/hostedtoolcache/Python/3.12.12/x64/lib/python3.12/site-packages/selenium/webdriver/support/expected_conditions.py:365: in _predicate\n    if element and element.is_enabled():\n/opt/hostedtoolcache/Python/3.12.12/x64/lib/python3.12/site-packages/selenium/webdriver/remote/webelement.py:192: in is_enabled\n    return self._execute(Command.IS_ELEMENT_ENABLED)[\"value\"]\n/opt/hostedtoolcache/Python/3.12.12/x64/lib/python3.12/site-packages/selenium/webdriver/remote/webelement.py:395: in _execute\n    return self._parent.execute(command, params)\n/opt/hostedtoolcache/Python/3.12.12/x64/lib/python3.12/site-packages/selenium/webdriver/remote/webdriver.py:347: in execute\n    self.error_handler.check_response(response)\n_ _ _ _ _ _ _ _ _ _ _ _ _ _ _ _ _ _ _ _ _ _ _ _ _ _ _ _ _ _ _ _ _ _ _ _ _ _ _ _ \n\nself = <selenium.webdriver.remote.errorhandler.ErrorHandler object at 0x7f13e6f4d6a0>\nresponse = {'status': 404, 'value': '{\"value\":{\"error\":\"stale element reference\",\"message\":\"stale element reference: stale elemen...\\\\n#17 0x55d9272004f3 \\\\u003Cunknown>\\\\n#18 0x7fdd1189caa4 \\\\u003Cunknown>\\\\n#19 0x7fdd11929c6c \\\\u003Cunknown>\\\\n\"}}'}\n\n    def check_response(self, response: Dict[str, Any]) -> None:\n        \"\"\"Checks that a JSON response from the WebDriver does not have an\n        error.\n    \n        :Args:\n         - response - The JSON response from the WebDriver server as a dictionary\n           object.\n    \n        :Raises: If the response contains an error message.\n        \"\"\"\n        status = response.get(\"status\", None)\n        if not status or status == ErrorCode.SUCCESS:\n            return\n        value = None\n        message = response.get(\"message\", \"\")\n        screen: str = response.get(\"screen\", \"\")\n        stacktrace = None\n        if isinstance(status, int):\n            value_json = response.get(\"value\", None)\n            if value_json and isinstance(value_json, str):\n                import json\n    \n                try:\n                    value = json.loads(value_json)\n                    if len(value) == 1:\n                        value = value[\"value\"]\n                    status = value.get(\"error\", None)\n                    if not status:\n                        status = value.get(\"status\", ErrorCode.UNKNOWN_ERROR)\n                        message = value.get(\"value\") or value.get(\"message\")\n                        if not isinstance(message, str):\n                            value = message\n                            message = message.get(\"message\")\n                    else:\n                        message = value.get(\"message\", None)\n                except ValueError:\n                    pass\n    \n        exception_class: Type[WebDriverException]\n        e = ErrorCode()\n        error_codes = [item for item in dir(e) if not item.startswith(\"__\")]\n        for error_code in error_codes:\n            error_info = getattr(ErrorCode, error_code)\n            if isinstance(error_info, list) and status in error_info:\n                exception_class = getattr(ExceptionMapping, error_code, WebDriverException)\n                break\n        else:\n            exception_class = WebDriverException\n    \n        if not value:\n            value = response[\"value\"]\n        if isinstance(value, str):\n            raise exception_class(value)\n        if message == \"\" and \"message\" in value:\n            message = value[\"message\"]\n    \n        screen = None  # type: ignore[assignment]\n        if \"screen\" in value:\n            screen = value[\"screen\"]\n    \n        stacktrace = None\n        st_value = value.get(\"stackTrace\") or value.get(\"stacktrace\")\n        if st_value:\n            if isinstance(st_value, str):\n                stacktrace = st_value.split(\"\\n\")\n            else:\n                stacktrace = []\n                try:\n                    for frame in st_value:\n                        line = frame.get(\"lineNumber\", \"\")\n                        file = frame.get(\"fileName\", \"<anonymous>\")\n                        if line:\n                            file = f\"{file}:{line}\"\n                        meth = frame.get(\"methodName\", \"<anonymous>\")\n                        if \"className\" in frame:\n                            meth = f\"{frame['className']}.{meth}\"\n                        msg = \"    at %s (%s)\"\n                        msg = msg % (meth, file)\n                        stacktrace.append(msg)\n                except TypeError:\n                    pass\n        if exception_class == UnexpectedAlertPresentException:\n            alert_text = None\n            if \"data\" in value:\n                alert_text = value[\"data\"].get(\"text\")\n            elif \"alert\" in value:\n                alert_text = value[\"alert\"].get(\"text\")\n            raise exception_class(message, screen, stacktrace, alert_text)  # type: ignore[call-arg]  # mypy is not smart enough here\n>       raise exception_class(message, screen, stacktrace)\nE       selenium.common.exceptions.StaleElementReferenceException: Message: stale element reference: stale element not found in the current frame\nE         (Session info: chrome=143.0.7499.109); For documentation on this error, please visit: https://www.selenium.dev/documentation/webdriver/troubleshooting/errors#stale-element-reference-exception\nE       Stacktrace:\nE       #0 0x55d92720119a <unknown>\nE       #1 0x55d926c7ec4b <unknown>\nE       #2 0x55d926c8599f <unknown>\nE       #3 0x55d926c88024 <unknown>\nE       #4 0x55d926c880f3 <unknown>\nE       #5 0x55d926ccb128 <unknown>\nE       #6 0x55d926cc4477 <unknown>\nE       #7 0x55d926d1bbee <unknown>\nE       #8 0x55d926cc2c42 <unknown>\nE       #9 0x55d926cc38f1 <unknown>\nE       #10 0x55d9271c9f39 <unknown>\nE       #11 0x55d9271cce7d <unknown>\nE       #12 0x55d9271b2c81 <unknown>\nE       #13 0x55d9271cda5b <unknown>\nE       #14 0x55d927199a50 <unknown>\nE       #15 0x55d9271eeaa8 <unknown>\nE       #16 0x55d9271eec79 <unknown>\nE       #17 0x55d9272004f3 <unknown>\nE       #18 0x7fdd1189caa4 <unknown>\nE       #19 0x7fdd11929c6c <unknown>\n\n/opt/hostedtoolcache/Python/3.12.12/x64/lib/python3.12/site-packages/selenium/webdriver/remote/errorhandler.py:229: StaleElementReferenceException","steps":[{"name":"Заполнить поле емайл","time":{"start":1766377328789,"stop":1766377328881,"duration":92},"status":"passed","steps":[{"name":"Проверить видимость элемента","time":{"start":1766377328789,"stop":1766377328816,"duration":27},"status":"passed","steps":[{"name":"Проверить присутствие элемента в DOM","time":{"start":1766377328789,"stop":1766377328799,"duration":10},"status":"passed","steps":[],"attachments":[],"parameters":[{"name":"locator","value":"('class name', 'input')"}],"stepsCount":0,"shouldDisplayMessage":false,"attachmentsCount":0,"hasContent":true,"attachmentStep":false},{"name":"Проскролить до элемента","time":{"start":1766377328799,"stop":1766377328803,"duration":4},"status":"passed","steps":[],"attachments":[],"parameters":[{"name":"element","value":"<selenium.webdriver.remote.webelement.WebElement (session=\"6dae300693bcfe054ee4cb6511cd8932\", element=\"f.FCED9F3201F3E95C50B33B77BECFFD5D.d.B800F87A249D0B2DEAF9D7CD5D093110.e.6\")>"}],"stepsCount":0,"shouldDisplayMessage":false,"attachmentsCount":0,"hasContent":true,"attachmentStep":false}],"attachments":[],"parameters":[{"name":"locator","value":"('class name', 'input')"}],"stepsCount":2,"shouldDisplayMessage":false,"attachmentsCount":0,"hasContent":true,"attachmentStep":false}],"attachments":[],"parameters":[],"stepsCount":3,"shouldDisplayMessage":false,"attachmentsCount":0,"hasContent":true,"attachmentStep":false},{"name":"Нажать кнопку 'Продолжить'","time":{"start":1766377328881,"stop":1766377328986,"duration":105},"status":"passed","steps":[{"name":"Проверить кликабельность элемента","time":{"start":1766377328881,"stop":1766377328932,"duration":51},"status":"passed","steps":[{"name":"Проверить видимость элемента","time":{"start":1766377328881,"stop":1766377328913,"duration":32},"status":"passed","steps":[{"name":"Проверить присутствие элемента в DOM","time":{"start":1766377328882,"stop":1766377328893,"duration":11},"status":"passed","steps":[],"attachments":[],"parameters":[{"name":"locator","value":"('css selector', 'button[type=\"submit\"]')"}],"stepsCount":0,"shouldDisplayMessage":false,"attachmentsCount":0,"hasContent":true,"attachmentStep":false},{"name":"Проскролить до элемента","time":{"start":1766377328893,"stop":1766377328898,"duration":5},"status":"passed","steps":[],"attachments":[],"parameters":[{"name":"element","value":"<selenium.webdriver.remote.webelement.WebElement (session=\"6dae300693bcfe054ee4cb6511cd8932\", element=\"f.FCED9F3201F3E95C50B33B77BECFFD5D.d.B800F87A249D0B2DEAF9D7CD5D093110.e.9\")>"}],"stepsCount":0,"shouldDisplayMessage":false,"attachmentsCount":0,"hasContent":true,"attachmentStep":false}],"attachments":[],"parameters":[{"name":"locator","value":"('css selector', 'button[type=\"submit\"]')"}],"stepsCount":2,"shouldDisplayMessage":false,"attachmentsCount":0,"hasContent":true,"attachmentStep":false}],"attachments":[],"parameters":[{"name":"locator","value":"('css selector', 'button[type=\"submit\"]')"}],"stepsCount":3,"shouldDisplayMessage":false,"attachmentsCount":0,"hasContent":true,"attachmentStep":false}],"attachments":[],"parameters":[],"stepsCount":4,"shouldDisplayMessage":false,"attachmentsCount":0,"hasContent":true,"attachmentStep":false},{"name":"Получить ссылку для смены пароля на email","time":{"start":1766377328986,"stop":1766377336364,"duration":7378},"status":"passed","steps":[{"name":"Прочитать сообщение","time":{"start":1766377328986,"stop":1766377335935,"duration":6949},"status":"passed","steps":[],"attachments":[],"parameters":[],"stepsCount":0,"shouldDisplayMessage":false,"attachmentsCount":0,"hasContent":false,"attachmentStep":false},{"name":"Получить письмо","time":{"start":1766377336364,"stop":1766377336364,"duration":0},"status":"passed","steps":[],"attachments":[],"parameters":[],"stepsCount":0,"shouldDisplayMessage":false,"attachmentsCount":0,"hasContent":false,"attachmentStep":false}],"attachments":[],"parameters":[],"stepsCount":2,"shouldDisplayMessage":false,"attachmentsCount":0,"hasContent":true,"attachmentStep":false},{"name":"Ввести пароль в поле пароль","time":{"start":1766377336661,"stop":1766377336744,"duration":83},"status":"passed","steps":[{"name":"Проверить видимость элемента","time":{"start":1766377336661,"stop":1766377336696,"duration":35},"status":"passed","steps":[{"name":"Проверить присутствие элемента в DOM","time":{"start":1766377336661,"stop":1766377336674,"duration":13},"status":"passed","steps":[],"attachments":[],"parameters":[{"name":"locator","value":"('xpath', '(//input[@type=\"password\"])[1]')"}],"stepsCount":0,"shouldDisplayMessage":false,"attachmentsCount":0,"hasContent":true,"attachmentStep":false},{"name":"Проскролить до элемента","time":{"start":1766377336674,"stop":1766377336679,"duration":5},"status":"passed","steps":[],"attachments":[],"parameters":[{"name":"element","value":"<selenium.webdriver.remote.webelement.WebElement (session=\"6dae300693bcfe054ee4cb6511cd8932\", element=\"f.FCED9F3201F3E95C50B33B77BECFFD5D.d.6D6023EB3D69919D86E7D05C7E692EDE.e.15\")>"}],"stepsCount":0,"shouldDisplayMessage":false,"attachmentsCount":0,"hasContent":true,"attachmentStep":false}],"attachments":[],"parameters":[{"name":"locator","value":"('xpath', '(//input[@type=\"password\"])[1]')"}],"stepsCount":2,"shouldDisplayMessage":false,"attachmentsCount":0,"hasContent":true,"attachmentStep":false}],"attachments":[],"parameters":[],"stepsCount":3,"shouldDisplayMessage":false,"attachmentsCount":0,"hasContent":true,"attachmentStep":false},{"name":"Ввести пароль в поле подтверждение пароля","time":{"start":1766377336745,"stop":1766377336806,"duration":61},"status":"passed","steps":[{"name":"Проверить видимость элемента","time":{"start":1766377336745,"stop":1766377336769,"duration":24},"status":"passed","steps":[{"name":"Проверить присутствие элемента в DOM","time":{"start":1766377336745,"stop":1766377336753,"duration":8},"status":"passed","steps":[],"attachments":[],"parameters":[{"name":"locator","value":"('xpath', '(//input[@type=\"password\"])[2]')"}],"stepsCount":0,"shouldDisplayMessage":false,"attachmentsCount":0,"hasContent":true,"attachmentStep":false},{"name":"Проскролить до элемента","time":{"start":1766377336753,"stop":1766377336757,"duration":4},"status":"passed","steps":[],"attachments":[],"parameters":[{"name":"element","value":"<selenium.webdriver.remote.webelement.WebElement (session=\"6dae300693bcfe054ee4cb6511cd8932\", element=\"f.FCED9F3201F3E95C50B33B77BECFFD5D.d.6D6023EB3D69919D86E7D05C7E692EDE.e.16\")>"}],"stepsCount":0,"shouldDisplayMessage":false,"attachmentsCount":0,"hasContent":true,"attachmentStep":false}],"attachments":[],"parameters":[{"name":"locator","value":"('xpath', '(//input[@type=\"password\"])[2]')"}],"stepsCount":2,"shouldDisplayMessage":false,"attachmentsCount":0,"hasContent":true,"attachmentStep":false}],"attachments":[],"parameters":[],"stepsCount":3,"shouldDisplayMessage":false,"attachmentsCount":0,"hasContent":true,"attachmentStep":false},{"name":"Нажать кнопку 'Сохранить пароль'","time":{"start":1766377336806,"stop":1766377336890,"duration":84},"status":"passed","steps":[{"name":"Проверить кликабельность элемента","time":{"start":1766377336806,"stop":1766377336844,"duration":38},"status":"passed","steps":[{"name":"Проверить видимость элемента","time":{"start":1766377336806,"stop":1766377336827,"duration":21},"status":"passed","steps":[{"name":"Проверить присутствие элемента в DOM","time":{"start":1766377336806,"stop":1766377336812,"duration":6},"status":"passed","steps":[],"attachments":[],"parameters":[{"name":"locator","value":"('css selector', 'button[type=\"submit\"]')"}],"stepsCount":0,"shouldDisplayMessage":false,"attachmentsCount":0,"hasContent":true,"attachmentStep":false},{"name":"Проскролить до элемента","time":{"start":1766377336812,"stop":1766377336815,"duration":3},"status":"passed","steps":[],"attachments":[],"parameters":[{"name":"element","value":"<selenium.webdriver.remote.webelement.WebElement (session=\"6dae300693bcfe054ee4cb6511cd8932\", element=\"f.FCED9F3201F3E95C50B33B77BECFFD5D.d.6D6023EB3D69919D86E7D05C7E692EDE.e.22\")>"}],"stepsCount":0,"shouldDisplayMessage":false,"attachmentsCount":0,"hasContent":true,"attachmentStep":false}],"attachments":[],"parameters":[{"name":"locator","value":"('css selector', 'button[type=\"submit\"]')"}],"stepsCount":2,"shouldDisplayMessage":false,"attachmentsCount":0,"hasContent":true,"attachmentStep":false}],"attachments":[],"parameters":[{"name":"locator","value":"('css selector', 'button[type=\"submit\"]')"}],"stepsCount":3,"shouldDisplayMessage":false,"attachmentsCount":0,"hasContent":true,"attachmentStep":false}],"attachments":[],"parameters":[],"stepsCount":4,"shouldDisplayMessage":false,"attachmentsCount":0,"hasContent":true,"attachmentStep":false},{"name":"Нажать кнопку 'Ок' - подтвердить переход на страницу авторизации","time":{"start":1766377336890,"stop":1766377337467,"duration":577},"status":"broken","statusMessage":"selenium.common.exceptions.StaleElementReferenceException: Message: stale element reference: stale element not found in the current frame\n  (Session info: chrome=143.0.7499.109); For documentation on this error, please visit: https://www.selenium.dev/documentation/webdriver/troubleshooting/errors#stale-element-reference-exception\nStacktrace:\n#0 0x55d92720119a <unknown>\n#1 0x55d926c7ec4b <unknown>\n#2 0x55d926c8599f <unknown>\n#3 0x55d926c88024 <unknown>\n#4 0x55d926c880f3 <unknown>\n#5 0x55d926ccb128 <unknown>\n#6 0x55d926cc4477 <unknown>\n#7 0x55d926d1bbee <unknown>\n#8 0x55d926cc2c42 <unknown>\n#9 0x55d926cc38f1 <unknown>\n#10 0x55d9271c9f39 <unknown>\n#11 0x55d9271cce7d <unknown>\n#12 0x55d9271b2c81 <unknown>\n#13 0x55d9271cda5b <unknown>\n#14 0x55d927199a50 <unknown>\n#15 0x55d9271eeaa8 <unknown>\n#16 0x55d9271eec79 <unknown>\n#17 0x55d9272004f3 <unknown>\n#18 0x7fdd1189caa4 <unknown>\n#19 0x7fdd11929c6c <unknown>\n\n","statusTrace":"  File \"/home/runner/work/PulseWave/PulseWave/tests/ui_tests/password_recovery_test.py\", line 63, in test_recovery_password_to_fill_correct_email\n    recovery_page_open.click_resume_button()\n  File \"/home/runner/work/PulseWave/PulseWave/pages/password_recovery_page.py\", line 41, in click_resume_button\n    return self.element_is_clickable(self.locator.SUBMIT_BUTTON).click()\n           ^^^^^^^^^^^^^^^^^^^^^^^^^^^^^^^^^^^^^^^^^^^^^^^^^^^^^\n  File \"/opt/hostedtoolcache/Python/3.12.12/x64/lib/python3.12/site-packages/allure_commons/_allure.py\", line 192, in impl\n    return func(*a, **kw)\n           ^^^^^^^^^^^^^^\n  File \"/home/runner/work/PulseWave/PulseWave/pages/base_page.py\", line 68, in element_is_clickable\n    return Wait(self.driver, self.timeout).until(es.element_to_be_clickable(locator))\n           ^^^^^^^^^^^^^^^^^^^^^^^^^^^^^^^^^^^^^^^^^^^^^^^^^^^^^^^^^^^^^^^^^^^^^^^^^^\n  File \"/opt/hostedtoolcache/Python/3.12.12/x64/lib/python3.12/site-packages/selenium/webdriver/support/wait.py\", line 96, in until\n    value = method(self._driver)\n            ^^^^^^^^^^^^^^^^^^^^\n  File \"/opt/hostedtoolcache/Python/3.12.12/x64/lib/python3.12/site-packages/selenium/webdriver/support/expected_conditions.py\", line 365, in _predicate\n    if element and element.is_enabled():\n                   ^^^^^^^^^^^^^^^^^^^^\n  File \"/opt/hostedtoolcache/Python/3.12.12/x64/lib/python3.12/site-packages/selenium/webdriver/remote/webelement.py\", line 192, in is_enabled\n    return self._execute(Command.IS_ELEMENT_ENABLED)[\"value\"]\n           ^^^^^^^^^^^^^^^^^^^^^^^^^^^^^^^^^^^^^^^^^\n  File \"/opt/hostedtoolcache/Python/3.12.12/x64/lib/python3.12/site-packages/selenium/webdriver/remote/webelement.py\", line 395, in _execute\n    return self._parent.execute(command, params)\n           ^^^^^^^^^^^^^^^^^^^^^^^^^^^^^^^^^^^^^\n  File \"/opt/hostedtoolcache/Python/3.12.12/x64/lib/python3.12/site-packages/selenium/webdriver/remote/webdriver.py\", line 347, in execute\n    self.error_handler.check_response(response)\n  File \"/opt/hostedtoolcache/Python/3.12.12/x64/lib/python3.12/site-packages/selenium/webdriver/remote/errorhandler.py\", line 229, in check_response\n    raise exception_class(message, screen, stacktrace)\n","steps":[{"name":"Проверить кликабельность элемента","time":{"start":1766377336891,"stop":1766377337465,"duration":574},"status":"broken","statusMessage":"selenium.common.exceptions.StaleElementReferenceException: Message: stale element reference: stale element not found in the current frame\n  (Session info: chrome=143.0.7499.109); For documentation on this error, please visit: https://www.selenium.dev/documentation/webdriver/troubleshooting/errors#stale-element-reference-exception\nStacktrace:\n#0 0x55d92720119a <unknown>\n#1 0x55d926c7ec4b <unknown>\n#2 0x55d926c8599f <unknown>\n#3 0x55d926c88024 <unknown>\n#4 0x55d926c880f3 <unknown>\n#5 0x55d926ccb128 <unknown>\n#6 0x55d926cc4477 <unknown>\n#7 0x55d926d1bbee <unknown>\n#8 0x55d926cc2c42 <unknown>\n#9 0x55d926cc38f1 <unknown>\n#10 0x55d9271c9f39 <unknown>\n#11 0x55d9271cce7d <unknown>\n#12 0x55d9271b2c81 <unknown>\n#13 0x55d9271cda5b <unknown>\n#14 0x55d927199a50 <unknown>\n#15 0x55d9271eeaa8 <unknown>\n#16 0x55d9271eec79 <unknown>\n#17 0x55d9272004f3 <unknown>\n#18 0x7fdd1189caa4 <unknown>\n#19 0x7fdd11929c6c <unknown>\n\n","statusTrace":"  File \"/opt/hostedtoolcache/Python/3.12.12/x64/lib/python3.12/site-packages/allure_commons/_allure.py\", line 192, in impl\n    return func(*a, **kw)\n           ^^^^^^^^^^^^^^\n  File \"/home/runner/work/PulseWave/PulseWave/pages/base_page.py\", line 68, in element_is_clickable\n    return Wait(self.driver, self.timeout).until(es.element_to_be_clickable(locator))\n           ^^^^^^^^^^^^^^^^^^^^^^^^^^^^^^^^^^^^^^^^^^^^^^^^^^^^^^^^^^^^^^^^^^^^^^^^^^\n  File \"/opt/hostedtoolcache/Python/3.12.12/x64/lib/python3.12/site-packages/selenium/webdriver/support/wait.py\", line 96, in until\n    value = method(self._driver)\n            ^^^^^^^^^^^^^^^^^^^^\n  File \"/opt/hostedtoolcache/Python/3.12.12/x64/lib/python3.12/site-packages/selenium/webdriver/support/expected_conditions.py\", line 365, in _predicate\n    if element and element.is_enabled():\n                   ^^^^^^^^^^^^^^^^^^^^\n  File \"/opt/hostedtoolcache/Python/3.12.12/x64/lib/python3.12/site-packages/selenium/webdriver/remote/webelement.py\", line 192, in is_enabled\n    return self._execute(Command.IS_ELEMENT_ENABLED)[\"value\"]\n           ^^^^^^^^^^^^^^^^^^^^^^^^^^^^^^^^^^^^^^^^^\n  File \"/opt/hostedtoolcache/Python/3.12.12/x64/lib/python3.12/site-packages/selenium/webdriver/remote/webelement.py\", line 395, in _execute\n    return self._parent.execute(command, params)\n           ^^^^^^^^^^^^^^^^^^^^^^^^^^^^^^^^^^^^^\n  File \"/opt/hostedtoolcache/Python/3.12.12/x64/lib/python3.12/site-packages/selenium/webdriver/remote/webdriver.py\", line 347, in execute\n    self.error_handler.check_response(response)\n  File \"/opt/hostedtoolcache/Python/3.12.12/x64/lib/python3.12/site-packages/selenium/webdriver/remote/errorhandler.py\", line 229, in check_response\n    raise exception_class(message, screen, stacktrace)\n","steps":[{"name":"Проверить видимость элемента","time":{"start":1766377336891,"stop":1766377336919,"duration":28},"status":"passed","steps":[{"name":"Проверить присутствие элемента в DOM","time":{"start":1766377336891,"stop":1766377336903,"duration":12},"status":"passed","steps":[],"attachments":[],"parameters":[{"name":"locator","value":"('css selector', 'button[type=\"submit\"]')"}],"stepsCount":0,"shouldDisplayMessage":false,"attachmentsCount":0,"hasContent":true,"attachmentStep":false},{"name":"Проскролить до элемента","time":{"start":1766377336903,"stop":1766377336907,"duration":4},"status":"passed","steps":[],"attachments":[],"parameters":[{"name":"element","value":"<selenium.webdriver.remote.webelement.WebElement (session=\"6dae300693bcfe054ee4cb6511cd8932\", element=\"f.FCED9F3201F3E95C50B33B77BECFFD5D.d.6D6023EB3D69919D86E7D05C7E692EDE.e.22\")>"}],"stepsCount":0,"shouldDisplayMessage":false,"attachmentsCount":0,"hasContent":true,"attachmentStep":false}],"attachments":[],"parameters":[{"name":"locator","value":"('css selector', 'button[type=\"submit\"]')"}],"stepsCount":2,"shouldDisplayMessage":false,"attachmentsCount":0,"hasContent":true,"attachmentStep":false}],"attachments":[],"parameters":[{"name":"locator","value":"('css selector', 'button[type=\"submit\"]')"}],"stepsCount":3,"shouldDisplayMessage":true,"attachmentsCount":0,"hasContent":true,"attachmentStep":false}],"attachments":[],"parameters":[],"stepsCount":4,"shouldDisplayMessage":false,"attachmentsCount":0,"hasContent":true,"attachmentStep":false}],"attachments":[{"uid":"9be364b39c8662aa","name":"Screenshot","source":"9be364b39c8662aa.png","type":"image/png","size":62987},{"uid":"ebf2fb65ffaf5455","name":"HTML source","source":"ebf2fb65ffaf5455.html","type":"text/html","size":38530}],"parameters":[],"stepsCount":30,"shouldDisplayMessage":true,"attachmentsCount":2,"hasContent":true,"attachmentStep":false},"afterStages":[{"name":"driver::0","time":{"start":1766377337659,"stop":1766377337723,"duration":64},"status":"passed","steps":[],"attachments":[],"parameters":[],"stepsCount":0,"shouldDisplayMessage":false,"attachmentsCount":0,"hasContent":false,"attachmentStep":false}],"labels":[{"name":"epic","value":"Тестирование страницы 'Восстановление пароля'"},{"name":"tag","value":"smoke"},{"name":"parentSuite","value":"tests.ui_tests"},{"name":"suite","value":"password_recovery_test"},{"name":"subSuite","value":"TestPasswordRecoveryPage"},{"name":"host","value":"runnervmh13bl"},{"name":"thread","value":"2704-MainThread"},{"name":"framework","value":"pytest"},{"name":"language","value":"cpython3"},{"name":"package","value":"tests.ui_tests.password_recovery_test"},{"name":"resultFormat","value":"allure2"}],"parameters":[],"links":[],"hidden":false,"retry":false,"extra":{"severity":"normal","retries":[],"categories":[{"name":"Test defects","matchedStatuses":[],"flaky":false}],"history":{"statistic":{"failed":0,"broken":5,"skipped":0,"passed":49,"unknown":0,"total":54},"items":[{"uid":"3a071246368ab7b3","reportUrl":"https://Nat754.github.io/PulseWave/609/#testresult/3a071246368ab7b3","status":"broken","statusDetails":"selenium.common.exceptions.TimeoutException: Message: \nStacktrace:\n#0 0x55ccd02c619a <unknown>\n#1 0x55cccfd43c4b <unknown>\n#2 0x55cccfd95318 <unknown>\n#3 0x55cccfd95551 <unknown>\n#4 0x55cccfde3764 <unknown>\n#5 0x55cccfde0bee <unknown>\n#6 0x55cccfd87c42 <unknown>\n#7 0x55cccfd888f1 <unknown>\n#8 0x55ccd028ef39 <unknown>\n#9 0x55ccd0291e7d <unknown>\n#10 0x55ccd0277c81 <unknown>\n#11 0x55ccd0292a5b <unknown>\n#12 0x55ccd025ea50 <unknown>\n#13 0x55ccd02b3aa8 <unknown>\n#14 0x55ccd02b3c79 <unknown>\n#15 0x55ccd02c54f3 <unknown>\n#16 0x7efcd749caa4 <unknown>\n#17 0x7efcd7529c6c <unknown>","time":{"start":1766290717712,"stop":1766290816780,"duration":99068}},{"uid":"7de620f08916716d","reportUrl":"https://Nat754.github.io/PulseWave/608/#testresult/7de620f08916716d","status":"broken","statusDetails":"selenium.common.exceptions.TimeoutException: Message: \nStacktrace:\n#0 0x5598e4c2e19a <unknown>\n#1 0x5598e46abc4b <unknown>\n#2 0x5598e46fd318 <unknown>\n#3 0x5598e46fd551 <unknown>\n#4 0x5598e474b764 <unknown>\n#5 0x5598e4748bee <unknown>\n#6 0x5598e46efc42 <unknown>\n#7 0x5598e46f08f1 <unknown>\n#8 0x5598e4bf6f39 <unknown>\n#9 0x5598e4bf9e7d <unknown>\n#10 0x5598e4bdfc81 <unknown>\n#11 0x5598e4bfaa5b <unknown>\n#12 0x5598e4bc6a50 <unknown>\n#13 0x5598e4c1baa8 <unknown>\n#14 0x5598e4c1bc79 <unknown>\n#15 0x5598e4c2d4f3 <unknown>\n#16 0x7f5c8369caa4 <unknown>\n#17 0x7f5c83729c6c <unknown>","time":{"start":1766203723380,"stop":1766203793136,"duration":69756}},{"uid":"c97d6fd223179fc6","reportUrl":"https://Nat754.github.io/PulseWave/607/#testresult/c97d6fd223179fc6","status":"passed","time":{"start":1766117716386,"stop":1766117723854,"duration":7468}},{"uid":"d4817c3c4fb93b20","reportUrl":"https://Nat754.github.io/PulseWave/606/#testresult/d4817c3c4fb93b20","status":"passed","time":{"start":1766031242735,"stop":1766031254194,"duration":11459}},{"uid":"8858a0e92d018b26","reportUrl":"https://Nat754.github.io/PulseWave/605/#testresult/8858a0e92d018b26","status":"passed","time":{"start":1765944829678,"stop":1765944836007,"duration":6329}},{"uid":"9e0e3cfae8c9fc6a","reportUrl":"https://Nat754.github.io/PulseWave/604/#testresult/9e0e3cfae8c9fc6a","status":"passed","time":{"start":1765858621667,"stop":1765858632461,"duration":10794}},{"uid":"46deb206c98eb3f5","reportUrl":"https://Nat754.github.io/PulseWave/603/#testresult/46deb206c98eb3f5","status":"passed","time":{"start":1765772523640,"stop":1765772531853,"duration":8213}},{"uid":"804e7f36f54e2d08","reportUrl":"https://Nat754.github.io/PulseWave/602/#testresult/804e7f36f54e2d08","status":"broken","statusDetails":"selenium.common.exceptions.StaleElementReferenceException: Message: stale element reference: stale element not found in the current frame\n  (Session info: chrome=143.0.7499.40); For documentation on this error, please visit: https://www.selenium.dev/documentation/webdriver/troubleshooting/errors#stale-element-reference-exception\nStacktrace:\n#0 0x55758fea816a <unknown>\n#1 0x55758f925c4b <unknown>\n#2 0x55758f92c99f <unknown>\n#3 0x55758f92f339 <unknown>\n#4 0x55758f9c3c3a <unknown>\n#5 0x55758f9c2bee <unknown>\n#6 0x55758f969c42 <unknown>\n#7 0x55758f96a8f1 <unknown>\n#8 0x55758fe70f09 <unknown>\n#9 0x55758fe73e4d <unknown>\n#10 0x55758fe59c51 <unknown>\n#11 0x55758fe74a2b <unknown>\n#12 0x55758fe40a20 <unknown>\n#13 0x55758fe95a78 <unknown>\n#14 0x55758fe95c49 <unknown>\n#15 0x55758fea74c3 <unknown>\n#16 0x7efe1909caa4 <unknown>\n#17 0x7efe19129c6c <unknown>","time":{"start":1765685847092,"stop":1765685854733,"duration":7641}},{"uid":"9cd72a3068cb1f33","reportUrl":"https://Nat754.github.io/PulseWave/601/#testresult/9cd72a3068cb1f33","status":"passed","time":{"start":1765598770767,"stop":1765598778759,"duration":7992}},{"uid":"d25953041789e4e6","reportUrl":"https://Nat754.github.io/PulseWave/600/#testresult/d25953041789e4e6","status":"passed","time":{"start":1765512887676,"stop":1765512912290,"duration":24614}},{"uid":"7bb36ab45bb0a3f0","reportUrl":"https://Nat754.github.io/PulseWave/599/#testresult/7bb36ab45bb0a3f0","status":"passed","time":{"start":1765426576210,"stop":1765426583226,"duration":7016}},{"uid":"32f19b864f9c6a46","reportUrl":"https://Nat754.github.io/PulseWave/598/#testresult/32f19b864f9c6a46","status":"passed","time":{"start":1765340109124,"stop":1765340116707,"duration":7583}},{"uid":"5beb660fe9657c40","reportUrl":"https://Nat754.github.io/PulseWave/597/#testresult/5beb660fe9657c40","status":"passed","time":{"start":1765253426116,"stop":1765253435645,"duration":9529}},{"uid":"4477bd4a62f2584a","reportUrl":"https://Nat754.github.io/PulseWave/596/#testresult/4477bd4a62f2584a","status":"passed","time":{"start":1765167202103,"stop":1765167219555,"duration":17452}},{"uid":"65c29d65756de8ff","reportUrl":"https://Nat754.github.io/PulseWave/595/#testresult/65c29d65756de8ff","status":"broken","statusDetails":"selenium.common.exceptions.TimeoutException: Message: \nStacktrace:\n#0 0x55d98c8a54ca <unknown>\n#1 0x55d98c2f3e4b <unknown>\n#2 0x55d98c346814 <unknown>\n#3 0x55d98c346a51 <unknown>\n#4 0x55d98c395a44 <unknown>\n#5 0x55d98c392df7 <unknown>\n#6 0x55d98c338c2a <unknown>\n#7 0x55d98c339931 <unknown>\n#8 0x55d98c86bcf9 <unknown>\n#9 0x55d98c86ecdc <unknown>\n#10 0x55d98c854f79 <unknown>\n#11 0x55d98c86f8b5 <unknown>\n#12 0x55d98c83c9c3 <unknown>\n#13 0x55d98c892228 <unknown>\n#14 0x55d98c892403 <unknown>\n#15 0x55d98c8a4463 <unknown>\n#16 0x7f4fe049caa4 <unknown>\n#17 0x7f4fe0529c6c <unknown>","time":{"start":1765080897083,"stop":1765080959877,"duration":62794}},{"uid":"bf5f55eba576b645","reportUrl":"https://Nat754.github.io/PulseWave/594/#testresult/bf5f55eba576b645","status":"passed","time":{"start":1764993616878,"stop":1764993658422,"duration":41544}},{"uid":"9459ee7128ddb024","reportUrl":"https://Nat754.github.io/PulseWave/593/#testresult/9459ee7128ddb024","status":"passed","time":{"start":1764907762878,"stop":1764907770115,"duration":7237}},{"uid":"ce7892a847898b31","reportUrl":"https://Nat754.github.io/PulseWave/592/#testresult/ce7892a847898b31","status":"passed","time":{"start":1764821455132,"stop":1764821462228,"duration":7096}},{"uid":"17f2603f9c324490","reportUrl":"https://Nat754.github.io/PulseWave/591/#testresult/17f2603f9c324490","status":"passed","time":{"start":1764735072405,"stop":1764735088104,"duration":15699}},{"uid":"2cb174d655654f6d","reportUrl":"https://Nat754.github.io/PulseWave/590/#testresult/2cb174d655654f6d","status":"passed","time":{"start":1764648618899,"stop":1764648625343,"duration":6444}}]},"tags":["smoke"]},"source":"5b809f2768d1fb2d.json","parameterValues":[]}