{
  "uid" : "303cab7d6d48af8c",
  "name" : "POST Создать доску",
  "fullName" : "tests.test_api.test_api.TestAPI#test_post_api_workspace_id_boards",
  "historyId" : "e0c89310e54d7f413d275ba53f8bf728",
  "time" : {
    "start" : 1713838823964,
    "stop" : 1713838827914,
    "duration" : 3950
  },
  "status" : "skipped",
  "statusMessage" : "XFAIL\n\nAssertionError: Unexpected status code. Expected: 201. Actual: 500",
  "statusTrace" : "self = <tests.test_api.test_api.TestAPI object at 0x7ff67329c4d0>\nuse_api_base = <api_testing.api_base.ApiBase object at 0x7ff672c36330>\n\n    @pytest.mark.xfail(reazon='Bug')\n    @allure.title(\"POST Создать доску\")\n    def test_post_api_workspace_id_boards(self, use_api_base):\n        jwt = use_api_base.create_jwt(email1, password0)\n        workspace_id = use_api_base.get_workspace_id()\n        url = f'{self.constant.BASE_URL}api/workspace/{workspace_id}/boards/'\n        response = requests.post(url, headers={'accept': 'application/json', 'Authorization': f\"\"\"{jwt}\"\"\"},\n                                 json=self.constant.BOARD_CREATE | {\"work_space\": f\"{workspace_id}\"})\n>       Assertions.assert_status_code(response, self.code.STATUS_201)\n\ntests/test_api/test_api.py:209: \n_ _ _ _ _ _ _ _ _ _ _ _ _ _ _ _ _ _ _ _ _ _ _ _ _ _ _ _ _ _ _ _ _ _ _ _ _ _ _ _ \n\nresponse = <Response [500]>, expected_status_code = 201\n\n    @staticmethod\n    def assert_status_code(response: Response, expected_status_code: int):\n        actual_status_code = response.status_code\n        with allure.step(f\"Expected status {expected_status_code}\"):\n>           assert actual_status_code == expected_status_code, \\\n                f\"Unexpected status code. Expected: {expected_status_code}. Actual: {actual_status_code}\"\nE           AssertionError: Unexpected status code. Expected: 201. Actual: 500\n\napi_testing/assertions.py:11: AssertionError",
  "flaky" : false,
  "newFailed" : false,
  "beforeStages" : [ {
    "name" : "clear_allure_results_folder",
    "time" : {
      "start" : 1713838752391,
      "stop" : 1713838752391,
      "duration" : 0
    },
    "status" : "passed",
    "steps" : [ ],
    "attachments" : [ ],
    "parameters" : [ ],
    "stepsCount" : 0,
    "attachmentsCount" : 0,
    "shouldDisplayMessage" : false,
    "hasContent" : false
  }, {
    "name" : "use_api_base",
    "time" : {
      "start" : 1713838823964,
      "stop" : 1713838823964,
      "duration" : 0
    },
    "status" : "passed",
    "steps" : [ ],
    "attachments" : [ ],
    "parameters" : [ ],
    "stepsCount" : 0,
    "attachmentsCount" : 0,
    "shouldDisplayMessage" : false,
    "hasContent" : false
  }, {
    "name" : "_session_faker",
    "time" : {
      "start" : 1713838752373,
      "stop" : 1713838752391,
      "duration" : 18
    },
    "status" : "passed",
    "steps" : [ ],
    "attachments" : [ ],
    "parameters" : [ ],
    "stepsCount" : 0,
    "attachmentsCount" : 0,
    "shouldDisplayMessage" : false,
    "hasContent" : false
  } ],
  "testStage" : {
    "status" : "skipped",
    "statusMessage" : "XFAIL\n\nAssertionError: Unexpected status code. Expected: 201. Actual: 500",
    "statusTrace" : "self = <tests.test_api.test_api.TestAPI object at 0x7ff67329c4d0>\nuse_api_base = <api_testing.api_base.ApiBase object at 0x7ff672c36330>\n\n    @pytest.mark.xfail(reazon='Bug')\n    @allure.title(\"POST Создать доску\")\n    def test_post_api_workspace_id_boards(self, use_api_base):\n        jwt = use_api_base.create_jwt(email1, password0)\n        workspace_id = use_api_base.get_workspace_id()\n        url = f'{self.constant.BASE_URL}api/workspace/{workspace_id}/boards/'\n        response = requests.post(url, headers={'accept': 'application/json', 'Authorization': f\"\"\"{jwt}\"\"\"},\n                                 json=self.constant.BOARD_CREATE | {\"work_space\": f\"{workspace_id}\"})\n>       Assertions.assert_status_code(response, self.code.STATUS_201)\n\ntests/test_api/test_api.py:209: \n_ _ _ _ _ _ _ _ _ _ _ _ _ _ _ _ _ _ _ _ _ _ _ _ _ _ _ _ _ _ _ _ _ _ _ _ _ _ _ _ \n\nresponse = <Response [500]>, expected_status_code = 201\n\n    @staticmethod\n    def assert_status_code(response: Response, expected_status_code: int):\n        actual_status_code = response.status_code\n        with allure.step(f\"Expected status {expected_status_code}\"):\n>           assert actual_status_code == expected_status_code, \\\n                f\"Unexpected status code. Expected: {expected_status_code}. Actual: {actual_status_code}\"\nE           AssertionError: Unexpected status code. Expected: 201. Actual: 500\n\napi_testing/assertions.py:11: AssertionError",
    "steps" : [ {
      "name" : "Получить access токен пользователя на емайл",
      "time" : {
        "start" : 1713838823964,
        "stop" : 1713838825136,
        "duration" : 1172
      },
      "status" : "passed",
      "steps" : [ ],
      "attachments" : [ ],
      "parameters" : [ ],
      "stepsCount" : 0,
      "attachmentsCount" : 0,
      "shouldDisplayMessage" : false,
      "hasContent" : false
    }, {
      "name" : "Получить id рабочего пространства",
      "time" : {
        "start" : 1713838825137,
        "stop" : 1713838827237,
        "duration" : 2100
      },
      "status" : "passed",
      "steps" : [ {
        "name" : "Получить access токен пользователя на емайл",
        "time" : {
          "start" : 1713838825137,
          "stop" : 1713838826636,
          "duration" : 1499
        },
        "status" : "passed",
        "steps" : [ ],
        "attachments" : [ ],
        "parameters" : [ ],
        "stepsCount" : 0,
        "attachmentsCount" : 0,
        "shouldDisplayMessage" : false,
        "hasContent" : false
      } ],
      "attachments" : [ ],
      "parameters" : [ ],
      "stepsCount" : 1,
      "attachmentsCount" : 0,
      "shouldDisplayMessage" : false,
      "hasContent" : true
    }, {
      "name" : "Expected status 201",
      "time" : {
        "start" : 1713838827914,
        "stop" : 1713838827914,
        "duration" : 0
      },
      "status" : "failed",
      "statusMessage" : "AssertionError: Unexpected status code. Expected: 201. Actual: 500\n",
      "statusTrace" : "  File \"/home/runner/work/PulseWave/PulseWave/api_testing/assertions.py\", line 11, in assert_status_code\n    assert actual_status_code == expected_status_code, \\\n           ^^^^^^^^^^^^^^^^^^^^^^^^^^^^^^^^^^^^^^^^^^\n",
      "steps" : [ ],
      "attachments" : [ ],
      "parameters" : [ ],
      "stepsCount" : 0,
      "attachmentsCount" : 0,
      "shouldDisplayMessage" : true,
      "hasContent" : true
    } ],
    "attachments" : [ ],
    "parameters" : [ ],
    "stepsCount" : 4,
    "attachmentsCount" : 0,
    "shouldDisplayMessage" : true,
    "hasContent" : true
  },
  "afterStages" : [ ],
  "labels" : [ {
    "name" : "epic",
    "value" : "Тестирование API"
  }, {
    "name" : "tag",
    "value" : "@pytest.mark.xfail(reazon='Bug')"
  }, {
    "name" : "parentSuite",
    "value" : "tests.test_api"
  }, {
    "name" : "suite",
    "value" : "test_api"
  }, {
    "name" : "subSuite",
    "value" : "TestAPI"
  }, {
    "name" : "host",
    "value" : "fv-az1435-171"
  }, {
    "name" : "thread",
    "value" : "2298-MainThread"
  }, {
    "name" : "framework",
    "value" : "pytest"
  }, {
    "name" : "language",
    "value" : "cpython3"
  }, {
    "name" : "package",
    "value" : "tests.test_api.test_api"
  }, {
    "name" : "resultFormat",
    "value" : "allure2"
  } ],
  "parameters" : [ ],
  "links" : [ ],
  "hidden" : false,
  "retry" : false,
  "extra" : {
    "severity" : "normal",
    "retries" : [ ],
    "categories" : [ ],
    "history" : {
      "statistic" : {
        "failed" : 4,
        "broken" : 3,
        "skipped" : 5,
        "passed" : 49,
        "unknown" : 0,
        "total" : 61
      },
      "items" : [ {
        "uid" : "6c29025948bf3c",
        "reportUrl" : "https://Nat754.github.io/PulseWave/203//#testresult/6c29025948bf3c",
        "status" : "skipped",
        "statusDetails" : "XFAIL\n\nAssertionError: Unexpected status code. Expected: 201. Actual: 500",
        "time" : {
          "start" : 1713811954972,
          "stop" : 1713811959051,
          "duration" : 4079
        }
      }, {
        "uid" : "ab0df3ec86e6eec0",
        "reportUrl" : "https://Nat754.github.io/PulseWave/202//#testresult/ab0df3ec86e6eec0",
        "status" : "skipped",
        "statusDetails" : "XFAIL\n\nAssertionError: Unexpected status code. Expected: 201. Actual: 500",
        "time" : {
          "start" : 1713788557215,
          "stop" : 1713788561304,
          "duration" : 4089
        }
      }, {
        "uid" : "29c894b346283725",
        "reportUrl" : "https://Nat754.github.io/PulseWave/201//#testresult/29c894b346283725",
        "status" : "skipped",
        "statusDetails" : "XFAIL\n\nAssertionError: Unexpected status code. Expected: 201. Actual: 500",
        "time" : {
          "start" : 1713781845457,
          "stop" : 1713781849611,
          "duration" : 4154
        }
      }, {
        "uid" : "d1f719aa8b9a0840",
        "reportUrl" : "https://Nat754.github.io/PulseWave/200//#testresult/d1f719aa8b9a0840",
        "status" : "skipped",
        "statusDetails" : "XFAIL\n\nAssertionError: Unexpected status code. Expected: 201. Actual: 500",
        "time" : {
          "start" : 1713778766866,
          "stop" : 1713778770799,
          "duration" : 3933
        }
      }, {
        "uid" : "fbe304884ef09ec",
        "reportUrl" : "https://Nat754.github.io/PulseWave/2//#testresult/fbe304884ef09ec",
        "status" : "failed",
        "statusDetails" : "AssertionError: Unexpected status code. Expected: 201. Actual: 500",
        "time" : {
          "start" : 1713752422283,
          "stop" : 1713752426074,
          "duration" : 3791
        }
      }, {
        "uid" : "aae9d4687c09894e",
        "reportUrl" : "https://Nat754.github.io/PulseWave/1//#testresult/aae9d4687c09894e",
        "status" : "failed",
        "statusDetails" : "AssertionError: Unexpected status code. Expected: 201. Actual: 500",
        "time" : {
          "start" : 1713666065647,
          "stop" : 1713666070212,
          "duration" : 4565
        }
      }, {
        "uid" : "73aa10ef9ddd6fc5",
        "reportUrl" : "https://Nat754.github.io/PulseWave/198//#testresult/73aa10ef9ddd6fc5",
        "status" : "failed",
        "statusDetails" : "AssertionError: Unexpected status code. Expected: 201. Actual: 500",
        "time" : {
          "start" : 1713592748712,
          "stop" : 1713592753401,
          "duration" : 4689
        }
      }, {
        "uid" : "c5c8b78bc16cf63",
        "reportUrl" : "https://Nat754.github.io/PulseWave/196//#testresult/c5c8b78bc16cf63",
        "status" : "failed",
        "statusDetails" : "AssertionError: Unexpected status code. Expected: 201. Actual: 500",
        "time" : {
          "start" : 1713435565411,
          "stop" : 1713435571274,
          "duration" : 5863
        }
      }, {
        "uid" : "383552cd146c386a",
        "reportUrl" : "https://Nat754.github.io/PulseWave/197//#testresult/383552cd146c386a",
        "status" : "passed",
        "time" : {
          "start" : 1713198476499,
          "stop" : 1713198481749,
          "duration" : 5250
        }
      }, {
        "uid" : "68e138888cece872",
        "reportUrl" : "https://Nat754.github.io/PulseWave/196//#testresult/68e138888cece872",
        "status" : "passed",
        "time" : {
          "start" : 1713101048446,
          "stop" : 1713101053959,
          "duration" : 5513
        }
      }, {
        "uid" : "851a0c89c36d853",
        "reportUrl" : "https://Nat754.github.io/PulseWave/196//#testresult/851a0c89c36d853",
        "status" : "passed",
        "time" : {
          "start" : 1711136553654,
          "stop" : 1711136556733,
          "duration" : 3079
        }
      }, {
        "uid" : "7b710dd4068ca69f",
        "reportUrl" : "https://Nat754.github.io/PulseWave/195//#testresult/7b710dd4068ca69f",
        "status" : "passed",
        "time" : {
          "start" : 1710360824229,
          "stop" : 1710360828183,
          "duration" : 3954
        }
      }, {
        "uid" : "b4eec305e7653218",
        "reportUrl" : "https://Nat754.github.io/PulseWave/194//#testresult/b4eec305e7653218",
        "status" : "passed",
        "time" : {
          "start" : 1710226274105,
          "stop" : 1710226277567,
          "duration" : 3462
        }
      }, {
        "uid" : "35d85230316b6510",
        "reportUrl" : "https://Nat754.github.io/PulseWave/193//#testresult/35d85230316b6510",
        "status" : "passed",
        "time" : {
          "start" : 1710181301429,
          "stop" : 1710181304175,
          "duration" : 2746
        }
      }, {
        "uid" : "9f7d2699c7ee32a2",
        "reportUrl" : "https://Nat754.github.io/PulseWave/192//#testresult/9f7d2699c7ee32a2",
        "status" : "passed",
        "time" : {
          "start" : 1710080849777,
          "stop" : 1710080852631,
          "duration" : 2854
        }
      }, {
        "uid" : "c6a38e867e3ff783",
        "reportUrl" : "https://Nat754.github.io/PulseWave/191//#testresult/c6a38e867e3ff783",
        "status" : "passed",
        "time" : {
          "start" : 1709990227849,
          "stop" : 1709990231127,
          "duration" : 3278
        }
      }, {
        "uid" : "2a85bfc9c3b8bf42",
        "reportUrl" : "https://Nat754.github.io/PulseWave/190//#testresult/2a85bfc9c3b8bf42",
        "status" : "passed",
        "time" : {
          "start" : 1709988453275,
          "stop" : 1709988456436,
          "duration" : 3161
        }
      }, {
        "uid" : "1ddf2c71f4458eb8",
        "reportUrl" : "https://Nat754.github.io/PulseWave/189//#testresult/1ddf2c71f4458eb8",
        "status" : "passed",
        "time" : {
          "start" : 1709931401430,
          "stop" : 1709931404695,
          "duration" : 3265
        }
      }, {
        "uid" : "fc19112f263b124e",
        "reportUrl" : "https://Nat754.github.io/PulseWave/188//#testresult/fc19112f263b124e",
        "status" : "passed",
        "time" : {
          "start" : 1709929360164,
          "stop" : 1709929363398,
          "duration" : 3234
        }
      }, {
        "uid" : "f0ea09713fe092",
        "reportUrl" : "https://Nat754.github.io/PulseWave/187//#testresult/f0ea09713fe092",
        "status" : "passed",
        "time" : {
          "start" : 1709813893161,
          "stop" : 1709813896411,
          "duration" : 3250
        }
      } ]
    },
    "tags" : [ "@pytest.mark.xfail(reazon='Bug')" ]
  },
  "source" : "303cab7d6d48af8c.json",
  "parameterValues" : [ ]
}