{
  "uid" : "e2ccc13e7d886535",
  "name" : "POST Создать доску без указания РП",
  "fullName" : "tests.test_api.test_api.TestAPI#test_post_api_board_create",
  "historyId" : "a6085ff02c8eb32aa6f75c6af168277f",
  "time" : {
    "start" : 1714013903772,
    "stop" : 1714013905594,
    "duration" : 1822
  },
  "description" : "Создание доски без указания РП, будет создано дефолтное РП для этой доски",
  "descriptionHtml" : "<p>Создание доски без указания РП, будет создано дефолтное РП для этой доски</p>\n",
  "status" : "skipped",
  "statusMessage" : "XFAIL\n\nAssertionError: Unexpected status code. Expected: 201. Actual: 500",
  "statusTrace" : "self = <tests.test_api.test_api.TestAPI object at 0x7f94acc9a750>\nuse_api_base = <api_testing.api_base.ApiBase object at 0x7f94ac66deb0>\n\n    @pytest.mark.xfail(reazon='Bug')\n    @allure.title(\"POST Создать доску без указания РП\")\n    def test_post_api_board_create(self, use_api_base):\n        \"\"\"Создание доски без указания РП, будет создано дефолтное РП для этой доски\"\"\"\n        jwt = use_api_base.create_jwt(email1, password0)\n        url = f'{self.constant.BASE_URL}api/board_create/'\n        response = requests.post(url, headers={'accept': 'application/json', 'Authorization': f\"\"\"{jwt}\"\"\"},\n                                 json=self.constant.BOARD_CREATE)\n>       Assertions.assert_status_code(response, self.code.STATUS_201)\n\ntests/test_api/test_api.py:248: \n_ _ _ _ _ _ _ _ _ _ _ _ _ _ _ _ _ _ _ _ _ _ _ _ _ _ _ _ _ _ _ _ _ _ _ _ _ _ _ _ \n\nresponse = <Response [500]>, expected_status_code = 201\n\n    @staticmethod\n    def assert_status_code(response: Response, expected_status_code: int):\n        actual_status_code = response.status_code\n        with allure.step(f\"Expected status {expected_status_code}\"):\n>           assert actual_status_code == expected_status_code, \\\n                f\"Unexpected status code. Expected: {expected_status_code}. Actual: {actual_status_code}\"\nE           AssertionError: Unexpected status code. Expected: 201. Actual: 500\n\napi_testing/assertions.py:11: AssertionError",
  "flaky" : false,
  "newFailed" : false,
  "beforeStages" : [ {
    "name" : "clear_allure_results_folder",
    "time" : {
      "start" : 1714013808007,
      "stop" : 1714013808007,
      "duration" : 0
    },
    "status" : "passed",
    "steps" : [ ],
    "attachments" : [ ],
    "parameters" : [ ],
    "stepsCount" : 0,
    "attachmentsCount" : 0,
    "shouldDisplayMessage" : false,
    "hasContent" : false
  }, {
    "name" : "use_api_base",
    "time" : {
      "start" : 1714013903771,
      "stop" : 1714013903771,
      "duration" : 0
    },
    "status" : "passed",
    "steps" : [ ],
    "attachments" : [ ],
    "parameters" : [ ],
    "stepsCount" : 0,
    "attachmentsCount" : 0,
    "shouldDisplayMessage" : false,
    "hasContent" : false
  }, {
    "name" : "_session_faker",
    "time" : {
      "start" : 1714013807990,
      "stop" : 1714013808007,
      "duration" : 17
    },
    "status" : "passed",
    "steps" : [ ],
    "attachments" : [ ],
    "parameters" : [ ],
    "stepsCount" : 0,
    "attachmentsCount" : 0,
    "shouldDisplayMessage" : false,
    "hasContent" : false
  } ],
  "testStage" : {
    "description" : "Создание доски без указания РП, будет создано дефолтное РП для этой доски",
    "status" : "skipped",
    "statusMessage" : "XFAIL\n\nAssertionError: Unexpected status code. Expected: 201. Actual: 500",
    "statusTrace" : "self = <tests.test_api.test_api.TestAPI object at 0x7f94acc9a750>\nuse_api_base = <api_testing.api_base.ApiBase object at 0x7f94ac66deb0>\n\n    @pytest.mark.xfail(reazon='Bug')\n    @allure.title(\"POST Создать доску без указания РП\")\n    def test_post_api_board_create(self, use_api_base):\n        \"\"\"Создание доски без указания РП, будет создано дефолтное РП для этой доски\"\"\"\n        jwt = use_api_base.create_jwt(email1, password0)\n        url = f'{self.constant.BASE_URL}api/board_create/'\n        response = requests.post(url, headers={'accept': 'application/json', 'Authorization': f\"\"\"{jwt}\"\"\"},\n                                 json=self.constant.BOARD_CREATE)\n>       Assertions.assert_status_code(response, self.code.STATUS_201)\n\ntests/test_api/test_api.py:248: \n_ _ _ _ _ _ _ _ _ _ _ _ _ _ _ _ _ _ _ _ _ _ _ _ _ _ _ _ _ _ _ _ _ _ _ _ _ _ _ _ \n\nresponse = <Response [500]>, expected_status_code = 201\n\n    @staticmethod\n    def assert_status_code(response: Response, expected_status_code: int):\n        actual_status_code = response.status_code\n        with allure.step(f\"Expected status {expected_status_code}\"):\n>           assert actual_status_code == expected_status_code, \\\n                f\"Unexpected status code. Expected: {expected_status_code}. Actual: {actual_status_code}\"\nE           AssertionError: Unexpected status code. Expected: 201. Actual: 500\n\napi_testing/assertions.py:11: AssertionError",
    "steps" : [ {
      "name" : "Получить access токен пользователя на емайл",
      "time" : {
        "start" : 1714013903772,
        "stop" : 1714013904962,
        "duration" : 1190
      },
      "status" : "passed",
      "steps" : [ ],
      "attachments" : [ ],
      "parameters" : [ ],
      "stepsCount" : 0,
      "attachmentsCount" : 0,
      "shouldDisplayMessage" : false,
      "hasContent" : false
    }, {
      "name" : "Expected status 201",
      "time" : {
        "start" : 1714013905594,
        "stop" : 1714013905594,
        "duration" : 0
      },
      "status" : "failed",
      "statusMessage" : "AssertionError: Unexpected status code. Expected: 201. Actual: 500\n",
      "statusTrace" : "  File \"/home/runner/work/PulseWave/PulseWave/api_testing/assertions.py\", line 11, in assert_status_code\n    assert actual_status_code == expected_status_code, \\\n           ^^^^^^^^^^^^^^^^^^^^^^^^^^^^^^^^^^^^^^^^^^\n",
      "steps" : [ ],
      "attachments" : [ ],
      "parameters" : [ ],
      "stepsCount" : 0,
      "attachmentsCount" : 0,
      "shouldDisplayMessage" : true,
      "hasContent" : true
    } ],
    "attachments" : [ ],
    "parameters" : [ ],
    "stepsCount" : 2,
    "attachmentsCount" : 0,
    "shouldDisplayMessage" : true,
    "hasContent" : true
  },
  "afterStages" : [ ],
  "labels" : [ {
    "name" : "epic",
    "value" : "Тестирование API"
  }, {
    "name" : "tag",
    "value" : "@pytest.mark.xfail(reazon='Bug')"
  }, {
    "name" : "parentSuite",
    "value" : "tests.test_api"
  }, {
    "name" : "suite",
    "value" : "test_api"
  }, {
    "name" : "subSuite",
    "value" : "TestAPI"
  }, {
    "name" : "host",
    "value" : "fv-az1040-477"
  }, {
    "name" : "thread",
    "value" : "2657-MainThread"
  }, {
    "name" : "framework",
    "value" : "pytest"
  }, {
    "name" : "language",
    "value" : "cpython3"
  }, {
    "name" : "package",
    "value" : "tests.test_api.test_api"
  }, {
    "name" : "resultFormat",
    "value" : "allure2"
  } ],
  "parameters" : [ ],
  "links" : [ ],
  "hidden" : false,
  "retry" : false,
  "extra" : {
    "severity" : "normal",
    "retries" : [ ],
    "categories" : [ ],
    "history" : {
      "statistic" : {
        "failed" : 0,
        "broken" : 0,
        "skipped" : 8,
        "passed" : 0,
        "unknown" : 0,
        "total" : 8
      },
      "items" : [ {
        "uid" : "aa06ffaa45a0e7",
        "reportUrl" : "https://Nat754.github.io/PulseWave/211//#testresult/aa06ffaa45a0e7",
        "status" : "skipped",
        "statusDetails" : "XFAIL\n\nAssertionError: Unexpected status code. Expected: 201. Actual: 500",
        "time" : {
          "start" : 1713945347117,
          "stop" : 1713945349040,
          "duration" : 1923
        }
      }, {
        "uid" : "5feac9879b9fcabc",
        "reportUrl" : "https://Nat754.github.io/PulseWave/4//#testresult/5feac9879b9fcabc",
        "status" : "skipped",
        "statusDetails" : "XFAIL\n\nAssertionError: Unexpected status code. Expected: 201. Actual: 500",
        "time" : {
          "start" : 1713925166256,
          "stop" : 1713925168366,
          "duration" : 2110
        }
      }, {
        "uid" : "e3fcee915b6635dc",
        "reportUrl" : "https://Nat754.github.io/PulseWave/211//#testresult/e3fcee915b6635dc",
        "status" : "skipped",
        "statusDetails" : "XFAIL\n\nAssertionError: Unexpected status code. Expected: 201. Actual: 500",
        "time" : {
          "start" : 1713900975122,
          "stop" : 1713900977293,
          "duration" : 2171
        }
      }, {
        "uid" : "9ddcd20d876238ec",
        "reportUrl" : "https://Nat754.github.io/PulseWave/210//#testresult/9ddcd20d876238ec",
        "status" : "skipped",
        "statusDetails" : "XFAIL\n\nAssertionError: Unexpected status code. Expected: 201. Actual: 500",
        "time" : {
          "start" : 1713885086047,
          "stop" : 1713885088484,
          "duration" : 2437
        }
      }, {
        "uid" : "c4b473188d5fba39",
        "reportUrl" : "https://Nat754.github.io/PulseWave/209//#testresult/c4b473188d5fba39",
        "status" : "skipped",
        "statusDetails" : "XFAIL\n\nAssertionError: Unexpected status code. Expected: 201. Actual: 500",
        "time" : {
          "start" : 1713883020128,
          "stop" : 1713883022790,
          "duration" : 2662
        }
      }, {
        "uid" : "99f1b3a918cc4fc7",
        "reportUrl" : "https://Nat754.github.io/PulseWave/209//#testresult/99f1b3a918cc4fc7",
        "status" : "skipped",
        "statusDetails" : "XFAIL\n\nAssertionError: Unexpected status code. Expected: 201. Actual: 500",
        "time" : {
          "start" : 1713881503417,
          "stop" : 1713881505945,
          "duration" : 2528
        }
      }, {
        "uid" : "5b12ccb47c2e714",
        "reportUrl" : "https://Nat754.github.io/PulseWave/208//#testresult/5b12ccb47c2e714",
        "status" : "skipped",
        "statusDetails" : "XFAIL\n\nAssertionError: Unexpected status code. Expected: 201. Actual: 500",
        "time" : {
          "start" : 1713878679870,
          "stop" : 1713878682302,
          "duration" : 2432
        }
      } ]
    },
    "tags" : [ "@pytest.mark.xfail(reazon='Bug')" ]
  },
  "source" : "e2ccc13e7d886535.json",
  "parameterValues" : [ ]
}