{
  "uid" : "4a53cb7920c303a1",
  "name" : "GET Список стикеров задачи",
  "fullName" : "tests.test_api.test_api.TestAPI#test_get_api_task_id_sticker",
  "historyId" : "6d6ecebe240d50664140f603964b63e9",
  "time" : {
    "start" : 1718850582687,
    "stop" : 1718850595668,
    "duration" : 12981
  },
  "status" : "skipped",
  "statusMessage" : "XFAIL\n\nAssertionError: Unexpected status code. Expected: 200. Actual: 500",
  "statusTrace" : "self = <tests.test_api.test_api.TestAPI object at 0x7f18726f1850>\nuse_api_base = <api_testing.api_base.ApiBase object at 0x7f1872731f40>\n\n    @pytest.mark.xfail\n    @allure.title(\"GET Список стикеров задачи\")\n    def test_get_api_task_id_sticker(self, use_api_base):\n        jwt = use_api_base.create_jwt(email1, password0)\n        column_id, task_id = use_api_base.get_column_task_id()\n        url = f'{self.constant.BASE_URL}api/task/{task_id}/sticker/'\n        requests.post(url, headers={'accept': 'application/json', 'Authorization': f\"{jwt}\"},\n                      json={\"name\": faker.first_name(), \"color\": random.choice(self.constant.COLOR_STICKER)})\n        response = requests.get(url, headers={'accept': 'application/json', 'Authorization': f\"{jwt}\"})\n>       Assertions.assert_status_code(response, self.code.STATUS_200)\n\ntests/test_api/test_api.py:470: \n_ _ _ _ _ _ _ _ _ _ _ _ _ _ _ _ _ _ _ _ _ _ _ _ _ _ _ _ _ _ _ _ _ _ _ _ _ _ _ _ \n\nresponse = <Response [500]>, expected_status_code = 200\n\n    @staticmethod\n    def assert_status_code(response: Response, expected_status_code: int):\n        actual_status_code = response.status_code\n        with allure.step(f\"Expected status {expected_status_code}\"):\n>           assert actual_status_code == expected_status_code, \\\n                f\"Unexpected status code. Expected: {expected_status_code}. Actual: {actual_status_code}\"\nE           AssertionError: Unexpected status code. Expected: 200. Actual: 500\n\napi_testing/assertions.py:11: AssertionError",
  "flaky" : false,
  "newFailed" : false,
  "beforeStages" : [ {
    "name" : "clear_allure_results_folder",
    "time" : {
      "start" : 1718850284877,
      "stop" : 1718850284877,
      "duration" : 0
    },
    "status" : "passed",
    "steps" : [ ],
    "attachments" : [ ],
    "parameters" : [ ],
    "stepsCount" : 0,
    "attachmentsCount" : 0,
    "shouldDisplayMessage" : false,
    "hasContent" : false
  }, {
    "name" : "use_api_base",
    "time" : {
      "start" : 1718850582687,
      "stop" : 1718850582687,
      "duration" : 0
    },
    "status" : "passed",
    "steps" : [ ],
    "attachments" : [ ],
    "parameters" : [ ],
    "stepsCount" : 0,
    "attachmentsCount" : 0,
    "shouldDisplayMessage" : false,
    "hasContent" : false
  }, {
    "name" : "_session_faker",
    "time" : {
      "start" : 1718850284858,
      "stop" : 1718850284876,
      "duration" : 18
    },
    "status" : "passed",
    "steps" : [ ],
    "attachments" : [ ],
    "parameters" : [ ],
    "stepsCount" : 0,
    "attachmentsCount" : 0,
    "shouldDisplayMessage" : false,
    "hasContent" : false
  } ],
  "testStage" : {
    "status" : "skipped",
    "statusMessage" : "XFAIL\n\nAssertionError: Unexpected status code. Expected: 200. Actual: 500",
    "statusTrace" : "self = <tests.test_api.test_api.TestAPI object at 0x7f18726f1850>\nuse_api_base = <api_testing.api_base.ApiBase object at 0x7f1872731f40>\n\n    @pytest.mark.xfail\n    @allure.title(\"GET Список стикеров задачи\")\n    def test_get_api_task_id_sticker(self, use_api_base):\n        jwt = use_api_base.create_jwt(email1, password0)\n        column_id, task_id = use_api_base.get_column_task_id()\n        url = f'{self.constant.BASE_URL}api/task/{task_id}/sticker/'\n        requests.post(url, headers={'accept': 'application/json', 'Authorization': f\"{jwt}\"},\n                      json={\"name\": faker.first_name(), \"color\": random.choice(self.constant.COLOR_STICKER)})\n        response = requests.get(url, headers={'accept': 'application/json', 'Authorization': f\"{jwt}\"})\n>       Assertions.assert_status_code(response, self.code.STATUS_200)\n\ntests/test_api/test_api.py:470: \n_ _ _ _ _ _ _ _ _ _ _ _ _ _ _ _ _ _ _ _ _ _ _ _ _ _ _ _ _ _ _ _ _ _ _ _ _ _ _ _ \n\nresponse = <Response [500]>, expected_status_code = 200\n\n    @staticmethod\n    def assert_status_code(response: Response, expected_status_code: int):\n        actual_status_code = response.status_code\n        with allure.step(f\"Expected status {expected_status_code}\"):\n>           assert actual_status_code == expected_status_code, \\\n                f\"Unexpected status code. Expected: {expected_status_code}. Actual: {actual_status_code}\"\nE           AssertionError: Unexpected status code. Expected: 200. Actual: 500\n\napi_testing/assertions.py:11: AssertionError",
    "steps" : [ {
      "name" : "Получить access токен пользователя на емайл",
      "time" : {
        "start" : 1718850582687,
        "stop" : 1718850584125,
        "duration" : 1438
      },
      "status" : "passed",
      "steps" : [ ],
      "attachments" : [ ],
      "parameters" : [ ],
      "stepsCount" : 0,
      "attachmentsCount" : 0,
      "shouldDisplayMessage" : false,
      "hasContent" : false
    }, {
      "name" : "Получить id задачи",
      "time" : {
        "start" : 1718850584126,
        "stop" : 1718850594098,
        "duration" : 9972
      },
      "status" : "passed",
      "steps" : [ {
        "name" : "Получить access токен пользователя на емайл",
        "time" : {
          "start" : 1718850584126,
          "stop" : 1718850585490,
          "duration" : 1364
        },
        "status" : "passed",
        "steps" : [ ],
        "attachments" : [ ],
        "parameters" : [ ],
        "stepsCount" : 0,
        "attachmentsCount" : 0,
        "shouldDisplayMessage" : false,
        "hasContent" : false
      }, {
        "name" : "Получить id колонки",
        "time" : {
          "start" : 1718850585491,
          "stop" : 1718850593350,
          "duration" : 7859
        },
        "status" : "passed",
        "steps" : [ {
          "name" : "Получить access токен пользователя на емайл",
          "time" : {
            "start" : 1718850585491,
            "stop" : 1718850587075,
            "duration" : 1584
          },
          "status" : "passed",
          "steps" : [ ],
          "attachments" : [ ],
          "parameters" : [ ],
          "stepsCount" : 0,
          "attachmentsCount" : 0,
          "shouldDisplayMessage" : false,
          "hasContent" : false
        }, {
          "name" : "Получить id доски",
          "time" : {
            "start" : 1718850587076,
            "stop" : 1718850591673,
            "duration" : 4597
          },
          "status" : "passed",
          "steps" : [ {
            "name" : "Получить access токен пользователя на емайл",
            "time" : {
              "start" : 1718850587076,
              "stop" : 1718850588493,
              "duration" : 1417
            },
            "status" : "passed",
            "steps" : [ ],
            "attachments" : [ ],
            "parameters" : [ ],
            "stepsCount" : 0,
            "attachmentsCount" : 0,
            "shouldDisplayMessage" : false,
            "hasContent" : false
          }, {
            "name" : "Получить id рабочего пространства",
            "time" : {
              "start" : 1718850588494,
              "stop" : 1718850590919,
              "duration" : 2425
            },
            "status" : "passed",
            "steps" : [ {
              "name" : "Получить access токен пользователя на емайл",
              "time" : {
                "start" : 1718850588494,
                "stop" : 1718850590070,
                "duration" : 1576
              },
              "status" : "passed",
              "steps" : [ ],
              "attachments" : [ ],
              "parameters" : [ ],
              "stepsCount" : 0,
              "attachmentsCount" : 0,
              "shouldDisplayMessage" : false,
              "hasContent" : false
            } ],
            "attachments" : [ ],
            "parameters" : [ ],
            "stepsCount" : 1,
            "attachmentsCount" : 0,
            "shouldDisplayMessage" : false,
            "hasContent" : true
          } ],
          "attachments" : [ ],
          "parameters" : [ ],
          "stepsCount" : 3,
          "attachmentsCount" : 0,
          "shouldDisplayMessage" : false,
          "hasContent" : true
        } ],
        "attachments" : [ ],
        "parameters" : [ ],
        "stepsCount" : 5,
        "attachmentsCount" : 0,
        "shouldDisplayMessage" : false,
        "hasContent" : true
      } ],
      "attachments" : [ ],
      "parameters" : [ ],
      "stepsCount" : 7,
      "attachmentsCount" : 0,
      "shouldDisplayMessage" : false,
      "hasContent" : true
    }, {
      "name" : "Expected status 200",
      "time" : {
        "start" : 1718850595668,
        "stop" : 1718850595668,
        "duration" : 0
      },
      "status" : "failed",
      "statusMessage" : "AssertionError: Unexpected status code. Expected: 200. Actual: 500\n",
      "statusTrace" : "  File \"/home/runner/work/PulseWave/PulseWave/api_testing/assertions.py\", line 11, in assert_status_code\n    assert actual_status_code == expected_status_code, \\\n           ^^^^^^^^^^^^^^^^^^^^^^^^^^^^^^^^^^^^^^^^^^\n",
      "steps" : [ ],
      "attachments" : [ ],
      "parameters" : [ ],
      "stepsCount" : 0,
      "attachmentsCount" : 0,
      "shouldDisplayMessage" : true,
      "hasContent" : true
    } ],
    "attachments" : [ ],
    "parameters" : [ ],
    "stepsCount" : 10,
    "attachmentsCount" : 0,
    "shouldDisplayMessage" : true,
    "hasContent" : true
  },
  "afterStages" : [ ],
  "labels" : [ {
    "name" : "epic",
    "value" : "Тестирование API"
  }, {
    "name" : "tag",
    "value" : "@pytest.mark.xfail"
  }, {
    "name" : "parentSuite",
    "value" : "tests.test_api"
  }, {
    "name" : "suite",
    "value" : "test_api"
  }, {
    "name" : "subSuite",
    "value" : "TestAPI"
  }, {
    "name" : "host",
    "value" : "fv-az711-26"
  }, {
    "name" : "thread",
    "value" : "2255-MainThread"
  }, {
    "name" : "framework",
    "value" : "pytest"
  }, {
    "name" : "language",
    "value" : "cpython3"
  }, {
    "name" : "package",
    "value" : "tests.test_api.test_api"
  }, {
    "name" : "resultFormat",
    "value" : "allure2"
  } ],
  "parameters" : [ ],
  "links" : [ ],
  "hidden" : false,
  "retry" : false,
  "extra" : {
    "severity" : "normal",
    "retries" : [ ],
    "categories" : [ ],
    "history" : {
      "statistic" : {
        "failed" : 0,
        "broken" : 0,
        "skipped" : 68,
        "passed" : 0,
        "unknown" : 0,
        "total" : 68
      },
      "items" : [ {
        "uid" : "c81f847b61a041d0",
        "reportUrl" : "https://Nat754.github.io/PulseWave/60//#testresult/c81f847b61a041d0",
        "status" : "skipped",
        "statusDetails" : "XFAIL\n\nAssertionError: Unexpected status code. Expected: 200. Actual: 500",
        "time" : {
          "start" : 1718764314527,
          "stop" : 1718764325822,
          "duration" : 11295
        }
      }, {
        "uid" : "6299a8e4ff8a8457",
        "reportUrl" : "https://Nat754.github.io/PulseWave/59//#testresult/6299a8e4ff8a8457",
        "status" : "skipped",
        "statusDetails" : "XFAIL\n\nAssertionError: Unexpected status code. Expected: 200. Actual: 500",
        "time" : {
          "start" : 1718677858636,
          "stop" : 1718677870142,
          "duration" : 11506
        }
      }, {
        "uid" : "59655f93bc3ef253",
        "reportUrl" : "https://Nat754.github.io/PulseWave/58//#testresult/59655f93bc3ef253",
        "status" : "skipped",
        "statusDetails" : "XFAIL\n\nAssertionError: Unexpected status code. Expected: 200. Actual: 500",
        "time" : {
          "start" : 1718591613038,
          "stop" : 1718591624085,
          "duration" : 11047
        }
      }, {
        "uid" : "8faefb6e72f69ec4",
        "reportUrl" : "https://Nat754.github.io/PulseWave/57//#testresult/8faefb6e72f69ec4",
        "status" : "skipped",
        "statusDetails" : "XFAIL\n\nAssertionError: Unexpected status code. Expected: 200. Actual: 500",
        "time" : {
          "start" : 1718505208867,
          "stop" : 1718505219331,
          "duration" : 10464
        }
      }, {
        "uid" : "ed50bbbcf62fdc02",
        "reportUrl" : "https://Nat754.github.io/PulseWave/56//#testresult/ed50bbbcf62fdc02",
        "status" : "skipped",
        "statusDetails" : "XFAIL\n\nAssertionError: Unexpected status code. Expected: 200. Actual: 500",
        "time" : {
          "start" : 1718418539708,
          "stop" : 1718418550540,
          "duration" : 10832
        }
      }, {
        "uid" : "f0d1b00db573926e",
        "reportUrl" : "https://Nat754.github.io/PulseWave/55//#testresult/f0d1b00db573926e",
        "status" : "skipped",
        "statusDetails" : "XFAIL\n\nAssertionError: Unexpected status code. Expected: 200. Actual: 500",
        "time" : {
          "start" : 1718332234452,
          "stop" : 1718332244843,
          "duration" : 10391
        }
      }, {
        "uid" : "301c599df570a523",
        "reportUrl" : "https://Nat754.github.io/PulseWave/54//#testresult/301c599df570a523",
        "status" : "skipped",
        "statusDetails" : "XFAIL\n\nAssertionError: Unexpected status code. Expected: 200. Actual: 500",
        "time" : {
          "start" : 1718245872288,
          "stop" : 1718245886513,
          "duration" : 14225
        }
      }, {
        "uid" : "e21fe308a85f489a",
        "reportUrl" : "https://Nat754.github.io/PulseWave/53//#testresult/e21fe308a85f489a",
        "status" : "skipped",
        "statusDetails" : "XFAIL\n\nAssertionError: Unexpected status code. Expected: 200. Actual: 500",
        "time" : {
          "start" : 1718159532997,
          "stop" : 1718159546547,
          "duration" : 13550
        }
      }, {
        "uid" : "f79c003f70751c2f",
        "reportUrl" : "https://Nat754.github.io/PulseWave/52//#testresult/f79c003f70751c2f",
        "status" : "skipped",
        "statusDetails" : "XFAIL\n\nAssertionError: Unexpected status code. Expected: 200. Actual: 500",
        "time" : {
          "start" : 1718073044858,
          "stop" : 1718073056204,
          "duration" : 11346
        }
      }, {
        "uid" : "fbdf0865a300517a",
        "reportUrl" : "https://Nat754.github.io/PulseWave/51//#testresult/fbdf0865a300517a",
        "status" : "skipped",
        "statusDetails" : "XFAIL\n\nAssertionError: Unexpected status code. Expected: 200. Actual: 500",
        "time" : {
          "start" : 1717986748611,
          "stop" : 1717986759129,
          "duration" : 10518
        }
      }, {
        "uid" : "75c11bb62bb72491",
        "reportUrl" : "https://Nat754.github.io/PulseWave/50//#testresult/75c11bb62bb72491",
        "status" : "skipped",
        "statusDetails" : "XFAIL\n\nAssertionError: Unexpected status code. Expected: 200. Actual: 500",
        "time" : {
          "start" : 1717900462417,
          "stop" : 1717900476441,
          "duration" : 14024
        }
      }, {
        "uid" : "8c5c4e772e5cca15",
        "reportUrl" : "https://Nat754.github.io/PulseWave/49//#testresult/8c5c4e772e5cca15",
        "status" : "skipped",
        "statusDetails" : "XFAIL\n\nAssertionError: Unexpected status code. Expected: 200. Actual: 500",
        "time" : {
          "start" : 1717813723066,
          "stop" : 1717813733900,
          "duration" : 10834
        }
      }, {
        "uid" : "9dd95bccb17fcef2",
        "reportUrl" : "https://Nat754.github.io/PulseWave/48//#testresult/9dd95bccb17fcef2",
        "status" : "skipped",
        "statusDetails" : "XFAIL\n\nAssertionError: Unexpected status code. Expected: 200. Actual: 500",
        "time" : {
          "start" : 1717727490810,
          "stop" : 1717727503097,
          "duration" : 12287
        }
      }, {
        "uid" : "5ef75d203a6597cf",
        "reportUrl" : "https://Nat754.github.io/PulseWave/47//#testresult/5ef75d203a6597cf",
        "status" : "skipped",
        "statusDetails" : "XFAIL\n\nAssertionError: Unexpected status code. Expected: 200. Actual: 500",
        "time" : {
          "start" : 1717640962153,
          "stop" : 1717640974691,
          "duration" : 12538
        }
      }, {
        "uid" : "357c922f1e1703ed",
        "reportUrl" : "https://Nat754.github.io/PulseWave/46//#testresult/357c922f1e1703ed",
        "status" : "skipped",
        "statusDetails" : "XFAIL\n\nAssertionError: Unexpected status code. Expected: 200. Actual: 500",
        "time" : {
          "start" : 1717554525377,
          "stop" : 1717554535393,
          "duration" : 10016
        }
      }, {
        "uid" : "2a9b1a9ddd77425f",
        "reportUrl" : "https://Nat754.github.io/PulseWave/45//#testresult/2a9b1a9ddd77425f",
        "status" : "skipped",
        "statusDetails" : "XFAIL\n\nAssertionError: Unexpected status code. Expected: 200. Actual: 500",
        "time" : {
          "start" : 1717468131753,
          "stop" : 1717468141800,
          "duration" : 10047
        }
      }, {
        "uid" : "b121beef0c1a8e57",
        "reportUrl" : "https://Nat754.github.io/PulseWave/44//#testresult/b121beef0c1a8e57",
        "status" : "skipped",
        "statusDetails" : "XFAIL\n\nAssertionError: Unexpected status code. Expected: 200. Actual: 500",
        "time" : {
          "start" : 1717381852945,
          "stop" : 1717381866956,
          "duration" : 14011
        }
      }, {
        "uid" : "78dd04ce24b5c2aa",
        "reportUrl" : "https://Nat754.github.io/PulseWave/43//#testresult/78dd04ce24b5c2aa",
        "status" : "skipped",
        "statusDetails" : "XFAIL\n\nAssertionError: Unexpected status code. Expected: 200. Actual: 500",
        "time" : {
          "start" : 1717295543037,
          "stop" : 1717295553182,
          "duration" : 10145
        }
      }, {
        "uid" : "d11f7bf4e0c93d84",
        "reportUrl" : "https://Nat754.github.io/PulseWave/42//#testresult/d11f7bf4e0c93d84",
        "status" : "skipped",
        "statusDetails" : "XFAIL\n\nAssertionError: Unexpected status code. Expected: 200. Actual: 500",
        "time" : {
          "start" : 1717209150232,
          "stop" : 1717209163126,
          "duration" : 12894
        }
      }, {
        "uid" : "ca5316801c3f14e9",
        "reportUrl" : "https://Nat754.github.io/PulseWave/41//#testresult/ca5316801c3f14e9",
        "status" : "skipped",
        "statusDetails" : "XFAIL\n\nAssertionError: Unexpected status code. Expected: 200. Actual: 500",
        "time" : {
          "start" : 1717122561342,
          "stop" : 1717122574563,
          "duration" : 13221
        }
      } ]
    },
    "tags" : [ "@pytest.mark.xfail" ]
  },
  "source" : "4a53cb7920c303a1.json",
  "parameterValues" : [ ]
}