{
  "uid" : "891ae5bd136b798f",
  "name" : "POST Регистрация пользователя без подтверждения подписки",
  "fullName" : "tests.test_api.test_api.TestAPI#test_post_create_user_no_subscriber",
  "historyId" : "65cde6c273276871256fcbcd8d2a7b23",
  "time" : {
    "start" : 1716517456565,
    "stop" : 1716517467167,
    "duration" : 10602
  },
  "status" : "failed",
  "statusMessage" : "AssertionError: Unexpected status code. Expected: 201. Actual: 400",
  "statusTrace" : "self = <tests.test_api.test_api.TestAPI object at 0x7f6ff2cabfb0>\nuse_api_base = <api_testing.api_base.ApiBase object at 0x7f6ff2607bf0>\n\n    @allure.title(\"POST Регистрация пользователя без подтверждения подписки\")\n    def test_post_create_user_no_subscriber(self, use_api_base):\n        url = f'{self.constant.BASE_URL}auth/users/'\n        response = requests.post(url, json=self.constant.CREATE_USER_NO_SUBSCRIBER)\n        time.sleep(10)\n>       Assertions.assert_status_code(response, self.code.STATUS_201)\n\ntests/test_api/test_api.py:673: \n_ _ _ _ _ _ _ _ _ _ _ _ _ _ _ _ _ _ _ _ _ _ _ _ _ _ _ _ _ _ _ _ _ _ _ _ _ _ _ _ \n\nresponse = <Response [400]>, expected_status_code = 201\n\n    @staticmethod\n    def assert_status_code(response: Response, expected_status_code: int):\n        actual_status_code = response.status_code\n        with allure.step(f\"Expected status {expected_status_code}\"):\n>           assert actual_status_code == expected_status_code, \\\n                f\"Unexpected status code. Expected: {expected_status_code}. Actual: {actual_status_code}\"\nE           AssertionError: Unexpected status code. Expected: 201. Actual: 400\n\napi_testing/assertions.py:11: AssertionError",
  "flaky" : true,
  "newFailed" : true,
  "beforeStages" : [ {
    "name" : "_session_faker",
    "time" : {
      "start" : 1716517354685,
      "stop" : 1716517354702,
      "duration" : 17
    },
    "status" : "passed",
    "steps" : [ ],
    "attachments" : [ ],
    "parameters" : [ ],
    "stepsCount" : 0,
    "attachmentsCount" : 0,
    "shouldDisplayMessage" : false,
    "hasContent" : false
  }, {
    "name" : "clear_allure_results_folder",
    "time" : {
      "start" : 1716517354703,
      "stop" : 1716517354703,
      "duration" : 0
    },
    "status" : "passed",
    "steps" : [ ],
    "attachments" : [ ],
    "parameters" : [ ],
    "stepsCount" : 0,
    "attachmentsCount" : 0,
    "shouldDisplayMessage" : false,
    "hasContent" : false
  }, {
    "name" : "use_api_base",
    "time" : {
      "start" : 1716517456565,
      "stop" : 1716517456565,
      "duration" : 0
    },
    "status" : "passed",
    "steps" : [ ],
    "attachments" : [ ],
    "parameters" : [ ],
    "stepsCount" : 0,
    "attachmentsCount" : 0,
    "shouldDisplayMessage" : false,
    "hasContent" : false
  } ],
  "testStage" : {
    "status" : "failed",
    "statusMessage" : "AssertionError: Unexpected status code. Expected: 201. Actual: 400",
    "statusTrace" : "self = <tests.test_api.test_api.TestAPI object at 0x7f6ff2cabfb0>\nuse_api_base = <api_testing.api_base.ApiBase object at 0x7f6ff2607bf0>\n\n    @allure.title(\"POST Регистрация пользователя без подтверждения подписки\")\n    def test_post_create_user_no_subscriber(self, use_api_base):\n        url = f'{self.constant.BASE_URL}auth/users/'\n        response = requests.post(url, json=self.constant.CREATE_USER_NO_SUBSCRIBER)\n        time.sleep(10)\n>       Assertions.assert_status_code(response, self.code.STATUS_201)\n\ntests/test_api/test_api.py:673: \n_ _ _ _ _ _ _ _ _ _ _ _ _ _ _ _ _ _ _ _ _ _ _ _ _ _ _ _ _ _ _ _ _ _ _ _ _ _ _ _ \n\nresponse = <Response [400]>, expected_status_code = 201\n\n    @staticmethod\n    def assert_status_code(response: Response, expected_status_code: int):\n        actual_status_code = response.status_code\n        with allure.step(f\"Expected status {expected_status_code}\"):\n>           assert actual_status_code == expected_status_code, \\\n                f\"Unexpected status code. Expected: {expected_status_code}. Actual: {actual_status_code}\"\nE           AssertionError: Unexpected status code. Expected: 201. Actual: 400\n\napi_testing/assertions.py:11: AssertionError",
    "steps" : [ {
      "name" : "Expected status 201",
      "time" : {
        "start" : 1716517467166,
        "stop" : 1716517467166,
        "duration" : 0
      },
      "status" : "failed",
      "statusMessage" : "AssertionError: Unexpected status code. Expected: 201. Actual: 400\n",
      "statusTrace" : "  File \"/home/runner/work/PulseWave/PulseWave/api_testing/assertions.py\", line 11, in assert_status_code\n    assert actual_status_code == expected_status_code, \\\n           ^^^^^^^^^^^^^^^^^^^^^^^^^^^^^^^^^^^^^^^^^^\n",
      "steps" : [ ],
      "attachments" : [ ],
      "parameters" : [ ],
      "stepsCount" : 0,
      "attachmentsCount" : 0,
      "shouldDisplayMessage" : true,
      "hasContent" : true
    } ],
    "attachments" : [ ],
    "parameters" : [ ],
    "stepsCount" : 1,
    "attachmentsCount" : 0,
    "shouldDisplayMessage" : true,
    "hasContent" : true
  },
  "afterStages" : [ ],
  "labels" : [ {
    "name" : "epic",
    "value" : "Тестирование API"
  }, {
    "name" : "parentSuite",
    "value" : "tests.test_api"
  }, {
    "name" : "suite",
    "value" : "test_api"
  }, {
    "name" : "subSuite",
    "value" : "TestAPI"
  }, {
    "name" : "host",
    "value" : "fv-az770-693"
  }, {
    "name" : "thread",
    "value" : "2379-MainThread"
  }, {
    "name" : "framework",
    "value" : "pytest"
  }, {
    "name" : "language",
    "value" : "cpython3"
  }, {
    "name" : "package",
    "value" : "tests.test_api.test_api"
  }, {
    "name" : "resultFormat",
    "value" : "allure2"
  } ],
  "parameters" : [ ],
  "links" : [ ],
  "hidden" : false,
  "retry" : false,
  "extra" : {
    "severity" : "normal",
    "retries" : [ ],
    "categories" : [ {
      "name" : "Product defects",
      "matchedStatuses" : [ ],
      "flaky" : false
    } ],
    "history" : {
      "statistic" : {
        "failed" : 15,
        "broken" : 3,
        "skipped" : 0,
        "passed" : 22,
        "unknown" : 0,
        "total" : 40
      },
      "items" : [ {
        "uid" : "df6ce3b5aae1ceca",
        "reportUrl" : "https://Nat754.github.io/PulseWave/33//#testresult/df6ce3b5aae1ceca",
        "status" : "passed",
        "time" : {
          "start" : 1716431409680,
          "stop" : 1716431421698,
          "duration" : 12018
        }
      }, {
        "uid" : "b381f30e4a4ea056",
        "reportUrl" : "https://Nat754.github.io/PulseWave/32//#testresult/b381f30e4a4ea056",
        "status" : "passed",
        "time" : {
          "start" : 1716345016324,
          "stop" : 1716345028406,
          "duration" : 12082
        }
      }, {
        "uid" : "405b746b726f6550",
        "reportUrl" : "https://Nat754.github.io/PulseWave/31//#testresult/405b746b726f6550",
        "status" : "passed",
        "time" : {
          "start" : 1716258467139,
          "stop" : 1716258482967,
          "duration" : 15828
        }
      }, {
        "uid" : "19cb0a9a247a3147",
        "reportUrl" : "https://Nat754.github.io/PulseWave/30//#testresult/19cb0a9a247a3147",
        "status" : "passed",
        "time" : {
          "start" : 1716172295296,
          "stop" : 1716172307133,
          "duration" : 11837
        }
      }, {
        "uid" : "53cb99a5eab59480",
        "reportUrl" : "https://Nat754.github.io/PulseWave/29//#testresult/53cb99a5eab59480",
        "status" : "passed",
        "time" : {
          "start" : 1716085836688,
          "stop" : 1716085848308,
          "duration" : 11620
        }
      }, {
        "uid" : "234c1ef29d4e3f63",
        "reportUrl" : "https://Nat754.github.io/PulseWave/28//#testresult/234c1ef29d4e3f63",
        "status" : "passed",
        "time" : {
          "start" : 1715999253728,
          "stop" : 1715999265395,
          "duration" : 11667
        }
      }, {
        "uid" : "cef7a87f2745703",
        "reportUrl" : "https://Nat754.github.io/PulseWave/27//#testresult/cef7a87f2745703",
        "status" : "passed",
        "time" : {
          "start" : 1715912935865,
          "stop" : 1715912947696,
          "duration" : 11831
        }
      }, {
        "uid" : "7be379401dde7353",
        "reportUrl" : "https://Nat754.github.io/PulseWave/212//#testresult/7be379401dde7353",
        "status" : "passed",
        "time" : {
          "start" : 1715841805414,
          "stop" : 1715841817310,
          "duration" : 11896
        }
      }, {
        "uid" : "b47145c6b42f63ce",
        "reportUrl" : "https://Nat754.github.io/PulseWave/26//#testresult/b47145c6b42f63ce",
        "status" : "passed",
        "time" : {
          "start" : 1715826494834,
          "stop" : 1715826506977,
          "duration" : 12143
        }
      }, {
        "uid" : "3b642ad684cc1a3d",
        "reportUrl" : "https://Nat754.github.io/PulseWave/25//#testresult/3b642ad684cc1a3d",
        "status" : "failed",
        "statusDetails" : "AssertionError: Unexpected status code. Expected: 201. Actual: 400",
        "time" : {
          "start" : 1715740414095,
          "stop" : 1715740424896,
          "duration" : 10801
        }
      }, {
        "uid" : "2472def308afaf43",
        "reportUrl" : "https://Nat754.github.io/PulseWave/24//#testresult/2472def308afaf43",
        "status" : "failed",
        "statusDetails" : "AssertionError: Unexpected status code. Expected: 201. Actual: 400",
        "time" : {
          "start" : 1715653733660,
          "stop" : 1715653744457,
          "duration" : 10797
        }
      }, {
        "uid" : "e336cb894a038d3e",
        "reportUrl" : "https://Nat754.github.io/PulseWave/23//#testresult/e336cb894a038d3e",
        "status" : "failed",
        "statusDetails" : "AssertionError: Unexpected status code. Expected: 201. Actual: 400",
        "time" : {
          "start" : 1715567378076,
          "stop" : 1715567388687,
          "duration" : 10611
        }
      }, {
        "uid" : "4b20e791f133f8fd",
        "reportUrl" : "https://Nat754.github.io/PulseWave/22//#testresult/4b20e791f133f8fd",
        "status" : "passed",
        "time" : {
          "start" : 1715480983040,
          "stop" : 1715480995361,
          "duration" : 12321
        }
      }, {
        "uid" : "14c9fc83492d41a7",
        "reportUrl" : "https://Nat754.github.io/PulseWave/21//#testresult/14c9fc83492d41a7",
        "status" : "failed",
        "statusDetails" : "AssertionError: Unexpected status code. Expected: 201. Actual: 400",
        "time" : {
          "start" : 1715394233367,
          "stop" : 1715394243970,
          "duration" : 10603
        }
      }, {
        "uid" : "1b2779a6a42e142",
        "reportUrl" : "https://Nat754.github.io/PulseWave/20//#testresult/1b2779a6a42e142",
        "status" : "passed",
        "time" : {
          "start" : 1715308321337,
          "stop" : 1715308333285,
          "duration" : 11948
        }
      }, {
        "uid" : "b2666e57a5fbcdba",
        "reportUrl" : "https://Nat754.github.io/PulseWave/19//#testresult/b2666e57a5fbcdba",
        "status" : "failed",
        "statusDetails" : "AssertionError: Unexpected status code. Expected: 201. Actual: 400",
        "time" : {
          "start" : 1715221752789,
          "stop" : 1715221763395,
          "duration" : 10606
        }
      }, {
        "uid" : "d2b24c921dd0e3ac",
        "reportUrl" : "https://Nat754.github.io/PulseWave/18//#testresult/d2b24c921dd0e3ac",
        "status" : "failed",
        "statusDetails" : "AssertionError: Unexpected status code. Expected: 201. Actual: 400",
        "time" : {
          "start" : 1715134411014,
          "stop" : 1715134421536,
          "duration" : 10522
        }
      }, {
        "uid" : "5ebfa5e7f2924bf9",
        "reportUrl" : "https://Nat754.github.io/PulseWave/17//#testresult/5ebfa5e7f2924bf9",
        "status" : "failed",
        "statusDetails" : "AssertionError: Unexpected status code. Expected: 201. Actual: 400",
        "time" : {
          "start" : 1715049072726,
          "stop" : 1715049083272,
          "duration" : 10546
        }
      }, {
        "uid" : "2f37b61f2253f951",
        "reportUrl" : "https://Nat754.github.io/PulseWave/16//#testresult/2f37b61f2253f951",
        "status" : "failed",
        "statusDetails" : "AssertionError: Unexpected status code. Expected: 201. Actual: 400",
        "time" : {
          "start" : 1714962466876,
          "stop" : 1714962477540,
          "duration" : 10664
        }
      }, {
        "uid" : "c11ae076d3bea75d",
        "reportUrl" : "https://Nat754.github.io/PulseWave/15//#testresult/c11ae076d3bea75d",
        "status" : "failed",
        "statusDetails" : "AssertionError: Unexpected status code. Expected: 201. Actual: 400",
        "time" : {
          "start" : 1714876059190,
          "stop" : 1714876069936,
          "duration" : 10746
        }
      } ]
    },
    "tags" : [ ]
  },
  "source" : "891ae5bd136b798f.json",
  "parameterValues" : [ ]
}