{
  "uid" : "9ccc9856db8a0ca8",
  "name" : "POST Создать пользователя с корректными данными",
  "fullName" : "tests.test_api.test_api.TestAPI#test_post_auth_user",
  "historyId" : "d9a2437627bbe237bdf3b37bffffa3b2",
  "time" : {
    "start" : 1716517354703,
    "stop" : 1716517366154,
    "duration" : 11451
  },
  "status" : "failed",
  "statusMessage" : "AssertionError: Unexpected status code. Expected: 201. Actual: 400",
  "statusTrace" : "self = <tests.test_api.test_api.TestAPI object at 0x7f6ff2c4fd70>\n\n    @allure.title(\"POST Создать пользователя с корректными данными\")\n    def test_post_auth_user(self):\n        url = f'{self.constant.BASE_URL}auth/users/'\n        response = requests.post(url, json=self.constant.CREATE_USER)\n        time.sleep(10)\n>       Assertions.assert_status_code(response, self.code.STATUS_201)\n\ntests/test_api/test_api.py:26: \n_ _ _ _ _ _ _ _ _ _ _ _ _ _ _ _ _ _ _ _ _ _ _ _ _ _ _ _ _ _ _ _ _ _ _ _ _ _ _ _ \n\nresponse = <Response [400]>, expected_status_code = 201\n\n    @staticmethod\n    def assert_status_code(response: Response, expected_status_code: int):\n        actual_status_code = response.status_code\n        with allure.step(f\"Expected status {expected_status_code}\"):\n>           assert actual_status_code == expected_status_code, \\\n                f\"Unexpected status code. Expected: {expected_status_code}. Actual: {actual_status_code}\"\nE           AssertionError: Unexpected status code. Expected: 201. Actual: 400\n\napi_testing/assertions.py:11: AssertionError",
  "flaky" : false,
  "newFailed" : true,
  "beforeStages" : [ {
    "name" : "_session_faker",
    "time" : {
      "start" : 1716517354685,
      "stop" : 1716517354702,
      "duration" : 17
    },
    "status" : "passed",
    "steps" : [ ],
    "attachments" : [ ],
    "parameters" : [ ],
    "stepsCount" : 0,
    "attachmentsCount" : 0,
    "shouldDisplayMessage" : false,
    "hasContent" : false
  }, {
    "name" : "clear_allure_results_folder",
    "time" : {
      "start" : 1716517354703,
      "stop" : 1716517354703,
      "duration" : 0
    },
    "status" : "passed",
    "steps" : [ ],
    "attachments" : [ ],
    "parameters" : [ ],
    "stepsCount" : 0,
    "attachmentsCount" : 0,
    "shouldDisplayMessage" : false,
    "hasContent" : false
  } ],
  "testStage" : {
    "status" : "failed",
    "statusMessage" : "AssertionError: Unexpected status code. Expected: 201. Actual: 400",
    "statusTrace" : "self = <tests.test_api.test_api.TestAPI object at 0x7f6ff2c4fd70>\n\n    @allure.title(\"POST Создать пользователя с корректными данными\")\n    def test_post_auth_user(self):\n        url = f'{self.constant.BASE_URL}auth/users/'\n        response = requests.post(url, json=self.constant.CREATE_USER)\n        time.sleep(10)\n>       Assertions.assert_status_code(response, self.code.STATUS_201)\n\ntests/test_api/test_api.py:26: \n_ _ _ _ _ _ _ _ _ _ _ _ _ _ _ _ _ _ _ _ _ _ _ _ _ _ _ _ _ _ _ _ _ _ _ _ _ _ _ _ \n\nresponse = <Response [400]>, expected_status_code = 201\n\n    @staticmethod\n    def assert_status_code(response: Response, expected_status_code: int):\n        actual_status_code = response.status_code\n        with allure.step(f\"Expected status {expected_status_code}\"):\n>           assert actual_status_code == expected_status_code, \\\n                f\"Unexpected status code. Expected: {expected_status_code}. Actual: {actual_status_code}\"\nE           AssertionError: Unexpected status code. Expected: 201. Actual: 400\n\napi_testing/assertions.py:11: AssertionError",
    "steps" : [ {
      "name" : "Expected status 201",
      "time" : {
        "start" : 1716517366153,
        "stop" : 1716517366153,
        "duration" : 0
      },
      "status" : "failed",
      "statusMessage" : "AssertionError: Unexpected status code. Expected: 201. Actual: 400\n",
      "statusTrace" : "  File \"/home/runner/work/PulseWave/PulseWave/api_testing/assertions.py\", line 11, in assert_status_code\n    assert actual_status_code == expected_status_code, \\\n           ^^^^^^^^^^^^^^^^^^^^^^^^^^^^^^^^^^^^^^^^^^\n",
      "steps" : [ ],
      "attachments" : [ ],
      "parameters" : [ ],
      "stepsCount" : 0,
      "attachmentsCount" : 0,
      "shouldDisplayMessage" : true,
      "hasContent" : true
    } ],
    "attachments" : [ ],
    "parameters" : [ ],
    "stepsCount" : 1,
    "attachmentsCount" : 0,
    "shouldDisplayMessage" : true,
    "hasContent" : true
  },
  "afterStages" : [ ],
  "labels" : [ {
    "name" : "epic",
    "value" : "Тестирование API"
  }, {
    "name" : "parentSuite",
    "value" : "tests.test_api"
  }, {
    "name" : "suite",
    "value" : "test_api"
  }, {
    "name" : "subSuite",
    "value" : "TestAPI"
  }, {
    "name" : "host",
    "value" : "fv-az770-693"
  }, {
    "name" : "thread",
    "value" : "2379-MainThread"
  }, {
    "name" : "framework",
    "value" : "pytest"
  }, {
    "name" : "language",
    "value" : "cpython3"
  }, {
    "name" : "package",
    "value" : "tests.test_api.test_api"
  }, {
    "name" : "resultFormat",
    "value" : "allure2"
  } ],
  "parameters" : [ ],
  "links" : [ ],
  "hidden" : false,
  "retry" : false,
  "extra" : {
    "severity" : "normal",
    "retries" : [ ],
    "categories" : [ {
      "name" : "Product defects",
      "matchedStatuses" : [ ],
      "flaky" : false
    } ],
    "history" : {
      "statistic" : {
        "failed" : 1,
        "broken" : 0,
        "skipped" : 27,
        "passed" : 12,
        "unknown" : 0,
        "total" : 40
      },
      "items" : [ {
        "uid" : "6163172b74246adb",
        "reportUrl" : "https://Nat754.github.io/PulseWave/33//#testresult/6163172b74246adb",
        "status" : "passed",
        "time" : {
          "start" : 1716430927699,
          "stop" : 1716430940214,
          "duration" : 12515
        }
      }, {
        "uid" : "e6a8e24ba0cf3f97",
        "reportUrl" : "https://Nat754.github.io/PulseWave/32//#testresult/e6a8e24ba0cf3f97",
        "status" : "passed",
        "time" : {
          "start" : 1716344541478,
          "stop" : 1716344553871,
          "duration" : 12393
        }
      }, {
        "uid" : "a2171fa2c0c63638",
        "reportUrl" : "https://Nat754.github.io/PulseWave/31//#testresult/a2171fa2c0c63638",
        "status" : "passed",
        "time" : {
          "start" : 1716258092101,
          "stop" : 1716258104793,
          "duration" : 12692
        }
      }, {
        "uid" : "9fee5016684941c0",
        "reportUrl" : "https://Nat754.github.io/PulseWave/30//#testresult/9fee5016684941c0",
        "status" : "passed",
        "time" : {
          "start" : 1716171826441,
          "stop" : 1716171839492,
          "duration" : 13051
        }
      }, {
        "uid" : "578c2b237a6ebeeb",
        "reportUrl" : "https://Nat754.github.io/PulseWave/29//#testresult/578c2b237a6ebeeb",
        "status" : "passed",
        "time" : {
          "start" : 1716085441847,
          "stop" : 1716085454322,
          "duration" : 12475
        }
      }, {
        "uid" : "b72ebc85a9042826",
        "reportUrl" : "https://Nat754.github.io/PulseWave/28//#testresult/b72ebc85a9042826",
        "status" : "passed",
        "time" : {
          "start" : 1715998873166,
          "stop" : 1715998885360,
          "duration" : 12194
        }
      }, {
        "uid" : "3d917862950e769c",
        "reportUrl" : "https://Nat754.github.io/PulseWave/27//#testresult/3d917862950e769c",
        "status" : "passed",
        "time" : {
          "start" : 1715912466584,
          "stop" : 1715912479063,
          "duration" : 12479
        }
      }, {
        "uid" : "a89be2c9c2279363",
        "reportUrl" : "https://Nat754.github.io/PulseWave/212//#testresult/a89be2c9c2279363",
        "status" : "passed",
        "time" : {
          "start" : 1715841395773,
          "stop" : 1715841407844,
          "duration" : 12071
        }
      }, {
        "uid" : "b551752f025e2e1b",
        "reportUrl" : "https://Nat754.github.io/PulseWave/26//#testresult/b551752f025e2e1b",
        "status" : "passed",
        "statusDetails" : "XPASS",
        "time" : {
          "start" : 1715826092033,
          "stop" : 1715826104877,
          "duration" : 12844
        }
      }, {
        "uid" : "6e995c8c7ef654f9",
        "reportUrl" : "https://Nat754.github.io/PulseWave/25//#testresult/6e995c8c7ef654f9",
        "status" : "skipped",
        "statusDetails" : "XFAIL\n\nAssertionError: Unexpected status code. Expected: 201. Actual: 400",
        "time" : {
          "start" : 1715739904048,
          "stop" : 1715739915451,
          "duration" : 11403
        }
      }, {
        "uid" : "73b7fe04619f651",
        "reportUrl" : "https://Nat754.github.io/PulseWave/24//#testresult/73b7fe04619f651",
        "status" : "passed",
        "statusDetails" : "XPASS",
        "time" : {
          "start" : 1715653247078,
          "stop" : 1715653259701,
          "duration" : 12623
        }
      }, {
        "uid" : "64018cfd15985216",
        "reportUrl" : "https://Nat754.github.io/PulseWave/23//#testresult/64018cfd15985216",
        "status" : "skipped",
        "statusDetails" : "XFAIL\n\nAssertionError: Unexpected status code. Expected: 201. Actual: 400",
        "time" : {
          "start" : 1715567017760,
          "stop" : 1715567029288,
          "duration" : 11528
        }
      }, {
        "uid" : "2ea8e0df80ff3ec1",
        "reportUrl" : "https://Nat754.github.io/PulseWave/22//#testresult/2ea8e0df80ff3ec1",
        "status" : "skipped",
        "statusDetails" : "XFAIL\n\nAssertionError: Unexpected status code. Expected: 201. Actual: 400",
        "time" : {
          "start" : 1715480572248,
          "stop" : 1715480583705,
          "duration" : 11457
        }
      }, {
        "uid" : "74b2d13a651f16da",
        "reportUrl" : "https://Nat754.github.io/PulseWave/21//#testresult/74b2d13a651f16da",
        "status" : "skipped",
        "statusDetails" : "XFAIL\n\nAssertionError: Unexpected status code. Expected: 201. Actual: 400",
        "time" : {
          "start" : 1715393894607,
          "stop" : 1715393906084,
          "duration" : 11477
        }
      }, {
        "uid" : "894782744ccc766a",
        "reportUrl" : "https://Nat754.github.io/PulseWave/20//#testresult/894782744ccc766a",
        "status" : "skipped",
        "statusDetails" : "XFAIL\n\nAssertionError: Unexpected status code. Expected: 201. Actual: 400",
        "time" : {
          "start" : 1715307890959,
          "stop" : 1715307902744,
          "duration" : 11785
        }
      }, {
        "uid" : "6347c6443baad91f",
        "reportUrl" : "https://Nat754.github.io/PulseWave/19//#testresult/6347c6443baad91f",
        "status" : "skipped",
        "statusDetails" : "XFAIL\n\nAssertionError: Unexpected status code. Expected: 201. Actual: 400",
        "time" : {
          "start" : 1715221377776,
          "stop" : 1715221388839,
          "duration" : 11063
        }
      }, {
        "uid" : "596cae56bd5cbbb",
        "reportUrl" : "https://Nat754.github.io/PulseWave/18//#testresult/596cae56bd5cbbb",
        "status" : "skipped",
        "statusDetails" : "XFAIL\n\nAssertionError: Unexpected status code. Expected: 201. Actual: 400",
        "time" : {
          "start" : 1715134076122,
          "stop" : 1715134087013,
          "duration" : 10891
        }
      }, {
        "uid" : "ff474bc4cd83e305",
        "reportUrl" : "https://Nat754.github.io/PulseWave/17//#testresult/ff474bc4cd83e305",
        "status" : "skipped",
        "statusDetails" : "XFAIL\n\nAssertionError: Unexpected status code. Expected: 201. Actual: 400",
        "time" : {
          "start" : 1715048723973,
          "stop" : 1715048735678,
          "duration" : 11705
        }
      }, {
        "uid" : "38f27d62f66695a9",
        "reportUrl" : "https://Nat754.github.io/PulseWave/16//#testresult/38f27d62f66695a9",
        "status" : "skipped",
        "statusDetails" : "XFAIL\n\nAssertionError: Unexpected status code. Expected: 201. Actual: 400",
        "time" : {
          "start" : 1714962123227,
          "stop" : 1714962134235,
          "duration" : 11008
        }
      }, {
        "uid" : "2f3e01f68def39c7",
        "reportUrl" : "https://Nat754.github.io/PulseWave/15//#testresult/2f3e01f68def39c7",
        "status" : "skipped",
        "statusDetails" : "XFAIL\n\nAssertionError: Unexpected status code. Expected: 201. Actual: 400",
        "time" : {
          "start" : 1714875678227,
          "stop" : 1714875689363,
          "duration" : 11136
        }
      } ]
    },
    "tags" : [ ]
  },
  "source" : "9ccc9856db8a0ca8.json",
  "parameterValues" : [ ]
}