{
  "uid" : "7f623b74854dd89a",
  "name" : "POST Создать стикер к задаче",
  "fullName" : "tests.test_api.test_api.TestAPI#test_post_api_task_id_sticker",
  "historyId" : "15c7beb0356344830714c93b55aa7dfe",
  "time" : {
    "start" : 1716258349312,
    "stop" : 1716258359117,
    "duration" : 9805
  },
  "status" : "skipped",
  "statusMessage" : "XFAIL\n\nAssertionError: Unexpected status code. Expected: 201. Actual: 500",
  "statusTrace" : "self = <tests.test_api.test_api.TestAPI object at 0x7f81d2eb39b0>\nuse_api_base = <api_testing.api_base.ApiBase object at 0x7f81d27b9610>\n\n    @pytest.mark.xfail\n    @allure.title(\"POST Создать стикер к задаче\")\n    def test_post_api_task_id_sticker(self, use_api_base):\n        jwt = use_api_base.create_jwt(email1, password0)\n        column_id, task_id = use_api_base.get_column_task_id()\n        url = f'{self.constant.BASE_URL}api/task/{task_id}/sticker/'\n        response = requests.post(url, headers={'accept': 'application/json', 'Authorization': f\"{jwt}\"},\n                                 json={\"name\": faker.first_name(), \"color\": random.choice(self.constant.COLOR_STICKER)})\n>       Assertions.assert_status_code(response, self.code.STATUS_201)\n\ntests/test_api/test_api.py:480: \n_ _ _ _ _ _ _ _ _ _ _ _ _ _ _ _ _ _ _ _ _ _ _ _ _ _ _ _ _ _ _ _ _ _ _ _ _ _ _ _ \n\nresponse = <Response [500]>, expected_status_code = 201\n\n    @staticmethod\n    def assert_status_code(response: Response, expected_status_code: int):\n        actual_status_code = response.status_code\n        with allure.step(f\"Expected status {expected_status_code}\"):\n>           assert actual_status_code == expected_status_code, \\\n                f\"Unexpected status code. Expected: {expected_status_code}. Actual: {actual_status_code}\"\nE           AssertionError: Unexpected status code. Expected: 201. Actual: 500\n\napi_testing/assertions.py:11: AssertionError",
  "flaky" : false,
  "newFailed" : false,
  "beforeStages" : [ {
    "name" : "_session_faker",
    "time" : {
      "start" : 1716258092084,
      "stop" : 1716258092101,
      "duration" : 17
    },
    "status" : "passed",
    "steps" : [ ],
    "attachments" : [ ],
    "parameters" : [ ],
    "stepsCount" : 0,
    "attachmentsCount" : 0,
    "shouldDisplayMessage" : false,
    "hasContent" : false
  }, {
    "name" : "use_api_base",
    "time" : {
      "start" : 1716258349312,
      "stop" : 1716258349312,
      "duration" : 0
    },
    "status" : "passed",
    "steps" : [ ],
    "attachments" : [ ],
    "parameters" : [ ],
    "stepsCount" : 0,
    "attachmentsCount" : 0,
    "shouldDisplayMessage" : false,
    "hasContent" : false
  }, {
    "name" : "clear_allure_results_folder",
    "time" : {
      "start" : 1716258092101,
      "stop" : 1716258092101,
      "duration" : 0
    },
    "status" : "passed",
    "steps" : [ ],
    "attachments" : [ ],
    "parameters" : [ ],
    "stepsCount" : 0,
    "attachmentsCount" : 0,
    "shouldDisplayMessage" : false,
    "hasContent" : false
  } ],
  "testStage" : {
    "status" : "skipped",
    "statusMessage" : "XFAIL\n\nAssertionError: Unexpected status code. Expected: 201. Actual: 500",
    "statusTrace" : "self = <tests.test_api.test_api.TestAPI object at 0x7f81d2eb39b0>\nuse_api_base = <api_testing.api_base.ApiBase object at 0x7f81d27b9610>\n\n    @pytest.mark.xfail\n    @allure.title(\"POST Создать стикер к задаче\")\n    def test_post_api_task_id_sticker(self, use_api_base):\n        jwt = use_api_base.create_jwt(email1, password0)\n        column_id, task_id = use_api_base.get_column_task_id()\n        url = f'{self.constant.BASE_URL}api/task/{task_id}/sticker/'\n        response = requests.post(url, headers={'accept': 'application/json', 'Authorization': f\"{jwt}\"},\n                                 json={\"name\": faker.first_name(), \"color\": random.choice(self.constant.COLOR_STICKER)})\n>       Assertions.assert_status_code(response, self.code.STATUS_201)\n\ntests/test_api/test_api.py:480: \n_ _ _ _ _ _ _ _ _ _ _ _ _ _ _ _ _ _ _ _ _ _ _ _ _ _ _ _ _ _ _ _ _ _ _ _ _ _ _ _ \n\nresponse = <Response [500]>, expected_status_code = 201\n\n    @staticmethod\n    def assert_status_code(response: Response, expected_status_code: int):\n        actual_status_code = response.status_code\n        with allure.step(f\"Expected status {expected_status_code}\"):\n>           assert actual_status_code == expected_status_code, \\\n                f\"Unexpected status code. Expected: {expected_status_code}. Actual: {actual_status_code}\"\nE           AssertionError: Unexpected status code. Expected: 201. Actual: 500\n\napi_testing/assertions.py:11: AssertionError",
    "steps" : [ {
      "name" : "Получить access токен пользователя на емайл",
      "time" : {
        "start" : 1716258349312,
        "stop" : 1716258350677,
        "duration" : 1365
      },
      "status" : "passed",
      "steps" : [ ],
      "attachments" : [ ],
      "parameters" : [ ],
      "stepsCount" : 0,
      "attachmentsCount" : 0,
      "shouldDisplayMessage" : false,
      "hasContent" : false
    }, {
      "name" : "Получить id задачи",
      "time" : {
        "start" : 1716258350678,
        "stop" : 1716258358533,
        "duration" : 7855
      },
      "status" : "passed",
      "steps" : [ {
        "name" : "Получить access токен пользователя на емайл",
        "time" : {
          "start" : 1716258350678,
          "stop" : 1716258351927,
          "duration" : 1249
        },
        "status" : "passed",
        "steps" : [ ],
        "attachments" : [ ],
        "parameters" : [ ],
        "stepsCount" : 0,
        "attachmentsCount" : 0,
        "shouldDisplayMessage" : false,
        "hasContent" : false
      }, {
        "name" : "Получить id колонки",
        "time" : {
          "start" : 1716258351928,
          "stop" : 1716258357986,
          "duration" : 6058
        },
        "status" : "passed",
        "steps" : [ {
          "name" : "Получить access токен пользователя на емайл",
          "time" : {
            "start" : 1716258351928,
            "stop" : 1716258353249,
            "duration" : 1321
          },
          "status" : "passed",
          "steps" : [ ],
          "attachments" : [ ],
          "parameters" : [ ],
          "stepsCount" : 0,
          "attachmentsCount" : 0,
          "shouldDisplayMessage" : false,
          "hasContent" : false
        }, {
          "name" : "Получить id доски",
          "time" : {
            "start" : 1716258353250,
            "stop" : 1716258356866,
            "duration" : 3616
          },
          "status" : "passed",
          "steps" : [ {
            "name" : "Получить access токен пользователя на емайл",
            "time" : {
              "start" : 1716258353250,
              "stop" : 1716258354407,
              "duration" : 1157
            },
            "status" : "passed",
            "steps" : [ ],
            "attachments" : [ ],
            "parameters" : [ ],
            "stepsCount" : 0,
            "attachmentsCount" : 0,
            "shouldDisplayMessage" : false,
            "hasContent" : false
          }, {
            "name" : "Получить id рабочего пространства",
            "time" : {
              "start" : 1716258354408,
              "stop" : 1716258356308,
              "duration" : 1900
            },
            "status" : "passed",
            "steps" : [ {
              "name" : "Получить access токен пользователя на емайл",
              "time" : {
                "start" : 1716258354408,
                "stop" : 1716258355604,
                "duration" : 1196
              },
              "status" : "passed",
              "steps" : [ ],
              "attachments" : [ ],
              "parameters" : [ ],
              "stepsCount" : 0,
              "attachmentsCount" : 0,
              "shouldDisplayMessage" : false,
              "hasContent" : false
            } ],
            "attachments" : [ ],
            "parameters" : [ ],
            "stepsCount" : 1,
            "attachmentsCount" : 0,
            "shouldDisplayMessage" : false,
            "hasContent" : true
          } ],
          "attachments" : [ ],
          "parameters" : [ ],
          "stepsCount" : 3,
          "attachmentsCount" : 0,
          "shouldDisplayMessage" : false,
          "hasContent" : true
        } ],
        "attachments" : [ ],
        "parameters" : [ ],
        "stepsCount" : 5,
        "attachmentsCount" : 0,
        "shouldDisplayMessage" : false,
        "hasContent" : true
      } ],
      "attachments" : [ ],
      "parameters" : [ ],
      "stepsCount" : 7,
      "attachmentsCount" : 0,
      "shouldDisplayMessage" : false,
      "hasContent" : true
    }, {
      "name" : "Expected status 201",
      "time" : {
        "start" : 1716258359117,
        "stop" : 1716258359117,
        "duration" : 0
      },
      "status" : "failed",
      "statusMessage" : "AssertionError: Unexpected status code. Expected: 201. Actual: 500\n",
      "statusTrace" : "  File \"/home/runner/work/PulseWave/PulseWave/api_testing/assertions.py\", line 11, in assert_status_code\n    assert actual_status_code == expected_status_code, \\\n           ^^^^^^^^^^^^^^^^^^^^^^^^^^^^^^^^^^^^^^^^^^\n",
      "steps" : [ ],
      "attachments" : [ ],
      "parameters" : [ ],
      "stepsCount" : 0,
      "attachmentsCount" : 0,
      "shouldDisplayMessage" : true,
      "hasContent" : true
    } ],
    "attachments" : [ ],
    "parameters" : [ ],
    "stepsCount" : 10,
    "attachmentsCount" : 0,
    "shouldDisplayMessage" : true,
    "hasContent" : true
  },
  "afterStages" : [ ],
  "labels" : [ {
    "name" : "epic",
    "value" : "Тестирование API"
  }, {
    "name" : "tag",
    "value" : "@pytest.mark.xfail"
  }, {
    "name" : "parentSuite",
    "value" : "tests.test_api"
  }, {
    "name" : "suite",
    "value" : "test_api"
  }, {
    "name" : "subSuite",
    "value" : "TestAPI"
  }, {
    "name" : "host",
    "value" : "fv-az573-544"
  }, {
    "name" : "thread",
    "value" : "2286-MainThread"
  }, {
    "name" : "framework",
    "value" : "pytest"
  }, {
    "name" : "language",
    "value" : "cpython3"
  }, {
    "name" : "package",
    "value" : "tests.test_api.test_api"
  }, {
    "name" : "resultFormat",
    "value" : "allure2"
  } ],
  "parameters" : [ ],
  "links" : [ ],
  "hidden" : false,
  "retry" : false,
  "extra" : {
    "severity" : "normal",
    "retries" : [ ],
    "categories" : [ ],
    "history" : {
      "statistic" : {
        "failed" : 0,
        "broken" : 0,
        "skipped" : 37,
        "passed" : 0,
        "unknown" : 0,
        "total" : 37
      },
      "items" : [ {
        "uid" : "12fd465682655aec",
        "reportUrl" : "https://Nat754.github.io/PulseWave/30//#testresult/12fd465682655aec",
        "status" : "skipped",
        "statusDetails" : "XFAIL\n\nAssertionError: Unexpected status code. Expected: 201. Actual: 500",
        "time" : {
          "start" : 1716172148553,
          "stop" : 1716172161785,
          "duration" : 13232
        }
      }, {
        "uid" : "d1d7b966fdebf55c",
        "reportUrl" : "https://Nat754.github.io/PulseWave/29//#testresult/d1d7b966fdebf55c",
        "status" : "skipped",
        "statusDetails" : "XFAIL\n\nAssertionError: Unexpected status code. Expected: 201. Actual: 500",
        "time" : {
          "start" : 1716085714023,
          "stop" : 1716085724088,
          "duration" : 10065
        }
      }, {
        "uid" : "f682d7f3d8cf9510",
        "reportUrl" : "https://Nat754.github.io/PulseWave/28//#testresult/f682d7f3d8cf9510",
        "status" : "skipped",
        "statusDetails" : "XFAIL\n\nAssertionError: Unexpected status code. Expected: 201. Actual: 500",
        "time" : {
          "start" : 1715999133956,
          "stop" : 1715999143626,
          "duration" : 9670
        }
      }, {
        "uid" : "2a59007bc9c2207",
        "reportUrl" : "https://Nat754.github.io/PulseWave/27//#testresult/2a59007bc9c2207",
        "status" : "skipped",
        "statusDetails" : "XFAIL\n\nAssertionError: Unexpected status code. Expected: 201. Actual: 500",
        "time" : {
          "start" : 1715912790131,
          "stop" : 1715912803299,
          "duration" : 13168
        }
      }, {
        "uid" : "bee87d081fc8b105",
        "reportUrl" : "https://Nat754.github.io/PulseWave/212//#testresult/bee87d081fc8b105",
        "status" : "skipped",
        "statusDetails" : "XFAIL\n\nAssertionError: Unexpected status code. Expected: 201. Actual: 500",
        "time" : {
          "start" : 1715841673121,
          "stop" : 1715841683092,
          "duration" : 9971
        }
      }, {
        "uid" : "5127ac59291a3379",
        "reportUrl" : "https://Nat754.github.io/PulseWave/26//#testresult/5127ac59291a3379",
        "status" : "skipped",
        "statusDetails" : "XFAIL\n\nAssertionError: Unexpected status code. Expected: 201. Actual: 500",
        "time" : {
          "start" : 1715826368773,
          "stop" : 1715826379504,
          "duration" : 10731
        }
      }, {
        "uid" : "fbe1c62f3eaff1ac",
        "reportUrl" : "https://Nat754.github.io/PulseWave/25//#testresult/fbe1c62f3eaff1ac",
        "status" : "skipped",
        "statusDetails" : "XFAIL\n\nAssertionError: Unexpected status code. Expected: 201. Actual: 500",
        "time" : {
          "start" : 1715740259278,
          "stop" : 1715740274452,
          "duration" : 15174
        }
      }, {
        "uid" : "87076be3d36fb535",
        "reportUrl" : "https://Nat754.github.io/PulseWave/24//#testresult/87076be3d36fb535",
        "status" : "skipped",
        "statusDetails" : "XFAIL\n\nAssertionError: Unexpected status code. Expected: 201. Actual: 500",
        "time" : {
          "start" : 1715653583935,
          "stop" : 1715653597778,
          "duration" : 13843
        }
      }, {
        "uid" : "41a64b13a4d47ec",
        "reportUrl" : "https://Nat754.github.io/PulseWave/23//#testresult/41a64b13a4d47ec",
        "status" : "skipped",
        "statusDetails" : "XFAIL\n\nrequests.exceptions.JSONDecodeError: Expecting value: line 2 column 1 (char 1)",
        "time" : {
          "start" : 1715567263438,
          "stop" : 1715567271959,
          "duration" : 8521
        }
      }, {
        "uid" : "bad5735e418eadbd",
        "reportUrl" : "https://Nat754.github.io/PulseWave/22//#testresult/bad5735e418eadbd",
        "status" : "skipped",
        "statusDetails" : "XFAIL\n\nrequests.exceptions.JSONDecodeError: Expecting value: line 2 column 1 (char 1)",
        "time" : {
          "start" : 1715480853216,
          "stop" : 1715480863079,
          "duration" : 9863
        }
      }, {
        "uid" : "7db95efaeb3fdebc",
        "reportUrl" : "https://Nat754.github.io/PulseWave/21//#testresult/7db95efaeb3fdebc",
        "status" : "skipped",
        "statusDetails" : "XFAIL\n\nrequests.exceptions.JSONDecodeError: Expecting value: line 2 column 1 (char 1)",
        "time" : {
          "start" : 1715394123469,
          "stop" : 1715394131156,
          "duration" : 7687
        }
      }, {
        "uid" : "bba82a54b3622294",
        "reportUrl" : "https://Nat754.github.io/PulseWave/20//#testresult/bba82a54b3622294",
        "status" : "skipped",
        "statusDetails" : "XFAIL\n\nrequests.exceptions.JSONDecodeError: Expecting value: line 2 column 1 (char 1)",
        "time" : {
          "start" : 1715308191087,
          "stop" : 1715308201135,
          "duration" : 10048
        }
      }, {
        "uid" : "498b1535bea84be4",
        "reportUrl" : "https://Nat754.github.io/PulseWave/19//#testresult/498b1535bea84be4",
        "status" : "skipped",
        "statusDetails" : "XFAIL\n\nrequests.exceptions.JSONDecodeError: Expecting value: line 2 column 1 (char 1)",
        "time" : {
          "start" : 1715221637679,
          "stop" : 1715221646236,
          "duration" : 8557
        }
      }, {
        "uid" : "579808310bb3fdb1",
        "reportUrl" : "https://Nat754.github.io/PulseWave/18//#testresult/579808310bb3fdb1",
        "status" : "skipped",
        "statusDetails" : "XFAIL\n\nrequests.exceptions.JSONDecodeError: Expecting value: line 2 column 1 (char 1)",
        "time" : {
          "start" : 1715134307296,
          "stop" : 1715134314920,
          "duration" : 7624
        }
      }, {
        "uid" : "6051f8f8bb953829",
        "reportUrl" : "https://Nat754.github.io/PulseWave/17//#testresult/6051f8f8bb953829",
        "status" : "skipped",
        "statusDetails" : "XFAIL\n\nrequests.exceptions.JSONDecodeError: Expecting value: line 2 column 1 (char 1)",
        "time" : {
          "start" : 1715048964669,
          "stop" : 1715048973037,
          "duration" : 8368
        }
      }, {
        "uid" : "8af4b29655b5fe2a",
        "reportUrl" : "https://Nat754.github.io/PulseWave/16//#testresult/8af4b29655b5fe2a",
        "status" : "skipped",
        "statusDetails" : "XFAIL\n\nrequests.exceptions.JSONDecodeError: Expecting value: line 2 column 1 (char 1)",
        "time" : {
          "start" : 1714962362801,
          "stop" : 1714962370317,
          "duration" : 7516
        }
      }, {
        "uid" : "be77b5dd7c7de018",
        "reportUrl" : "https://Nat754.github.io/PulseWave/15//#testresult/be77b5dd7c7de018",
        "status" : "skipped",
        "statusDetails" : "XFAIL\n\nrequests.exceptions.JSONDecodeError: Expecting value: line 2 column 1 (char 1)",
        "time" : {
          "start" : 1714875939104,
          "stop" : 1714875948129,
          "duration" : 9025
        }
      }, {
        "uid" : "f0ed107ed5f2e6c5",
        "reportUrl" : "https://Nat754.github.io/PulseWave/14//#testresult/f0ed107ed5f2e6c5",
        "status" : "skipped",
        "statusDetails" : "XFAIL\n\nrequests.exceptions.JSONDecodeError: Expecting value: line 2 column 1 (char 1)",
        "time" : {
          "start" : 1714827480689,
          "stop" : 1714827487997,
          "duration" : 7308
        }
      }, {
        "uid" : "1c90d74094a72cac",
        "reportUrl" : "https://Nat754.github.io/PulseWave/14//#testresult/1c90d74094a72cac",
        "status" : "skipped",
        "statusDetails" : "XFAIL\n\nKeyError: 'access'",
        "time" : {
          "start" : 1714789062974,
          "stop" : 1714789064344,
          "duration" : 1370
        }
      }, {
        "uid" : "efb9dd71c6688f87",
        "reportUrl" : "https://Nat754.github.io/PulseWave/13//#testresult/efb9dd71c6688f87",
        "status" : "skipped",
        "statusDetails" : "XFAIL\n\nKeyError: 'access'",
        "time" : {
          "start" : 1714702923658,
          "stop" : 1714702924833,
          "duration" : 1175
        }
      } ]
    },
    "tags" : [ "@pytest.mark.xfail" ]
  },
  "source" : "7f623b74854dd89a.json",
  "parameterValues" : [ ]
}