{
  "uid" : "7f1dde018bfcb56e",
  "name" : "POST Регистрация пользователя без подтверждения подписки",
  "fullName" : "tests.test_api.test_api.TestAPI#test_post_create_user_no_subscriber",
  "historyId" : "65cde6c273276871256fcbcd8d2a7b23",
  "time" : {
    "start" : 1721701779206,
    "stop" : 1721701790091,
    "duration" : 10885
  },
  "status" : "failed",
  "statusMessage" : "AssertionError: Unexpected status code. Expected: 201. Actual: 200",
  "statusTrace" : "self = <tests.test_api.test_api.TestAPI object at 0x7fc4d23bbc80>\nuse_api_base = <api_testing.api_base.ApiBase object at 0x7fc4d1cfbd10>\n\n    @allure.title(\"POST Регистрация пользователя без подтверждения подписки\")\n    def test_post_create_user_no_subscriber(self, use_api_base):\n        url = f'{self.constant.BASE_URL}auth/users/'\n        response = requests.post(url, json=self.constant.CREATE_USER_NO_SUBSCRIBER)\n        time.sleep(10)\n>       Assertions.assert_status_code(response, self.code.STATUS_201)\n\ntests/test_api/test_api.py:673: \n_ _ _ _ _ _ _ _ _ _ _ _ _ _ _ _ _ _ _ _ _ _ _ _ _ _ _ _ _ _ _ _ _ _ _ _ _ _ _ _ \n\nresponse = <Response [200]>, expected_status_code = 201\n\n    @staticmethod\n    def assert_status_code(response: Response, expected_status_code: int):\n        actual_status_code = response.status_code\n        with allure.step(f\"Expected status {expected_status_code}\"):\n>           assert actual_status_code == expected_status_code, \\\n                f\"Unexpected status code. Expected: {expected_status_code}. Actual: {actual_status_code}\"\nE           AssertionError: Unexpected status code. Expected: 201. Actual: 200\n\napi_testing/assertions.py:11: AssertionError",
  "flaky" : false,
  "newFailed" : false,
  "beforeStages" : [ {
    "name" : "use_api_base",
    "time" : {
      "start" : 1721701779205,
      "stop" : 1721701779205,
      "duration" : 0
    },
    "status" : "passed",
    "steps" : [ ],
    "attachments" : [ ],
    "parameters" : [ ],
    "stepsCount" : 0,
    "attachmentsCount" : 0,
    "shouldDisplayMessage" : false,
    "hasContent" : false
  }, {
    "name" : "clear_allure_results_folder",
    "time" : {
      "start" : 1721701704232,
      "stop" : 1721701704232,
      "duration" : 0
    },
    "status" : "passed",
    "steps" : [ ],
    "attachments" : [ ],
    "parameters" : [ ],
    "stepsCount" : 0,
    "attachmentsCount" : 0,
    "shouldDisplayMessage" : false,
    "hasContent" : false
  }, {
    "name" : "_session_faker",
    "time" : {
      "start" : 1721701704215,
      "stop" : 1721701704231,
      "duration" : 16
    },
    "status" : "passed",
    "steps" : [ ],
    "attachments" : [ ],
    "parameters" : [ ],
    "stepsCount" : 0,
    "attachmentsCount" : 0,
    "shouldDisplayMessage" : false,
    "hasContent" : false
  } ],
  "testStage" : {
    "status" : "failed",
    "statusMessage" : "AssertionError: Unexpected status code. Expected: 201. Actual: 200",
    "statusTrace" : "self = <tests.test_api.test_api.TestAPI object at 0x7fc4d23bbc80>\nuse_api_base = <api_testing.api_base.ApiBase object at 0x7fc4d1cfbd10>\n\n    @allure.title(\"POST Регистрация пользователя без подтверждения подписки\")\n    def test_post_create_user_no_subscriber(self, use_api_base):\n        url = f'{self.constant.BASE_URL}auth/users/'\n        response = requests.post(url, json=self.constant.CREATE_USER_NO_SUBSCRIBER)\n        time.sleep(10)\n>       Assertions.assert_status_code(response, self.code.STATUS_201)\n\ntests/test_api/test_api.py:673: \n_ _ _ _ _ _ _ _ _ _ _ _ _ _ _ _ _ _ _ _ _ _ _ _ _ _ _ _ _ _ _ _ _ _ _ _ _ _ _ _ \n\nresponse = <Response [200]>, expected_status_code = 201\n\n    @staticmethod\n    def assert_status_code(response: Response, expected_status_code: int):\n        actual_status_code = response.status_code\n        with allure.step(f\"Expected status {expected_status_code}\"):\n>           assert actual_status_code == expected_status_code, \\\n                f\"Unexpected status code. Expected: {expected_status_code}. Actual: {actual_status_code}\"\nE           AssertionError: Unexpected status code. Expected: 201. Actual: 200\n\napi_testing/assertions.py:11: AssertionError",
    "steps" : [ {
      "name" : "Expected status 201",
      "time" : {
        "start" : 1721701790091,
        "stop" : 1721701790091,
        "duration" : 0
      },
      "status" : "failed",
      "statusMessage" : "AssertionError: Unexpected status code. Expected: 201. Actual: 200\n",
      "statusTrace" : "  File \"/home/runner/work/PulseWave/PulseWave/api_testing/assertions.py\", line 11, in assert_status_code\n    assert actual_status_code == expected_status_code, \\\n           ^^^^^^^^^^^^^^^^^^^^^^^^^^^^^^^^^^^^^^^^^^\n",
      "steps" : [ ],
      "attachments" : [ ],
      "parameters" : [ ],
      "stepsCount" : 0,
      "attachmentsCount" : 0,
      "shouldDisplayMessage" : true,
      "hasContent" : true
    } ],
    "attachments" : [ ],
    "parameters" : [ ],
    "stepsCount" : 1,
    "attachmentsCount" : 0,
    "shouldDisplayMessage" : true,
    "hasContent" : true
  },
  "afterStages" : [ ],
  "labels" : [ {
    "name" : "epic",
    "value" : "Тестирование API"
  }, {
    "name" : "parentSuite",
    "value" : "tests.test_api"
  }, {
    "name" : "suite",
    "value" : "test_api"
  }, {
    "name" : "subSuite",
    "value" : "TestAPI"
  }, {
    "name" : "host",
    "value" : "fv-az1424-207"
  }, {
    "name" : "thread",
    "value" : "2264-MainThread"
  }, {
    "name" : "framework",
    "value" : "pytest"
  }, {
    "name" : "language",
    "value" : "cpython3"
  }, {
    "name" : "package",
    "value" : "tests.test_api.test_api"
  }, {
    "name" : "resultFormat",
    "value" : "allure2"
  } ],
  "parameters" : [ ],
  "links" : [ ],
  "hidden" : false,
  "retry" : false,
  "extra" : {
    "severity" : "normal",
    "retries" : [ ],
    "categories" : [ {
      "name" : "Product defects",
      "matchedStatuses" : [ ],
      "flaky" : false
    } ],
    "history" : {
      "statistic" : {
        "failed" : 27,
        "broken" : 3,
        "skipped" : 0,
        "passed" : 71,
        "unknown" : 0,
        "total" : 101
      },
      "items" : [ {
        "uid" : "a27598a006a1f562",
        "reportUrl" : "https://Nat754.github.io/PulseWave/93//#testresult/a27598a006a1f562",
        "status" : "failed",
        "statusDetails" : "AssertionError: Unexpected status code. Expected: 201. Actual: 200",
        "time" : {
          "start" : 1721615624839,
          "stop" : 1721615635915,
          "duration" : 11076
        }
      }, {
        "uid" : "86b6d74dce24b15f",
        "reportUrl" : "https://Nat754.github.io/PulseWave/92//#testresult/86b6d74dce24b15f",
        "status" : "failed",
        "statusDetails" : "AssertionError: Unexpected status code. Expected: 201. Actual: 200",
        "time" : {
          "start" : 1721529107879,
          "stop" : 1721529118393,
          "duration" : 10514
        }
      }, {
        "uid" : "44739aec42fa867c",
        "reportUrl" : "https://Nat754.github.io/PulseWave/91//#testresult/44739aec42fa867c",
        "status" : "failed",
        "statusDetails" : "AssertionError: Unexpected status code. Expected: 201. Actual: 200",
        "time" : {
          "start" : 1721442387855,
          "stop" : 1721442398439,
          "duration" : 10584
        }
      }, {
        "uid" : "fc12f0dc71999d39",
        "reportUrl" : "https://Nat754.github.io/PulseWave/90//#testresult/fc12f0dc71999d39",
        "status" : "failed",
        "statusDetails" : "AssertionError: Unexpected status code. Expected: 201. Actual: 200",
        "time" : {
          "start" : 1721356176125,
          "stop" : 1721356186904,
          "duration" : 10779
        }
      }, {
        "uid" : "f55602cf4892c39a",
        "reportUrl" : "https://Nat754.github.io/PulseWave/89//#testresult/f55602cf4892c39a",
        "status" : "failed",
        "statusDetails" : "AssertionError: Unexpected status code. Expected: 201. Actual: 200",
        "time" : {
          "start" : 1721269733509,
          "stop" : 1721269744008,
          "duration" : 10499
        }
      }, {
        "uid" : "167065287bc49fd9",
        "reportUrl" : "https://Nat754.github.io/PulseWave/88//#testresult/167065287bc49fd9",
        "status" : "failed",
        "statusDetails" : "AssertionError: Unexpected status code. Expected: 201. Actual: 200",
        "time" : {
          "start" : 1721183372439,
          "stop" : 1721183383027,
          "duration" : 10588
        }
      }, {
        "uid" : "47f70004d3d5cdb8",
        "reportUrl" : "https://Nat754.github.io/PulseWave/87//#testresult/47f70004d3d5cdb8",
        "status" : "failed",
        "statusDetails" : "AssertionError: Unexpected status code. Expected: 201. Actual: 200",
        "time" : {
          "start" : 1721097026425,
          "stop" : 1721097037009,
          "duration" : 10584
        }
      }, {
        "uid" : "210218382d6b83e6",
        "reportUrl" : "https://Nat754.github.io/PulseWave/86//#testresult/210218382d6b83e6",
        "status" : "failed",
        "statusDetails" : "AssertionError: Unexpected status code. Expected: 201. Actual: 200",
        "time" : {
          "start" : 1721010817404,
          "stop" : 1721010827913,
          "duration" : 10509
        }
      }, {
        "uid" : "68101ea4bf9ba045",
        "reportUrl" : "https://Nat754.github.io/PulseWave/85//#testresult/68101ea4bf9ba045",
        "status" : "failed",
        "statusDetails" : "AssertionError: Unexpected status code. Expected: 201. Actual: 200",
        "time" : {
          "start" : 1720924632632,
          "stop" : 1720924643150,
          "duration" : 10518
        }
      }, {
        "uid" : "3fb5744ea6ed15e5",
        "reportUrl" : "https://Nat754.github.io/PulseWave/84//#testresult/3fb5744ea6ed15e5",
        "status" : "failed",
        "statusDetails" : "AssertionError: Unexpected status code. Expected: 201. Actual: 200",
        "time" : {
          "start" : 1720837665446,
          "stop" : 1720837676146,
          "duration" : 10700
        }
      }, {
        "uid" : "c82eac6c9af2bdbc",
        "reportUrl" : "https://Nat754.github.io/PulseWave/83//#testresult/c82eac6c9af2bdbc",
        "status" : "failed",
        "statusDetails" : "AssertionError: Unexpected status code. Expected: 201. Actual: 200",
        "time" : {
          "start" : 1720751299619,
          "stop" : 1720751310204,
          "duration" : 10585
        }
      }, {
        "uid" : "c2fa8cef542244c4",
        "reportUrl" : "https://Nat754.github.io/PulseWave/82//#testresult/c2fa8cef542244c4",
        "status" : "passed",
        "time" : {
          "start" : 1720665371541,
          "stop" : 1720665383231,
          "duration" : 11690
        }
      }, {
        "uid" : "737580032ccc3e67",
        "reportUrl" : "https://Nat754.github.io/PulseWave/81//#testresult/737580032ccc3e67",
        "status" : "passed",
        "time" : {
          "start" : 1720578858039,
          "stop" : 1720578870213,
          "duration" : 12174
        }
      }, {
        "uid" : "406a74cb149514c4",
        "reportUrl" : "https://Nat754.github.io/PulseWave/80//#testresult/406a74cb149514c4",
        "status" : "passed",
        "time" : {
          "start" : 1720492467745,
          "stop" : 1720492479462,
          "duration" : 11717
        }
      }, {
        "uid" : "199150f38576cd11",
        "reportUrl" : "https://Nat754.github.io/PulseWave/79//#testresult/199150f38576cd11",
        "status" : "passed",
        "time" : {
          "start" : 1720406186104,
          "stop" : 1720406198542,
          "duration" : 12438
        }
      }, {
        "uid" : "1ca161e6fd1c099b",
        "reportUrl" : "https://Nat754.github.io/PulseWave/78//#testresult/1ca161e6fd1c099b",
        "status" : "passed",
        "time" : {
          "start" : 1720319817378,
          "stop" : 1720319828918,
          "duration" : 11540
        }
      }, {
        "uid" : "6957c4c59dfa26f2",
        "reportUrl" : "https://Nat754.github.io/PulseWave/77//#testresult/6957c4c59dfa26f2",
        "status" : "passed",
        "time" : {
          "start" : 1720233002730,
          "stop" : 1720233018565,
          "duration" : 15835
        }
      }, {
        "uid" : "d92c426d56475c60",
        "reportUrl" : "https://Nat754.github.io/PulseWave/76//#testresult/d92c426d56475c60",
        "status" : "passed",
        "time" : {
          "start" : 1720146743567,
          "stop" : 1720146755073,
          "duration" : 11506
        }
      }, {
        "uid" : "70057a03c14e1d00",
        "reportUrl" : "https://Nat754.github.io/PulseWave/75//#testresult/70057a03c14e1d00",
        "status" : "passed",
        "time" : {
          "start" : 1720060417888,
          "stop" : 1720060433525,
          "duration" : 15637
        }
      }, {
        "uid" : "15a8593755ffe67",
        "reportUrl" : "https://Nat754.github.io/PulseWave/74//#testresult/15a8593755ffe67",
        "status" : "passed",
        "time" : {
          "start" : 1719973921717,
          "stop" : 1719973933566,
          "duration" : 11849
        }
      } ]
    },
    "tags" : [ ]
  },
  "source" : "7f1dde018bfcb56e.json",
  "parameterValues" : [ ]
}