{
  "uid" : "5b1a0bc6e2753dd5",
  "name" : "POST Создать доску без указания РП",
  "fullName" : "tests.test_api.test_api.TestAPI#test_post_api_board_create",
  "historyId" : "a6085ff02c8eb32aa6f75c6af168277f",
  "time" : {
    "start" : 1715567117685,
    "stop" : 1715567119945,
    "duration" : 2260
  },
  "description" : "Создание доски без указания РП, будет создано дефолтное РП для этой доски",
  "descriptionHtml" : "<p>Создание доски без указания РП, будет создано дефолтное РП для этой доски</p>\n",
  "status" : "skipped",
  "statusMessage" : "XFAIL\n\nAssertionError: Unexpected status code. Expected: 201. Actual: 500",
  "statusTrace" : "self = <tests.test_api.test_api.TestAPI object at 0x7fb38aaa3830>\nuse_api_base = <api_testing.api_base.ApiBase object at 0x7fb38a3ae6c0>\n\n    @pytest.mark.xfail(reazon='Bug')\n    @allure.title(\"POST Создать доску без указания РП\")\n    def test_post_api_board_create(self, use_api_base):\n        \"\"\"Создание доски без указания РП, будет создано дефолтное РП для этой доски\"\"\"\n        jwt = use_api_base.create_jwt(email1, password0)\n        url = f'{self.constant.BASE_URL}api/board_create/'\n        response = requests.post(url, headers={'accept': 'application/json', 'Authorization': f\"\"\"{jwt}\"\"\"},\n                                 json=self.constant.BOARD_CREATE)\n>       Assertions.assert_status_code(response, self.code.STATUS_201)\n\ntests/test_api/test_api.py:248: \n_ _ _ _ _ _ _ _ _ _ _ _ _ _ _ _ _ _ _ _ _ _ _ _ _ _ _ _ _ _ _ _ _ _ _ _ _ _ _ _ \n\nresponse = <Response [500]>, expected_status_code = 201\n\n    @staticmethod\n    def assert_status_code(response: Response, expected_status_code: int):\n        actual_status_code = response.status_code\n        with allure.step(f\"Expected status {expected_status_code}\"):\n>           assert actual_status_code == expected_status_code, \\\n                f\"Unexpected status code. Expected: {expected_status_code}. Actual: {actual_status_code}\"\nE           AssertionError: Unexpected status code. Expected: 201. Actual: 500\n\napi_testing/assertions.py:11: AssertionError",
  "flaky" : false,
  "newFailed" : false,
  "beforeStages" : [ {
    "name" : "_session_faker",
    "time" : {
      "start" : 1715567017743,
      "stop" : 1715567017759,
      "duration" : 16
    },
    "status" : "passed",
    "steps" : [ ],
    "attachments" : [ ],
    "parameters" : [ ],
    "stepsCount" : 0,
    "attachmentsCount" : 0,
    "shouldDisplayMessage" : false,
    "hasContent" : false
  }, {
    "name" : "clear_allure_results_folder",
    "time" : {
      "start" : 1715567017760,
      "stop" : 1715567017760,
      "duration" : 0
    },
    "status" : "passed",
    "steps" : [ ],
    "attachments" : [ ],
    "parameters" : [ ],
    "stepsCount" : 0,
    "attachmentsCount" : 0,
    "shouldDisplayMessage" : false,
    "hasContent" : false
  }, {
    "name" : "use_api_base",
    "time" : {
      "start" : 1715567117685,
      "stop" : 1715567117685,
      "duration" : 0
    },
    "status" : "passed",
    "steps" : [ ],
    "attachments" : [ ],
    "parameters" : [ ],
    "stepsCount" : 0,
    "attachmentsCount" : 0,
    "shouldDisplayMessage" : false,
    "hasContent" : false
  } ],
  "testStage" : {
    "description" : "Создание доски без указания РП, будет создано дефолтное РП для этой доски",
    "status" : "skipped",
    "statusMessage" : "XFAIL\n\nAssertionError: Unexpected status code. Expected: 201. Actual: 500",
    "statusTrace" : "self = <tests.test_api.test_api.TestAPI object at 0x7fb38aaa3830>\nuse_api_base = <api_testing.api_base.ApiBase object at 0x7fb38a3ae6c0>\n\n    @pytest.mark.xfail(reazon='Bug')\n    @allure.title(\"POST Создать доску без указания РП\")\n    def test_post_api_board_create(self, use_api_base):\n        \"\"\"Создание доски без указания РП, будет создано дефолтное РП для этой доски\"\"\"\n        jwt = use_api_base.create_jwt(email1, password0)\n        url = f'{self.constant.BASE_URL}api/board_create/'\n        response = requests.post(url, headers={'accept': 'application/json', 'Authorization': f\"\"\"{jwt}\"\"\"},\n                                 json=self.constant.BOARD_CREATE)\n>       Assertions.assert_status_code(response, self.code.STATUS_201)\n\ntests/test_api/test_api.py:248: \n_ _ _ _ _ _ _ _ _ _ _ _ _ _ _ _ _ _ _ _ _ _ _ _ _ _ _ _ _ _ _ _ _ _ _ _ _ _ _ _ \n\nresponse = <Response [500]>, expected_status_code = 201\n\n    @staticmethod\n    def assert_status_code(response: Response, expected_status_code: int):\n        actual_status_code = response.status_code\n        with allure.step(f\"Expected status {expected_status_code}\"):\n>           assert actual_status_code == expected_status_code, \\\n                f\"Unexpected status code. Expected: {expected_status_code}. Actual: {actual_status_code}\"\nE           AssertionError: Unexpected status code. Expected: 201. Actual: 500\n\napi_testing/assertions.py:11: AssertionError",
    "steps" : [ {
      "name" : "Получить access токен пользователя на емайл",
      "time" : {
        "start" : 1715567117685,
        "stop" : 1715567119251,
        "duration" : 1566
      },
      "status" : "passed",
      "steps" : [ ],
      "attachments" : [ ],
      "parameters" : [ ],
      "stepsCount" : 0,
      "attachmentsCount" : 0,
      "shouldDisplayMessage" : false,
      "hasContent" : false
    }, {
      "name" : "Expected status 201",
      "time" : {
        "start" : 1715567119945,
        "stop" : 1715567119945,
        "duration" : 0
      },
      "status" : "failed",
      "statusMessage" : "AssertionError: Unexpected status code. Expected: 201. Actual: 500\n",
      "statusTrace" : "  File \"/home/runner/work/PulseWave/PulseWave/api_testing/assertions.py\", line 11, in assert_status_code\n    assert actual_status_code == expected_status_code, \\\n           ^^^^^^^^^^^^^^^^^^^^^^^^^^^^^^^^^^^^^^^^^^\n",
      "steps" : [ ],
      "attachments" : [ ],
      "parameters" : [ ],
      "stepsCount" : 0,
      "attachmentsCount" : 0,
      "shouldDisplayMessage" : true,
      "hasContent" : true
    } ],
    "attachments" : [ ],
    "parameters" : [ ],
    "stepsCount" : 2,
    "attachmentsCount" : 0,
    "shouldDisplayMessage" : true,
    "hasContent" : true
  },
  "afterStages" : [ ],
  "labels" : [ {
    "name" : "epic",
    "value" : "Тестирование API"
  }, {
    "name" : "tag",
    "value" : "@pytest.mark.xfail(reazon='Bug')"
  }, {
    "name" : "parentSuite",
    "value" : "tests.test_api"
  }, {
    "name" : "suite",
    "value" : "test_api"
  }, {
    "name" : "subSuite",
    "value" : "TestAPI"
  }, {
    "name" : "host",
    "value" : "fv-az840-631"
  }, {
    "name" : "thread",
    "value" : "2307-MainThread"
  }, {
    "name" : "framework",
    "value" : "pytest"
  }, {
    "name" : "language",
    "value" : "cpython3"
  }, {
    "name" : "package",
    "value" : "tests.test_api.test_api"
  }, {
    "name" : "resultFormat",
    "value" : "allure2"
  } ],
  "parameters" : [ ],
  "links" : [ ],
  "hidden" : false,
  "retry" : false,
  "extra" : {
    "severity" : "normal",
    "retries" : [ ],
    "categories" : [ ],
    "history" : {
      "statistic" : {
        "failed" : 0,
        "broken" : 0,
        "skipped" : 28,
        "passed" : 0,
        "unknown" : 0,
        "total" : 28
      },
      "items" : [ {
        "uid" : "3a348456b26631ef",
        "reportUrl" : "https://Nat754.github.io/PulseWave/22//#testresult/3a348456b26631ef",
        "status" : "skipped",
        "statusDetails" : "XFAIL\n\nAssertionError: Unexpected status code. Expected: 201. Actual: 500",
        "time" : {
          "start" : 1715480682505,
          "stop" : 1715480684982,
          "duration" : 2477
        }
      }, {
        "uid" : "890e1763660ecd53",
        "reportUrl" : "https://Nat754.github.io/PulseWave/21//#testresult/890e1763660ecd53",
        "status" : "skipped",
        "statusDetails" : "XFAIL\n\nAssertionError: Unexpected status code. Expected: 201. Actual: 500",
        "time" : {
          "start" : 1715393987655,
          "stop" : 1715393989537,
          "duration" : 1882
        }
      }, {
        "uid" : "e874f5f75dce2dea",
        "reportUrl" : "https://Nat754.github.io/PulseWave/20//#testresult/e874f5f75dce2dea",
        "status" : "skipped",
        "statusDetails" : "XFAIL\n\nAssertionError: Unexpected status code. Expected: 201. Actual: 500",
        "time" : {
          "start" : 1715308013325,
          "stop" : 1715308015805,
          "duration" : 2480
        }
      }, {
        "uid" : "ac3e8923f9859aef",
        "reportUrl" : "https://Nat754.github.io/PulseWave/19//#testresult/ac3e8923f9859aef",
        "status" : "skipped",
        "statusDetails" : "XFAIL\n\nAssertionError: Unexpected status code. Expected: 201. Actual: 500",
        "time" : {
          "start" : 1715221480822,
          "stop" : 1715221482965,
          "duration" : 2143
        }
      }, {
        "uid" : "4f339fa0fd311236",
        "reportUrl" : "https://Nat754.github.io/PulseWave/18//#testresult/4f339fa0fd311236",
        "status" : "skipped",
        "statusDetails" : "XFAIL\n\nAssertionError: Unexpected status code. Expected: 201. Actual: 500",
        "time" : {
          "start" : 1715134171568,
          "stop" : 1715134173418,
          "duration" : 1850
        }
      }, {
        "uid" : "f52134e93ba37fb3",
        "reportUrl" : "https://Nat754.github.io/PulseWave/17//#testresult/f52134e93ba37fb3",
        "status" : "skipped",
        "statusDetails" : "XFAIL\n\nAssertionError: Unexpected status code. Expected: 201. Actual: 500",
        "time" : {
          "start" : 1715048824039,
          "stop" : 1715048825871,
          "duration" : 1832
        }
      }, {
        "uid" : "1ac1f71fa5e6cb8b",
        "reportUrl" : "https://Nat754.github.io/PulseWave/16//#testresult/1ac1f71fa5e6cb8b",
        "status" : "skipped",
        "statusDetails" : "XFAIL\n\nAssertionError: Unexpected status code. Expected: 201. Actual: 500",
        "time" : {
          "start" : 1714962225482,
          "stop" : 1714962227288,
          "duration" : 1806
        }
      }, {
        "uid" : "9e8972e261a789e8",
        "reportUrl" : "https://Nat754.github.io/PulseWave/15//#testresult/9e8972e261a789e8",
        "status" : "skipped",
        "statusDetails" : "XFAIL\n\nAssertionError: Unexpected status code. Expected: 201. Actual: 500",
        "time" : {
          "start" : 1714875778514,
          "stop" : 1714875780992,
          "duration" : 2478
        }
      }, {
        "uid" : "f5cae10eac8a8d64",
        "reportUrl" : "https://Nat754.github.io/PulseWave/14//#testresult/f5cae10eac8a8d64",
        "status" : "skipped",
        "statusDetails" : "XFAIL\n\nAssertionError: Unexpected status code. Expected: 201. Actual: 500",
        "time" : {
          "start" : 1714827356158,
          "stop" : 1714827357930,
          "duration" : 1772
        }
      }, {
        "uid" : "af385efe1b0f81cb",
        "reportUrl" : "https://Nat754.github.io/PulseWave/14//#testresult/af385efe1b0f81cb",
        "status" : "skipped",
        "statusDetails" : "XFAIL\n\nKeyError: 'access'",
        "time" : {
          "start" : 1714789025035,
          "stop" : 1714789026436,
          "duration" : 1401
        }
      }, {
        "uid" : "be87ee0c0346489a",
        "reportUrl" : "https://Nat754.github.io/PulseWave/13//#testresult/be87ee0c0346489a",
        "status" : "skipped",
        "statusDetails" : "XFAIL\n\nKeyError: 'access'",
        "time" : {
          "start" : 1714702888495,
          "stop" : 1714702890026,
          "duration" : 1531
        }
      }, {
        "uid" : "c8135b9754906549",
        "reportUrl" : "https://Nat754.github.io/PulseWave/12//#testresult/c8135b9754906549",
        "status" : "skipped",
        "statusDetails" : "XFAIL\n\nKeyError: 'access'",
        "time" : {
          "start" : 1714616340821,
          "stop" : 1714616342148,
          "duration" : 1327
        }
      }, {
        "uid" : "c8a0651f543083b7",
        "reportUrl" : "https://Nat754.github.io/PulseWave/11//#testresult/c8a0651f543083b7",
        "status" : "skipped",
        "statusDetails" : "XFAIL\n\nKeyError: 'access'",
        "time" : {
          "start" : 1714530275892,
          "stop" : 1714530277119,
          "duration" : 1227
        }
      }, {
        "uid" : "a088349570245b81",
        "reportUrl" : "https://Nat754.github.io/PulseWave/10//#testresult/a088349570245b81",
        "status" : "skipped",
        "statusDetails" : "XFAIL\n\nrequests.exceptions.ConnectionError: HTTPSConnectionPool(host='owa.pulsewave.ru', port=443): Max retries exceeded with url: /auth/jwt/create/ (Caused by NewConnectionError('<urllib3.connection.HTTPSConnection object at 0x7f17c7d92f30>: Failed to establish a new connection: [Errno 111] Connection refused'))",
        "time" : {
          "start" : 1714443497694,
          "stop" : 1714443497885,
          "duration" : 191
        }
      }, {
        "uid" : "d049efecf3426b9f",
        "reportUrl" : "https://Nat754.github.io/PulseWave/9//#testresult/d049efecf3426b9f",
        "status" : "skipped",
        "statusDetails" : "XFAIL\n\nrequests.exceptions.ConnectionError: HTTPSConnectionPool(host='owa.pulsewave.ru', port=443): Max retries exceeded with url: /auth/jwt/create/ (Caused by NewConnectionError('<urllib3.connection.HTTPSConnection object at 0x7f7971dd7380>: Failed to establish a new connection: [Errno 111] Connection refused'))",
        "time" : {
          "start" : 1714357172748,
          "stop" : 1714357172874,
          "duration" : 126
        }
      }, {
        "uid" : "7b2865a219242a27",
        "reportUrl" : "https://Nat754.github.io/PulseWave/8//#testresult/7b2865a219242a27",
        "status" : "skipped",
        "statusDetails" : "XFAIL\n\nrequests.exceptions.SSLError: HTTPSConnectionPool(host='owa.pulsewave.ru', port=443): Max retries exceeded with url: /auth/jwt/create/ (Caused by SSLError(SSLCertVerificationError(1, '[SSL: CERTIFICATE_VERIFY_FAILED] certificate verify failed: self-signed certificate (_ssl.c:1000)')))",
        "time" : {
          "start" : 1714270960035,
          "stop" : 1714270960355,
          "duration" : 320
        }
      }, {
        "uid" : "a35a99e9cdb667a6",
        "reportUrl" : "https://Nat754.github.io/PulseWave/7//#testresult/a35a99e9cdb667a6",
        "status" : "skipped",
        "statusDetails" : "XFAIL\n\nAssertionError: Unexpected status code. Expected: 201. Actual: 500",
        "time" : {
          "start" : 1714184358607,
          "stop" : 1714184360961,
          "duration" : 2354
        }
      }, {
        "uid" : "e6014a61ad1ad78",
        "reportUrl" : "https://Nat754.github.io/PulseWave/6//#testresult/e6014a61ad1ad78",
        "status" : "skipped",
        "statusDetails" : "XFAIL\n\nAssertionError: Unexpected status code. Expected: 201. Actual: 500",
        "time" : {
          "start" : 1714147919612,
          "stop" : 1714147921632,
          "duration" : 2020
        }
      }, {
        "uid" : "97bafb2c78f6611f",
        "reportUrl" : "https://Nat754.github.io/PulseWave/6//#testresult/97bafb2c78f6611f",
        "status" : "skipped",
        "statusDetails" : "XFAIL\n\nAssertionError: Unexpected status code. Expected: 201. Actual: 500",
        "time" : {
          "start" : 1714097977286,
          "stop" : 1714097979328,
          "duration" : 2042
        }
      }, {
        "uid" : "e2ccc13e7d886535",
        "reportUrl" : "https://Nat754.github.io/PulseWave/5//#testresult/e2ccc13e7d886535",
        "status" : "skipped",
        "statusDetails" : "XFAIL\n\nAssertionError: Unexpected status code. Expected: 201. Actual: 500",
        "time" : {
          "start" : 1714013903772,
          "stop" : 1714013905594,
          "duration" : 1822
        }
      } ]
    },
    "tags" : [ "@pytest.mark.xfail(reazon='Bug')" ]
  },
  "source" : "5b1a0bc6e2753dd5.json",
  "parameterValues" : [ ]
}