{
  "uid" : "9ea541f23bc6c181",
  "name" : "POST Активация пользователя с корректными данными",
  "fullName" : "tests.test_api.test_api.TestAPI#test_post_users_activation",
  "historyId" : "41cff5be4c2a881c5826f33ddc93442d",
  "time" : {
    "start" : 1713811892907,
    "stop" : 1713811896106,
    "duration" : 3199
  },
  "status" : "skipped",
  "statusMessage" : "XFAIL\n\nAssertionError: Unexpected status code. Expected: 200. Actual: 500",
  "statusTrace" : "self = <tests.test_api.test_api.TestAPI object at 0x7f07f6fa23c0>\nuse_api_base = <api_testing.api_base.ApiBase object at 0x7f07f79b67e0>\n\n    @pytest.mark.xfail\n    @allure.title(\"POST Активация пользователя с корректными данными\")\n    def test_post_users_activation(self, use_api_base):\n        url = f'{self.constant.BASE_URL}auth/users/activation/'\n        user_token = use_api_base.get_activate_email_tokens(email1, password1)\n        response = requests.post(url, json=user_token)\n>       Assertions.assert_status_code(response, self.code.STATUS_200)\n\ntests/test_api/test_api.py:35: \n_ _ _ _ _ _ _ _ _ _ _ _ _ _ _ _ _ _ _ _ _ _ _ _ _ _ _ _ _ _ _ _ _ _ _ _ _ _ _ _ \n\nresponse = <Response [500]>, expected_status_code = 200\n\n    @staticmethod\n    def assert_status_code(response: Response, expected_status_code: int):\n        actual_status_code = response.status_code\n        with allure.step(f\"Expected status {expected_status_code}\"):\n>           assert actual_status_code == expected_status_code, \\\n                f\"Unexpected status code. Expected: {expected_status_code}. Actual: {actual_status_code}\"\nE           AssertionError: Unexpected status code. Expected: 200. Actual: 500\n\napi_testing/assertions.py:11: AssertionError",
  "flaky" : false,
  "newFailed" : false,
  "beforeStages" : [ {
    "name" : "_session_faker",
    "time" : {
      "start" : 1713811880611,
      "stop" : 1713811880627,
      "duration" : 16
    },
    "status" : "passed",
    "steps" : [ ],
    "attachments" : [ ],
    "parameters" : [ ],
    "stepsCount" : 0,
    "attachmentsCount" : 0,
    "shouldDisplayMessage" : false,
    "hasContent" : false
  }, {
    "name" : "clear_allure_results_folder",
    "time" : {
      "start" : 1713811880627,
      "stop" : 1713811880627,
      "duration" : 0
    },
    "status" : "passed",
    "steps" : [ ],
    "attachments" : [ ],
    "parameters" : [ ],
    "stepsCount" : 0,
    "attachmentsCount" : 0,
    "shouldDisplayMessage" : false,
    "hasContent" : false
  }, {
    "name" : "use_api_base",
    "time" : {
      "start" : 1713811892907,
      "stop" : 1713811892907,
      "duration" : 0
    },
    "status" : "passed",
    "steps" : [ ],
    "attachments" : [ ],
    "parameters" : [ ],
    "stepsCount" : 0,
    "attachmentsCount" : 0,
    "shouldDisplayMessage" : false,
    "hasContent" : false
  } ],
  "testStage" : {
    "status" : "skipped",
    "statusMessage" : "XFAIL\n\nAssertionError: Unexpected status code. Expected: 200. Actual: 500",
    "statusTrace" : "self = <tests.test_api.test_api.TestAPI object at 0x7f07f6fa23c0>\nuse_api_base = <api_testing.api_base.ApiBase object at 0x7f07f79b67e0>\n\n    @pytest.mark.xfail\n    @allure.title(\"POST Активация пользователя с корректными данными\")\n    def test_post_users_activation(self, use_api_base):\n        url = f'{self.constant.BASE_URL}auth/users/activation/'\n        user_token = use_api_base.get_activate_email_tokens(email1, password1)\n        response = requests.post(url, json=user_token)\n>       Assertions.assert_status_code(response, self.code.STATUS_200)\n\ntests/test_api/test_api.py:35: \n_ _ _ _ _ _ _ _ _ _ _ _ _ _ _ _ _ _ _ _ _ _ _ _ _ _ _ _ _ _ _ _ _ _ _ _ _ _ _ _ \n\nresponse = <Response [500]>, expected_status_code = 200\n\n    @staticmethod\n    def assert_status_code(response: Response, expected_status_code: int):\n        actual_status_code = response.status_code\n        with allure.step(f\"Expected status {expected_status_code}\"):\n>           assert actual_status_code == expected_status_code, \\\n                f\"Unexpected status code. Expected: {expected_status_code}. Actual: {actual_status_code}\"\nE           AssertionError: Unexpected status code. Expected: 200. Actual: 500\n\napi_testing/assertions.py:11: AssertionError",
    "steps" : [ {
      "name" : "Получить токен активации пользователя на емайл",
      "time" : {
        "start" : 1713811892907,
        "stop" : 1713811895092,
        "duration" : 2185
      },
      "status" : "passed",
      "steps" : [ ],
      "attachments" : [ ],
      "parameters" : [ ],
      "stepsCount" : 0,
      "attachmentsCount" : 0,
      "shouldDisplayMessage" : false,
      "hasContent" : false
    }, {
      "name" : "Expected status 200",
      "time" : {
        "start" : 1713811896106,
        "stop" : 1713811896106,
        "duration" : 0
      },
      "status" : "failed",
      "statusMessage" : "AssertionError: Unexpected status code. Expected: 200. Actual: 500\n",
      "statusTrace" : "  File \"/home/runner/work/PulseWave/PulseWave/api_testing/assertions.py\", line 11, in assert_status_code\n    assert actual_status_code == expected_status_code, \\\n           ^^^^^^^^^^^^^^^^^^^^^^^^^^^^^^^^^^^^^^^^^^\n",
      "steps" : [ ],
      "attachments" : [ ],
      "parameters" : [ ],
      "stepsCount" : 0,
      "attachmentsCount" : 0,
      "shouldDisplayMessage" : true,
      "hasContent" : true
    } ],
    "attachments" : [ ],
    "parameters" : [ ],
    "stepsCount" : 2,
    "attachmentsCount" : 0,
    "shouldDisplayMessage" : true,
    "hasContent" : true
  },
  "afterStages" : [ ],
  "labels" : [ {
    "name" : "epic",
    "value" : "Тестирование API"
  }, {
    "name" : "tag",
    "value" : "@pytest.mark.xfail"
  }, {
    "name" : "parentSuite",
    "value" : "tests.test_api"
  }, {
    "name" : "suite",
    "value" : "test_api"
  }, {
    "name" : "subSuite",
    "value" : "TestAPI"
  }, {
    "name" : "host",
    "value" : "fv-az847-929"
  }, {
    "name" : "thread",
    "value" : "2300-MainThread"
  }, {
    "name" : "framework",
    "value" : "pytest"
  }, {
    "name" : "language",
    "value" : "cpython3"
  }, {
    "name" : "package",
    "value" : "tests.test_api.test_api"
  }, {
    "name" : "resultFormat",
    "value" : "allure2"
  } ],
  "parameters" : [ ],
  "links" : [ ],
  "hidden" : false,
  "retry" : false,
  "extra" : {
    "severity" : "normal",
    "retries" : [ ],
    "categories" : [ ],
    "history" : {
      "statistic" : {
        "failed" : 2,
        "broken" : 6,
        "skipped" : 4,
        "passed" : 49,
        "unknown" : 0,
        "total" : 61
      },
      "items" : [ {
        "uid" : "88f10d3df2e79ac4",
        "reportUrl" : "https://Nat754.github.io/PulseWave/202//#testresult/88f10d3df2e79ac4",
        "status" : "skipped",
        "statusDetails" : "XFAIL\n\nIndexError: list index out of range",
        "time" : {
          "start" : 1713788496404,
          "stop" : 1713788498271,
          "duration" : 1867
        }
      }, {
        "uid" : "11ca820f62f89aeb",
        "reportUrl" : "https://Nat754.github.io/PulseWave/201//#testresult/11ca820f62f89aeb",
        "status" : "skipped",
        "statusDetails" : "XFAIL\n\nIndexError: list index out of range",
        "time" : {
          "start" : 1713781784651,
          "stop" : 1713781786327,
          "duration" : 1676
        }
      }, {
        "uid" : "fa072e8bc87143f6",
        "reportUrl" : "https://Nat754.github.io/PulseWave/200//#testresult/fa072e8bc87143f6",
        "status" : "skipped",
        "statusDetails" : "XFAIL\n\nAssertionError: Unexpected status code. Expected: 200. Actual: 500",
        "time" : {
          "start" : 1713778702582,
          "stop" : 1713778706239,
          "duration" : 3657
        }
      }, {
        "uid" : "6422d2563da8089d",
        "reportUrl" : "https://Nat754.github.io/PulseWave/2//#testresult/6422d2563da8089d",
        "status" : "broken",
        "statusDetails" : "IndexError: list index out of range",
        "time" : {
          "start" : 1713752360852,
          "stop" : 1713752362690,
          "duration" : 1838
        }
      }, {
        "uid" : "b2a69fe2740ad411",
        "reportUrl" : "https://Nat754.github.io/PulseWave/1//#testresult/b2a69fe2740ad411",
        "status" : "broken",
        "statusDetails" : "IndexError: list index out of range",
        "time" : {
          "start" : 1713665987986,
          "stop" : 1713665990724,
          "duration" : 2738
        }
      }, {
        "uid" : "817bed12c87412db",
        "reportUrl" : "https://Nat754.github.io/PulseWave/198//#testresult/817bed12c87412db",
        "status" : "failed",
        "statusDetails" : "AssertionError: Unexpected status code. Expected: 200. Actual: 500",
        "time" : {
          "start" : 1713592672077,
          "stop" : 1713592676540,
          "duration" : 4463
        }
      }, {
        "uid" : "1591529897eb8c2c",
        "reportUrl" : "https://Nat754.github.io/PulseWave/196//#testresult/1591529897eb8c2c",
        "status" : "failed",
        "statusDetails" : "AssertionError: Unexpected status code. Expected: 200. Actual: 500",
        "time" : {
          "start" : 1713435477163,
          "stop" : 1713435482170,
          "duration" : 5007
        }
      }, {
        "uid" : "7e64df3975107086",
        "reportUrl" : "https://Nat754.github.io/PulseWave/197//#testresult/7e64df3975107086",
        "status" : "passed",
        "time" : {
          "start" : 1713198393318,
          "stop" : 1713198396601,
          "duration" : 3283
        }
      }, {
        "uid" : "1c5d5962d21bb436",
        "reportUrl" : "https://Nat754.github.io/PulseWave/196//#testresult/1c5d5962d21bb436",
        "status" : "passed",
        "time" : {
          "start" : 1713100969049,
          "stop" : 1713100972294,
          "duration" : 3245
        }
      }, {
        "uid" : "f60220b954d4f4a0",
        "reportUrl" : "https://Nat754.github.io/PulseWave/196//#testresult/f60220b954d4f4a0",
        "status" : "passed",
        "time" : {
          "start" : 1711136494486,
          "stop" : 1711136497527,
          "duration" : 3041
        }
      }, {
        "uid" : "e399c248ba182b36",
        "reportUrl" : "https://Nat754.github.io/PulseWave/195//#testresult/e399c248ba182b36",
        "status" : "passed",
        "time" : {
          "start" : 1710360758291,
          "stop" : 1710360761755,
          "duration" : 3464
        }
      }, {
        "uid" : "2c879f25ca7c9539",
        "reportUrl" : "https://Nat754.github.io/PulseWave/194//#testresult/2c879f25ca7c9539",
        "status" : "passed",
        "time" : {
          "start" : 1710226210941,
          "stop" : 1710226215191,
          "duration" : 4250
        }
      }, {
        "uid" : "5d56aff6582e3937",
        "reportUrl" : "https://Nat754.github.io/PulseWave/193//#testresult/5d56aff6582e3937",
        "status" : "passed",
        "time" : {
          "start" : 1710181247279,
          "stop" : 1710181250274,
          "duration" : 2995
        }
      }, {
        "uid" : "3e335c6fa62bcad8",
        "reportUrl" : "https://Nat754.github.io/PulseWave/192//#testresult/3e335c6fa62bcad8",
        "status" : "passed",
        "time" : {
          "start" : 1710080797871,
          "stop" : 1710080800806,
          "duration" : 2935
        }
      }, {
        "uid" : "6764c6ea813dabe8",
        "reportUrl" : "https://Nat754.github.io/PulseWave/191//#testresult/6764c6ea813dabe8",
        "status" : "passed",
        "time" : {
          "start" : 1709990172097,
          "stop" : 1709990175909,
          "duration" : 3812
        }
      }, {
        "uid" : "17dfd8c4405445e8",
        "reportUrl" : "https://Nat754.github.io/PulseWave/190//#testresult/17dfd8c4405445e8",
        "status" : "passed",
        "time" : {
          "start" : 1709988398462,
          "stop" : 1709988402313,
          "duration" : 3851
        }
      }, {
        "uid" : "cfae9713ce61ac7d",
        "reportUrl" : "https://Nat754.github.io/PulseWave/189//#testresult/cfae9713ce61ac7d",
        "status" : "passed",
        "time" : {
          "start" : 1709931345052,
          "stop" : 1709931349108,
          "duration" : 4056
        }
      }, {
        "uid" : "576faea511a81c32",
        "reportUrl" : "https://Nat754.github.io/PulseWave/188//#testresult/576faea511a81c32",
        "status" : "passed",
        "time" : {
          "start" : 1709929303307,
          "stop" : 1709929307130,
          "duration" : 3823
        }
      }, {
        "uid" : "70aeaadb0014d6f4",
        "reportUrl" : "https://Nat754.github.io/PulseWave/187//#testresult/70aeaadb0014d6f4",
        "status" : "passed",
        "time" : {
          "start" : 1709813839622,
          "stop" : 1709813842585,
          "duration" : 2963
        }
      }, {
        "uid" : "573c17b936191dc",
        "reportUrl" : "https://Nat754.github.io/PulseWave/186//#testresult/573c17b936191dc",
        "status" : "passed",
        "time" : {
          "start" : 1709750216802,
          "stop" : 1709750219871,
          "duration" : 3069
        }
      } ]
    },
    "tags" : [ "@pytest.mark.xfail" ]
  },
  "source" : "9ea541f23bc6c181.json",
  "parameterValues" : [ ]
}