{
  "uid" : "5508ac466f4ee965",
  "name" : "POST Подтверждение сброса пароля. Когда пользователь переходит по ссылке     auth/password/reset/confirm/{uid}/{token}",
  "fullName" : "tests.test_api.test_api.TestAPI#test_post_auth_users_reset_password_confirm",
  "historyId" : "955584523e44b3e59bd87d6626c56c0c",
  "time" : {
    "start" : 1713877168877,
    "stop" : 1713877174794,
    "duration" : 5917
  },
  "status" : "skipped",
  "statusMessage" : "XFAIL\n\nAssertionError: Unexpected status code. Expected: 204. Actual: 500",
  "statusTrace" : "self = <tests.test_api.test_api.TestAPI object at 0x7f39ef4a4350>\nuse_api_base = <api_testing.api_base.ApiBase object at 0x7f39eee440b0>\n\n    @pytest.mark.xfail(reazon='Bug')\n    @allure.title(\"POST Подтверждение сброса пароля. Когда пользователь переходит по ссылке \\\n    auth/password/reset/confirm/{uid}/{token}\")\n    def test_post_auth_users_reset_password_confirm(self, use_api_base):\n        jwt = use_api_base.create_jwt(email2, password0)\n        page = ApiBase()\n        url = f'{self.constant.BASE_URL}auth/users/reset_password_confirm/'\n        response = requests.post(url, headers={'accept': 'application/json', 'Authorization': f\"{jwt}\"},\n                                 json=page.get_confirm_email_tokens(email2, password2) | {\n                                 \"new_password\": password3, \"re_new_password\": password3})\n>       Assertions.assert_status_code(response, self.code.STATUS_204)\n\ntests/test_api/test_api.py:666: \n_ _ _ _ _ _ _ _ _ _ _ _ _ _ _ _ _ _ _ _ _ _ _ _ _ _ _ _ _ _ _ _ _ _ _ _ _ _ _ _ \n\nresponse = <Response [500]>, expected_status_code = 204\n\n    @staticmethod\n    def assert_status_code(response: Response, expected_status_code: int):\n        actual_status_code = response.status_code\n        with allure.step(f\"Expected status {expected_status_code}\"):\n>           assert actual_status_code == expected_status_code, \\\n                f\"Unexpected status code. Expected: {expected_status_code}. Actual: {actual_status_code}\"\nE           AssertionError: Unexpected status code. Expected: 204. Actual: 500\n\napi_testing/assertions.py:11: AssertionError",
  "flaky" : false,
  "newFailed" : false,
  "beforeStages" : [ {
    "name" : "clear_allure_results_folder",
    "time" : {
      "start" : 1713876776533,
      "stop" : 1713876776533,
      "duration" : 0
    },
    "status" : "passed",
    "steps" : [ ],
    "attachments" : [ ],
    "parameters" : [ ],
    "stepsCount" : 0,
    "attachmentsCount" : 0,
    "shouldDisplayMessage" : false,
    "hasContent" : false
  }, {
    "name" : "_session_faker",
    "time" : {
      "start" : 1713876776515,
      "stop" : 1713876776533,
      "duration" : 18
    },
    "status" : "passed",
    "steps" : [ ],
    "attachments" : [ ],
    "parameters" : [ ],
    "stepsCount" : 0,
    "attachmentsCount" : 0,
    "shouldDisplayMessage" : false,
    "hasContent" : false
  }, {
    "name" : "use_api_base",
    "time" : {
      "start" : 1713877168877,
      "stop" : 1713877168877,
      "duration" : 0
    },
    "status" : "passed",
    "steps" : [ ],
    "attachments" : [ ],
    "parameters" : [ ],
    "stepsCount" : 0,
    "attachmentsCount" : 0,
    "shouldDisplayMessage" : false,
    "hasContent" : false
  } ],
  "testStage" : {
    "status" : "skipped",
    "statusMessage" : "XFAIL\n\nAssertionError: Unexpected status code. Expected: 204. Actual: 500",
    "statusTrace" : "self = <tests.test_api.test_api.TestAPI object at 0x7f39ef4a4350>\nuse_api_base = <api_testing.api_base.ApiBase object at 0x7f39eee440b0>\n\n    @pytest.mark.xfail(reazon='Bug')\n    @allure.title(\"POST Подтверждение сброса пароля. Когда пользователь переходит по ссылке \\\n    auth/password/reset/confirm/{uid}/{token}\")\n    def test_post_auth_users_reset_password_confirm(self, use_api_base):\n        jwt = use_api_base.create_jwt(email2, password0)\n        page = ApiBase()\n        url = f'{self.constant.BASE_URL}auth/users/reset_password_confirm/'\n        response = requests.post(url, headers={'accept': 'application/json', 'Authorization': f\"{jwt}\"},\n                                 json=page.get_confirm_email_tokens(email2, password2) | {\n                                 \"new_password\": password3, \"re_new_password\": password3})\n>       Assertions.assert_status_code(response, self.code.STATUS_204)\n\ntests/test_api/test_api.py:666: \n_ _ _ _ _ _ _ _ _ _ _ _ _ _ _ _ _ _ _ _ _ _ _ _ _ _ _ _ _ _ _ _ _ _ _ _ _ _ _ _ \n\nresponse = <Response [500]>, expected_status_code = 204\n\n    @staticmethod\n    def assert_status_code(response: Response, expected_status_code: int):\n        actual_status_code = response.status_code\n        with allure.step(f\"Expected status {expected_status_code}\"):\n>           assert actual_status_code == expected_status_code, \\\n                f\"Unexpected status code. Expected: {expected_status_code}. Actual: {actual_status_code}\"\nE           AssertionError: Unexpected status code. Expected: 204. Actual: 500\n\napi_testing/assertions.py:11: AssertionError",
    "steps" : [ {
      "name" : "Получить access токен пользователя на емайл",
      "time" : {
        "start" : 1713877168877,
        "stop" : 1713877170332,
        "duration" : 1455
      },
      "status" : "passed",
      "steps" : [ ],
      "attachments" : [ ],
      "parameters" : [ ],
      "stepsCount" : 0,
      "attachmentsCount" : 0,
      "shouldDisplayMessage" : false,
      "hasContent" : false
    }, {
      "name" : "Получить токен подтверждения пользователя на емайл",
      "time" : {
        "start" : 1713877170333,
        "stop" : 1713877173290,
        "duration" : 2957
      },
      "status" : "passed",
      "steps" : [ ],
      "attachments" : [ ],
      "parameters" : [ ],
      "stepsCount" : 0,
      "attachmentsCount" : 0,
      "shouldDisplayMessage" : false,
      "hasContent" : false
    }, {
      "name" : "Expected status 204",
      "time" : {
        "start" : 1713877174794,
        "stop" : 1713877174794,
        "duration" : 0
      },
      "status" : "failed",
      "statusMessage" : "AssertionError: Unexpected status code. Expected: 204. Actual: 500\n",
      "statusTrace" : "  File \"/home/runner/work/PulseWave/PulseWave/api_testing/assertions.py\", line 11, in assert_status_code\n    assert actual_status_code == expected_status_code, \\\n           ^^^^^^^^^^^^^^^^^^^^^^^^^^^^^^^^^^^^^^^^^^\n",
      "steps" : [ ],
      "attachments" : [ ],
      "parameters" : [ ],
      "stepsCount" : 0,
      "attachmentsCount" : 0,
      "shouldDisplayMessage" : true,
      "hasContent" : true
    } ],
    "attachments" : [ ],
    "parameters" : [ ],
    "stepsCount" : 3,
    "attachmentsCount" : 0,
    "shouldDisplayMessage" : true,
    "hasContent" : true
  },
  "afterStages" : [ ],
  "labels" : [ {
    "name" : "epic",
    "value" : "Тестирование API"
  }, {
    "name" : "tag",
    "value" : "@pytest.mark.xfail(reazon='Bug')"
  }, {
    "name" : "parentSuite",
    "value" : "tests.test_api"
  }, {
    "name" : "suite",
    "value" : "test_api"
  }, {
    "name" : "subSuite",
    "value" : "TestAPI"
  }, {
    "name" : "host",
    "value" : "fv-az1148-932"
  }, {
    "name" : "thread",
    "value" : "2307-MainThread"
  }, {
    "name" : "framework",
    "value" : "pytest"
  }, {
    "name" : "language",
    "value" : "cpython3"
  }, {
    "name" : "package",
    "value" : "tests.test_api.test_api"
  }, {
    "name" : "resultFormat",
    "value" : "allure2"
  } ],
  "parameters" : [ ],
  "links" : [ ],
  "hidden" : false,
  "retry" : false,
  "extra" : {
    "severity" : "normal",
    "retries" : [ ],
    "categories" : [ ],
    "history" : {
      "statistic" : {
        "failed" : 4,
        "broken" : 6,
        "skipped" : 8,
        "passed" : 46,
        "unknown" : 0,
        "total" : 64
      },
      "items" : [ {
        "uid" : "f72a5c84b79501af",
        "reportUrl" : "https://Nat754.github.io/PulseWave/205//#testresult/f72a5c84b79501af",
        "status" : "skipped",
        "statusDetails" : "XFAIL\n\nAssertionError: Unexpected status code. Expected: 204. Actual: 500",
        "time" : {
          "start" : 1713867687278,
          "stop" : 1713867692634,
          "duration" : 5356
        }
      }, {
        "uid" : "d2eb674f42b7eca8",
        "reportUrl" : "https://Nat754.github.io/PulseWave/204//#testresult/d2eb674f42b7eca8",
        "status" : "skipped",
        "statusDetails" : "XFAIL\n\nAssertionError: Unexpected status code. Expected: 204. Actual: 500",
        "time" : {
          "start" : 1713865254559,
          "stop" : 1713865260057,
          "duration" : 5498
        }
      }, {
        "uid" : "13494d5edaf720d1",
        "reportUrl" : "https://Nat754.github.io/PulseWave/3//#testresult/13494d5edaf720d1",
        "status" : "skipped",
        "statusDetails" : "XFAIL\n\nAssertionError: Unexpected status code. Expected: 204. Actual: 500",
        "time" : {
          "start" : 1713839067893,
          "stop" : 1713839072460,
          "duration" : 4567
        }
      }, {
        "uid" : "5513a587cddb1aaa",
        "reportUrl" : "https://Nat754.github.io/PulseWave/203//#testresult/5513a587cddb1aaa",
        "status" : "skipped",
        "statusDetails" : "XFAIL\n\nAssertionError: Unexpected status code. Expected: 204. Actual: 500",
        "time" : {
          "start" : 1713812201014,
          "stop" : 1713812205867,
          "duration" : 4853
        }
      }, {
        "uid" : "f10757bc6789afac",
        "reportUrl" : "https://Nat754.github.io/PulseWave/202//#testresult/f10757bc6789afac",
        "status" : "skipped",
        "statusDetails" : "XFAIL\n\nAssertionError: Unexpected status code. Expected: 204. Actual: 500",
        "time" : {
          "start" : 1713788803115,
          "stop" : 1713788808247,
          "duration" : 5132
        }
      }, {
        "uid" : "8c7e17eac1d4c383",
        "reportUrl" : "https://Nat754.github.io/PulseWave/201//#testresult/8c7e17eac1d4c383",
        "status" : "skipped",
        "statusDetails" : "XFAIL\n\nAssertionError: Unexpected status code. Expected: 204. Actual: 500",
        "time" : {
          "start" : 1713782090491,
          "stop" : 1713782095474,
          "duration" : 4983
        }
      }, {
        "uid" : "17607f02d78ee2c8",
        "reportUrl" : "https://Nat754.github.io/PulseWave/200//#testresult/17607f02d78ee2c8",
        "status" : "skipped",
        "statusDetails" : "XFAIL\n\nAssertionError: Unexpected status code. Expected: 204. Actual: 500",
        "time" : {
          "start" : 1713779034931,
          "stop" : 1713779040196,
          "duration" : 5265
        }
      }, {
        "uid" : "32a18851fc3d682f",
        "reportUrl" : "https://Nat754.github.io/PulseWave/2//#testresult/32a18851fc3d682f",
        "status" : "failed",
        "statusDetails" : "AssertionError: Unexpected status code. Expected: 204. Actual: 500",
        "time" : {
          "start" : 1713752666352,
          "stop" : 1713752670797,
          "duration" : 4445
        }
      }, {
        "uid" : "ba8794dc1aada3fc",
        "reportUrl" : "https://Nat754.github.io/PulseWave/1//#testresult/ba8794dc1aada3fc",
        "status" : "failed",
        "statusDetails" : "AssertionError: Unexpected status code. Expected: 204. Actual: 500",
        "time" : {
          "start" : 1713666377290,
          "stop" : 1713666383514,
          "duration" : 6224
        }
      }, {
        "uid" : "2cee171ae857fbfb",
        "reportUrl" : "https://Nat754.github.io/PulseWave/198//#testresult/2cee171ae857fbfb",
        "status" : "failed",
        "statusDetails" : "AssertionError: Unexpected status code. Expected: 204. Actual: 500",
        "time" : {
          "start" : 1713593054797,
          "stop" : 1713593061528,
          "duration" : 6731
        }
      }, {
        "uid" : "227f9c00c290ab54",
        "reportUrl" : "https://Nat754.github.io/PulseWave/196//#testresult/227f9c00c290ab54",
        "status" : "failed",
        "statusDetails" : "AssertionError: Unexpected status code. Expected: 204. Actual: 500",
        "time" : {
          "start" : 1713435951198,
          "stop" : 1713435959208,
          "duration" : 8010
        }
      }, {
        "uid" : "bb2252c79d32ff5d",
        "reportUrl" : "https://Nat754.github.io/PulseWave/197//#testresult/bb2252c79d32ff5d",
        "status" : "passed",
        "time" : {
          "start" : 1713198873159,
          "stop" : 1713198878874,
          "duration" : 5715
        }
      }, {
        "uid" : "a9e383ae60831e3c",
        "reportUrl" : "https://Nat754.github.io/PulseWave/196//#testresult/a9e383ae60831e3c",
        "status" : "passed",
        "time" : {
          "start" : 1713101472056,
          "stop" : 1713101477692,
          "duration" : 5636
        }
      }, {
        "uid" : "cfe0885471c44273",
        "reportUrl" : "https://Nat754.github.io/PulseWave/196//#testresult/cfe0885471c44273",
        "status" : "passed",
        "time" : {
          "start" : 1711136817257,
          "stop" : 1711136821799,
          "duration" : 4542
        }
      }, {
        "uid" : "4a550b065a0f8a95",
        "reportUrl" : "https://Nat754.github.io/PulseWave/195//#testresult/4a550b065a0f8a95",
        "status" : "passed",
        "time" : {
          "start" : 1710361158799,
          "stop" : 1710361164064,
          "duration" : 5265
        }
      }, {
        "uid" : "e7093c8afa3e8017",
        "reportUrl" : "https://Nat754.github.io/PulseWave/194//#testresult/e7093c8afa3e8017",
        "status" : "passed",
        "time" : {
          "start" : 1710226563735,
          "stop" : 1710226569079,
          "duration" : 5344
        }
      }, {
        "uid" : "e61005a5f4d7c285",
        "reportUrl" : "https://Nat754.github.io/PulseWave/193//#testresult/e61005a5f4d7c285",
        "status" : "passed",
        "time" : {
          "start" : 1710181528724,
          "stop" : 1710181532608,
          "duration" : 3884
        }
      }, {
        "uid" : "20c6ca355578ff02",
        "reportUrl" : "https://Nat754.github.io/PulseWave/192//#testresult/20c6ca355578ff02",
        "status" : "passed",
        "time" : {
          "start" : 1710081076449,
          "stop" : 1710081080283,
          "duration" : 3834
        }
      }, {
        "uid" : "d7c7dbae5f55572f",
        "reportUrl" : "https://Nat754.github.io/PulseWave/191//#testresult/d7c7dbae5f55572f",
        "status" : "passed",
        "time" : {
          "start" : 1709990497196,
          "stop" : 1709990502009,
          "duration" : 4813
        }
      }, {
        "uid" : "cf109a4fceff504c",
        "reportUrl" : "https://Nat754.github.io/PulseWave/190//#testresult/cf109a4fceff504c",
        "status" : "passed",
        "time" : {
          "start" : 1709988720723,
          "stop" : 1709988726481,
          "duration" : 5758
        }
      } ]
    },
    "tags" : [ "@pytest.mark.xfail(reazon='Bug')" ]
  },
  "source" : "5508ac466f4ee965.json",
  "parameterValues" : [ ]
}