{
  "uid" : "16026485e72d11bb",
  "name" : "S.1 Регистрация с корректными email и паролем и с согласием на подписку",
  "fullName" : "tests.ui_tests.signup_page_test.TestSignupPage#test_signup_with_correct_data_and_agree",
  "historyId" : "bc22e83e4f502cc30b4f1773056fb144",
  "time" : {
    "start" : 1760347394925,
    "stop" : 1760347455388,
    "duration" : 60463
  },
  "status" : "broken",
  "statusMessage" : "selenium.common.exceptions.TimeoutException: Message: \nStacktrace:\n#0 0x5641b1b39fba <unknown>\n#1 0x5641b15be6d0 <unknown>\n#2 0x5641b16102aa <unknown>\n#3 0x5641b1610541 <unknown>\n#4 0x5641b165e6c4 <unknown>\n#5 0x5641b1635e5d <unknown>\n#6 0x5641b165bb54 <unknown>\n#7 0x5641b1635c03 <unknown>\n#8 0x5641b16027a8 <unknown>\n#9 0x5641b1603421 <unknown>\n#10 0x5641b1afeb28 <unknown>\n#11 0x5641b1b0287f <unknown>\n#12 0x5641b1ae6c49 <unknown>\n#13 0x5641b1b03405 <unknown>\n#14 0x5641b1acc4ff <unknown>\n#15 0x5641b1b27258 <unknown>\n#16 0x5641b1b27432 <unknown>\n#17 0x5641b1b38fa3 <unknown>\n#18 0x7f4efa69caa4 <unknown>\n#19 0x7f4efa729c6c <unknown>",
  "statusTrace" : "self = <tests.ui_tests.signup_page_test.TestSignupPage object at 0x7f5ae33c2de0>\nsignup_page_open = <pages.signup_page.SignUpPage object at 0x7f5ae340ee70>\ndriver = <selenium.webdriver.chrome.webdriver.WebDriver (session=\"85525fc7d4a748530300145c17c693aa\")>\n\n    @allure.title(\"S.1 Регистрация с корректными email и паролем и с согласием на подписку\")\n    def test_signup_with_correct_data_and_agree(self, signup_page_open, driver):\n        with allure.step('Заполнить поле email корректными данными'):\n            signup_page_open.put_data_to_email_field(email1)\n        with allure.step('Заполнить поле пароль сильным паролем'):\n            signup_page_open.put_data_to_password_field(password0)\n        with allure.step('Заполнить поле подтверждение пароля сильным паролем'):\n            signup_page_open.put_data_to_confirm_password_field(password0)\n        signup_page_open.check_pulsewave_policy_message().click()\n        signup_page_open.click_button_submit()\n>       element = signup_page_open.get_send_invite_message()\n\ntests/ui_tests/signup_page_test.py:28: \n_ _ _ _ _ _ _ _ _ _ _ _ _ _ _ _ _ _ _ _ _ _ _ _ _ _ _ _ _ _ _ _ _ _ _ _ _ _ _ _ \npages/signup_page.py:80: in get_send_invite_message\n    return self.element_is_visible(self.locator.SEND_INVITE_EMAIL)\npages/base_page.py:20: in element_is_visible\n    element = self.element_is_present(locator)\npages/base_page.py:39: in element_is_present\n    return Wait(self.driver, self.timeout).until(es.presence_of_element_located(locator))\n_ _ _ _ _ _ _ _ _ _ _ _ _ _ _ _ _ _ _ _ _ _ _ _ _ _ _ _ _ _ _ _ _ _ _ _ _ _ _ _ \n\nself = <selenium.webdriver.support.wait.WebDriverWait (session=\"85525fc7d4a748530300145c17c693aa\")>\nmethod = <function presence_of_element_located.<locals>._predicate at 0x7f5ae1a74b80>\nmessage = ''\n\n    def until(self, method: Callable[[D], Union[Literal[False], T]], message: str = \"\") -> T:\n        \"\"\"Calls the method provided with the driver as an argument until the \\\n        return value does not evaluate to ``False``.\n    \n        :param method: callable(WebDriver)\n        :param message: optional message for :exc:`TimeoutException`\n        :returns: the result of the last call to `method`\n        :raises: :exc:`selenium.common.exceptions.TimeoutException` if timeout occurs\n        \"\"\"\n        screen = None\n        stacktrace = None\n    \n        end_time = time.monotonic() + self._timeout\n        while True:\n            try:\n                value = method(self._driver)\n                if value:\n                    return value\n            except self._ignored_exceptions as exc:\n                screen = getattr(exc, \"screen\", None)\n                stacktrace = getattr(exc, \"stacktrace\", None)\n            time.sleep(self._poll)\n            if time.monotonic() > end_time:\n                break\n>       raise TimeoutException(message, screen, stacktrace)\nE       selenium.common.exceptions.TimeoutException: Message: \nE       Stacktrace:\nE       #0 0x5641b1b39fba <unknown>\nE       #1 0x5641b15be6d0 <unknown>\nE       #2 0x5641b16102aa <unknown>\nE       #3 0x5641b1610541 <unknown>\nE       #4 0x5641b165e6c4 <unknown>\nE       #5 0x5641b1635e5d <unknown>\nE       #6 0x5641b165bb54 <unknown>\nE       #7 0x5641b1635c03 <unknown>\nE       #8 0x5641b16027a8 <unknown>\nE       #9 0x5641b1603421 <unknown>\nE       #10 0x5641b1afeb28 <unknown>\nE       #11 0x5641b1b0287f <unknown>\nE       #12 0x5641b1ae6c49 <unknown>\nE       #13 0x5641b1b03405 <unknown>\nE       #14 0x5641b1acc4ff <unknown>\nE       #15 0x5641b1b27258 <unknown>\nE       #16 0x5641b1b27432 <unknown>\nE       #17 0x5641b1b38fa3 <unknown>\nE       #18 0x7f4efa69caa4 <unknown>\nE       #19 0x7f4efa729c6c <unknown>\n\n/opt/hostedtoolcache/Python/3.12.11/x64/lib/python3.12/site-packages/selenium/webdriver/support/wait.py:105: TimeoutException",
  "flaky" : false,
  "newFailed" : false,
  "beforeStages" : [ {
    "name" : "_session_faker",
    "time" : {
      "start" : 1760326821367,
      "stop" : 1760326821382,
      "duration" : 15
    },
    "status" : "passed",
    "steps" : [ ],
    "attachments" : [ ],
    "parameters" : [ ],
    "stepsCount" : 0,
    "attachmentsCount" : 0,
    "shouldDisplayMessage" : false,
    "hasContent" : false
  }, {
    "name" : "signup_page_open",
    "time" : {
      "start" : 1760347391142,
      "stop" : 1760347394925,
      "duration" : 3783
    },
    "status" : "passed",
    "steps" : [ {
      "name" : "Открыть страницу Регистрации",
      "time" : {
        "start" : 1760347391142,
        "stop" : 1760347394924,
        "duration" : 3782
      },
      "status" : "passed",
      "steps" : [ {
        "name" : "Согласиться с использованием файлов cookies, если высветилось окно",
        "time" : {
          "start" : 1760347394826,
          "stop" : 1760347394924,
          "duration" : 98
        },
        "status" : "passed",
        "steps" : [ {
          "name" : "Получить кнопку 'OK' в сообщении о принятии файлов cookie на Главной странице",
          "time" : {
            "start" : 1760347394826,
            "stop" : 1760347394856,
            "duration" : 30
          },
          "status" : "passed",
          "steps" : [ {
            "name" : "Проверить видимость элемента",
            "time" : {
              "start" : 1760347394826,
              "stop" : 1760347394856,
              "duration" : 30
            },
            "status" : "passed",
            "steps" : [ {
              "name" : "Проверить присутствие элемента в DOM",
              "time" : {
                "start" : 1760347394826,
                "stop" : 1760347394835,
                "duration" : 9
              },
              "status" : "passed",
              "steps" : [ ],
              "attachments" : [ ],
              "parameters" : [ {
                "name" : "locator",
                "value" : "('class name', 'btn-cookies')"
              } ],
              "stepsCount" : 0,
              "attachmentsCount" : 0,
              "shouldDisplayMessage" : false,
              "hasContent" : true
            }, {
              "name" : "Проскролить до элемента",
              "time" : {
                "start" : 1760347394835,
                "stop" : 1760347394840,
                "duration" : 5
              },
              "status" : "passed",
              "steps" : [ ],
              "attachments" : [ ],
              "parameters" : [ {
                "name" : "element",
                "value" : "<selenium.webdriver.remote.webelement.WebElement (session=\"85525fc7d4a748530300145c17c693aa\", element=\"f.AD4795E27E152CE6C094FBE1C65CAC45.d.712E4A2EF534DECF25758E779CA17E40.e.15\")>"
              } ],
              "stepsCount" : 0,
              "attachmentsCount" : 0,
              "shouldDisplayMessage" : false,
              "hasContent" : true
            } ],
            "attachments" : [ ],
            "parameters" : [ {
              "name" : "locator",
              "value" : "('class name', 'btn-cookies')"
            } ],
            "stepsCount" : 2,
            "attachmentsCount" : 0,
            "shouldDisplayMessage" : false,
            "hasContent" : true
          } ],
          "attachments" : [ ],
          "parameters" : [ ],
          "stepsCount" : 3,
          "attachmentsCount" : 0,
          "shouldDisplayMessage" : false,
          "hasContent" : true
        } ],
        "attachments" : [ ],
        "parameters" : [ {
          "name" : "driver",
          "value" : "<selenium.webdriver.chrome.webdriver.WebDriver (session=\"85525fc7d4a748530300145c17c693aa\")>"
        } ],
        "stepsCount" : 4,
        "attachmentsCount" : 0,
        "shouldDisplayMessage" : false,
        "hasContent" : true
      } ],
      "attachments" : [ ],
      "parameters" : [ {
        "name" : "driver",
        "value" : "<selenium.webdriver.chrome.webdriver.WebDriver (session=\"85525fc7d4a748530300145c17c693aa\")>"
      } ],
      "stepsCount" : 5,
      "attachmentsCount" : 0,
      "shouldDisplayMessage" : false,
      "hasContent" : true
    } ],
    "attachments" : [ ],
    "parameters" : [ ],
    "stepsCount" : 6,
    "attachmentsCount" : 0,
    "shouldDisplayMessage" : false,
    "hasContent" : true
  }, {
    "name" : "clear_allure_result_folder",
    "time" : {
      "start" : 1760326821383,
      "stop" : 1760326821383,
      "duration" : 0
    },
    "status" : "passed",
    "steps" : [ ],
    "attachments" : [ ],
    "parameters" : [ ],
    "stepsCount" : 0,
    "attachmentsCount" : 0,
    "shouldDisplayMessage" : false,
    "hasContent" : false
  }, {
    "name" : "driver",
    "time" : {
      "start" : 1760347390884,
      "stop" : 1760347391142,
      "duration" : 258
    },
    "status" : "passed",
    "steps" : [ ],
    "attachments" : [ ],
    "parameters" : [ ],
    "stepsCount" : 0,
    "attachmentsCount" : 0,
    "shouldDisplayMessage" : false,
    "hasContent" : false
  } ],
  "testStage" : {
    "status" : "broken",
    "statusMessage" : "selenium.common.exceptions.TimeoutException: Message: \nStacktrace:\n#0 0x5641b1b39fba <unknown>\n#1 0x5641b15be6d0 <unknown>\n#2 0x5641b16102aa <unknown>\n#3 0x5641b1610541 <unknown>\n#4 0x5641b165e6c4 <unknown>\n#5 0x5641b1635e5d <unknown>\n#6 0x5641b165bb54 <unknown>\n#7 0x5641b1635c03 <unknown>\n#8 0x5641b16027a8 <unknown>\n#9 0x5641b1603421 <unknown>\n#10 0x5641b1afeb28 <unknown>\n#11 0x5641b1b0287f <unknown>\n#12 0x5641b1ae6c49 <unknown>\n#13 0x5641b1b03405 <unknown>\n#14 0x5641b1acc4ff <unknown>\n#15 0x5641b1b27258 <unknown>\n#16 0x5641b1b27432 <unknown>\n#17 0x5641b1b38fa3 <unknown>\n#18 0x7f4efa69caa4 <unknown>\n#19 0x7f4efa729c6c <unknown>",
    "statusTrace" : "self = <tests.ui_tests.signup_page_test.TestSignupPage object at 0x7f5ae33c2de0>\nsignup_page_open = <pages.signup_page.SignUpPage object at 0x7f5ae340ee70>\ndriver = <selenium.webdriver.chrome.webdriver.WebDriver (session=\"85525fc7d4a748530300145c17c693aa\")>\n\n    @allure.title(\"S.1 Регистрация с корректными email и паролем и с согласием на подписку\")\n    def test_signup_with_correct_data_and_agree(self, signup_page_open, driver):\n        with allure.step('Заполнить поле email корректными данными'):\n            signup_page_open.put_data_to_email_field(email1)\n        with allure.step('Заполнить поле пароль сильным паролем'):\n            signup_page_open.put_data_to_password_field(password0)\n        with allure.step('Заполнить поле подтверждение пароля сильным паролем'):\n            signup_page_open.put_data_to_confirm_password_field(password0)\n        signup_page_open.check_pulsewave_policy_message().click()\n        signup_page_open.click_button_submit()\n>       element = signup_page_open.get_send_invite_message()\n\ntests/ui_tests/signup_page_test.py:28: \n_ _ _ _ _ _ _ _ _ _ _ _ _ _ _ _ _ _ _ _ _ _ _ _ _ _ _ _ _ _ _ _ _ _ _ _ _ _ _ _ \npages/signup_page.py:80: in get_send_invite_message\n    return self.element_is_visible(self.locator.SEND_INVITE_EMAIL)\npages/base_page.py:20: in element_is_visible\n    element = self.element_is_present(locator)\npages/base_page.py:39: in element_is_present\n    return Wait(self.driver, self.timeout).until(es.presence_of_element_located(locator))\n_ _ _ _ _ _ _ _ _ _ _ _ _ _ _ _ _ _ _ _ _ _ _ _ _ _ _ _ _ _ _ _ _ _ _ _ _ _ _ _ \n\nself = <selenium.webdriver.support.wait.WebDriverWait (session=\"85525fc7d4a748530300145c17c693aa\")>\nmethod = <function presence_of_element_located.<locals>._predicate at 0x7f5ae1a74b80>\nmessage = ''\n\n    def until(self, method: Callable[[D], Union[Literal[False], T]], message: str = \"\") -> T:\n        \"\"\"Calls the method provided with the driver as an argument until the \\\n        return value does not evaluate to ``False``.\n    \n        :param method: callable(WebDriver)\n        :param message: optional message for :exc:`TimeoutException`\n        :returns: the result of the last call to `method`\n        :raises: :exc:`selenium.common.exceptions.TimeoutException` if timeout occurs\n        \"\"\"\n        screen = None\n        stacktrace = None\n    \n        end_time = time.monotonic() + self._timeout\n        while True:\n            try:\n                value = method(self._driver)\n                if value:\n                    return value\n            except self._ignored_exceptions as exc:\n                screen = getattr(exc, \"screen\", None)\n                stacktrace = getattr(exc, \"stacktrace\", None)\n            time.sleep(self._poll)\n            if time.monotonic() > end_time:\n                break\n>       raise TimeoutException(message, screen, stacktrace)\nE       selenium.common.exceptions.TimeoutException: Message: \nE       Stacktrace:\nE       #0 0x5641b1b39fba <unknown>\nE       #1 0x5641b15be6d0 <unknown>\nE       #2 0x5641b16102aa <unknown>\nE       #3 0x5641b1610541 <unknown>\nE       #4 0x5641b165e6c4 <unknown>\nE       #5 0x5641b1635e5d <unknown>\nE       #6 0x5641b165bb54 <unknown>\nE       #7 0x5641b1635c03 <unknown>\nE       #8 0x5641b16027a8 <unknown>\nE       #9 0x5641b1603421 <unknown>\nE       #10 0x5641b1afeb28 <unknown>\nE       #11 0x5641b1b0287f <unknown>\nE       #12 0x5641b1ae6c49 <unknown>\nE       #13 0x5641b1b03405 <unknown>\nE       #14 0x5641b1acc4ff <unknown>\nE       #15 0x5641b1b27258 <unknown>\nE       #16 0x5641b1b27432 <unknown>\nE       #17 0x5641b1b38fa3 <unknown>\nE       #18 0x7f4efa69caa4 <unknown>\nE       #19 0x7f4efa729c6c <unknown>\n\n/opt/hostedtoolcache/Python/3.12.11/x64/lib/python3.12/site-packages/selenium/webdriver/support/wait.py:105: TimeoutException",
    "steps" : [ {
      "name" : "Заполнить поле email корректными данными",
      "time" : {
        "start" : 1760347394925,
        "stop" : 1760347395026,
        "duration" : 101
      },
      "status" : "passed",
      "steps" : [ {
        "name" : "Проверить видимость элемента",
        "time" : {
          "start" : 1760347394925,
          "stop" : 1760347394957,
          "duration" : 32
        },
        "status" : "passed",
        "steps" : [ {
          "name" : "Проверить присутствие элемента в DOM",
          "time" : {
            "start" : 1760347394925,
            "stop" : 1760347394936,
            "duration" : 11
          },
          "status" : "passed",
          "steps" : [ ],
          "attachments" : [ ],
          "parameters" : [ {
            "name" : "locator",
            "value" : "('css selector', 'input[type=\"email\"]')"
          } ],
          "stepsCount" : 0,
          "attachmentsCount" : 0,
          "shouldDisplayMessage" : false,
          "hasContent" : true
        }, {
          "name" : "Проскролить до элемента",
          "time" : {
            "start" : 1760347394936,
            "stop" : 1760347394941,
            "duration" : 5
          },
          "status" : "passed",
          "steps" : [ ],
          "attachments" : [ ],
          "parameters" : [ {
            "name" : "element",
            "value" : "<selenium.webdriver.remote.webelement.WebElement (session=\"85525fc7d4a748530300145c17c693aa\", element=\"f.AD4795E27E152CE6C094FBE1C65CAC45.d.712E4A2EF534DECF25758E779CA17E40.e.7\")>"
          } ],
          "stepsCount" : 0,
          "attachmentsCount" : 0,
          "shouldDisplayMessage" : false,
          "hasContent" : true
        } ],
        "attachments" : [ ],
        "parameters" : [ {
          "name" : "locator",
          "value" : "('css selector', 'input[type=\"email\"]')"
        } ],
        "stepsCount" : 2,
        "attachmentsCount" : 0,
        "shouldDisplayMessage" : false,
        "hasContent" : true
      } ],
      "attachments" : [ ],
      "parameters" : [ ],
      "stepsCount" : 3,
      "attachmentsCount" : 0,
      "shouldDisplayMessage" : false,
      "hasContent" : true
    }, {
      "name" : "Заполнить поле пароль сильным паролем",
      "time" : {
        "start" : 1760347395026,
        "stop" : 1760347395097,
        "duration" : 71
      },
      "status" : "passed",
      "steps" : [ {
        "name" : "Проверить видимость элемента",
        "time" : {
          "start" : 1760347395026,
          "stop" : 1760347395056,
          "duration" : 30
        },
        "status" : "passed",
        "steps" : [ {
          "name" : "Проверить присутствие элемента в DOM",
          "time" : {
            "start" : 1760347395026,
            "stop" : 1760347395038,
            "duration" : 12
          },
          "status" : "passed",
          "steps" : [ ],
          "attachments" : [ ],
          "parameters" : [ {
            "name" : "locator",
            "value" : "('xpath', '(//input[@type=\"password\"])[1]')"
          } ],
          "stepsCount" : 0,
          "attachmentsCount" : 0,
          "shouldDisplayMessage" : false,
          "hasContent" : true
        }, {
          "name" : "Проскролить до элемента",
          "time" : {
            "start" : 1760347395039,
            "stop" : 1760347395043,
            "duration" : 4
          },
          "status" : "passed",
          "steps" : [ ],
          "attachments" : [ ],
          "parameters" : [ {
            "name" : "element",
            "value" : "<selenium.webdriver.remote.webelement.WebElement (session=\"85525fc7d4a748530300145c17c693aa\", element=\"f.AD4795E27E152CE6C094FBE1C65CAC45.d.712E4A2EF534DECF25758E779CA17E40.e.4\")>"
          } ],
          "stepsCount" : 0,
          "attachmentsCount" : 0,
          "shouldDisplayMessage" : false,
          "hasContent" : true
        } ],
        "attachments" : [ ],
        "parameters" : [ {
          "name" : "locator",
          "value" : "('xpath', '(//input[@type=\"password\"])[1]')"
        } ],
        "stepsCount" : 2,
        "attachmentsCount" : 0,
        "shouldDisplayMessage" : false,
        "hasContent" : true
      } ],
      "attachments" : [ ],
      "parameters" : [ ],
      "stepsCount" : 3,
      "attachmentsCount" : 0,
      "shouldDisplayMessage" : false,
      "hasContent" : true
    }, {
      "name" : "Заполнить поле подтверждение пароля сильным паролем",
      "time" : {
        "start" : 1760347395097,
        "stop" : 1760347395162,
        "duration" : 65
      },
      "status" : "passed",
      "steps" : [ {
        "name" : "Проверить видимость элемента",
        "time" : {
          "start" : 1760347395098,
          "stop" : 1760347395124,
          "duration" : 26
        },
        "status" : "passed",
        "steps" : [ {
          "name" : "Проверить присутствие элемента в DOM",
          "time" : {
            "start" : 1760347395098,
            "stop" : 1760347395108,
            "duration" : 10
          },
          "status" : "passed",
          "steps" : [ ],
          "attachments" : [ ],
          "parameters" : [ {
            "name" : "locator",
            "value" : "('xpath', '(//input[@type=\"password\"])[2]')"
          } ],
          "stepsCount" : 0,
          "attachmentsCount" : 0,
          "shouldDisplayMessage" : false,
          "hasContent" : true
        }, {
          "name" : "Проскролить до элемента",
          "time" : {
            "start" : 1760347395108,
            "stop" : 1760347395112,
            "duration" : 4
          },
          "status" : "passed",
          "steps" : [ ],
          "attachments" : [ ],
          "parameters" : [ {
            "name" : "element",
            "value" : "<selenium.webdriver.remote.webelement.WebElement (session=\"85525fc7d4a748530300145c17c693aa\", element=\"f.AD4795E27E152CE6C094FBE1C65CAC45.d.712E4A2EF534DECF25758E779CA17E40.e.5\")>"
          } ],
          "stepsCount" : 0,
          "attachmentsCount" : 0,
          "shouldDisplayMessage" : false,
          "hasContent" : true
        } ],
        "attachments" : [ ],
        "parameters" : [ {
          "name" : "locator",
          "value" : "('xpath', '(//input[@type=\"password\"])[2]')"
        } ],
        "stepsCount" : 2,
        "attachmentsCount" : 0,
        "shouldDisplayMessage" : false,
        "hasContent" : true
      } ],
      "attachments" : [ ],
      "parameters" : [ ],
      "stepsCount" : 3,
      "attachmentsCount" : 0,
      "shouldDisplayMessage" : false,
      "hasContent" : true
    }, {
      "name" : "Видимость сообщения: 'Я согласен получать новости и обновления PulseWave'",
      "time" : {
        "start" : 1760347395162,
        "stop" : 1760347395189,
        "duration" : 27
      },
      "status" : "passed",
      "steps" : [ {
        "name" : "Проверить видимость элемента",
        "time" : {
          "start" : 1760347395162,
          "stop" : 1760347395189,
          "duration" : 27
        },
        "status" : "passed",
        "steps" : [ {
          "name" : "Проверить присутствие элемента в DOM",
          "time" : {
            "start" : 1760347395162,
            "stop" : 1760347395172,
            "duration" : 10
          },
          "status" : "passed",
          "steps" : [ ],
          "attachments" : [ ],
          "parameters" : [ {
            "name" : "locator",
            "value" : "('class name', 'styled-checkbox')"
          } ],
          "stepsCount" : 0,
          "attachmentsCount" : 0,
          "shouldDisplayMessage" : false,
          "hasContent" : true
        }, {
          "name" : "Проскролить до элемента",
          "time" : {
            "start" : 1760347395172,
            "stop" : 1760347395177,
            "duration" : 5
          },
          "status" : "passed",
          "steps" : [ ],
          "attachments" : [ ],
          "parameters" : [ {
            "name" : "element",
            "value" : "<selenium.webdriver.remote.webelement.WebElement (session=\"85525fc7d4a748530300145c17c693aa\", element=\"f.AD4795E27E152CE6C094FBE1C65CAC45.d.712E4A2EF534DECF25758E779CA17E40.e.19\")>"
          } ],
          "stepsCount" : 0,
          "attachmentsCount" : 0,
          "shouldDisplayMessage" : false,
          "hasContent" : true
        } ],
        "attachments" : [ ],
        "parameters" : [ {
          "name" : "locator",
          "value" : "('class name', 'styled-checkbox')"
        } ],
        "stepsCount" : 2,
        "attachmentsCount" : 0,
        "shouldDisplayMessage" : false,
        "hasContent" : true
      } ],
      "attachments" : [ ],
      "parameters" : [ ],
      "stepsCount" : 3,
      "attachmentsCount" : 0,
      "shouldDisplayMessage" : false,
      "hasContent" : true
    }, {
      "name" : "Подтвердить изменения'",
      "time" : {
        "start" : 1760347395236,
        "stop" : 1760347395310,
        "duration" : 74
      },
      "status" : "passed",
      "steps" : [ {
        "name" : "Проверить видимость элемента",
        "time" : {
          "start" : 1760347395236,
          "stop" : 1760347395261,
          "duration" : 25
        },
        "status" : "passed",
        "steps" : [ {
          "name" : "Проверить присутствие элемента в DOM",
          "time" : {
            "start" : 1760347395236,
            "stop" : 1760347395245,
            "duration" : 9
          },
          "status" : "passed",
          "steps" : [ ],
          "attachments" : [ ],
          "parameters" : [ {
            "name" : "locator",
            "value" : "('css selector', 'button[type=\"submit\"]')"
          } ],
          "stepsCount" : 0,
          "attachmentsCount" : 0,
          "shouldDisplayMessage" : false,
          "hasContent" : true
        }, {
          "name" : "Проскролить до элемента",
          "time" : {
            "start" : 1760347395245,
            "stop" : 1760347395249,
            "duration" : 4
          },
          "status" : "passed",
          "steps" : [ ],
          "attachments" : [ ],
          "parameters" : [ {
            "name" : "element",
            "value" : "<selenium.webdriver.remote.webelement.WebElement (session=\"85525fc7d4a748530300145c17c693aa\", element=\"f.AD4795E27E152CE6C094FBE1C65CAC45.d.712E4A2EF534DECF25758E779CA17E40.e.12\")>"
          } ],
          "stepsCount" : 0,
          "attachmentsCount" : 0,
          "shouldDisplayMessage" : false,
          "hasContent" : true
        } ],
        "attachments" : [ ],
        "parameters" : [ {
          "name" : "locator",
          "value" : "('css selector', 'button[type=\"submit\"]')"
        } ],
        "stepsCount" : 2,
        "attachmentsCount" : 0,
        "shouldDisplayMessage" : false,
        "hasContent" : true
      } ],
      "attachments" : [ ],
      "parameters" : [ ],
      "stepsCount" : 3,
      "attachmentsCount" : 0,
      "shouldDisplayMessage" : false,
      "hasContent" : true
    }, {
      "name" : "Получено сообщения о подтверждении регистрации",
      "time" : {
        "start" : 1760347395310,
        "stop" : 1760347455387,
        "duration" : 60077
      },
      "status" : "broken",
      "statusMessage" : "selenium.common.exceptions.TimeoutException: Message: \nStacktrace:\n#0 0x5641b1b39fba <unknown>\n#1 0x5641b15be6d0 <unknown>\n#2 0x5641b16102aa <unknown>\n#3 0x5641b1610541 <unknown>\n#4 0x5641b165e6c4 <unknown>\n#5 0x5641b1635e5d <unknown>\n#6 0x5641b165bb54 <unknown>\n#7 0x5641b1635c03 <unknown>\n#8 0x5641b16027a8 <unknown>\n#9 0x5641b1603421 <unknown>\n#10 0x5641b1afeb28 <unknown>\n#11 0x5641b1b0287f <unknown>\n#12 0x5641b1ae6c49 <unknown>\n#13 0x5641b1b03405 <unknown>\n#14 0x5641b1acc4ff <unknown>\n#15 0x5641b1b27258 <unknown>\n#16 0x5641b1b27432 <unknown>\n#17 0x5641b1b38fa3 <unknown>\n#18 0x7f4efa69caa4 <unknown>\n#19 0x7f4efa729c6c <unknown>\n\n",
      "statusTrace" : "  File \"/opt/hostedtoolcache/Python/3.12.11/x64/lib/python3.12/site-packages/allure_commons/_allure.py\", line 192, in impl\n    return func(*a, **kw)\n           ^^^^^^^^^^^^^^\n  File \"/home/runner/work/PulseWave/PulseWave/pages/signup_page.py\", line 80, in get_send_invite_message\n    return self.element_is_visible(self.locator.SEND_INVITE_EMAIL)\n           ^^^^^^^^^^^^^^^^^^^^^^^^^^^^^^^^^^^^^^^^^^^^^^^^^^^^^^^\n  File \"/opt/hostedtoolcache/Python/3.12.11/x64/lib/python3.12/site-packages/allure_commons/_allure.py\", line 192, in impl\n    return func(*a, **kw)\n           ^^^^^^^^^^^^^^\n  File \"/home/runner/work/PulseWave/PulseWave/pages/base_page.py\", line 20, in element_is_visible\n    element = self.element_is_present(locator)\n              ^^^^^^^^^^^^^^^^^^^^^^^^^^^^^^^^\n  File \"/opt/hostedtoolcache/Python/3.12.11/x64/lib/python3.12/site-packages/allure_commons/_allure.py\", line 192, in impl\n    return func(*a, **kw)\n           ^^^^^^^^^^^^^^\n  File \"/home/runner/work/PulseWave/PulseWave/pages/base_page.py\", line 39, in element_is_present\n    return Wait(self.driver, self.timeout).until(es.presence_of_element_located(locator))\n           ^^^^^^^^^^^^^^^^^^^^^^^^^^^^^^^^^^^^^^^^^^^^^^^^^^^^^^^^^^^^^^^^^^^^^^^^^^^^^^\n  File \"/opt/hostedtoolcache/Python/3.12.11/x64/lib/python3.12/site-packages/selenium/webdriver/support/wait.py\", line 105, in until\n    raise TimeoutException(message, screen, stacktrace)\n",
      "steps" : [ {
        "name" : "Проверить видимость элемента",
        "time" : {
          "start" : 1760347395310,
          "stop" : 1760347455387,
          "duration" : 60077
        },
        "status" : "broken",
        "statusMessage" : "selenium.common.exceptions.TimeoutException: Message: \nStacktrace:\n#0 0x5641b1b39fba <unknown>\n#1 0x5641b15be6d0 <unknown>\n#2 0x5641b16102aa <unknown>\n#3 0x5641b1610541 <unknown>\n#4 0x5641b165e6c4 <unknown>\n#5 0x5641b1635e5d <unknown>\n#6 0x5641b165bb54 <unknown>\n#7 0x5641b1635c03 <unknown>\n#8 0x5641b16027a8 <unknown>\n#9 0x5641b1603421 <unknown>\n#10 0x5641b1afeb28 <unknown>\n#11 0x5641b1b0287f <unknown>\n#12 0x5641b1ae6c49 <unknown>\n#13 0x5641b1b03405 <unknown>\n#14 0x5641b1acc4ff <unknown>\n#15 0x5641b1b27258 <unknown>\n#16 0x5641b1b27432 <unknown>\n#17 0x5641b1b38fa3 <unknown>\n#18 0x7f4efa69caa4 <unknown>\n#19 0x7f4efa729c6c <unknown>\n\n",
        "statusTrace" : "  File \"/opt/hostedtoolcache/Python/3.12.11/x64/lib/python3.12/site-packages/allure_commons/_allure.py\", line 192, in impl\n    return func(*a, **kw)\n           ^^^^^^^^^^^^^^\n  File \"/home/runner/work/PulseWave/PulseWave/pages/base_page.py\", line 20, in element_is_visible\n    element = self.element_is_present(locator)\n              ^^^^^^^^^^^^^^^^^^^^^^^^^^^^^^^^\n  File \"/opt/hostedtoolcache/Python/3.12.11/x64/lib/python3.12/site-packages/allure_commons/_allure.py\", line 192, in impl\n    return func(*a, **kw)\n           ^^^^^^^^^^^^^^\n  File \"/home/runner/work/PulseWave/PulseWave/pages/base_page.py\", line 39, in element_is_present\n    return Wait(self.driver, self.timeout).until(es.presence_of_element_located(locator))\n           ^^^^^^^^^^^^^^^^^^^^^^^^^^^^^^^^^^^^^^^^^^^^^^^^^^^^^^^^^^^^^^^^^^^^^^^^^^^^^^\n  File \"/opt/hostedtoolcache/Python/3.12.11/x64/lib/python3.12/site-packages/selenium/webdriver/support/wait.py\", line 105, in until\n    raise TimeoutException(message, screen, stacktrace)\n",
        "steps" : [ {
          "name" : "Проверить присутствие элемента в DOM",
          "time" : {
            "start" : 1760347395310,
            "stop" : 1760347455387,
            "duration" : 60077
          },
          "status" : "broken",
          "statusMessage" : "selenium.common.exceptions.TimeoutException: Message: \nStacktrace:\n#0 0x5641b1b39fba <unknown>\n#1 0x5641b15be6d0 <unknown>\n#2 0x5641b16102aa <unknown>\n#3 0x5641b1610541 <unknown>\n#4 0x5641b165e6c4 <unknown>\n#5 0x5641b1635e5d <unknown>\n#6 0x5641b165bb54 <unknown>\n#7 0x5641b1635c03 <unknown>\n#8 0x5641b16027a8 <unknown>\n#9 0x5641b1603421 <unknown>\n#10 0x5641b1afeb28 <unknown>\n#11 0x5641b1b0287f <unknown>\n#12 0x5641b1ae6c49 <unknown>\n#13 0x5641b1b03405 <unknown>\n#14 0x5641b1acc4ff <unknown>\n#15 0x5641b1b27258 <unknown>\n#16 0x5641b1b27432 <unknown>\n#17 0x5641b1b38fa3 <unknown>\n#18 0x7f4efa69caa4 <unknown>\n#19 0x7f4efa729c6c <unknown>\n\n",
          "statusTrace" : "  File \"/opt/hostedtoolcache/Python/3.12.11/x64/lib/python3.12/site-packages/allure_commons/_allure.py\", line 192, in impl\n    return func(*a, **kw)\n           ^^^^^^^^^^^^^^\n  File \"/home/runner/work/PulseWave/PulseWave/pages/base_page.py\", line 39, in element_is_present\n    return Wait(self.driver, self.timeout).until(es.presence_of_element_located(locator))\n           ^^^^^^^^^^^^^^^^^^^^^^^^^^^^^^^^^^^^^^^^^^^^^^^^^^^^^^^^^^^^^^^^^^^^^^^^^^^^^^\n  File \"/opt/hostedtoolcache/Python/3.12.11/x64/lib/python3.12/site-packages/selenium/webdriver/support/wait.py\", line 105, in until\n    raise TimeoutException(message, screen, stacktrace)\n",
          "steps" : [ ],
          "attachments" : [ ],
          "parameters" : [ {
            "name" : "locator",
            "value" : "('class name', 'form__texts')"
          } ],
          "stepsCount" : 0,
          "attachmentsCount" : 0,
          "shouldDisplayMessage" : true,
          "hasContent" : true
        } ],
        "attachments" : [ ],
        "parameters" : [ {
          "name" : "locator",
          "value" : "('class name', 'form__texts')"
        } ],
        "stepsCount" : 1,
        "attachmentsCount" : 0,
        "shouldDisplayMessage" : false,
        "hasContent" : true
      } ],
      "attachments" : [ ],
      "parameters" : [ ],
      "stepsCount" : 2,
      "attachmentsCount" : 0,
      "shouldDisplayMessage" : false,
      "hasContent" : true
    } ],
    "attachments" : [ {
      "uid" : "ae4366062db6ed22",
      "name" : "Screenshot",
      "source" : "ae4366062db6ed22.png",
      "type" : "image/png",
      "size" : 67389
    }, {
      "uid" : "b6623cbd02e789af",
      "name" : "HTML source",
      "source" : "b6623cbd02e789af.html",
      "type" : "text/html",
      "size" : 43329
    } ],
    "parameters" : [ ],
    "stepsCount" : 23,
    "attachmentsCount" : 2,
    "shouldDisplayMessage" : true,
    "hasContent" : true
  },
  "afterStages" : [ {
    "name" : "driver::0",
    "time" : {
      "start" : 1760347455463,
      "stop" : 1760347455531,
      "duration" : 68
    },
    "status" : "passed",
    "steps" : [ ],
    "attachments" : [ ],
    "parameters" : [ ],
    "stepsCount" : 0,
    "attachmentsCount" : 0,
    "shouldDisplayMessage" : false,
    "hasContent" : false
  } ],
  "labels" : [ {
    "name" : "epic",
    "value" : "Тестирование страницы 'Регистрация'"
  }, {
    "name" : "tag",
    "value" : "smoke"
  }, {
    "name" : "parentSuite",
    "value" : "tests.ui_tests"
  }, {
    "name" : "suite",
    "value" : "signup_page_test"
  }, {
    "name" : "subSuite",
    "value" : "TestSignupPage"
  }, {
    "name" : "host",
    "value" : "runnervmwhb2z"
  }, {
    "name" : "thread",
    "value" : "2618-MainThread"
  }, {
    "name" : "framework",
    "value" : "pytest"
  }, {
    "name" : "language",
    "value" : "cpython3"
  }, {
    "name" : "package",
    "value" : "tests.ui_tests.signup_page_test"
  }, {
    "name" : "resultFormat",
    "value" : "allure2"
  } ],
  "parameters" : [ ],
  "links" : [ ],
  "hidden" : false,
  "retry" : false,
  "extra" : {
    "severity" : "normal",
    "retries" : [ ],
    "categories" : [ {
      "name" : "Test defects",
      "matchedStatuses" : [ ],
      "flaky" : false
    } ],
    "history" : {
      "statistic" : {
        "failed" : 12,
        "broken" : 6,
        "skipped" : 0,
        "passed" : 119,
        "unknown" : 0,
        "total" : 137
      },
      "items" : [ {
        "uid" : "e67c6ddb035c83e8",
        "reportUrl" : "https://Nat754.github.io/PulseWave/539//#testresult/e67c6ddb035c83e8",
        "status" : "passed",
        "time" : {
          "start" : 1760241144447,
          "stop" : 1760241152966,
          "duration" : 8519
        }
      }, {
        "uid" : "2847c6019fcc2ede",
        "reportUrl" : "https://Nat754.github.io/PulseWave/538//#testresult/2847c6019fcc2ede",
        "status" : "passed",
        "time" : {
          "start" : 1760154334920,
          "stop" : 1760154345625,
          "duration" : 10705
        }
      }, {
        "uid" : "8a53368666cae39a",
        "reportUrl" : "https://Nat754.github.io/PulseWave/537//#testresult/8a53368666cae39a",
        "status" : "passed",
        "time" : {
          "start" : 1760068374205,
          "stop" : 1760068385118,
          "duration" : 10913
        }
      }, {
        "uid" : "3084617b5da64c37",
        "reportUrl" : "https://Nat754.github.io/PulseWave/536//#testresult/3084617b5da64c37",
        "status" : "passed",
        "time" : {
          "start" : 1759981906927,
          "stop" : 1759981916902,
          "duration" : 9975
        }
      }, {
        "uid" : "14db79d8a3e3d90",
        "reportUrl" : "https://Nat754.github.io/PulseWave/535//#testresult/14db79d8a3e3d90",
        "status" : "passed",
        "time" : {
          "start" : 1759895400303,
          "stop" : 1759895413616,
          "duration" : 13313
        }
      }, {
        "uid" : "d12f4c0501076dd9",
        "reportUrl" : "https://Nat754.github.io/PulseWave/534//#testresult/d12f4c0501076dd9",
        "status" : "passed",
        "time" : {
          "start" : 1759809066304,
          "stop" : 1759809076722,
          "duration" : 10418
        }
      }, {
        "uid" : "3d4bb0f0a808e4a0",
        "reportUrl" : "https://Nat754.github.io/PulseWave/533//#testresult/3d4bb0f0a808e4a0",
        "status" : "passed",
        "time" : {
          "start" : 1759722731390,
          "stop" : 1759722767655,
          "duration" : 36265
        }
      }, {
        "uid" : "3deae0698724da45",
        "reportUrl" : "https://Nat754.github.io/PulseWave/532//#testresult/3deae0698724da45",
        "status" : "passed",
        "time" : {
          "start" : 1759636440032,
          "stop" : 1759636448529,
          "duration" : 8497
        }
      }, {
        "uid" : "914f9bb69805fe29",
        "reportUrl" : "https://Nat754.github.io/PulseWave/531//#testresult/914f9bb69805fe29",
        "status" : "passed",
        "time" : {
          "start" : 1759549284079,
          "stop" : 1759549293067,
          "duration" : 8988
        }
      }, {
        "uid" : "4261b19ad96dba5d",
        "reportUrl" : "https://Nat754.github.io/PulseWave/530//#testresult/4261b19ad96dba5d",
        "status" : "passed",
        "time" : {
          "start" : 1759491957591,
          "stop" : 1759491968749,
          "duration" : 11158
        }
      }, {
        "uid" : "6cd22bd631719cdc",
        "reportUrl" : "https://Nat754.github.io/PulseWave/530//#testresult/6cd22bd631719cdc",
        "status" : "passed",
        "time" : {
          "start" : 1759463152702,
          "stop" : 1759463160521,
          "duration" : 7819
        }
      }, {
        "uid" : "2c4abdbbcdf4b910",
        "reportUrl" : "https://Nat754.github.io/PulseWave/529//#testresult/2c4abdbbcdf4b910",
        "status" : "passed",
        "time" : {
          "start" : 1759376807786,
          "stop" : 1759376816114,
          "duration" : 8328
        }
      }, {
        "uid" : "423638d1be254d94",
        "reportUrl" : "https://Nat754.github.io/PulseWave/528//#testresult/423638d1be254d94",
        "status" : "passed",
        "time" : {
          "start" : 1759291337750,
          "stop" : 1759291350952,
          "duration" : 13202
        }
      }, {
        "uid" : "2fc06cfdc42e332f",
        "reportUrl" : "https://Nat754.github.io/PulseWave/527//#testresult/2fc06cfdc42e332f",
        "status" : "passed",
        "time" : {
          "start" : 1759262568346,
          "stop" : 1759262576351,
          "duration" : 8005
        }
      }, {
        "uid" : "9786a10bb8f5e5d2",
        "reportUrl" : "https://Nat754.github.io/PulseWave/527//#testresult/9786a10bb8f5e5d2",
        "status" : "passed",
        "time" : {
          "start" : 1759204237827,
          "stop" : 1759204248475,
          "duration" : 10648
        }
      }, {
        "uid" : "9024f7df29a22673",
        "reportUrl" : "https://Nat754.github.io/PulseWave/526//#testresult/9024f7df29a22673",
        "status" : "passed",
        "time" : {
          "start" : 1759118159441,
          "stop" : 1759118168543,
          "duration" : 9102
        }
      }, {
        "uid" : "95fcda88f8208b0",
        "reportUrl" : "https://Nat754.github.io/PulseWave/525//#testresult/95fcda88f8208b0",
        "status" : "passed",
        "time" : {
          "start" : 1759031896166,
          "stop" : 1759031905443,
          "duration" : 9277
        }
      }, {
        "uid" : "b9bd566b52690d82",
        "reportUrl" : "https://Nat754.github.io/PulseWave/524//#testresult/b9bd566b52690d82",
        "status" : "passed",
        "time" : {
          "start" : 1758944867752,
          "stop" : 1758944877912,
          "duration" : 10160
        }
      }, {
        "uid" : "a3baf784872c764e",
        "reportUrl" : "https://Nat754.github.io/PulseWave/523//#testresult/a3baf784872c764e",
        "status" : "passed",
        "time" : {
          "start" : 1758858714248,
          "stop" : 1758858723613,
          "duration" : 9365
        }
      }, {
        "uid" : "aee83799b1670882",
        "reportUrl" : "https://Nat754.github.io/PulseWave/522//#testresult/aee83799b1670882",
        "status" : "passed",
        "time" : {
          "start" : 1758772395524,
          "stop" : 1758772405870,
          "duration" : 10346
        }
      } ]
    },
    "tags" : [ "smoke" ]
  },
  "source" : "16026485e72d11bb.json",
  "parameterValues" : [ ]
}