{
  "uid" : "b440a50540ed7dd5",
  "name" : "S.8 Регистрация с корректными email и паролем без согласия на подписку",
  "fullName" : "tests.ui_tests.signup_page_test.TestSignupPage#test_signup_with_correct_email_and_password",
  "historyId" : "6128cc8bbc9d7c3bb810cf0428f93b7e",
  "time" : {
    "start" : 1760347498851,
    "stop" : 1760347559737,
    "duration" : 60886
  },
  "status" : "broken",
  "statusMessage" : "selenium.common.exceptions.TimeoutException: Message: \nStacktrace:\n#0 0x5562f82d7fba <unknown>\n#1 0x5562f7d5c6d0 <unknown>\n#2 0x5562f7dae2aa <unknown>\n#3 0x5562f7dae541 <unknown>\n#4 0x5562f7dfc6c4 <unknown>\n#5 0x5562f7dd3e5d <unknown>\n#6 0x5562f7df9b54 <unknown>\n#7 0x5562f7dd3c03 <unknown>\n#8 0x5562f7da07a8 <unknown>\n#9 0x5562f7da1421 <unknown>\n#10 0x5562f829cb28 <unknown>\n#11 0x5562f82a087f <unknown>\n#12 0x5562f8284c49 <unknown>\n#13 0x5562f82a1405 <unknown>\n#14 0x5562f826a4ff <unknown>\n#15 0x5562f82c5258 <unknown>\n#16 0x5562f82c5432 <unknown>\n#17 0x5562f82d6fa3 <unknown>\n#18 0x7f207c29caa4 <unknown>\n#19 0x7f207c329c6c <unknown>",
  "statusTrace" : "self = <tests.ui_tests.signup_page_test.TestSignupPage object at 0x7f5ae33c1910>\nsignup_page_open = <pages.signup_page.SignUpPage object at 0x7f5ae340cec0>\ndriver = <selenium.webdriver.chrome.webdriver.WebDriver (session=\"e7cc3bb7dbc618f33c8fb09be84c77b8\")>\n\n    @allure.title(\"S.8 Регистрация с корректными email и паролем без согласия на подписку\")\n    def test_signup_with_correct_email_and_password(self, signup_page_open, driver):\n        with allure.step('Заполнить поле email корректными данными'):\n            signup_page_open.put_data_to_email_field(email1)\n        with allure.step('Заполнить поле пароль сильным паролем'):\n            signup_page_open.put_data_to_password_field(password0)\n        with allure.step('Заполнить поле подтверждение пароля сильным паролем'):\n            signup_page_open.put_data_to_confirm_password_field(password0)\n        signup_page_open.click_button_submit()\n>       element = signup_page_open.get_send_invite_message()\n\ntests/ui_tests/signup_page_test.py:160: \n_ _ _ _ _ _ _ _ _ _ _ _ _ _ _ _ _ _ _ _ _ _ _ _ _ _ _ _ _ _ _ _ _ _ _ _ _ _ _ _ \npages/signup_page.py:80: in get_send_invite_message\n    return self.element_is_visible(self.locator.SEND_INVITE_EMAIL)\npages/base_page.py:20: in element_is_visible\n    element = self.element_is_present(locator)\npages/base_page.py:39: in element_is_present\n    return Wait(self.driver, self.timeout).until(es.presence_of_element_located(locator))\n_ _ _ _ _ _ _ _ _ _ _ _ _ _ _ _ _ _ _ _ _ _ _ _ _ _ _ _ _ _ _ _ _ _ _ _ _ _ _ _ \n\nself = <selenium.webdriver.support.wait.WebDriverWait (session=\"e7cc3bb7dbc618f33c8fb09be84c77b8\")>\nmethod = <function presence_of_element_located.<locals>._predicate at 0x7f5ae1aa91c0>\nmessage = ''\n\n    def until(self, method: Callable[[D], Union[Literal[False], T]], message: str = \"\") -> T:\n        \"\"\"Calls the method provided with the driver as an argument until the \\\n        return value does not evaluate to ``False``.\n    \n        :param method: callable(WebDriver)\n        :param message: optional message for :exc:`TimeoutException`\n        :returns: the result of the last call to `method`\n        :raises: :exc:`selenium.common.exceptions.TimeoutException` if timeout occurs\n        \"\"\"\n        screen = None\n        stacktrace = None\n    \n        end_time = time.monotonic() + self._timeout\n        while True:\n            try:\n                value = method(self._driver)\n                if value:\n                    return value\n            except self._ignored_exceptions as exc:\n                screen = getattr(exc, \"screen\", None)\n                stacktrace = getattr(exc, \"stacktrace\", None)\n            time.sleep(self._poll)\n            if time.monotonic() > end_time:\n                break\n>       raise TimeoutException(message, screen, stacktrace)\nE       selenium.common.exceptions.TimeoutException: Message: \nE       Stacktrace:\nE       #0 0x5562f82d7fba <unknown>\nE       #1 0x5562f7d5c6d0 <unknown>\nE       #2 0x5562f7dae2aa <unknown>\nE       #3 0x5562f7dae541 <unknown>\nE       #4 0x5562f7dfc6c4 <unknown>\nE       #5 0x5562f7dd3e5d <unknown>\nE       #6 0x5562f7df9b54 <unknown>\nE       #7 0x5562f7dd3c03 <unknown>\nE       #8 0x5562f7da07a8 <unknown>\nE       #9 0x5562f7da1421 <unknown>\nE       #10 0x5562f829cb28 <unknown>\nE       #11 0x5562f82a087f <unknown>\nE       #12 0x5562f8284c49 <unknown>\nE       #13 0x5562f82a1405 <unknown>\nE       #14 0x5562f826a4ff <unknown>\nE       #15 0x5562f82c5258 <unknown>\nE       #16 0x5562f82c5432 <unknown>\nE       #17 0x5562f82d6fa3 <unknown>\nE       #18 0x7f207c29caa4 <unknown>\nE       #19 0x7f207c329c6c <unknown>\n\n/opt/hostedtoolcache/Python/3.12.11/x64/lib/python3.12/site-packages/selenium/webdriver/support/wait.py:105: TimeoutException",
  "flaky" : false,
  "newFailed" : false,
  "beforeStages" : [ {
    "name" : "driver",
    "time" : {
      "start" : 1760347495757,
      "stop" : 1760347496023,
      "duration" : 266
    },
    "status" : "passed",
    "steps" : [ ],
    "attachments" : [ ],
    "parameters" : [ ],
    "stepsCount" : 0,
    "attachmentsCount" : 0,
    "shouldDisplayMessage" : false,
    "hasContent" : false
  }, {
    "name" : "_session_faker",
    "time" : {
      "start" : 1760326821367,
      "stop" : 1760326821382,
      "duration" : 15
    },
    "status" : "passed",
    "steps" : [ ],
    "attachments" : [ ],
    "parameters" : [ ],
    "stepsCount" : 0,
    "attachmentsCount" : 0,
    "shouldDisplayMessage" : false,
    "hasContent" : false
  }, {
    "name" : "signup_page_open",
    "time" : {
      "start" : 1760347496023,
      "stop" : 1760347498850,
      "duration" : 2827
    },
    "status" : "passed",
    "steps" : [ {
      "name" : "Открыть страницу Регистрации",
      "time" : {
        "start" : 1760347496023,
        "stop" : 1760347498850,
        "duration" : 2827
      },
      "status" : "passed",
      "steps" : [ {
        "name" : "Согласиться с использованием файлов cookies, если высветилось окно",
        "time" : {
          "start" : 1760347498773,
          "stop" : 1760347498850,
          "duration" : 77
        },
        "status" : "passed",
        "steps" : [ {
          "name" : "Получить кнопку 'OK' в сообщении о принятии файлов cookie на Главной странице",
          "time" : {
            "start" : 1760347498773,
            "stop" : 1760347498804,
            "duration" : 31
          },
          "status" : "passed",
          "steps" : [ {
            "name" : "Проверить видимость элемента",
            "time" : {
              "start" : 1760347498773,
              "stop" : 1760347498804,
              "duration" : 31
            },
            "status" : "passed",
            "steps" : [ {
              "name" : "Проверить присутствие элемента в DOM",
              "time" : {
                "start" : 1760347498774,
                "stop" : 1760347498784,
                "duration" : 10
              },
              "status" : "passed",
              "steps" : [ ],
              "attachments" : [ ],
              "parameters" : [ {
                "name" : "locator",
                "value" : "('class name', 'btn-cookies')"
              } ],
              "stepsCount" : 0,
              "attachmentsCount" : 0,
              "shouldDisplayMessage" : false,
              "hasContent" : true
            }, {
              "name" : "Проскролить до элемента",
              "time" : {
                "start" : 1760347498784,
                "stop" : 1760347498789,
                "duration" : 5
              },
              "status" : "passed",
              "steps" : [ ],
              "attachments" : [ ],
              "parameters" : [ {
                "name" : "element",
                "value" : "<selenium.webdriver.remote.webelement.WebElement (session=\"e7cc3bb7dbc618f33c8fb09be84c77b8\", element=\"f.E33ED97D9B164BF20388C2E2BFC449CD.d.2026C7E9AEEF47ADDF9B39ABD953A789.e.4\")>"
              } ],
              "stepsCount" : 0,
              "attachmentsCount" : 0,
              "shouldDisplayMessage" : false,
              "hasContent" : true
            } ],
            "attachments" : [ ],
            "parameters" : [ {
              "name" : "locator",
              "value" : "('class name', 'btn-cookies')"
            } ],
            "stepsCount" : 2,
            "attachmentsCount" : 0,
            "shouldDisplayMessage" : false,
            "hasContent" : true
          } ],
          "attachments" : [ ],
          "parameters" : [ ],
          "stepsCount" : 3,
          "attachmentsCount" : 0,
          "shouldDisplayMessage" : false,
          "hasContent" : true
        } ],
        "attachments" : [ ],
        "parameters" : [ {
          "name" : "driver",
          "value" : "<selenium.webdriver.chrome.webdriver.WebDriver (session=\"e7cc3bb7dbc618f33c8fb09be84c77b8\")>"
        } ],
        "stepsCount" : 4,
        "attachmentsCount" : 0,
        "shouldDisplayMessage" : false,
        "hasContent" : true
      } ],
      "attachments" : [ ],
      "parameters" : [ {
        "name" : "driver",
        "value" : "<selenium.webdriver.chrome.webdriver.WebDriver (session=\"e7cc3bb7dbc618f33c8fb09be84c77b8\")>"
      } ],
      "stepsCount" : 5,
      "attachmentsCount" : 0,
      "shouldDisplayMessage" : false,
      "hasContent" : true
    } ],
    "attachments" : [ ],
    "parameters" : [ ],
    "stepsCount" : 6,
    "attachmentsCount" : 0,
    "shouldDisplayMessage" : false,
    "hasContent" : true
  }, {
    "name" : "clear_allure_result_folder",
    "time" : {
      "start" : 1760326821383,
      "stop" : 1760326821383,
      "duration" : 0
    },
    "status" : "passed",
    "steps" : [ ],
    "attachments" : [ ],
    "parameters" : [ ],
    "stepsCount" : 0,
    "attachmentsCount" : 0,
    "shouldDisplayMessage" : false,
    "hasContent" : false
  } ],
  "testStage" : {
    "status" : "broken",
    "statusMessage" : "selenium.common.exceptions.TimeoutException: Message: \nStacktrace:\n#0 0x5562f82d7fba <unknown>\n#1 0x5562f7d5c6d0 <unknown>\n#2 0x5562f7dae2aa <unknown>\n#3 0x5562f7dae541 <unknown>\n#4 0x5562f7dfc6c4 <unknown>\n#5 0x5562f7dd3e5d <unknown>\n#6 0x5562f7df9b54 <unknown>\n#7 0x5562f7dd3c03 <unknown>\n#8 0x5562f7da07a8 <unknown>\n#9 0x5562f7da1421 <unknown>\n#10 0x5562f829cb28 <unknown>\n#11 0x5562f82a087f <unknown>\n#12 0x5562f8284c49 <unknown>\n#13 0x5562f82a1405 <unknown>\n#14 0x5562f826a4ff <unknown>\n#15 0x5562f82c5258 <unknown>\n#16 0x5562f82c5432 <unknown>\n#17 0x5562f82d6fa3 <unknown>\n#18 0x7f207c29caa4 <unknown>\n#19 0x7f207c329c6c <unknown>",
    "statusTrace" : "self = <tests.ui_tests.signup_page_test.TestSignupPage object at 0x7f5ae33c1910>\nsignup_page_open = <pages.signup_page.SignUpPage object at 0x7f5ae340cec0>\ndriver = <selenium.webdriver.chrome.webdriver.WebDriver (session=\"e7cc3bb7dbc618f33c8fb09be84c77b8\")>\n\n    @allure.title(\"S.8 Регистрация с корректными email и паролем без согласия на подписку\")\n    def test_signup_with_correct_email_and_password(self, signup_page_open, driver):\n        with allure.step('Заполнить поле email корректными данными'):\n            signup_page_open.put_data_to_email_field(email1)\n        with allure.step('Заполнить поле пароль сильным паролем'):\n            signup_page_open.put_data_to_password_field(password0)\n        with allure.step('Заполнить поле подтверждение пароля сильным паролем'):\n            signup_page_open.put_data_to_confirm_password_field(password0)\n        signup_page_open.click_button_submit()\n>       element = signup_page_open.get_send_invite_message()\n\ntests/ui_tests/signup_page_test.py:160: \n_ _ _ _ _ _ _ _ _ _ _ _ _ _ _ _ _ _ _ _ _ _ _ _ _ _ _ _ _ _ _ _ _ _ _ _ _ _ _ _ \npages/signup_page.py:80: in get_send_invite_message\n    return self.element_is_visible(self.locator.SEND_INVITE_EMAIL)\npages/base_page.py:20: in element_is_visible\n    element = self.element_is_present(locator)\npages/base_page.py:39: in element_is_present\n    return Wait(self.driver, self.timeout).until(es.presence_of_element_located(locator))\n_ _ _ _ _ _ _ _ _ _ _ _ _ _ _ _ _ _ _ _ _ _ _ _ _ _ _ _ _ _ _ _ _ _ _ _ _ _ _ _ \n\nself = <selenium.webdriver.support.wait.WebDriverWait (session=\"e7cc3bb7dbc618f33c8fb09be84c77b8\")>\nmethod = <function presence_of_element_located.<locals>._predicate at 0x7f5ae1aa91c0>\nmessage = ''\n\n    def until(self, method: Callable[[D], Union[Literal[False], T]], message: str = \"\") -> T:\n        \"\"\"Calls the method provided with the driver as an argument until the \\\n        return value does not evaluate to ``False``.\n    \n        :param method: callable(WebDriver)\n        :param message: optional message for :exc:`TimeoutException`\n        :returns: the result of the last call to `method`\n        :raises: :exc:`selenium.common.exceptions.TimeoutException` if timeout occurs\n        \"\"\"\n        screen = None\n        stacktrace = None\n    \n        end_time = time.monotonic() + self._timeout\n        while True:\n            try:\n                value = method(self._driver)\n                if value:\n                    return value\n            except self._ignored_exceptions as exc:\n                screen = getattr(exc, \"screen\", None)\n                stacktrace = getattr(exc, \"stacktrace\", None)\n            time.sleep(self._poll)\n            if time.monotonic() > end_time:\n                break\n>       raise TimeoutException(message, screen, stacktrace)\nE       selenium.common.exceptions.TimeoutException: Message: \nE       Stacktrace:\nE       #0 0x5562f82d7fba <unknown>\nE       #1 0x5562f7d5c6d0 <unknown>\nE       #2 0x5562f7dae2aa <unknown>\nE       #3 0x5562f7dae541 <unknown>\nE       #4 0x5562f7dfc6c4 <unknown>\nE       #5 0x5562f7dd3e5d <unknown>\nE       #6 0x5562f7df9b54 <unknown>\nE       #7 0x5562f7dd3c03 <unknown>\nE       #8 0x5562f7da07a8 <unknown>\nE       #9 0x5562f7da1421 <unknown>\nE       #10 0x5562f829cb28 <unknown>\nE       #11 0x5562f82a087f <unknown>\nE       #12 0x5562f8284c49 <unknown>\nE       #13 0x5562f82a1405 <unknown>\nE       #14 0x5562f826a4ff <unknown>\nE       #15 0x5562f82c5258 <unknown>\nE       #16 0x5562f82c5432 <unknown>\nE       #17 0x5562f82d6fa3 <unknown>\nE       #18 0x7f207c29caa4 <unknown>\nE       #19 0x7f207c329c6c <unknown>\n\n/opt/hostedtoolcache/Python/3.12.11/x64/lib/python3.12/site-packages/selenium/webdriver/support/wait.py:105: TimeoutException",
    "steps" : [ {
      "name" : "Заполнить поле email корректными данными",
      "time" : {
        "start" : 1760347498851,
        "stop" : 1760347499449,
        "duration" : 598
      },
      "status" : "passed",
      "steps" : [ {
        "name" : "Проверить видимость элемента",
        "time" : {
          "start" : 1760347498851,
          "stop" : 1760347499393,
          "duration" : 542
        },
        "status" : "passed",
        "steps" : [ {
          "name" : "Проверить присутствие элемента в DOM",
          "time" : {
            "start" : 1760347498851,
            "stop" : 1760347499371,
            "duration" : 520
          },
          "status" : "passed",
          "steps" : [ ],
          "attachments" : [ ],
          "parameters" : [ {
            "name" : "locator",
            "value" : "('css selector', 'input[type=\"email\"]')"
          } ],
          "stepsCount" : 0,
          "attachmentsCount" : 0,
          "shouldDisplayMessage" : false,
          "hasContent" : true
        }, {
          "name" : "Проскролить до элемента",
          "time" : {
            "start" : 1760347499371,
            "stop" : 1760347499376,
            "duration" : 5
          },
          "status" : "passed",
          "steps" : [ ],
          "attachments" : [ ],
          "parameters" : [ {
            "name" : "element",
            "value" : "<selenium.webdriver.remote.webelement.WebElement (session=\"e7cc3bb7dbc618f33c8fb09be84c77b8\", element=\"f.E33ED97D9B164BF20388C2E2BFC449CD.d.2026C7E9AEEF47ADDF9B39ABD953A789.e.8\")>"
          } ],
          "stepsCount" : 0,
          "attachmentsCount" : 0,
          "shouldDisplayMessage" : false,
          "hasContent" : true
        } ],
        "attachments" : [ ],
        "parameters" : [ {
          "name" : "locator",
          "value" : "('css selector', 'input[type=\"email\"]')"
        } ],
        "stepsCount" : 2,
        "attachmentsCount" : 0,
        "shouldDisplayMessage" : false,
        "hasContent" : true
      } ],
      "attachments" : [ ],
      "parameters" : [ ],
      "stepsCount" : 3,
      "attachmentsCount" : 0,
      "shouldDisplayMessage" : false,
      "hasContent" : true
    }, {
      "name" : "Заполнить поле пароль сильным паролем",
      "time" : {
        "start" : 1760347499449,
        "stop" : 1760347499508,
        "duration" : 59
      },
      "status" : "passed",
      "steps" : [ {
        "name" : "Проверить видимость элемента",
        "time" : {
          "start" : 1760347499449,
          "stop" : 1760347499473,
          "duration" : 24
        },
        "status" : "passed",
        "steps" : [ {
          "name" : "Проверить присутствие элемента в DOM",
          "time" : {
            "start" : 1760347499449,
            "stop" : 1760347499458,
            "duration" : 9
          },
          "status" : "passed",
          "steps" : [ ],
          "attachments" : [ ],
          "parameters" : [ {
            "name" : "locator",
            "value" : "('xpath', '(//input[@type=\"password\"])[1]')"
          } ],
          "stepsCount" : 0,
          "attachmentsCount" : 0,
          "shouldDisplayMessage" : false,
          "hasContent" : true
        }, {
          "name" : "Проскролить до элемента",
          "time" : {
            "start" : 1760347499458,
            "stop" : 1760347499461,
            "duration" : 3
          },
          "status" : "passed",
          "steps" : [ ],
          "attachments" : [ ],
          "parameters" : [ {
            "name" : "element",
            "value" : "<selenium.webdriver.remote.webelement.WebElement (session=\"e7cc3bb7dbc618f33c8fb09be84c77b8\", element=\"f.E33ED97D9B164BF20388C2E2BFC449CD.d.2026C7E9AEEF47ADDF9B39ABD953A789.e.5\")>"
          } ],
          "stepsCount" : 0,
          "attachmentsCount" : 0,
          "shouldDisplayMessage" : false,
          "hasContent" : true
        } ],
        "attachments" : [ ],
        "parameters" : [ {
          "name" : "locator",
          "value" : "('xpath', '(//input[@type=\"password\"])[1]')"
        } ],
        "stepsCount" : 2,
        "attachmentsCount" : 0,
        "shouldDisplayMessage" : false,
        "hasContent" : true
      } ],
      "attachments" : [ ],
      "parameters" : [ ],
      "stepsCount" : 3,
      "attachmentsCount" : 0,
      "shouldDisplayMessage" : false,
      "hasContent" : true
    }, {
      "name" : "Заполнить поле подтверждение пароля сильным паролем",
      "time" : {
        "start" : 1760347499508,
        "stop" : 1760347499595,
        "duration" : 87
      },
      "status" : "passed",
      "steps" : [ {
        "name" : "Проверить видимость элемента",
        "time" : {
          "start" : 1760347499509,
          "stop" : 1760347499540,
          "duration" : 31
        },
        "status" : "passed",
        "steps" : [ {
          "name" : "Проверить присутствие элемента в DOM",
          "time" : {
            "start" : 1760347499509,
            "stop" : 1760347499525,
            "duration" : 16
          },
          "status" : "passed",
          "steps" : [ ],
          "attachments" : [ ],
          "parameters" : [ {
            "name" : "locator",
            "value" : "('xpath', '(//input[@type=\"password\"])[2]')"
          } ],
          "stepsCount" : 0,
          "attachmentsCount" : 0,
          "shouldDisplayMessage" : false,
          "hasContent" : true
        }, {
          "name" : "Проскролить до элемента",
          "time" : {
            "start" : 1760347499525,
            "stop" : 1760347499529,
            "duration" : 4
          },
          "status" : "passed",
          "steps" : [ ],
          "attachments" : [ ],
          "parameters" : [ {
            "name" : "element",
            "value" : "<selenium.webdriver.remote.webelement.WebElement (session=\"e7cc3bb7dbc618f33c8fb09be84c77b8\", element=\"f.E33ED97D9B164BF20388C2E2BFC449CD.d.2026C7E9AEEF47ADDF9B39ABD953A789.e.6\")>"
          } ],
          "stepsCount" : 0,
          "attachmentsCount" : 0,
          "shouldDisplayMessage" : false,
          "hasContent" : true
        } ],
        "attachments" : [ ],
        "parameters" : [ {
          "name" : "locator",
          "value" : "('xpath', '(//input[@type=\"password\"])[2]')"
        } ],
        "stepsCount" : 2,
        "attachmentsCount" : 0,
        "shouldDisplayMessage" : false,
        "hasContent" : true
      } ],
      "attachments" : [ ],
      "parameters" : [ ],
      "stepsCount" : 3,
      "attachmentsCount" : 0,
      "shouldDisplayMessage" : false,
      "hasContent" : true
    }, {
      "name" : "Подтвердить изменения'",
      "time" : {
        "start" : 1760347499595,
        "stop" : 1760347499669,
        "duration" : 74
      },
      "status" : "passed",
      "steps" : [ {
        "name" : "Проверить видимость элемента",
        "time" : {
          "start" : 1760347499595,
          "stop" : 1760347499619,
          "duration" : 24
        },
        "status" : "passed",
        "steps" : [ {
          "name" : "Проверить присутствие элемента в DOM",
          "time" : {
            "start" : 1760347499595,
            "stop" : 1760347499604,
            "duration" : 9
          },
          "status" : "passed",
          "steps" : [ ],
          "attachments" : [ ],
          "parameters" : [ {
            "name" : "locator",
            "value" : "('css selector', 'button[type=\"submit\"]')"
          } ],
          "stepsCount" : 0,
          "attachmentsCount" : 0,
          "shouldDisplayMessage" : false,
          "hasContent" : true
        }, {
          "name" : "Проскролить до элемента",
          "time" : {
            "start" : 1760347499604,
            "stop" : 1760347499607,
            "duration" : 3
          },
          "status" : "passed",
          "steps" : [ ],
          "attachments" : [ ],
          "parameters" : [ {
            "name" : "element",
            "value" : "<selenium.webdriver.remote.webelement.WebElement (session=\"e7cc3bb7dbc618f33c8fb09be84c77b8\", element=\"f.E33ED97D9B164BF20388C2E2BFC449CD.d.2026C7E9AEEF47ADDF9B39ABD953A789.e.13\")>"
          } ],
          "stepsCount" : 0,
          "attachmentsCount" : 0,
          "shouldDisplayMessage" : false,
          "hasContent" : true
        } ],
        "attachments" : [ ],
        "parameters" : [ {
          "name" : "locator",
          "value" : "('css selector', 'button[type=\"submit\"]')"
        } ],
        "stepsCount" : 2,
        "attachmentsCount" : 0,
        "shouldDisplayMessage" : false,
        "hasContent" : true
      } ],
      "attachments" : [ ],
      "parameters" : [ ],
      "stepsCount" : 3,
      "attachmentsCount" : 0,
      "shouldDisplayMessage" : false,
      "hasContent" : true
    }, {
      "name" : "Получено сообщения о подтверждении регистрации",
      "time" : {
        "start" : 1760347499670,
        "stop" : 1760347559737,
        "duration" : 60067
      },
      "status" : "broken",
      "statusMessage" : "selenium.common.exceptions.TimeoutException: Message: \nStacktrace:\n#0 0x5562f82d7fba <unknown>\n#1 0x5562f7d5c6d0 <unknown>\n#2 0x5562f7dae2aa <unknown>\n#3 0x5562f7dae541 <unknown>\n#4 0x5562f7dfc6c4 <unknown>\n#5 0x5562f7dd3e5d <unknown>\n#6 0x5562f7df9b54 <unknown>\n#7 0x5562f7dd3c03 <unknown>\n#8 0x5562f7da07a8 <unknown>\n#9 0x5562f7da1421 <unknown>\n#10 0x5562f829cb28 <unknown>\n#11 0x5562f82a087f <unknown>\n#12 0x5562f8284c49 <unknown>\n#13 0x5562f82a1405 <unknown>\n#14 0x5562f826a4ff <unknown>\n#15 0x5562f82c5258 <unknown>\n#16 0x5562f82c5432 <unknown>\n#17 0x5562f82d6fa3 <unknown>\n#18 0x7f207c29caa4 <unknown>\n#19 0x7f207c329c6c <unknown>\n\n",
      "statusTrace" : "  File \"/opt/hostedtoolcache/Python/3.12.11/x64/lib/python3.12/site-packages/allure_commons/_allure.py\", line 192, in impl\n    return func(*a, **kw)\n           ^^^^^^^^^^^^^^\n  File \"/home/runner/work/PulseWave/PulseWave/pages/signup_page.py\", line 80, in get_send_invite_message\n    return self.element_is_visible(self.locator.SEND_INVITE_EMAIL)\n           ^^^^^^^^^^^^^^^^^^^^^^^^^^^^^^^^^^^^^^^^^^^^^^^^^^^^^^^\n  File \"/opt/hostedtoolcache/Python/3.12.11/x64/lib/python3.12/site-packages/allure_commons/_allure.py\", line 192, in impl\n    return func(*a, **kw)\n           ^^^^^^^^^^^^^^\n  File \"/home/runner/work/PulseWave/PulseWave/pages/base_page.py\", line 20, in element_is_visible\n    element = self.element_is_present(locator)\n              ^^^^^^^^^^^^^^^^^^^^^^^^^^^^^^^^\n  File \"/opt/hostedtoolcache/Python/3.12.11/x64/lib/python3.12/site-packages/allure_commons/_allure.py\", line 192, in impl\n    return func(*a, **kw)\n           ^^^^^^^^^^^^^^\n  File \"/home/runner/work/PulseWave/PulseWave/pages/base_page.py\", line 39, in element_is_present\n    return Wait(self.driver, self.timeout).until(es.presence_of_element_located(locator))\n           ^^^^^^^^^^^^^^^^^^^^^^^^^^^^^^^^^^^^^^^^^^^^^^^^^^^^^^^^^^^^^^^^^^^^^^^^^^^^^^\n  File \"/opt/hostedtoolcache/Python/3.12.11/x64/lib/python3.12/site-packages/selenium/webdriver/support/wait.py\", line 105, in until\n    raise TimeoutException(message, screen, stacktrace)\n",
      "steps" : [ {
        "name" : "Проверить видимость элемента",
        "time" : {
          "start" : 1760347499670,
          "stop" : 1760347559736,
          "duration" : 60066
        },
        "status" : "broken",
        "statusMessage" : "selenium.common.exceptions.TimeoutException: Message: \nStacktrace:\n#0 0x5562f82d7fba <unknown>\n#1 0x5562f7d5c6d0 <unknown>\n#2 0x5562f7dae2aa <unknown>\n#3 0x5562f7dae541 <unknown>\n#4 0x5562f7dfc6c4 <unknown>\n#5 0x5562f7dd3e5d <unknown>\n#6 0x5562f7df9b54 <unknown>\n#7 0x5562f7dd3c03 <unknown>\n#8 0x5562f7da07a8 <unknown>\n#9 0x5562f7da1421 <unknown>\n#10 0x5562f829cb28 <unknown>\n#11 0x5562f82a087f <unknown>\n#12 0x5562f8284c49 <unknown>\n#13 0x5562f82a1405 <unknown>\n#14 0x5562f826a4ff <unknown>\n#15 0x5562f82c5258 <unknown>\n#16 0x5562f82c5432 <unknown>\n#17 0x5562f82d6fa3 <unknown>\n#18 0x7f207c29caa4 <unknown>\n#19 0x7f207c329c6c <unknown>\n\n",
        "statusTrace" : "  File \"/opt/hostedtoolcache/Python/3.12.11/x64/lib/python3.12/site-packages/allure_commons/_allure.py\", line 192, in impl\n    return func(*a, **kw)\n           ^^^^^^^^^^^^^^\n  File \"/home/runner/work/PulseWave/PulseWave/pages/base_page.py\", line 20, in element_is_visible\n    element = self.element_is_present(locator)\n              ^^^^^^^^^^^^^^^^^^^^^^^^^^^^^^^^\n  File \"/opt/hostedtoolcache/Python/3.12.11/x64/lib/python3.12/site-packages/allure_commons/_allure.py\", line 192, in impl\n    return func(*a, **kw)\n           ^^^^^^^^^^^^^^\n  File \"/home/runner/work/PulseWave/PulseWave/pages/base_page.py\", line 39, in element_is_present\n    return Wait(self.driver, self.timeout).until(es.presence_of_element_located(locator))\n           ^^^^^^^^^^^^^^^^^^^^^^^^^^^^^^^^^^^^^^^^^^^^^^^^^^^^^^^^^^^^^^^^^^^^^^^^^^^^^^\n  File \"/opt/hostedtoolcache/Python/3.12.11/x64/lib/python3.12/site-packages/selenium/webdriver/support/wait.py\", line 105, in until\n    raise TimeoutException(message, screen, stacktrace)\n",
        "steps" : [ {
          "name" : "Проверить присутствие элемента в DOM",
          "time" : {
            "start" : 1760347499670,
            "stop" : 1760347559736,
            "duration" : 60066
          },
          "status" : "broken",
          "statusMessage" : "selenium.common.exceptions.TimeoutException: Message: \nStacktrace:\n#0 0x5562f82d7fba <unknown>\n#1 0x5562f7d5c6d0 <unknown>\n#2 0x5562f7dae2aa <unknown>\n#3 0x5562f7dae541 <unknown>\n#4 0x5562f7dfc6c4 <unknown>\n#5 0x5562f7dd3e5d <unknown>\n#6 0x5562f7df9b54 <unknown>\n#7 0x5562f7dd3c03 <unknown>\n#8 0x5562f7da07a8 <unknown>\n#9 0x5562f7da1421 <unknown>\n#10 0x5562f829cb28 <unknown>\n#11 0x5562f82a087f <unknown>\n#12 0x5562f8284c49 <unknown>\n#13 0x5562f82a1405 <unknown>\n#14 0x5562f826a4ff <unknown>\n#15 0x5562f82c5258 <unknown>\n#16 0x5562f82c5432 <unknown>\n#17 0x5562f82d6fa3 <unknown>\n#18 0x7f207c29caa4 <unknown>\n#19 0x7f207c329c6c <unknown>\n\n",
          "statusTrace" : "  File \"/opt/hostedtoolcache/Python/3.12.11/x64/lib/python3.12/site-packages/allure_commons/_allure.py\", line 192, in impl\n    return func(*a, **kw)\n           ^^^^^^^^^^^^^^\n  File \"/home/runner/work/PulseWave/PulseWave/pages/base_page.py\", line 39, in element_is_present\n    return Wait(self.driver, self.timeout).until(es.presence_of_element_located(locator))\n           ^^^^^^^^^^^^^^^^^^^^^^^^^^^^^^^^^^^^^^^^^^^^^^^^^^^^^^^^^^^^^^^^^^^^^^^^^^^^^^\n  File \"/opt/hostedtoolcache/Python/3.12.11/x64/lib/python3.12/site-packages/selenium/webdriver/support/wait.py\", line 105, in until\n    raise TimeoutException(message, screen, stacktrace)\n",
          "steps" : [ ],
          "attachments" : [ ],
          "parameters" : [ {
            "name" : "locator",
            "value" : "('class name', 'form__texts')"
          } ],
          "stepsCount" : 0,
          "attachmentsCount" : 0,
          "shouldDisplayMessage" : true,
          "hasContent" : true
        } ],
        "attachments" : [ ],
        "parameters" : [ {
          "name" : "locator",
          "value" : "('class name', 'form__texts')"
        } ],
        "stepsCount" : 1,
        "attachmentsCount" : 0,
        "shouldDisplayMessage" : false,
        "hasContent" : true
      } ],
      "attachments" : [ ],
      "parameters" : [ ],
      "stepsCount" : 2,
      "attachmentsCount" : 0,
      "shouldDisplayMessage" : false,
      "hasContent" : true
    } ],
    "attachments" : [ {
      "uid" : "d9af7d65086cd1ac",
      "name" : "Screenshot",
      "source" : "d9af7d65086cd1ac.png",
      "type" : "image/png",
      "size" : 67453
    }, {
      "uid" : "e8bbaddf00b70d63",
      "name" : "HTML source",
      "source" : "e8bbaddf00b70d63.html",
      "type" : "text/html",
      "size" : 43318
    } ],
    "parameters" : [ ],
    "stepsCount" : 19,
    "attachmentsCount" : 2,
    "shouldDisplayMessage" : true,
    "hasContent" : true
  },
  "afterStages" : [ {
    "name" : "driver::0",
    "time" : {
      "start" : 1760347559810,
      "stop" : 1760347559875,
      "duration" : 65
    },
    "status" : "passed",
    "steps" : [ ],
    "attachments" : [ ],
    "parameters" : [ ],
    "stepsCount" : 0,
    "attachmentsCount" : 0,
    "shouldDisplayMessage" : false,
    "hasContent" : false
  } ],
  "labels" : [ {
    "name" : "epic",
    "value" : "Тестирование страницы 'Регистрация'"
  }, {
    "name" : "tag",
    "value" : "smoke"
  }, {
    "name" : "parentSuite",
    "value" : "tests.ui_tests"
  }, {
    "name" : "suite",
    "value" : "signup_page_test"
  }, {
    "name" : "subSuite",
    "value" : "TestSignupPage"
  }, {
    "name" : "host",
    "value" : "runnervmwhb2z"
  }, {
    "name" : "thread",
    "value" : "2618-MainThread"
  }, {
    "name" : "framework",
    "value" : "pytest"
  }, {
    "name" : "language",
    "value" : "cpython3"
  }, {
    "name" : "package",
    "value" : "tests.ui_tests.signup_page_test"
  }, {
    "name" : "resultFormat",
    "value" : "allure2"
  } ],
  "parameters" : [ ],
  "links" : [ ],
  "hidden" : false,
  "retry" : false,
  "extra" : {
    "severity" : "normal",
    "retries" : [ ],
    "categories" : [ {
      "name" : "Test defects",
      "matchedStatuses" : [ ],
      "flaky" : false
    } ],
    "history" : {
      "statistic" : {
        "failed" : 12,
        "broken" : 5,
        "skipped" : 0,
        "passed" : 119,
        "unknown" : 0,
        "total" : 136
      },
      "items" : [ {
        "uid" : "2ef2ff3a4a0a5c01",
        "reportUrl" : "https://Nat754.github.io/PulseWave/539//#testresult/2ef2ff3a4a0a5c01",
        "status" : "passed",
        "time" : {
          "start" : 1760241189354,
          "stop" : 1760241198349,
          "duration" : 8995
        }
      }, {
        "uid" : "ffc297ae85a4d2e9",
        "reportUrl" : "https://Nat754.github.io/PulseWave/538//#testresult/ffc297ae85a4d2e9",
        "status" : "passed",
        "time" : {
          "start" : 1760154391340,
          "stop" : 1760154403742,
          "duration" : 12402
        }
      }, {
        "uid" : "6177ae27a5f80f89",
        "reportUrl" : "https://Nat754.github.io/PulseWave/537//#testresult/6177ae27a5f80f89",
        "status" : "passed",
        "time" : {
          "start" : 1760068430750,
          "stop" : 1760068443311,
          "duration" : 12561
        }
      }, {
        "uid" : "4dc45df61cac6e03",
        "reportUrl" : "https://Nat754.github.io/PulseWave/536//#testresult/4dc45df61cac6e03",
        "status" : "passed",
        "time" : {
          "start" : 1759981958254,
          "stop" : 1759981968064,
          "duration" : 9810
        }
      }, {
        "uid" : "57bf71c3daac0e65",
        "reportUrl" : "https://Nat754.github.io/PulseWave/535//#testresult/57bf71c3daac0e65",
        "status" : "passed",
        "time" : {
          "start" : 1759895454797,
          "stop" : 1759895464676,
          "duration" : 9879
        }
      }, {
        "uid" : "4e59af258c46e7fb",
        "reportUrl" : "https://Nat754.github.io/PulseWave/534//#testresult/4e59af258c46e7fb",
        "status" : "passed",
        "time" : {
          "start" : 1759809121019,
          "stop" : 1759809131576,
          "duration" : 10557
        }
      }, {
        "uid" : "2f7a77732efa76f8",
        "reportUrl" : "https://Nat754.github.io/PulseWave/533//#testresult/2f7a77732efa76f8",
        "status" : "passed",
        "time" : {
          "start" : 1759722802285,
          "stop" : 1759722809710,
          "duration" : 7425
        }
      }, {
        "uid" : "b0439639c4970a0d",
        "reportUrl" : "https://Nat754.github.io/PulseWave/532//#testresult/b0439639c4970a0d",
        "status" : "passed",
        "time" : {
          "start" : 1759636483236,
          "stop" : 1759636491485,
          "duration" : 8249
        }
      }, {
        "uid" : "21792c8fb232f895",
        "reportUrl" : "https://Nat754.github.io/PulseWave/531//#testresult/21792c8fb232f895",
        "status" : "passed",
        "time" : {
          "start" : 1759549329992,
          "stop" : 1759549338946,
          "duration" : 8954
        }
      }, {
        "uid" : "ef505a7746691d6",
        "reportUrl" : "https://Nat754.github.io/PulseWave/530//#testresult/ef505a7746691d6",
        "status" : "passed",
        "time" : {
          "start" : 1759492015410,
          "stop" : 1759492026109,
          "duration" : 10699
        }
      }, {
        "uid" : "e23bbd71cfb50a76",
        "reportUrl" : "https://Nat754.github.io/PulseWave/530//#testresult/e23bbd71cfb50a76",
        "status" : "passed",
        "time" : {
          "start" : 1759463193804,
          "stop" : 1759463215790,
          "duration" : 21986
        }
      }, {
        "uid" : "bdc5d42b6a1f35a6",
        "reportUrl" : "https://Nat754.github.io/PulseWave/529//#testresult/bdc5d42b6a1f35a6",
        "status" : "passed",
        "time" : {
          "start" : 1759376850337,
          "stop" : 1759376857975,
          "duration" : 7638
        }
      }, {
        "uid" : "4a3d9ac938255f66",
        "reportUrl" : "https://Nat754.github.io/PulseWave/528//#testresult/4a3d9ac938255f66",
        "status" : "passed",
        "time" : {
          "start" : 1759291393160,
          "stop" : 1759291402646,
          "duration" : 9486
        }
      }, {
        "uid" : "cc7c3ae9c73a1f75",
        "reportUrl" : "https://Nat754.github.io/PulseWave/527//#testresult/cc7c3ae9c73a1f75",
        "status" : "passed",
        "time" : {
          "start" : 1759262610277,
          "stop" : 1759262622768,
          "duration" : 12491
        }
      }, {
        "uid" : "8d184eb1ae72211a",
        "reportUrl" : "https://Nat754.github.io/PulseWave/527//#testresult/8d184eb1ae72211a",
        "status" : "passed",
        "time" : {
          "start" : 1759204290790,
          "stop" : 1759204300337,
          "duration" : 9547
        }
      }, {
        "uid" : "8bfba19d8629170a",
        "reportUrl" : "https://Nat754.github.io/PulseWave/526//#testresult/8bfba19d8629170a",
        "status" : "passed",
        "time" : {
          "start" : 1759118204708,
          "stop" : 1759118212292,
          "duration" : 7584
        }
      }, {
        "uid" : "cea02e0a90468849",
        "reportUrl" : "https://Nat754.github.io/PulseWave/525//#testresult/cea02e0a90468849",
        "status" : "passed",
        "time" : {
          "start" : 1759031951694,
          "stop" : 1759031997099,
          "duration" : 45405
        }
      }, {
        "uid" : "757b081a21945299",
        "reportUrl" : "https://Nat754.github.io/PulseWave/524//#testresult/757b081a21945299",
        "status" : "passed",
        "time" : {
          "start" : 1758944917841,
          "stop" : 1758944931491,
          "duration" : 13650
        }
      }, {
        "uid" : "71e14d06ef46ea00",
        "reportUrl" : "https://Nat754.github.io/PulseWave/523//#testresult/71e14d06ef46ea00",
        "status" : "passed",
        "time" : {
          "start" : 1758858766144,
          "stop" : 1758858777473,
          "duration" : 11329
        }
      }, {
        "uid" : "4a2619914cfbe9e4",
        "reportUrl" : "https://Nat754.github.io/PulseWave/522//#testresult/4a2619914cfbe9e4",
        "status" : "passed",
        "time" : {
          "start" : 1758772451222,
          "stop" : 1758772461247,
          "duration" : 10025
        }
      } ]
    },
    "tags" : [ "smoke" ]
  },
  "source" : "b440a50540ed7dd5.json",
  "parameterValues" : [ ]
}