{
  "uid" : "ce14706659700664",
  "name" : "A.28 POST Регистрация пользователя без подтверждения подписки",
  "fullName" : "tests.api_tests.api_test.TestAPI#test_post_create_user_no_subscriber",
  "historyId" : "0dee10005e3a6201b3d3a18a26fbd3b9",
  "time" : {
    "start" : 1760346126530,
    "stop" : 1760346127834,
    "duration" : 1304
  },
  "status" : "failed",
  "statusMessage" : "AssertionError: Unexpected status code. Expected: 201. Actual: 400",
  "statusTrace" : "self = <tests.api_tests.api_test.TestAPI object at 0x7f5ae339f290>\nuse_api_base = <api_testing.api_base.ApiBase object at 0x7f5ae33fa150>\n\n    @allure.title(\"A.28 POST Регистрация пользователя без подтверждения подписки\")\n    def test_post_create_user_no_subscriber(self, use_api_base):\n        url = f'{self.link.BASE_URL}auth/users/'\n        response = requests.post(url, json=self.constant.CREATE_USER_NO_SUBSCRIBER)\n>       Assertions.assert_status_code(response, self.code.STATUS_201)\n\ntests/api_tests/api_test.py:289: \n_ _ _ _ _ _ _ _ _ _ _ _ _ _ _ _ _ _ _ _ _ _ _ _ _ _ _ _ _ _ _ _ _ _ _ _ _ _ _ _ \n\nresponse = <Response [400]>, expected_status_code = 201\n\n    @staticmethod\n    def assert_status_code(response: Response, expected_status_code: int):\n        actual_status_code = response.status_code\n        with allure.step(f\"Expected status {expected_status_code}\"):\n>           assert actual_status_code == expected_status_code, \\\n                f\"Unexpected status code. Expected: {expected_status_code}. Actual: {actual_status_code}\"\nE           AssertionError: Unexpected status code. Expected: 201. Actual: 400\n\napi_testing/assertions.py:11: AssertionError",
  "flaky" : false,
  "newFailed" : true,
  "beforeStages" : [ {
    "name" : "_session_faker",
    "time" : {
      "start" : 1760326821367,
      "stop" : 1760326821382,
      "duration" : 15
    },
    "status" : "passed",
    "steps" : [ ],
    "attachments" : [ ],
    "parameters" : [ ],
    "stepsCount" : 0,
    "attachmentsCount" : 0,
    "shouldDisplayMessage" : false,
    "hasContent" : false
  }, {
    "name" : "use_api_base",
    "time" : {
      "start" : 1760346126530,
      "stop" : 1760346126530,
      "duration" : 0
    },
    "status" : "passed",
    "steps" : [ ],
    "attachments" : [ ],
    "parameters" : [ ],
    "stepsCount" : 0,
    "attachmentsCount" : 0,
    "shouldDisplayMessage" : false,
    "hasContent" : false
  }, {
    "name" : "clear_allure_result_folder",
    "time" : {
      "start" : 1760326821383,
      "stop" : 1760326821383,
      "duration" : 0
    },
    "status" : "passed",
    "steps" : [ ],
    "attachments" : [ ],
    "parameters" : [ ],
    "stepsCount" : 0,
    "attachmentsCount" : 0,
    "shouldDisplayMessage" : false,
    "hasContent" : false
  } ],
  "testStage" : {
    "status" : "failed",
    "statusMessage" : "AssertionError: Unexpected status code. Expected: 201. Actual: 400",
    "statusTrace" : "self = <tests.api_tests.api_test.TestAPI object at 0x7f5ae339f290>\nuse_api_base = <api_testing.api_base.ApiBase object at 0x7f5ae33fa150>\n\n    @allure.title(\"A.28 POST Регистрация пользователя без подтверждения подписки\")\n    def test_post_create_user_no_subscriber(self, use_api_base):\n        url = f'{self.link.BASE_URL}auth/users/'\n        response = requests.post(url, json=self.constant.CREATE_USER_NO_SUBSCRIBER)\n>       Assertions.assert_status_code(response, self.code.STATUS_201)\n\ntests/api_tests/api_test.py:289: \n_ _ _ _ _ _ _ _ _ _ _ _ _ _ _ _ _ _ _ _ _ _ _ _ _ _ _ _ _ _ _ _ _ _ _ _ _ _ _ _ \n\nresponse = <Response [400]>, expected_status_code = 201\n\n    @staticmethod\n    def assert_status_code(response: Response, expected_status_code: int):\n        actual_status_code = response.status_code\n        with allure.step(f\"Expected status {expected_status_code}\"):\n>           assert actual_status_code == expected_status_code, \\\n                f\"Unexpected status code. Expected: {expected_status_code}. Actual: {actual_status_code}\"\nE           AssertionError: Unexpected status code. Expected: 201. Actual: 400\n\napi_testing/assertions.py:11: AssertionError",
    "steps" : [ {
      "name" : "Expected status 201",
      "time" : {
        "start" : 1760346127834,
        "stop" : 1760346127834,
        "duration" : 0
      },
      "status" : "failed",
      "statusMessage" : "AssertionError: Unexpected status code. Expected: 201. Actual: 400\n",
      "statusTrace" : "  File \"/home/runner/work/PulseWave/PulseWave/api_testing/assertions.py\", line 11, in assert_status_code\n    assert actual_status_code == expected_status_code, \\\n           ^^^^^^^^^^^^^^^^^^^^^^^^^^^^^^^^^^^^^^^^^^\n",
      "steps" : [ ],
      "attachments" : [ ],
      "parameters" : [ ],
      "stepsCount" : 0,
      "attachmentsCount" : 0,
      "shouldDisplayMessage" : true,
      "hasContent" : true
    } ],
    "attachments" : [ ],
    "parameters" : [ ],
    "stepsCount" : 1,
    "attachmentsCount" : 0,
    "shouldDisplayMessage" : true,
    "hasContent" : true
  },
  "afterStages" : [ ],
  "labels" : [ {
    "name" : "epic",
    "value" : "Тестирование API"
  }, {
    "name" : "tag",
    "value" : "smoke"
  }, {
    "name" : "parentSuite",
    "value" : "tests.api_tests"
  }, {
    "name" : "suite",
    "value" : "api_test"
  }, {
    "name" : "subSuite",
    "value" : "TestAPI"
  }, {
    "name" : "host",
    "value" : "runnervmwhb2z"
  }, {
    "name" : "thread",
    "value" : "2618-MainThread"
  }, {
    "name" : "framework",
    "value" : "pytest"
  }, {
    "name" : "language",
    "value" : "cpython3"
  }, {
    "name" : "package",
    "value" : "tests.api_tests.api_test"
  }, {
    "name" : "resultFormat",
    "value" : "allure2"
  } ],
  "parameters" : [ ],
  "links" : [ ],
  "hidden" : false,
  "retry" : false,
  "extra" : {
    "severity" : "normal",
    "retries" : [ ],
    "categories" : [ {
      "name" : "Product defects",
      "matchedStatuses" : [ ],
      "flaky" : false
    } ],
    "history" : {
      "statistic" : {
        "failed" : 3,
        "broken" : 0,
        "skipped" : 0,
        "passed" : 135,
        "unknown" : 0,
        "total" : 138
      },
      "items" : [ {
        "uid" : "a47c05bd1d8ef26d",
        "reportUrl" : "https://Nat754.github.io/PulseWave/539//#testresult/a47c05bd1d8ef26d",
        "status" : "passed",
        "time" : {
          "start" : 1760239982378,
          "stop" : 1760239983213,
          "duration" : 835
        }
      }, {
        "uid" : "5f9a70778370eb6d",
        "reportUrl" : "https://Nat754.github.io/PulseWave/538//#testresult/5f9a70778370eb6d",
        "status" : "passed",
        "time" : {
          "start" : 1760153078971,
          "stop" : 1760153079953,
          "duration" : 982
        }
      }, {
        "uid" : "8d39588b14dd9312",
        "reportUrl" : "https://Nat754.github.io/PulseWave/537//#testresult/8d39588b14dd9312",
        "status" : "passed",
        "time" : {
          "start" : 1760067113881,
          "stop" : 1760067114907,
          "duration" : 1026
        }
      }, {
        "uid" : "107bced86f4d2e25",
        "reportUrl" : "https://Nat754.github.io/PulseWave/536//#testresult/107bced86f4d2e25",
        "status" : "passed",
        "time" : {
          "start" : 1759980696630,
          "stop" : 1759980697605,
          "duration" : 975
        }
      }, {
        "uid" : "7343e94e617947ae",
        "reportUrl" : "https://Nat754.github.io/PulseWave/535//#testresult/7343e94e617947ae",
        "status" : "passed",
        "time" : {
          "start" : 1759894198079,
          "stop" : 1759894198995,
          "duration" : 916
        }
      }, {
        "uid" : "4263d3999e4759c2",
        "reportUrl" : "https://Nat754.github.io/PulseWave/534//#testresult/4263d3999e4759c2",
        "status" : "passed",
        "time" : {
          "start" : 1759807831474,
          "stop" : 1759807832534,
          "duration" : 1060
        }
      }, {
        "uid" : "e1f55289d9dac6ab",
        "reportUrl" : "https://Nat754.github.io/PulseWave/533//#testresult/e1f55289d9dac6ab",
        "status" : "passed",
        "time" : {
          "start" : 1759721596696,
          "stop" : 1759721597504,
          "duration" : 808
        }
      }, {
        "uid" : "f5180f3f662b40e9",
        "reportUrl" : "https://Nat754.github.io/PulseWave/532//#testresult/f5180f3f662b40e9",
        "status" : "passed",
        "time" : {
          "start" : 1759635300258,
          "stop" : 1759635301040,
          "duration" : 782
        }
      }, {
        "uid" : "e9b4a17efcb754c9",
        "reportUrl" : "https://Nat754.github.io/PulseWave/531//#testresult/e9b4a17efcb754c9",
        "status" : "passed",
        "time" : {
          "start" : 1759548121394,
          "stop" : 1759548122278,
          "duration" : 884
        }
      }, {
        "uid" : "b77a716cb5454e6a",
        "reportUrl" : "https://Nat754.github.io/PulseWave/530//#testresult/b77a716cb5454e6a",
        "status" : "passed",
        "time" : {
          "start" : 1759490703057,
          "stop" : 1759490704205,
          "duration" : 1148
        }
      }, {
        "uid" : "d8bf3ecaf81a60d5",
        "reportUrl" : "https://Nat754.github.io/PulseWave/530//#testresult/d8bf3ecaf81a60d5",
        "status" : "passed",
        "time" : {
          "start" : 1759462011695,
          "stop" : 1759462012779,
          "duration" : 1084
        }
      }, {
        "uid" : "6de03a2fd64b1503",
        "reportUrl" : "https://Nat754.github.io/PulseWave/529//#testresult/6de03a2fd64b1503",
        "status" : "passed",
        "time" : {
          "start" : 1759375670369,
          "stop" : 1759375671197,
          "duration" : 828
        }
      }, {
        "uid" : "b178e4f361f066ec",
        "reportUrl" : "https://Nat754.github.io/PulseWave/528//#testresult/b178e4f361f066ec",
        "status" : "passed",
        "time" : {
          "start" : 1759290100021,
          "stop" : 1759290100933,
          "duration" : 912
        }
      }, {
        "uid" : "db38b1692f81d908",
        "reportUrl" : "https://Nat754.github.io/PulseWave/527//#testresult/db38b1692f81d908",
        "status" : "passed",
        "time" : {
          "start" : 1759261428844,
          "stop" : 1759261429618,
          "duration" : 774
        }
      }, {
        "uid" : "b8931a6c6eb61a10",
        "reportUrl" : "https://Nat754.github.io/PulseWave/527//#testresult/b8931a6c6eb61a10",
        "status" : "passed",
        "time" : {
          "start" : 1759203028226,
          "stop" : 1759203029215,
          "duration" : 989
        }
      }, {
        "uid" : "d1b34d4621119502",
        "reportUrl" : "https://Nat754.github.io/PulseWave/526//#testresult/d1b34d4621119502",
        "status" : "passed",
        "time" : {
          "start" : 1759116980808,
          "stop" : 1759116981652,
          "duration" : 844
        }
      }, {
        "uid" : "ab3bb09f1f3bd545",
        "reportUrl" : "https://Nat754.github.io/PulseWave/525//#testresult/ab3bb09f1f3bd545",
        "status" : "passed",
        "time" : {
          "start" : 1759030642875,
          "stop" : 1759030643911,
          "duration" : 1036
        }
      }, {
        "uid" : "3b6cc2ea9458195d",
        "reportUrl" : "https://Nat754.github.io/PulseWave/524//#testresult/3b6cc2ea9458195d",
        "status" : "passed",
        "time" : {
          "start" : 1758943615096,
          "stop" : 1758943616035,
          "duration" : 939
        }
      }, {
        "uid" : "68afb925575aa50d",
        "reportUrl" : "https://Nat754.github.io/PulseWave/523//#testresult/68afb925575aa50d",
        "status" : "passed",
        "time" : {
          "start" : 1758857489623,
          "stop" : 1758857490555,
          "duration" : 932
        }
      }, {
        "uid" : "d9e29052cecc3e28",
        "reportUrl" : "https://Nat754.github.io/PulseWave/522//#testresult/d9e29052cecc3e28",
        "status" : "passed",
        "time" : {
          "start" : 1758771143328,
          "stop" : 1758771144374,
          "duration" : 1046
        }
      } ]
    },
    "tags" : [ "smoke" ]
  },
  "source" : "ce14706659700664.json",
  "parameterValues" : [ ]
}