{
  "uid" : "684b635a2f395a3d",
  "name" : "2.1 POST Создать пользователя с корректными данными",
  "fullName" : "tests.test_api.test_api.TestAPI#test_post_auth_user",
  "historyId" : "d9a2437627bbe237bdf3b37bffffa3b2",
  "time" : {
    "start" : 1747419131393,
    "stop" : 1747419133306,
    "duration" : 1913
  },
  "status" : "failed",
  "statusMessage" : "AssertionError: Unexpected status code. Expected: 201. Actual: 400",
  "statusTrace" : "self = <tests.test_api.test_api.TestAPI object at 0x7f3a2416a2d0>\n\n    @allure.title(\"2.1 POST Создать пользователя с корректными данными\")\n    def test_post_auth_user(self):\n        url = f'{self.link.BASE_URL}auth/users/'\n        response = requests.post(url, json=self.constant.CREATE_USER)\n>       Assertions.assert_status_code(response, self.code.STATUS_201)\n\ntests/test_api/test_api.py:34: \n_ _ _ _ _ _ _ _ _ _ _ _ _ _ _ _ _ _ _ _ _ _ _ _ _ _ _ _ _ _ _ _ _ _ _ _ _ _ _ _ \n\nresponse = <Response [400]>, expected_status_code = 201\n\n    @staticmethod\n    def assert_status_code(response: Response, expected_status_code: int):\n        actual_status_code = response.status_code\n        with allure.step(f\"Expected status {expected_status_code}\"):\n>           assert actual_status_code == expected_status_code, \\\n                f\"Unexpected status code. Expected: {expected_status_code}. Actual: {actual_status_code}\"\nE           AssertionError: Unexpected status code. Expected: 201. Actual: 400\n\napi_testing/assertions.py:11: AssertionError",
  "flaky" : true,
  "newFailed" : true,
  "beforeStages" : [ ],
  "testStage" : {
    "status" : "failed",
    "statusMessage" : "AssertionError: Unexpected status code. Expected: 201. Actual: 400",
    "statusTrace" : "self = <tests.test_api.test_api.TestAPI object at 0x7f3a2416a2d0>\n\n    @allure.title(\"2.1 POST Создать пользователя с корректными данными\")\n    def test_post_auth_user(self):\n        url = f'{self.link.BASE_URL}auth/users/'\n        response = requests.post(url, json=self.constant.CREATE_USER)\n>       Assertions.assert_status_code(response, self.code.STATUS_201)\n\ntests/test_api/test_api.py:34: \n_ _ _ _ _ _ _ _ _ _ _ _ _ _ _ _ _ _ _ _ _ _ _ _ _ _ _ _ _ _ _ _ _ _ _ _ _ _ _ _ \n\nresponse = <Response [400]>, expected_status_code = 201\n\n    @staticmethod\n    def assert_status_code(response: Response, expected_status_code: int):\n        actual_status_code = response.status_code\n        with allure.step(f\"Expected status {expected_status_code}\"):\n>           assert actual_status_code == expected_status_code, \\\n                f\"Unexpected status code. Expected: {expected_status_code}. Actual: {actual_status_code}\"\nE           AssertionError: Unexpected status code. Expected: 201. Actual: 400\n\napi_testing/assertions.py:11: AssertionError",
    "steps" : [ {
      "name" : "Expected status 201",
      "time" : {
        "start" : 1747419133305,
        "stop" : 1747419133306,
        "duration" : 1
      },
      "status" : "failed",
      "statusMessage" : "AssertionError: Unexpected status code. Expected: 201. Actual: 400\n",
      "statusTrace" : "  File \"/home/runner/work/PulseWave/PulseWave/api_testing/assertions.py\", line 11, in assert_status_code\n    assert actual_status_code == expected_status_code, \\\n           ^^^^^^^^^^^^^^^^^^^^^^^^^^^^^^^^^^^^^^^^^^\n",
      "steps" : [ ],
      "attachments" : [ ],
      "parameters" : [ ],
      "stepsCount" : 0,
      "attachmentsCount" : 0,
      "shouldDisplayMessage" : true,
      "hasContent" : true
    } ],
    "attachments" : [ ],
    "parameters" : [ ],
    "stepsCount" : 1,
    "attachmentsCount" : 0,
    "shouldDisplayMessage" : true,
    "hasContent" : true
  },
  "afterStages" : [ ],
  "labels" : [ {
    "name" : "epic",
    "value" : "Тестирование API"
  }, {
    "name" : "parentSuite",
    "value" : "tests.test_api"
  }, {
    "name" : "suite",
    "value" : "test_api"
  }, {
    "name" : "subSuite",
    "value" : "TestAPI"
  }, {
    "name" : "host",
    "value" : "pkrvmf6wy0o8zjz"
  }, {
    "name" : "thread",
    "value" : "2623-MainThread"
  }, {
    "name" : "framework",
    "value" : "pytest"
  }, {
    "name" : "language",
    "value" : "cpython3"
  }, {
    "name" : "package",
    "value" : "tests.test_api.test_api"
  }, {
    "name" : "resultFormat",
    "value" : "allure2"
  } ],
  "parameters" : [ ],
  "links" : [ ],
  "hidden" : false,
  "retry" : false,
  "extra" : {
    "severity" : "normal",
    "retries" : [ ],
    "categories" : [ {
      "name" : "Product defects",
      "matchedStatuses" : [ ],
      "flaky" : false
    } ],
    "history" : {
      "statistic" : {
        "failed" : 42,
        "broken" : 2,
        "skipped" : 27,
        "passed" : 375,
        "unknown" : 0,
        "total" : 446
      },
      "items" : [ {
        "uid" : "48b6193cdc03ca90",
        "reportUrl" : "https://Nat754.github.io/PulseWave/390//#testresult/48b6193cdc03ca90",
        "status" : "passed",
        "time" : {
          "start" : 1747332717077,
          "stop" : 1747332718325,
          "duration" : 1248
        }
      }, {
        "uid" : "e6f8bb90b00e69df",
        "reportUrl" : "https://Nat754.github.io/PulseWave/389//#testresult/e6f8bb90b00e69df",
        "status" : "failed",
        "statusDetails" : "AssertionError: Unexpected status code. Expected: 201. Actual: 400",
        "time" : {
          "start" : 1747246277833,
          "stop" : 1747246278598,
          "duration" : 765
        }
      }, {
        "uid" : "f9aa32eaa26835ac",
        "reportUrl" : "https://Nat754.github.io/PulseWave/388//#testresult/f9aa32eaa26835ac",
        "status" : "failed",
        "statusDetails" : "AssertionError: Unexpected status code. Expected: 201. Actual: 400",
        "time" : {
          "start" : 1747159952117,
          "stop" : 1747159953270,
          "duration" : 1153
        }
      }, {
        "uid" : "d7029b17a94de78",
        "reportUrl" : "https://Nat754.github.io/PulseWave/386//#testresult/d7029b17a94de78",
        "status" : "passed",
        "time" : {
          "start" : 1746987016463,
          "stop" : 1746987018134,
          "duration" : 1671
        }
      }, {
        "uid" : "f32a27cf0eff2c85",
        "reportUrl" : "https://Nat754.github.io/PulseWave/385//#testresult/f32a27cf0eff2c85",
        "status" : "passed",
        "time" : {
          "start" : 1746900591289,
          "stop" : 1746900592229,
          "duration" : 940
        }
      }, {
        "uid" : "b8ed9f2f44ee5d35",
        "reportUrl" : "https://Nat754.github.io/PulseWave/384//#testresult/b8ed9f2f44ee5d35",
        "status" : "passed",
        "time" : {
          "start" : 1746814286782,
          "stop" : 1746814288070,
          "duration" : 1288
        }
      }, {
        "uid" : "a8dcaf9e1e521801",
        "reportUrl" : "https://Nat754.github.io/PulseWave/383//#testresult/a8dcaf9e1e521801",
        "status" : "passed",
        "time" : {
          "start" : 1746727915823,
          "stop" : 1746727916606,
          "duration" : 783
        }
      }, {
        "uid" : "e3ab62483926ac60",
        "reportUrl" : "https://Nat754.github.io/PulseWave/382//#testresult/e3ab62483926ac60",
        "status" : "passed",
        "time" : {
          "start" : 1746641538746,
          "stop" : 1746641539716,
          "duration" : 970
        }
      }, {
        "uid" : "3f09f90272e65dea",
        "reportUrl" : "https://Nat754.github.io/PulseWave/381//#testresult/3f09f90272e65dea",
        "status" : "passed",
        "time" : {
          "start" : 1746555109730,
          "stop" : 1746555111460,
          "duration" : 1730
        }
      }, {
        "uid" : "a04373ce7c036baa",
        "reportUrl" : "https://Nat754.github.io/PulseWave/380//#testresult/a04373ce7c036baa",
        "status" : "passed",
        "time" : {
          "start" : 1746468573264,
          "stop" : 1746468574287,
          "duration" : 1023
        }
      }, {
        "uid" : "1726b532b6a44d07",
        "reportUrl" : "https://Nat754.github.io/PulseWave/379//#testresult/1726b532b6a44d07",
        "status" : "passed",
        "time" : {
          "start" : 1746428321671,
          "stop" : 1746428323116,
          "duration" : 1445
        }
      }, {
        "uid" : "9280acdb0f34f4a1",
        "reportUrl" : "https://Nat754.github.io/PulseWave/379//#testresult/9280acdb0f34f4a1",
        "status" : "passed",
        "time" : {
          "start" : 1746422670713,
          "stop" : 1746422672307,
          "duration" : 1594
        }
      }, {
        "uid" : "657e26463ff88165",
        "reportUrl" : "https://Nat754.github.io/PulseWave/379//#testresult/657e26463ff88165",
        "status" : "passed",
        "time" : {
          "start" : 1746382206580,
          "stop" : 1746382208383,
          "duration" : 1803
        }
      }, {
        "uid" : "5cba3781d1a8369a",
        "reportUrl" : "https://Nat754.github.io/PulseWave/378//#testresult/5cba3781d1a8369a",
        "status" : "passed",
        "time" : {
          "start" : 1746295806736,
          "stop" : 1746295807684,
          "duration" : 948
        }
      }, {
        "uid" : "ffdf64cd6f5f5e97",
        "reportUrl" : "https://Nat754.github.io/PulseWave/377//#testresult/ffdf64cd6f5f5e97",
        "status" : "passed",
        "time" : {
          "start" : 1746209494366,
          "stop" : 1746209495821,
          "duration" : 1455
        }
      }, {
        "uid" : "76f440087f37cb4e",
        "reportUrl" : "https://Nat754.github.io/PulseWave/376//#testresult/76f440087f37cb4e",
        "status" : "passed",
        "time" : {
          "start" : 1746123096792,
          "stop" : 1746123098198,
          "duration" : 1406
        }
      }, {
        "uid" : "b9589205b3e6a487",
        "reportUrl" : "https://Nat754.github.io/PulseWave/375//#testresult/b9589205b3e6a487",
        "status" : "passed",
        "time" : {
          "start" : 1746077786964,
          "stop" : 1746077788327,
          "duration" : 1363
        }
      }, {
        "uid" : "579660cb3650b86",
        "reportUrl" : "https://Nat754.github.io/PulseWave/375//#testresult/579660cb3650b86",
        "status" : "failed",
        "statusDetails" : "AssertionError: Unexpected status code. Expected: 201. Actual: 400",
        "time" : {
          "start" : 1746036695219,
          "stop" : 1746036695867,
          "duration" : 648
        }
      }, {
        "uid" : "e9bdfde47aeb018b",
        "reportUrl" : "https://Nat754.github.io/PulseWave/374//#testresult/e9bdfde47aeb018b",
        "status" : "passed",
        "time" : {
          "start" : 1745950325140,
          "stop" : 1745950326437,
          "duration" : 1297
        }
      }, {
        "uid" : "cae262d4ad79ad55",
        "reportUrl" : "https://Nat754.github.io/PulseWave/373//#testresult/cae262d4ad79ad55",
        "status" : "passed",
        "time" : {
          "start" : 1745863938534,
          "stop" : 1745863939924,
          "duration" : 1390
        }
      } ]
    },
    "tags" : [ ]
  },
  "source" : "684b635a2f395a3d.json",
  "parameterValues" : [ ]
}