{
  "uid" : "481c1e902f11280d",
  "name" : "POST Создать стикер к задаче",
  "fullName" : "tests.test_api.test_api.TestAPI#test_post_api_task_id_sticker",
  "historyId" : "15c7beb0356344830714c93b55aa7dfe",
  "time" : {
    "start" : 1718332244901,
    "stop" : 1718332254496,
    "duration" : 9595
  },
  "status" : "skipped",
  "statusMessage" : "XFAIL\n\nAssertionError: Unexpected status code. Expected: 201. Actual: 500",
  "statusTrace" : "self = <tests.test_api.test_api.TestAPI object at 0x7fd3dbdafa70>\nuse_api_base = <api_testing.api_base.ApiBase object at 0x7fd3db73fdd0>\n\n    @pytest.mark.xfail\n    @allure.title(\"POST Создать стикер к задаче\")\n    def test_post_api_task_id_sticker(self, use_api_base):\n        jwt = use_api_base.create_jwt(email1, password0)\n        column_id, task_id = use_api_base.get_column_task_id()\n        url = f'{self.constant.BASE_URL}api/task/{task_id}/sticker/'\n        response = requests.post(url, headers={'accept': 'application/json', 'Authorization': f\"{jwt}\"},\n                                 json={\"name\": faker.first_name(), \"color\": random.choice(self.constant.COLOR_STICKER)})\n>       Assertions.assert_status_code(response, self.code.STATUS_201)\n\ntests/test_api/test_api.py:480: \n_ _ _ _ _ _ _ _ _ _ _ _ _ _ _ _ _ _ _ _ _ _ _ _ _ _ _ _ _ _ _ _ _ _ _ _ _ _ _ _ \n\nresponse = <Response [500]>, expected_status_code = 201\n\n    @staticmethod\n    def assert_status_code(response: Response, expected_status_code: int):\n        actual_status_code = response.status_code\n        with allure.step(f\"Expected status {expected_status_code}\"):\n>           assert actual_status_code == expected_status_code, \\\n                f\"Unexpected status code. Expected: {expected_status_code}. Actual: {actual_status_code}\"\nE           AssertionError: Unexpected status code. Expected: 201. Actual: 500\n\napi_testing/assertions.py:11: AssertionError",
  "flaky" : false,
  "newFailed" : false,
  "beforeStages" : [ {
    "name" : "use_api_base",
    "time" : {
      "start" : 1718332244901,
      "stop" : 1718332244901,
      "duration" : 0
    },
    "status" : "passed",
    "steps" : [ ],
    "attachments" : [ ],
    "parameters" : [ ],
    "attachmentsCount" : 0,
    "shouldDisplayMessage" : false,
    "hasContent" : false,
    "stepsCount" : 0
  }, {
    "name" : "clear_allure_results_folder",
    "time" : {
      "start" : 1718331981170,
      "stop" : 1718331981170,
      "duration" : 0
    },
    "status" : "passed",
    "steps" : [ ],
    "attachments" : [ ],
    "parameters" : [ ],
    "attachmentsCount" : 0,
    "shouldDisplayMessage" : false,
    "hasContent" : false,
    "stepsCount" : 0
  }, {
    "name" : "_session_faker",
    "time" : {
      "start" : 1718331981152,
      "stop" : 1718331981169,
      "duration" : 17
    },
    "status" : "passed",
    "steps" : [ ],
    "attachments" : [ ],
    "parameters" : [ ],
    "attachmentsCount" : 0,
    "shouldDisplayMessage" : false,
    "hasContent" : false,
    "stepsCount" : 0
  } ],
  "testStage" : {
    "status" : "skipped",
    "statusMessage" : "XFAIL\n\nAssertionError: Unexpected status code. Expected: 201. Actual: 500",
    "statusTrace" : "self = <tests.test_api.test_api.TestAPI object at 0x7fd3dbdafa70>\nuse_api_base = <api_testing.api_base.ApiBase object at 0x7fd3db73fdd0>\n\n    @pytest.mark.xfail\n    @allure.title(\"POST Создать стикер к задаче\")\n    def test_post_api_task_id_sticker(self, use_api_base):\n        jwt = use_api_base.create_jwt(email1, password0)\n        column_id, task_id = use_api_base.get_column_task_id()\n        url = f'{self.constant.BASE_URL}api/task/{task_id}/sticker/'\n        response = requests.post(url, headers={'accept': 'application/json', 'Authorization': f\"{jwt}\"},\n                                 json={\"name\": faker.first_name(), \"color\": random.choice(self.constant.COLOR_STICKER)})\n>       Assertions.assert_status_code(response, self.code.STATUS_201)\n\ntests/test_api/test_api.py:480: \n_ _ _ _ _ _ _ _ _ _ _ _ _ _ _ _ _ _ _ _ _ _ _ _ _ _ _ _ _ _ _ _ _ _ _ _ _ _ _ _ \n\nresponse = <Response [500]>, expected_status_code = 201\n\n    @staticmethod\n    def assert_status_code(response: Response, expected_status_code: int):\n        actual_status_code = response.status_code\n        with allure.step(f\"Expected status {expected_status_code}\"):\n>           assert actual_status_code == expected_status_code, \\\n                f\"Unexpected status code. Expected: {expected_status_code}. Actual: {actual_status_code}\"\nE           AssertionError: Unexpected status code. Expected: 201. Actual: 500\n\napi_testing/assertions.py:11: AssertionError",
    "steps" : [ {
      "name" : "Получить access токен пользователя на емайл",
      "time" : {
        "start" : 1718332244901,
        "stop" : 1718332246094,
        "duration" : 1193
      },
      "status" : "passed",
      "steps" : [ ],
      "attachments" : [ ],
      "parameters" : [ ],
      "attachmentsCount" : 0,
      "shouldDisplayMessage" : false,
      "hasContent" : false,
      "stepsCount" : 0
    }, {
      "name" : "Получить id задачи",
      "time" : {
        "start" : 1718332246094,
        "stop" : 1718332253844,
        "duration" : 7750
      },
      "status" : "passed",
      "steps" : [ {
        "name" : "Получить access токен пользователя на емайл",
        "time" : {
          "start" : 1718332246094,
          "stop" : 1718332247277,
          "duration" : 1183
        },
        "status" : "passed",
        "steps" : [ ],
        "attachments" : [ ],
        "parameters" : [ ],
        "attachmentsCount" : 0,
        "shouldDisplayMessage" : false,
        "hasContent" : false,
        "stepsCount" : 0
      }, {
        "name" : "Получить id колонки",
        "time" : {
          "start" : 1718332247278,
          "stop" : 1718332253274,
          "duration" : 5996
        },
        "status" : "passed",
        "steps" : [ {
          "name" : "Получить access токен пользователя на емайл",
          "time" : {
            "start" : 1718332247278,
            "stop" : 1718332248632,
            "duration" : 1354
          },
          "status" : "passed",
          "steps" : [ ],
          "attachments" : [ ],
          "parameters" : [ ],
          "attachmentsCount" : 0,
          "shouldDisplayMessage" : false,
          "hasContent" : false,
          "stepsCount" : 0
        }, {
          "name" : "Получить id доски",
          "time" : {
            "start" : 1718332248633,
            "stop" : 1718332252133,
            "duration" : 3500
          },
          "status" : "passed",
          "steps" : [ {
            "name" : "Получить access токен пользователя на емайл",
            "time" : {
              "start" : 1718332248633,
              "stop" : 1718332249795,
              "duration" : 1162
            },
            "status" : "passed",
            "steps" : [ ],
            "attachments" : [ ],
            "parameters" : [ ],
            "attachmentsCount" : 0,
            "shouldDisplayMessage" : false,
            "hasContent" : false,
            "stepsCount" : 0
          }, {
            "name" : "Получить id рабочего пространства",
            "time" : {
              "start" : 1718332249796,
              "stop" : 1718332251556,
              "duration" : 1760
            },
            "status" : "passed",
            "steps" : [ {
              "name" : "Получить access токен пользователя на емайл",
              "time" : {
                "start" : 1718332249796,
                "stop" : 1718332250932,
                "duration" : 1136
              },
              "status" : "passed",
              "steps" : [ ],
              "attachments" : [ ],
              "parameters" : [ ],
              "attachmentsCount" : 0,
              "shouldDisplayMessage" : false,
              "hasContent" : false,
              "stepsCount" : 0
            } ],
            "attachments" : [ ],
            "parameters" : [ ],
            "attachmentsCount" : 0,
            "shouldDisplayMessage" : false,
            "hasContent" : true,
            "stepsCount" : 1
          } ],
          "attachments" : [ ],
          "parameters" : [ ],
          "attachmentsCount" : 0,
          "shouldDisplayMessage" : false,
          "hasContent" : true,
          "stepsCount" : 3
        } ],
        "attachments" : [ ],
        "parameters" : [ ],
        "attachmentsCount" : 0,
        "shouldDisplayMessage" : false,
        "hasContent" : true,
        "stepsCount" : 5
      } ],
      "attachments" : [ ],
      "parameters" : [ ],
      "attachmentsCount" : 0,
      "shouldDisplayMessage" : false,
      "hasContent" : true,
      "stepsCount" : 7
    }, {
      "name" : "Expected status 201",
      "time" : {
        "start" : 1718332254495,
        "stop" : 1718332254495,
        "duration" : 0
      },
      "status" : "failed",
      "statusMessage" : "AssertionError: Unexpected status code. Expected: 201. Actual: 500\n",
      "statusTrace" : "  File \"/home/runner/work/PulseWave/PulseWave/api_testing/assertions.py\", line 11, in assert_status_code\n    assert actual_status_code == expected_status_code, \\\n           ^^^^^^^^^^^^^^^^^^^^^^^^^^^^^^^^^^^^^^^^^^\n",
      "steps" : [ ],
      "attachments" : [ ],
      "parameters" : [ ],
      "attachmentsCount" : 0,
      "shouldDisplayMessage" : true,
      "hasContent" : true,
      "stepsCount" : 0
    } ],
    "attachments" : [ ],
    "parameters" : [ ],
    "attachmentsCount" : 0,
    "shouldDisplayMessage" : true,
    "hasContent" : true,
    "stepsCount" : 10
  },
  "afterStages" : [ ],
  "labels" : [ {
    "name" : "epic",
    "value" : "Тестирование API"
  }, {
    "name" : "tag",
    "value" : "@pytest.mark.xfail"
  }, {
    "name" : "parentSuite",
    "value" : "tests.test_api"
  }, {
    "name" : "suite",
    "value" : "test_api"
  }, {
    "name" : "subSuite",
    "value" : "TestAPI"
  }, {
    "name" : "host",
    "value" : "fv-az887-100"
  }, {
    "name" : "thread",
    "value" : "2267-MainThread"
  }, {
    "name" : "framework",
    "value" : "pytest"
  }, {
    "name" : "language",
    "value" : "cpython3"
  }, {
    "name" : "package",
    "value" : "tests.test_api.test_api"
  }, {
    "name" : "resultFormat",
    "value" : "allure2"
  } ],
  "parameters" : [ ],
  "links" : [ ],
  "hidden" : false,
  "retry" : false,
  "extra" : {
    "severity" : "normal",
    "retries" : [ ],
    "categories" : [ ],
    "history" : {
      "statistic" : {
        "failed" : 0,
        "broken" : 0,
        "skipped" : 62,
        "passed" : 0,
        "unknown" : 0,
        "total" : 62
      },
      "items" : [ {
        "uid" : "861602323a0fb53a",
        "reportUrl" : "https://Nat754.github.io/PulseWave/54//#testresult/861602323a0fb53a",
        "status" : "skipped",
        "statusDetails" : "XFAIL\n\nAssertionError: Unexpected status code. Expected: 201. Actual: 500",
        "time" : {
          "start" : 1718245886572,
          "stop" : 1718245900207,
          "duration" : 13635
        }
      }, {
        "uid" : "99ae7b2c45f230e5",
        "reportUrl" : "https://Nat754.github.io/PulseWave/53//#testresult/99ae7b2c45f230e5",
        "status" : "skipped",
        "statusDetails" : "XFAIL\n\nAssertionError: Unexpected status code. Expected: 201. Actual: 500",
        "time" : {
          "start" : 1718159546607,
          "stop" : 1718159559604,
          "duration" : 12997
        }
      }, {
        "uid" : "846b5c7fa411d348",
        "reportUrl" : "https://Nat754.github.io/PulseWave/52//#testresult/846b5c7fa411d348",
        "status" : "skipped",
        "statusDetails" : "XFAIL\n\nAssertionError: Unexpected status code. Expected: 201. Actual: 500",
        "time" : {
          "start" : 1718073056263,
          "stop" : 1718073067320,
          "duration" : 11057
        }
      }, {
        "uid" : "43e162be35fdf13a",
        "reportUrl" : "https://Nat754.github.io/PulseWave/51//#testresult/43e162be35fdf13a",
        "status" : "skipped",
        "statusDetails" : "XFAIL\n\nAssertionError: Unexpected status code. Expected: 201. Actual: 500",
        "time" : {
          "start" : 1717986759187,
          "stop" : 1717986768870,
          "duration" : 9683
        }
      }, {
        "uid" : "11f08b33a87bd160",
        "reportUrl" : "https://Nat754.github.io/PulseWave/50//#testresult/11f08b33a87bd160",
        "status" : "skipped",
        "statusDetails" : "XFAIL\n\nAssertionError: Unexpected status code. Expected: 201. Actual: 500",
        "time" : {
          "start" : 1717900476468,
          "stop" : 1717900489397,
          "duration" : 12929
        }
      }, {
        "uid" : "f5502ee53fcc07ea",
        "reportUrl" : "https://Nat754.github.io/PulseWave/49//#testresult/f5502ee53fcc07ea",
        "status" : "skipped",
        "statusDetails" : "XFAIL\n\nAssertionError: Unexpected status code. Expected: 201. Actual: 500",
        "time" : {
          "start" : 1717813733958,
          "stop" : 1717813744729,
          "duration" : 10771
        }
      }, {
        "uid" : "7425f87f366b5a47",
        "reportUrl" : "https://Nat754.github.io/PulseWave/48//#testresult/7425f87f366b5a47",
        "status" : "skipped",
        "statusDetails" : "XFAIL\n\nAssertionError: Unexpected status code. Expected: 201. Actual: 500",
        "time" : {
          "start" : 1717727503155,
          "stop" : 1717727514733,
          "duration" : 11578
        }
      }, {
        "uid" : "f66a3990f4194772",
        "reportUrl" : "https://Nat754.github.io/PulseWave/47//#testresult/f66a3990f4194772",
        "status" : "skipped",
        "statusDetails" : "XFAIL\n\nAssertionError: Unexpected status code. Expected: 201. Actual: 500",
        "time" : {
          "start" : 1717640974751,
          "stop" : 1717640986737,
          "duration" : 11986
        }
      }, {
        "uid" : "df40eb3ecd31de5a",
        "reportUrl" : "https://Nat754.github.io/PulseWave/46//#testresult/df40eb3ecd31de5a",
        "status" : "skipped",
        "statusDetails" : "XFAIL\n\nAssertionError: Unexpected status code. Expected: 201. Actual: 500",
        "time" : {
          "start" : 1717554535454,
          "stop" : 1717554545019,
          "duration" : 9565
        }
      }, {
        "uid" : "8043e2cac2b36c82",
        "reportUrl" : "https://Nat754.github.io/PulseWave/45//#testresult/8043e2cac2b36c82",
        "status" : "skipped",
        "statusDetails" : "XFAIL\n\nAssertionError: Unexpected status code. Expected: 201. Actual: 500",
        "time" : {
          "start" : 1717468141858,
          "stop" : 1717468151464,
          "duration" : 9606
        }
      }, {
        "uid" : "e0b4d0c7f6c588f7",
        "reportUrl" : "https://Nat754.github.io/PulseWave/44//#testresult/e0b4d0c7f6c588f7",
        "status" : "skipped",
        "statusDetails" : "XFAIL\n\nAssertionError: Unexpected status code. Expected: 201. Actual: 500",
        "time" : {
          "start" : 1717381867014,
          "stop" : 1717381880460,
          "duration" : 13446
        }
      }, {
        "uid" : "da17813575d631c1",
        "reportUrl" : "https://Nat754.github.io/PulseWave/43//#testresult/da17813575d631c1",
        "status" : "skipped",
        "statusDetails" : "XFAIL\n\nAssertionError: Unexpected status code. Expected: 201. Actual: 500",
        "time" : {
          "start" : 1717295553241,
          "stop" : 1717295563139,
          "duration" : 9898
        }
      }, {
        "uid" : "13e864b318b2c517",
        "reportUrl" : "https://Nat754.github.io/PulseWave/42//#testresult/13e864b318b2c517",
        "status" : "skipped",
        "statusDetails" : "XFAIL\n\nAssertionError: Unexpected status code. Expected: 201. Actual: 500",
        "time" : {
          "start" : 1717209163185,
          "stop" : 1717209175315,
          "duration" : 12130
        }
      }, {
        "uid" : "b6a1f74e7e39f4de",
        "reportUrl" : "https://Nat754.github.io/PulseWave/41//#testresult/b6a1f74e7e39f4de",
        "status" : "skipped",
        "statusDetails" : "XFAIL\n\nAssertionError: Unexpected status code. Expected: 201. Actual: 500",
        "time" : {
          "start" : 1717122574588,
          "stop" : 1717122587216,
          "duration" : 12628
        }
      }, {
        "uid" : "4e13fd110e6824d8",
        "reportUrl" : "https://Nat754.github.io/PulseWave/40//#testresult/4e13fd110e6824d8",
        "status" : "skipped",
        "statusDetails" : "XFAIL\n\nAssertionError: Unexpected status code. Expected: 201. Actual: 500",
        "time" : {
          "start" : 1717036118023,
          "stop" : 1717036127305,
          "duration" : 9282
        }
      }, {
        "uid" : "d905bcf26e1351fa",
        "reportUrl" : "https://Nat754.github.io/PulseWave/39//#testresult/d905bcf26e1351fa",
        "status" : "skipped",
        "statusDetails" : "XFAIL\n\nAssertionError: Unexpected status code. Expected: 201. Actual: 500",
        "time" : {
          "start" : 1716949782693,
          "stop" : 1716949791572,
          "duration" : 8879
        }
      }, {
        "uid" : "d1347ae7e0a82b2d",
        "reportUrl" : "https://Nat754.github.io/PulseWave/38//#testresult/d1347ae7e0a82b2d",
        "status" : "skipped",
        "statusDetails" : "XFAIL\n\nAssertionError: Unexpected status code. Expected: 201. Actual: 500",
        "time" : {
          "start" : 1716863308917,
          "stop" : 1716863318949,
          "duration" : 10032
        }
      }, {
        "uid" : "3087a8619d600d62",
        "reportUrl" : "https://Nat754.github.io/PulseWave/37//#testresult/3087a8619d600d62",
        "status" : "skipped",
        "statusDetails" : "XFAIL\n\nAssertionError: Unexpected status code. Expected: 201. Actual: 500",
        "time" : {
          "start" : 1716776929744,
          "stop" : 1716776940160,
          "duration" : 10416
        }
      }, {
        "uid" : "a8a73f2185660d20",
        "reportUrl" : "https://Nat754.github.io/PulseWave/36//#testresult/a8a73f2185660d20",
        "status" : "skipped",
        "statusDetails" : "XFAIL\n\nAssertionError: Unexpected status code. Expected: 201. Actual: 500",
        "time" : {
          "start" : 1716690605244,
          "stop" : 1716690615807,
          "duration" : 10563
        }
      }, {
        "uid" : "33390ab19c10b847",
        "reportUrl" : "https://Nat754.github.io/PulseWave/34//#testresult/33390ab19c10b847",
        "status" : "skipped",
        "statusDetails" : "XFAIL\n\nAssertionError: Unexpected status code. Expected: 201. Actual: 500",
        "time" : {
          "start" : 1716638758027,
          "stop" : 1716638767705,
          "duration" : 9678
        }
      } ]
    },
    "tags" : [ "@pytest.mark.xfail" ]
  },
  "source" : "481c1e902f11280d.json",
  "parameterValues" : [ ]
}