{
  "uid" : "38f27d62f66695a9",
  "name" : "POST Создать пользователя с корректными данными",
  "fullName" : "tests.test_api.test_api.TestAPI#test_post_auth_user",
  "historyId" : "d9a2437627bbe237bdf3b37bffffa3b2",
  "time" : {
    "start" : 1714962123227,
    "stop" : 1714962134235,
    "duration" : 11008
  },
  "status" : "skipped",
  "statusMessage" : "XFAIL\n\nAssertionError: Unexpected status code. Expected: 201. Actual: 400",
  "statusTrace" : "self = <tests.test_api.test_api.TestAPI object at 0x7f64ca3da8a0>\n\n    @pytest.mark.xfail\n    @allure.title(\"POST Создать пользователя с корректными данными\")\n    def test_post_auth_user(self):\n        url = f'{self.constant.BASE_URL}auth/users/'\n        response = requests.post(url, json=self.constant.CREATE_USER)\n        time.sleep(10)\n>       Assertions.assert_status_code(response, self.code.STATUS_201)\n\ntests/test_api/test_api.py:27: \n_ _ _ _ _ _ _ _ _ _ _ _ _ _ _ _ _ _ _ _ _ _ _ _ _ _ _ _ _ _ _ _ _ _ _ _ _ _ _ _ \n\nresponse = <Response [400]>, expected_status_code = 201\n\n    @staticmethod\n    def assert_status_code(response: Response, expected_status_code: int):\n        actual_status_code = response.status_code\n        with allure.step(f\"Expected status {expected_status_code}\"):\n>           assert actual_status_code == expected_status_code, \\\n                f\"Unexpected status code. Expected: {expected_status_code}. Actual: {actual_status_code}\"\nE           AssertionError: Unexpected status code. Expected: 201. Actual: 400\n\napi_testing/assertions.py:11: AssertionError",
  "flaky" : false,
  "newFailed" : false,
  "beforeStages" : [ {
    "name" : "_session_faker",
    "time" : {
      "start" : 1714962123210,
      "stop" : 1714962123227,
      "duration" : 17
    },
    "status" : "passed",
    "steps" : [ ],
    "attachments" : [ ],
    "parameters" : [ ],
    "stepsCount" : 0,
    "attachmentsCount" : 0,
    "shouldDisplayMessage" : false,
    "hasContent" : false
  }, {
    "name" : "clear_allure_results_folder",
    "time" : {
      "start" : 1714962123227,
      "stop" : 1714962123227,
      "duration" : 0
    },
    "status" : "passed",
    "steps" : [ ],
    "attachments" : [ ],
    "parameters" : [ ],
    "stepsCount" : 0,
    "attachmentsCount" : 0,
    "shouldDisplayMessage" : false,
    "hasContent" : false
  } ],
  "testStage" : {
    "status" : "skipped",
    "statusMessage" : "XFAIL\n\nAssertionError: Unexpected status code. Expected: 201. Actual: 400",
    "statusTrace" : "self = <tests.test_api.test_api.TestAPI object at 0x7f64ca3da8a0>\n\n    @pytest.mark.xfail\n    @allure.title(\"POST Создать пользователя с корректными данными\")\n    def test_post_auth_user(self):\n        url = f'{self.constant.BASE_URL}auth/users/'\n        response = requests.post(url, json=self.constant.CREATE_USER)\n        time.sleep(10)\n>       Assertions.assert_status_code(response, self.code.STATUS_201)\n\ntests/test_api/test_api.py:27: \n_ _ _ _ _ _ _ _ _ _ _ _ _ _ _ _ _ _ _ _ _ _ _ _ _ _ _ _ _ _ _ _ _ _ _ _ _ _ _ _ \n\nresponse = <Response [400]>, expected_status_code = 201\n\n    @staticmethod\n    def assert_status_code(response: Response, expected_status_code: int):\n        actual_status_code = response.status_code\n        with allure.step(f\"Expected status {expected_status_code}\"):\n>           assert actual_status_code == expected_status_code, \\\n                f\"Unexpected status code. Expected: {expected_status_code}. Actual: {actual_status_code}\"\nE           AssertionError: Unexpected status code. Expected: 201. Actual: 400\n\napi_testing/assertions.py:11: AssertionError",
    "steps" : [ {
      "name" : "Expected status 201",
      "time" : {
        "start" : 1714962134235,
        "stop" : 1714962134235,
        "duration" : 0
      },
      "status" : "failed",
      "statusMessage" : "AssertionError: Unexpected status code. Expected: 201. Actual: 400\n",
      "statusTrace" : "  File \"/home/runner/work/PulseWave/PulseWave/api_testing/assertions.py\", line 11, in assert_status_code\n    assert actual_status_code == expected_status_code, \\\n           ^^^^^^^^^^^^^^^^^^^^^^^^^^^^^^^^^^^^^^^^^^\n",
      "steps" : [ ],
      "attachments" : [ ],
      "parameters" : [ ],
      "stepsCount" : 0,
      "attachmentsCount" : 0,
      "shouldDisplayMessage" : true,
      "hasContent" : true
    } ],
    "attachments" : [ ],
    "parameters" : [ ],
    "stepsCount" : 1,
    "attachmentsCount" : 0,
    "shouldDisplayMessage" : true,
    "hasContent" : true
  },
  "afterStages" : [ ],
  "labels" : [ {
    "name" : "epic",
    "value" : "Тестирование API"
  }, {
    "name" : "tag",
    "value" : "@pytest.mark.xfail"
  }, {
    "name" : "parentSuite",
    "value" : "tests.test_api"
  }, {
    "name" : "suite",
    "value" : "test_api"
  }, {
    "name" : "subSuite",
    "value" : "TestAPI"
  }, {
    "name" : "host",
    "value" : "fv-az1210-542"
  }, {
    "name" : "thread",
    "value" : "2299-MainThread"
  }, {
    "name" : "framework",
    "value" : "pytest"
  }, {
    "name" : "language",
    "value" : "cpython3"
  }, {
    "name" : "package",
    "value" : "tests.test_api.test_api"
  }, {
    "name" : "resultFormat",
    "value" : "allure2"
  } ],
  "parameters" : [ ],
  "links" : [ ],
  "hidden" : false,
  "retry" : false,
  "extra" : {
    "severity" : "normal",
    "retries" : [ ],
    "categories" : [ ],
    "history" : {
      "statistic" : {
        "failed" : 0,
        "broken" : 0,
        "skipped" : 19,
        "passed" : 2,
        "unknown" : 0,
        "total" : 21
      },
      "items" : [ {
        "uid" : "2f3e01f68def39c7",
        "reportUrl" : "https://Nat754.github.io/PulseWave/15//#testresult/2f3e01f68def39c7",
        "status" : "skipped",
        "statusDetails" : "XFAIL\n\nAssertionError: Unexpected status code. Expected: 201. Actual: 400",
        "time" : {
          "start" : 1714875678227,
          "stop" : 1714875689363,
          "duration" : 11136
        }
      }, {
        "uid" : "9a8a67074c7c3fe7",
        "reportUrl" : "https://Nat754.github.io/PulseWave/14//#testresult/9a8a67074c7c3fe7",
        "status" : "passed",
        "statusDetails" : "XPASS",
        "time" : {
          "start" : 1714827258321,
          "stop" : 1714827270593,
          "duration" : 12272
        }
      }, {
        "uid" : "5444a504d3d6cb27",
        "reportUrl" : "https://Nat754.github.io/PulseWave/14//#testresult/5444a504d3d6cb27",
        "status" : "skipped",
        "statusDetails" : "XFAIL\n\nAssertionError: Unexpected status code. Expected: 201. Actual: 400",
        "time" : {
          "start" : 1714788984079,
          "stop" : 1714788995384,
          "duration" : 11305
        }
      }, {
        "uid" : "ac59531509390651",
        "reportUrl" : "https://Nat754.github.io/PulseWave/13//#testresult/ac59531509390651",
        "status" : "skipped",
        "statusDetails" : "XFAIL\n\nAssertionError: Unexpected status code. Expected: 201. Actual: 400",
        "time" : {
          "start" : 1714702850482,
          "stop" : 1714702861373,
          "duration" : 10891
        }
      }, {
        "uid" : "1cdf8f5e1ca09d26",
        "reportUrl" : "https://Nat754.github.io/PulseWave/12//#testresult/1cdf8f5e1ca09d26",
        "status" : "skipped",
        "statusDetails" : "XFAIL\n\nAssertionError: Unexpected status code. Expected: 201. Actual: 400",
        "time" : {
          "start" : 1714616301925,
          "stop" : 1714616313061,
          "duration" : 11136
        }
      }, {
        "uid" : "d9001cef932f0e04",
        "reportUrl" : "https://Nat754.github.io/PulseWave/11//#testresult/d9001cef932f0e04",
        "status" : "skipped",
        "statusDetails" : "XFAIL\n\nAssertionError: Unexpected status code. Expected: 201. Actual: 504",
        "time" : {
          "start" : 1714530176376,
          "stop" : 1714530247899,
          "duration" : 71523
        }
      }, {
        "uid" : "8ef89cc59709138b",
        "reportUrl" : "https://Nat754.github.io/PulseWave/10//#testresult/8ef89cc59709138b",
        "status" : "skipped",
        "statusDetails" : "XFAIL\n\nrequests.exceptions.ConnectionError: HTTPSConnectionPool(host='owa.pulsewave.ru', port=443): Max retries exceeded with url: /auth/users/ (Caused by NewConnectionError('<urllib3.connection.HTTPSConnection object at 0x7f17c85d8170>: Failed to establish a new connection: [Errno 111] Connection refused'))",
        "time" : {
          "start" : 1714443483373,
          "stop" : 1714443484137,
          "duration" : 764
        }
      }, {
        "uid" : "7a0d5eb931327874",
        "reportUrl" : "https://Nat754.github.io/PulseWave/9//#testresult/7a0d5eb931327874",
        "status" : "skipped",
        "statusDetails" : "XFAIL\n\nrequests.exceptions.ConnectionError: HTTPSConnectionPool(host='owa.pulsewave.ru', port=443): Max retries exceeded with url: /auth/users/ (Caused by NewConnectionError('<urllib3.connection.HTTPSConnection object at 0x7f7972e30320>: Failed to establish a new connection: [Errno 111] Connection refused'))",
        "time" : {
          "start" : 1714357159973,
          "stop" : 1714357160553,
          "duration" : 580
        }
      }, {
        "uid" : "d3ae0fbac46bb22d",
        "reportUrl" : "https://Nat754.github.io/PulseWave/8//#testresult/d3ae0fbac46bb22d",
        "status" : "skipped",
        "statusDetails" : "XFAIL\n\nrequests.exceptions.SSLError: HTTPSConnectionPool(host='owa.pulsewave.ru', port=443): Max retries exceeded with url: /auth/users/ (Caused by SSLError(SSLCertVerificationError(1, '[SSL: CERTIFICATE_VERIFY_FAILED] certificate verify failed: self-signed certificate (_ssl.c:1000)')))",
        "time" : {
          "start" : 1714270943308,
          "stop" : 1714270944484,
          "duration" : 1176
        }
      }, {
        "uid" : "299022442145c12b",
        "reportUrl" : "https://Nat754.github.io/PulseWave/7//#testresult/299022442145c12b",
        "status" : "skipped",
        "statusDetails" : "XFAIL\n\nAssertionError: Unexpected status code. Expected: 201. Actual: 400",
        "time" : {
          "start" : 1714184249480,
          "stop" : 1714184260840,
          "duration" : 11360
        }
      }, {
        "uid" : "f2aab3de2ca11e86",
        "reportUrl" : "https://Nat754.github.io/PulseWave/6//#testresult/f2aab3de2ca11e86",
        "status" : "passed",
        "statusDetails" : "XPASS",
        "time" : {
          "start" : 1714147821202,
          "stop" : 1714147833622,
          "duration" : 12420
        }
      }, {
        "uid" : "441fdc13dc8b98bb",
        "reportUrl" : "https://Nat754.github.io/PulseWave/6//#testresult/441fdc13dc8b98bb",
        "status" : "skipped",
        "statusDetails" : "XFAIL\n\nAssertionError: Unexpected status code. Expected: 201. Actual: 400",
        "time" : {
          "start" : 1714097882029,
          "stop" : 1714097893153,
          "duration" : 11124
        }
      }, {
        "uid" : "cf33291fc4561bc0",
        "reportUrl" : "https://Nat754.github.io/PulseWave/5//#testresult/cf33291fc4561bc0",
        "status" : "skipped",
        "statusDetails" : "XFAIL\n\nAssertionError: Unexpected status code. Expected: 201. Actual: 400",
        "time" : {
          "start" : 1714013808007,
          "stop" : 1714013819007,
          "duration" : 11000
        }
      }, {
        "uid" : "7ebb2344eb9a31be",
        "reportUrl" : "https://Nat754.github.io/PulseWave/211//#testresult/7ebb2344eb9a31be",
        "status" : "skipped",
        "statusDetails" : "XFAIL\n\nAssertionError: Unexpected status code. Expected: 201. Actual: 400",
        "time" : {
          "start" : 1713945247871,
          "stop" : 1713945258821,
          "duration" : 10950
        }
      }, {
        "uid" : "f672fef5ff2be685",
        "reportUrl" : "https://Nat754.github.io/PulseWave/4//#testresult/f672fef5ff2be685",
        "status" : "skipped",
        "statusDetails" : "XFAIL\n\nAssertionError: Unexpected status code. Expected: 201. Actual: 400",
        "time" : {
          "start" : 1713925073848,
          "stop" : 1713925084793,
          "duration" : 10945
        }
      }, {
        "uid" : "cf2ffbdf0358eba7",
        "reportUrl" : "https://Nat754.github.io/PulseWave/211//#testresult/cf2ffbdf0358eba7",
        "status" : "skipped",
        "statusDetails" : "XFAIL\n\nAssertionError: Unexpected status code. Expected: 201. Actual: 400",
        "time" : {
          "start" : 1713900878471,
          "stop" : 1713900889550,
          "duration" : 11079
        }
      }, {
        "uid" : "30ea5ec83cc4d9cb",
        "reportUrl" : "https://Nat754.github.io/PulseWave/210//#testresult/30ea5ec83cc4d9cb",
        "status" : "skipped",
        "statusDetails" : "XFAIL\n\nAssertionError: Unexpected status code. Expected: 201. Actual: 400",
        "time" : {
          "start" : 1713884974879,
          "stop" : 1713884986102,
          "duration" : 11223
        }
      }, {
        "uid" : "4119f92fb3141989",
        "reportUrl" : "https://Nat754.github.io/PulseWave/209//#testresult/4119f92fb3141989",
        "status" : "skipped",
        "statusDetails" : "XFAIL\n\nAssertionError: Unexpected status code. Expected: 201. Actual: 400",
        "time" : {
          "start" : 1713882917336,
          "stop" : 1713882928595,
          "duration" : 11259
        }
      }, {
        "uid" : "c7c6d336566b3fba",
        "reportUrl" : "https://Nat754.github.io/PulseWave/209//#testresult/c7c6d336566b3fba",
        "status" : "skipped",
        "statusDetails" : "XFAIL\n\nAssertionError: Unexpected status code. Expected: 201. Actual: 400",
        "time" : {
          "start" : 1713881392683,
          "stop" : 1713881404067,
          "duration" : 11384
        }
      }, {
        "uid" : "c88f0e2a473216a9",
        "reportUrl" : "https://Nat754.github.io/PulseWave/208//#testresult/c88f0e2a473216a9",
        "status" : "skipped",
        "statusDetails" : "XFAIL\n\nAssertionError: Unexpected status code. Expected: 201. Actual: 400",
        "time" : {
          "start" : 1713878570412,
          "stop" : 1713878582451,
          "duration" : 12039
        }
      } ]
    },
    "tags" : [ "@pytest.mark.xfail" ]
  },
  "source" : "38f27d62f66695a9.json",
  "parameterValues" : [ ]
}