{
  "uid" : "b121beef0c1a8e57",
  "name" : "GET Список стикеров задачи",
  "fullName" : "tests.test_api.test_api.TestAPI#test_get_api_task_id_sticker",
  "historyId" : "6d6ecebe240d50664140f603964b63e9",
  "time" : {
    "start" : 1717381852945,
    "stop" : 1717381866956,
    "duration" : 14011
  },
  "status" : "skipped",
  "statusMessage" : "XFAIL\n\nAssertionError: Unexpected status code. Expected: 200. Actual: 500",
  "statusTrace" : "self = <tests.test_api.test_api.TestAPI object at 0x7f988f6c4860>\nuse_api_base = <api_testing.api_base.ApiBase object at 0x7f988f6feff0>\n\n    @pytest.mark.xfail\n    @allure.title(\"GET Список стикеров задачи\")\n    def test_get_api_task_id_sticker(self, use_api_base):\n        jwt = use_api_base.create_jwt(email1, password0)\n        column_id, task_id = use_api_base.get_column_task_id()\n        url = f'{self.constant.BASE_URL}api/task/{task_id}/sticker/'\n        requests.post(url, headers={'accept': 'application/json', 'Authorization': f\"{jwt}\"},\n                      json={\"name\": faker.first_name(), \"color\": random.choice(self.constant.COLOR_STICKER)})\n        response = requests.get(url, headers={'accept': 'application/json', 'Authorization': f\"{jwt}\"})\n>       Assertions.assert_status_code(response, self.code.STATUS_200)\n\ntests/test_api/test_api.py:470: \n_ _ _ _ _ _ _ _ _ _ _ _ _ _ _ _ _ _ _ _ _ _ _ _ _ _ _ _ _ _ _ _ _ _ _ _ _ _ _ _ \n\nresponse = <Response [500]>, expected_status_code = 200\n\n    @staticmethod\n    def assert_status_code(response: Response, expected_status_code: int):\n        actual_status_code = response.status_code\n        with allure.step(f\"Expected status {expected_status_code}\"):\n>           assert actual_status_code == expected_status_code, \\\n                f\"Unexpected status code. Expected: {expected_status_code}. Actual: {actual_status_code}\"\nE           AssertionError: Unexpected status code. Expected: 200. Actual: 500\n\napi_testing/assertions.py:11: AssertionError",
  "flaky" : false,
  "newFailed" : false,
  "beforeStages" : [ {
    "name" : "clear_allure_results_folder",
    "time" : {
      "start" : 1717381539714,
      "stop" : 1717381539714,
      "duration" : 0
    },
    "status" : "passed",
    "steps" : [ ],
    "attachments" : [ ],
    "parameters" : [ ],
    "stepsCount" : 0,
    "attachmentsCount" : 0,
    "shouldDisplayMessage" : false,
    "hasContent" : false
  }, {
    "name" : "_session_faker",
    "time" : {
      "start" : 1717381539697,
      "stop" : 1717381539714,
      "duration" : 17
    },
    "status" : "passed",
    "steps" : [ ],
    "attachments" : [ ],
    "parameters" : [ ],
    "stepsCount" : 0,
    "attachmentsCount" : 0,
    "shouldDisplayMessage" : false,
    "hasContent" : false
  }, {
    "name" : "use_api_base",
    "time" : {
      "start" : 1717381852945,
      "stop" : 1717381852945,
      "duration" : 0
    },
    "status" : "passed",
    "steps" : [ ],
    "attachments" : [ ],
    "parameters" : [ ],
    "stepsCount" : 0,
    "attachmentsCount" : 0,
    "shouldDisplayMessage" : false,
    "hasContent" : false
  } ],
  "testStage" : {
    "status" : "skipped",
    "statusMessage" : "XFAIL\n\nAssertionError: Unexpected status code. Expected: 200. Actual: 500",
    "statusTrace" : "self = <tests.test_api.test_api.TestAPI object at 0x7f988f6c4860>\nuse_api_base = <api_testing.api_base.ApiBase object at 0x7f988f6feff0>\n\n    @pytest.mark.xfail\n    @allure.title(\"GET Список стикеров задачи\")\n    def test_get_api_task_id_sticker(self, use_api_base):\n        jwt = use_api_base.create_jwt(email1, password0)\n        column_id, task_id = use_api_base.get_column_task_id()\n        url = f'{self.constant.BASE_URL}api/task/{task_id}/sticker/'\n        requests.post(url, headers={'accept': 'application/json', 'Authorization': f\"{jwt}\"},\n                      json={\"name\": faker.first_name(), \"color\": random.choice(self.constant.COLOR_STICKER)})\n        response = requests.get(url, headers={'accept': 'application/json', 'Authorization': f\"{jwt}\"})\n>       Assertions.assert_status_code(response, self.code.STATUS_200)\n\ntests/test_api/test_api.py:470: \n_ _ _ _ _ _ _ _ _ _ _ _ _ _ _ _ _ _ _ _ _ _ _ _ _ _ _ _ _ _ _ _ _ _ _ _ _ _ _ _ \n\nresponse = <Response [500]>, expected_status_code = 200\n\n    @staticmethod\n    def assert_status_code(response: Response, expected_status_code: int):\n        actual_status_code = response.status_code\n        with allure.step(f\"Expected status {expected_status_code}\"):\n>           assert actual_status_code == expected_status_code, \\\n                f\"Unexpected status code. Expected: {expected_status_code}. Actual: {actual_status_code}\"\nE           AssertionError: Unexpected status code. Expected: 200. Actual: 500\n\napi_testing/assertions.py:11: AssertionError",
    "steps" : [ {
      "name" : "Получить access токен пользователя на емайл",
      "time" : {
        "start" : 1717381852945,
        "stop" : 1717381854434,
        "duration" : 1489
      },
      "status" : "passed",
      "steps" : [ ],
      "attachments" : [ ],
      "parameters" : [ ],
      "stepsCount" : 0,
      "attachmentsCount" : 0,
      "shouldDisplayMessage" : false,
      "hasContent" : false
    }, {
      "name" : "Получить id задачи",
      "time" : {
        "start" : 1717381854434,
        "stop" : 1717381864966,
        "duration" : 10532
      },
      "status" : "passed",
      "steps" : [ {
        "name" : "Получить access токен пользователя на емайл",
        "time" : {
          "start" : 1717381854435,
          "stop" : 1717381856082,
          "duration" : 1647
        },
        "status" : "passed",
        "steps" : [ ],
        "attachments" : [ ],
        "parameters" : [ ],
        "stepsCount" : 0,
        "attachmentsCount" : 0,
        "shouldDisplayMessage" : false,
        "hasContent" : false
      }, {
        "name" : "Получить id колонки",
        "time" : {
          "start" : 1717381856083,
          "stop" : 1717381864164,
          "duration" : 8081
        },
        "status" : "passed",
        "steps" : [ {
          "name" : "Получить access токен пользователя на емайл",
          "time" : {
            "start" : 1717381856083,
            "stop" : 1717381857671,
            "duration" : 1588
          },
          "status" : "passed",
          "steps" : [ ],
          "attachments" : [ ],
          "parameters" : [ ],
          "stepsCount" : 0,
          "attachmentsCount" : 0,
          "shouldDisplayMessage" : false,
          "hasContent" : false
        }, {
          "name" : "Получить id доски",
          "time" : {
            "start" : 1717381857672,
            "stop" : 1717381862544,
            "duration" : 4872
          },
          "status" : "passed",
          "steps" : [ {
            "name" : "Получить access токен пользователя на емайл",
            "time" : {
              "start" : 1717381857672,
              "stop" : 1717381859095,
              "duration" : 1423
            },
            "status" : "passed",
            "steps" : [ ],
            "attachments" : [ ],
            "parameters" : [ ],
            "stepsCount" : 0,
            "attachmentsCount" : 0,
            "shouldDisplayMessage" : false,
            "hasContent" : false
          }, {
            "name" : "Получить id рабочего пространства",
            "time" : {
              "start" : 1717381859096,
              "stop" : 1717381861727,
              "duration" : 2631
            },
            "status" : "passed",
            "steps" : [ {
              "name" : "Получить access токен пользователя на емайл",
              "time" : {
                "start" : 1717381859096,
                "stop" : 1717381860864,
                "duration" : 1768
              },
              "status" : "passed",
              "steps" : [ ],
              "attachments" : [ ],
              "parameters" : [ ],
              "stepsCount" : 0,
              "attachmentsCount" : 0,
              "shouldDisplayMessage" : false,
              "hasContent" : false
            } ],
            "attachments" : [ ],
            "parameters" : [ ],
            "stepsCount" : 1,
            "attachmentsCount" : 0,
            "shouldDisplayMessage" : false,
            "hasContent" : true
          } ],
          "attachments" : [ ],
          "parameters" : [ ],
          "stepsCount" : 3,
          "attachmentsCount" : 0,
          "shouldDisplayMessage" : false,
          "hasContent" : true
        } ],
        "attachments" : [ ],
        "parameters" : [ ],
        "stepsCount" : 5,
        "attachmentsCount" : 0,
        "shouldDisplayMessage" : false,
        "hasContent" : true
      } ],
      "attachments" : [ ],
      "parameters" : [ ],
      "stepsCount" : 7,
      "attachmentsCount" : 0,
      "shouldDisplayMessage" : false,
      "hasContent" : true
    }, {
      "name" : "Expected status 200",
      "time" : {
        "start" : 1717381866955,
        "stop" : 1717381866955,
        "duration" : 0
      },
      "status" : "failed",
      "statusMessage" : "AssertionError: Unexpected status code. Expected: 200. Actual: 500\n",
      "statusTrace" : "  File \"/home/runner/work/PulseWave/PulseWave/api_testing/assertions.py\", line 11, in assert_status_code\n    assert actual_status_code == expected_status_code, \\\n           ^^^^^^^^^^^^^^^^^^^^^^^^^^^^^^^^^^^^^^^^^^\n",
      "steps" : [ ],
      "attachments" : [ ],
      "parameters" : [ ],
      "stepsCount" : 0,
      "attachmentsCount" : 0,
      "shouldDisplayMessage" : true,
      "hasContent" : true
    } ],
    "attachments" : [ ],
    "parameters" : [ ],
    "stepsCount" : 10,
    "attachmentsCount" : 0,
    "shouldDisplayMessage" : true,
    "hasContent" : true
  },
  "afterStages" : [ ],
  "labels" : [ {
    "name" : "epic",
    "value" : "Тестирование API"
  }, {
    "name" : "tag",
    "value" : "@pytest.mark.xfail"
  }, {
    "name" : "parentSuite",
    "value" : "tests.test_api"
  }, {
    "name" : "suite",
    "value" : "test_api"
  }, {
    "name" : "subSuite",
    "value" : "TestAPI"
  }, {
    "name" : "host",
    "value" : "fv-az1426-568"
  }, {
    "name" : "thread",
    "value" : "2321-MainThread"
  }, {
    "name" : "framework",
    "value" : "pytest"
  }, {
    "name" : "language",
    "value" : "cpython3"
  }, {
    "name" : "package",
    "value" : "tests.test_api.test_api"
  }, {
    "name" : "resultFormat",
    "value" : "allure2"
  } ],
  "parameters" : [ ],
  "links" : [ ],
  "hidden" : false,
  "retry" : false,
  "extra" : {
    "severity" : "normal",
    "retries" : [ ],
    "categories" : [ ],
    "history" : {
      "statistic" : {
        "failed" : 0,
        "broken" : 0,
        "skipped" : 51,
        "passed" : 0,
        "unknown" : 0,
        "total" : 51
      },
      "items" : [ {
        "uid" : "78dd04ce24b5c2aa",
        "reportUrl" : "https://Nat754.github.io/PulseWave/43//#testresult/78dd04ce24b5c2aa",
        "status" : "skipped",
        "statusDetails" : "XFAIL\n\nAssertionError: Unexpected status code. Expected: 200. Actual: 500",
        "time" : {
          "start" : 1717295543037,
          "stop" : 1717295553182,
          "duration" : 10145
        }
      }, {
        "uid" : "d11f7bf4e0c93d84",
        "reportUrl" : "https://Nat754.github.io/PulseWave/42//#testresult/d11f7bf4e0c93d84",
        "status" : "skipped",
        "statusDetails" : "XFAIL\n\nAssertionError: Unexpected status code. Expected: 200. Actual: 500",
        "time" : {
          "start" : 1717209150232,
          "stop" : 1717209163126,
          "duration" : 12894
        }
      }, {
        "uid" : "ca5316801c3f14e9",
        "reportUrl" : "https://Nat754.github.io/PulseWave/41//#testresult/ca5316801c3f14e9",
        "status" : "skipped",
        "statusDetails" : "XFAIL\n\nAssertionError: Unexpected status code. Expected: 200. Actual: 500",
        "time" : {
          "start" : 1717122561342,
          "stop" : 1717122574563,
          "duration" : 13221
        }
      }, {
        "uid" : "cf9cd3bb5238342e",
        "reportUrl" : "https://Nat754.github.io/PulseWave/40//#testresult/cf9cd3bb5238342e",
        "status" : "skipped",
        "statusDetails" : "XFAIL\n\nAssertionError: Unexpected status code. Expected: 200. Actual: 500",
        "time" : {
          "start" : 1717036108284,
          "stop" : 1717036117964,
          "duration" : 9680
        }
      }, {
        "uid" : "898989a432bd7337",
        "reportUrl" : "https://Nat754.github.io/PulseWave/39//#testresult/898989a432bd7337",
        "status" : "skipped",
        "statusDetails" : "XFAIL\n\nAssertionError: Unexpected status code. Expected: 200. Actual: 500",
        "time" : {
          "start" : 1716949772713,
          "stop" : 1716949782635,
          "duration" : 9922
        }
      }, {
        "uid" : "cdc2950dc664df51",
        "reportUrl" : "https://Nat754.github.io/PulseWave/38//#testresult/cdc2950dc664df51",
        "status" : "skipped",
        "statusDetails" : "XFAIL\n\nAssertionError: Unexpected status code. Expected: 200. Actual: 500",
        "time" : {
          "start" : 1716863298106,
          "stop" : 1716863308858,
          "duration" : 10752
        }
      }, {
        "uid" : "ac8cd474a8235c8c",
        "reportUrl" : "https://Nat754.github.io/PulseWave/37//#testresult/ac8cd474a8235c8c",
        "status" : "skipped",
        "statusDetails" : "XFAIL\n\nAssertionError: Unexpected status code. Expected: 200. Actual: 500",
        "time" : {
          "start" : 1716776918631,
          "stop" : 1716776929683,
          "duration" : 11052
        }
      }, {
        "uid" : "f1bba242cbd1a275",
        "reportUrl" : "https://Nat754.github.io/PulseWave/36//#testresult/f1bba242cbd1a275",
        "status" : "skipped",
        "statusDetails" : "XFAIL\n\nAssertionError: Unexpected status code. Expected: 200. Actual: 500",
        "time" : {
          "start" : 1716690593784,
          "stop" : 1716690605186,
          "duration" : 11402
        }
      }, {
        "uid" : "63dd405fb4c4cb4f",
        "reportUrl" : "https://Nat754.github.io/PulseWave/34//#testresult/63dd405fb4c4cb4f",
        "status" : "skipped",
        "statusDetails" : "XFAIL\n\nAssertionError: Unexpected status code. Expected: 200. Actual: 500",
        "time" : {
          "start" : 1716638747796,
          "stop" : 1716638757967,
          "duration" : 10171
        }
      }, {
        "uid" : "41bcfc78fc636028",
        "reportUrl" : "https://Nat754.github.io/PulseWave/35//#testresult/41bcfc78fc636028",
        "status" : "skipped",
        "statusDetails" : "XFAIL\n\nAssertionError: Unexpected status code. Expected: 200. Actual: 500",
        "time" : {
          "start" : 1716603897331,
          "stop" : 1716603909154,
          "duration" : 11823
        }
      }, {
        "uid" : "f0bd965b3db981b6",
        "reportUrl" : "https://Nat754.github.io/PulseWave/34//#testresult/f0bd965b3db981b6",
        "status" : "skipped",
        "statusDetails" : "XFAIL\n\nKeyError: 'access'",
        "time" : {
          "start" : 1716517430100,
          "stop" : 1716517431484,
          "duration" : 1384
        }
      }, {
        "uid" : "b0ff09234774d7a3",
        "reportUrl" : "https://Nat754.github.io/PulseWave/33//#testresult/b0ff09234774d7a3",
        "status" : "skipped",
        "statusDetails" : "XFAIL\n\nAssertionError: Unexpected status code. Expected: 200. Actual: 500",
        "time" : {
          "start" : 1716431247360,
          "stop" : 1716431261326,
          "duration" : 13966
        }
      }, {
        "uid" : "1087d97525aa8d28",
        "reportUrl" : "https://Nat754.github.io/PulseWave/32//#testresult/1087d97525aa8d28",
        "status" : "skipped",
        "statusDetails" : "XFAIL\n\nAssertionError: Unexpected status code. Expected: 200. Actual: 500",
        "time" : {
          "start" : 1716344854485,
          "stop" : 1716344868925,
          "duration" : 14440
        }
      }, {
        "uid" : "8461a9f5353245dd",
        "reportUrl" : "https://Nat754.github.io/PulseWave/31//#testresult/8461a9f5353245dd",
        "status" : "skipped",
        "statusDetails" : "XFAIL\n\nAssertionError: Unexpected status code. Expected: 200. Actual: 500",
        "time" : {
          "start" : 1716258339040,
          "stop" : 1716258349253,
          "duration" : 10213
        }
      }, {
        "uid" : "a52acb2d6833855f",
        "reportUrl" : "https://Nat754.github.io/PulseWave/30//#testresult/a52acb2d6833855f",
        "status" : "skipped",
        "statusDetails" : "XFAIL\n\nAssertionError: Unexpected status code. Expected: 200. Actual: 500",
        "time" : {
          "start" : 1716172135373,
          "stop" : 1716172148496,
          "duration" : 13123
        }
      }, {
        "uid" : "7beb156802dd258b",
        "reportUrl" : "https://Nat754.github.io/PulseWave/29//#testresult/7beb156802dd258b",
        "status" : "skipped",
        "statusDetails" : "XFAIL\n\nAssertionError: Unexpected status code. Expected: 200. Actual: 500",
        "time" : {
          "start" : 1716085703102,
          "stop" : 1716085713965,
          "duration" : 10863
        }
      }, {
        "uid" : "8e99b68877745341",
        "reportUrl" : "https://Nat754.github.io/PulseWave/28//#testresult/8e99b68877745341",
        "status" : "skipped",
        "statusDetails" : "XFAIL\n\nAssertionError: Unexpected status code. Expected: 200. Actual: 500",
        "time" : {
          "start" : 1715999123572,
          "stop" : 1715999133897,
          "duration" : 10325
        }
      }, {
        "uid" : "28861eba079e5a20",
        "reportUrl" : "https://Nat754.github.io/PulseWave/27//#testresult/28861eba079e5a20",
        "status" : "skipped",
        "statusDetails" : "XFAIL\n\nAssertionError: Unexpected status code. Expected: 200. Actual: 500",
        "time" : {
          "start" : 1715912776538,
          "stop" : 1715912790070,
          "duration" : 13532
        }
      }, {
        "uid" : "22c10888c7211ec5",
        "reportUrl" : "https://Nat754.github.io/PulseWave/212//#testresult/22c10888c7211ec5",
        "status" : "skipped",
        "statusDetails" : "XFAIL\n\nAssertionError: Unexpected status code. Expected: 200. Actual: 500",
        "time" : {
          "start" : 1715841661875,
          "stop" : 1715841673062,
          "duration" : 11187
        }
      }, {
        "uid" : "d33b20d39355e986",
        "reportUrl" : "https://Nat754.github.io/PulseWave/26//#testresult/d33b20d39355e986",
        "status" : "skipped",
        "statusDetails" : "XFAIL\n\nAssertionError: Unexpected status code. Expected: 200. Actual: 500",
        "time" : {
          "start" : 1715826356693,
          "stop" : 1715826368712,
          "duration" : 12019
        }
      } ]
    },
    "tags" : [ "@pytest.mark.xfail" ]
  },
  "source" : "b121beef0c1a8e57.json",
  "parameterValues" : [ ]
}