{
  "uid" : "56619441a57eb189",
  "name" : "POST Создать стикер к задаче",
  "fullName" : "tests.test_api.test_api.TestAPI#test_post_api_task_id_sticker",
  "historyId" : "15c7beb0356344830714c93b55aa7dfe",
  "time" : {
    "start" : 1720232885091,
    "stop" : 1720232894555,
    "duration" : 9464
  },
  "status" : "skipped",
  "statusMessage" : "XFAIL\n\nAssertionError: Unexpected status code. Expected: 201. Actual: 500",
  "statusTrace" : "self = <tests.test_api.test_api.TestAPI object at 0x7faeaeb2a930>\nuse_api_base = <api_testing.api_base.ApiBase object at 0x7faeaeb69490>\n\n    @pytest.mark.xfail\n    @allure.title(\"POST Создать стикер к задаче\")\n    def test_post_api_task_id_sticker(self, use_api_base):\n        jwt = use_api_base.create_jwt(email1, password0)\n        column_id, task_id = use_api_base.get_column_task_id()\n        url = f'{self.constant.BASE_URL}api/task/{task_id}/sticker/'\n        response = requests.post(url, headers={'accept': 'application/json', 'Authorization': f\"{jwt}\"},\n                                 json={\"name\": faker.first_name(), \"color\": random.choice(self.constant.COLOR_STICKER)})\n>       Assertions.assert_status_code(response, self.code.STATUS_201)\n\ntests/test_api/test_api.py:480: \n_ _ _ _ _ _ _ _ _ _ _ _ _ _ _ _ _ _ _ _ _ _ _ _ _ _ _ _ _ _ _ _ _ _ _ _ _ _ _ _ \n\nresponse = <Response [500]>, expected_status_code = 201\n\n    @staticmethod\n    def assert_status_code(response: Response, expected_status_code: int):\n        actual_status_code = response.status_code\n        with allure.step(f\"Expected status {expected_status_code}\"):\n>           assert actual_status_code == expected_status_code, \\\n                f\"Unexpected status code. Expected: {expected_status_code}. Actual: {actual_status_code}\"\nE           AssertionError: Unexpected status code. Expected: 201. Actual: 500\n\napi_testing/assertions.py:11: AssertionError",
  "flaky" : false,
  "newFailed" : false,
  "beforeStages" : [ {
    "name" : "use_api_base",
    "time" : {
      "start" : 1720232885091,
      "stop" : 1720232885091,
      "duration" : 0
    },
    "status" : "passed",
    "steps" : [ ],
    "attachments" : [ ],
    "parameters" : [ ],
    "stepsCount" : 0,
    "attachmentsCount" : 0,
    "shouldDisplayMessage" : false,
    "hasContent" : false
  }, {
    "name" : "_session_faker",
    "time" : {
      "start" : 1720232631479,
      "stop" : 1720232631497,
      "duration" : 18
    },
    "status" : "passed",
    "steps" : [ ],
    "attachments" : [ ],
    "parameters" : [ ],
    "stepsCount" : 0,
    "attachmentsCount" : 0,
    "shouldDisplayMessage" : false,
    "hasContent" : false
  }, {
    "name" : "clear_allure_results_folder",
    "time" : {
      "start" : 1720232631497,
      "stop" : 1720232631497,
      "duration" : 0
    },
    "status" : "passed",
    "steps" : [ ],
    "attachments" : [ ],
    "parameters" : [ ],
    "stepsCount" : 0,
    "attachmentsCount" : 0,
    "shouldDisplayMessage" : false,
    "hasContent" : false
  } ],
  "testStage" : {
    "status" : "skipped",
    "statusMessage" : "XFAIL\n\nAssertionError: Unexpected status code. Expected: 201. Actual: 500",
    "statusTrace" : "self = <tests.test_api.test_api.TestAPI object at 0x7faeaeb2a930>\nuse_api_base = <api_testing.api_base.ApiBase object at 0x7faeaeb69490>\n\n    @pytest.mark.xfail\n    @allure.title(\"POST Создать стикер к задаче\")\n    def test_post_api_task_id_sticker(self, use_api_base):\n        jwt = use_api_base.create_jwt(email1, password0)\n        column_id, task_id = use_api_base.get_column_task_id()\n        url = f'{self.constant.BASE_URL}api/task/{task_id}/sticker/'\n        response = requests.post(url, headers={'accept': 'application/json', 'Authorization': f\"{jwt}\"},\n                                 json={\"name\": faker.first_name(), \"color\": random.choice(self.constant.COLOR_STICKER)})\n>       Assertions.assert_status_code(response, self.code.STATUS_201)\n\ntests/test_api/test_api.py:480: \n_ _ _ _ _ _ _ _ _ _ _ _ _ _ _ _ _ _ _ _ _ _ _ _ _ _ _ _ _ _ _ _ _ _ _ _ _ _ _ _ \n\nresponse = <Response [500]>, expected_status_code = 201\n\n    @staticmethod\n    def assert_status_code(response: Response, expected_status_code: int):\n        actual_status_code = response.status_code\n        with allure.step(f\"Expected status {expected_status_code}\"):\n>           assert actual_status_code == expected_status_code, \\\n                f\"Unexpected status code. Expected: {expected_status_code}. Actual: {actual_status_code}\"\nE           AssertionError: Unexpected status code. Expected: 201. Actual: 500\n\napi_testing/assertions.py:11: AssertionError",
    "steps" : [ {
      "name" : "Получить access токен пользователя на емайл",
      "time" : {
        "start" : 1720232885091,
        "stop" : 1720232886336,
        "duration" : 1245
      },
      "status" : "passed",
      "steps" : [ ],
      "attachments" : [ ],
      "parameters" : [ ],
      "stepsCount" : 0,
      "attachmentsCount" : 0,
      "shouldDisplayMessage" : false,
      "hasContent" : false
    }, {
      "name" : "Получить id задачи",
      "time" : {
        "start" : 1720232886336,
        "stop" : 1720232893896,
        "duration" : 7560
      },
      "status" : "passed",
      "steps" : [ {
        "name" : "Получить access токен пользователя на емайл",
        "time" : {
          "start" : 1720232886336,
          "stop" : 1720232887581,
          "duration" : 1245
        },
        "status" : "passed",
        "steps" : [ ],
        "attachments" : [ ],
        "parameters" : [ ],
        "stepsCount" : 0,
        "attachmentsCount" : 0,
        "shouldDisplayMessage" : false,
        "hasContent" : false
      }, {
        "name" : "Получить id колонки",
        "time" : {
          "start" : 1720232887582,
          "stop" : 1720232893341,
          "duration" : 5759
        },
        "status" : "passed",
        "steps" : [ {
          "name" : "Получить access токен пользователя на емайл",
          "time" : {
            "start" : 1720232887582,
            "stop" : 1720232888755,
            "duration" : 1173
          },
          "status" : "passed",
          "steps" : [ ],
          "attachments" : [ ],
          "parameters" : [ ],
          "stepsCount" : 0,
          "attachmentsCount" : 0,
          "shouldDisplayMessage" : false,
          "hasContent" : false
        }, {
          "name" : "Получить id доски",
          "time" : {
            "start" : 1720232888756,
            "stop" : 1720232892240,
            "duration" : 3484
          },
          "status" : "passed",
          "steps" : [ {
            "name" : "Получить access токен пользователя на емайл",
            "time" : {
              "start" : 1720232888756,
              "stop" : 1720232889913,
              "duration" : 1157
            },
            "status" : "passed",
            "steps" : [ ],
            "attachments" : [ ],
            "parameters" : [ ],
            "stepsCount" : 0,
            "attachmentsCount" : 0,
            "shouldDisplayMessage" : false,
            "hasContent" : false
          }, {
            "name" : "Получить id рабочего пространства",
            "time" : {
              "start" : 1720232889914,
              "stop" : 1720232891671,
              "duration" : 1757
            },
            "status" : "passed",
            "steps" : [ {
              "name" : "Получить access токен пользователя на емайл",
              "time" : {
                "start" : 1720232889914,
                "stop" : 1720232891066,
                "duration" : 1152
              },
              "status" : "passed",
              "steps" : [ ],
              "attachments" : [ ],
              "parameters" : [ ],
              "stepsCount" : 0,
              "attachmentsCount" : 0,
              "shouldDisplayMessage" : false,
              "hasContent" : false
            } ],
            "attachments" : [ ],
            "parameters" : [ ],
            "stepsCount" : 1,
            "attachmentsCount" : 0,
            "shouldDisplayMessage" : false,
            "hasContent" : true
          } ],
          "attachments" : [ ],
          "parameters" : [ ],
          "stepsCount" : 3,
          "attachmentsCount" : 0,
          "shouldDisplayMessage" : false,
          "hasContent" : true
        } ],
        "attachments" : [ ],
        "parameters" : [ ],
        "stepsCount" : 5,
        "attachmentsCount" : 0,
        "shouldDisplayMessage" : false,
        "hasContent" : true
      } ],
      "attachments" : [ ],
      "parameters" : [ ],
      "stepsCount" : 7,
      "attachmentsCount" : 0,
      "shouldDisplayMessage" : false,
      "hasContent" : true
    }, {
      "name" : "Expected status 201",
      "time" : {
        "start" : 1720232894555,
        "stop" : 1720232894555,
        "duration" : 0
      },
      "status" : "failed",
      "statusMessage" : "AssertionError: Unexpected status code. Expected: 201. Actual: 500\n",
      "statusTrace" : "  File \"/home/runner/work/PulseWave/PulseWave/api_testing/assertions.py\", line 11, in assert_status_code\n    assert actual_status_code == expected_status_code, \\\n           ^^^^^^^^^^^^^^^^^^^^^^^^^^^^^^^^^^^^^^^^^^\n",
      "steps" : [ ],
      "attachments" : [ ],
      "parameters" : [ ],
      "stepsCount" : 0,
      "attachmentsCount" : 0,
      "shouldDisplayMessage" : true,
      "hasContent" : true
    } ],
    "attachments" : [ ],
    "parameters" : [ ],
    "stepsCount" : 10,
    "attachmentsCount" : 0,
    "shouldDisplayMessage" : true,
    "hasContent" : true
  },
  "afterStages" : [ ],
  "labels" : [ {
    "name" : "epic",
    "value" : "Тестирование API"
  }, {
    "name" : "tag",
    "value" : "@pytest.mark.xfail"
  }, {
    "name" : "parentSuite",
    "value" : "tests.test_api"
  }, {
    "name" : "suite",
    "value" : "test_api"
  }, {
    "name" : "subSuite",
    "value" : "TestAPI"
  }, {
    "name" : "host",
    "value" : "fv-az1780-198"
  }, {
    "name" : "thread",
    "value" : "2272-MainThread"
  }, {
    "name" : "framework",
    "value" : "pytest"
  }, {
    "name" : "language",
    "value" : "cpython3"
  }, {
    "name" : "package",
    "value" : "tests.test_api.test_api"
  }, {
    "name" : "resultFormat",
    "value" : "allure2"
  } ],
  "parameters" : [ ],
  "links" : [ ],
  "hidden" : false,
  "retry" : false,
  "extra" : {
    "severity" : "normal",
    "retries" : [ ],
    "categories" : [ ],
    "history" : {
      "statistic" : {
        "failed" : 0,
        "broken" : 0,
        "skipped" : 84,
        "passed" : 0,
        "unknown" : 0,
        "total" : 84
      },
      "items" : [ {
        "uid" : "3116a61e5133bc0f",
        "reportUrl" : "https://Nat754.github.io/PulseWave/76//#testresult/3116a61e5133bc0f",
        "status" : "skipped",
        "statusDetails" : "XFAIL\n\nAssertionError: Unexpected status code. Expected: 201. Actual: 500",
        "time" : {
          "start" : 1720146620186,
          "stop" : 1720146629755,
          "duration" : 9569
        }
      }, {
        "uid" : "40b74b4b905b44d1",
        "reportUrl" : "https://Nat754.github.io/PulseWave/75//#testresult/40b74b4b905b44d1",
        "status" : "skipped",
        "statusDetails" : "XFAIL\n\nAssertionError: Unexpected status code. Expected: 201. Actual: 500",
        "time" : {
          "start" : 1720060298537,
          "stop" : 1720060307967,
          "duration" : 9430
        }
      }, {
        "uid" : "ecf10aa85ddab049",
        "reportUrl" : "https://Nat754.github.io/PulseWave/74//#testresult/ecf10aa85ddab049",
        "status" : "skipped",
        "statusDetails" : "XFAIL\n\nAssertionError: Unexpected status code. Expected: 201. Actual: 500",
        "time" : {
          "start" : 1719973804480,
          "stop" : 1719973814080,
          "duration" : 9600
        }
      }, {
        "uid" : "1fe14114f4626e39",
        "reportUrl" : "https://Nat754.github.io/PulseWave/73//#testresult/1fe14114f4626e39",
        "status" : "skipped",
        "statusDetails" : "XFAIL\n\nAssertionError: Unexpected status code. Expected: 201. Actual: 500",
        "time" : {
          "start" : 1719887469622,
          "stop" : 1719887479262,
          "duration" : 9640
        }
      }, {
        "uid" : "dd13bae51b72815c",
        "reportUrl" : "https://Nat754.github.io/PulseWave/72//#testresult/dd13bae51b72815c",
        "status" : "skipped",
        "statusDetails" : "XFAIL\n\nAssertionError: Unexpected status code. Expected: 201. Actual: 500",
        "time" : {
          "start" : 1719801488045,
          "stop" : 1719801496958,
          "duration" : 8913
        }
      }, {
        "uid" : "b0a209f2b77a8837",
        "reportUrl" : "https://Nat754.github.io/PulseWave/71//#testresult/b0a209f2b77a8837",
        "status" : "skipped",
        "statusDetails" : "XFAIL\n\nAssertionError: Unexpected status code. Expected: 201. Actual: 500",
        "time" : {
          "start" : 1719714908842,
          "stop" : 1719714918060,
          "duration" : 9218
        }
      }, {
        "uid" : "4f945969d6f9766b",
        "reportUrl" : "https://Nat754.github.io/PulseWave/70//#testresult/4f945969d6f9766b",
        "status" : "skipped",
        "statusDetails" : "XFAIL\n\nAssertionError: Unexpected status code. Expected: 201. Actual: 500",
        "time" : {
          "start" : 1719628226095,
          "stop" : 1719628238972,
          "duration" : 12877
        }
      }, {
        "uid" : "5a4a5d83cc181309",
        "reportUrl" : "https://Nat754.github.io/PulseWave/69//#testresult/5a4a5d83cc181309",
        "status" : "skipped",
        "statusDetails" : "XFAIL\n\nAssertionError: Unexpected status code. Expected: 201. Actual: 500",
        "time" : {
          "start" : 1719541926253,
          "stop" : 1719541936239,
          "duration" : 9986
        }
      }, {
        "uid" : "b8d94a0dec00ca24",
        "reportUrl" : "https://Nat754.github.io/PulseWave/68//#testresult/b8d94a0dec00ca24",
        "status" : "skipped",
        "statusDetails" : "XFAIL\n\nAssertionError: Unexpected status code. Expected: 201. Actual: 500",
        "time" : {
          "start" : 1719455406788,
          "stop" : 1719455416221,
          "duration" : 9433
        }
      }, {
        "uid" : "d7d5697c8419f85f",
        "reportUrl" : "https://Nat754.github.io/PulseWave/67//#testresult/d7d5697c8419f85f",
        "status" : "skipped",
        "statusDetails" : "XFAIL\n\nAssertionError: Unexpected status code. Expected: 201. Actual: 500",
        "time" : {
          "start" : 1719369067895,
          "stop" : 1719369079806,
          "duration" : 11911
        }
      }, {
        "uid" : "ec1fdbc2339a0159",
        "reportUrl" : "https://Nat754.github.io/PulseWave/66//#testresult/ec1fdbc2339a0159",
        "status" : "skipped",
        "statusDetails" : "XFAIL\n\nAssertionError: Unexpected status code. Expected: 201. Actual: 500",
        "time" : {
          "start" : 1719282713531,
          "stop" : 1719282726244,
          "duration" : 12713
        }
      }, {
        "uid" : "5a840820a2244182",
        "reportUrl" : "https://Nat754.github.io/PulseWave/65//#testresult/5a840820a2244182",
        "status" : "skipped",
        "statusDetails" : "XFAIL\n\nAssertionError: Unexpected status code. Expected: 201. Actual: 500",
        "time" : {
          "start" : 1719196379922,
          "stop" : 1719196393794,
          "duration" : 13872
        }
      }, {
        "uid" : "7134ef5d6d97b5e4",
        "reportUrl" : "https://Nat754.github.io/PulseWave/64//#testresult/7134ef5d6d97b5e4",
        "status" : "skipped",
        "statusDetails" : "XFAIL\n\nAssertionError: Unexpected status code. Expected: 201. Actual: 500",
        "time" : {
          "start" : 1719109993610,
          "stop" : 1719110006521,
          "duration" : 12911
        }
      }, {
        "uid" : "37fb6e9c95eca267",
        "reportUrl" : "https://Nat754.github.io/PulseWave/63//#testresult/37fb6e9c95eca267",
        "status" : "skipped",
        "statusDetails" : "XFAIL\n\nAssertionError: Unexpected status code. Expected: 201. Actual: 500",
        "time" : {
          "start" : 1719023269217,
          "stop" : 1719023279510,
          "duration" : 10293
        }
      }, {
        "uid" : "18a85658e819960f",
        "reportUrl" : "https://Nat754.github.io/PulseWave/62//#testresult/18a85658e819960f",
        "status" : "skipped",
        "statusDetails" : "XFAIL\n\nAssertionError: Unexpected status code. Expected: 201. Actual: 500",
        "time" : {
          "start" : 1718936990403,
          "stop" : 1718937000853,
          "duration" : 10450
        }
      }, {
        "uid" : "cc6e1fdfb796448b",
        "reportUrl" : "https://Nat754.github.io/PulseWave/61//#testresult/cc6e1fdfb796448b",
        "status" : "skipped",
        "statusDetails" : "XFAIL\n\nAssertionError: Unexpected status code. Expected: 201. Actual: 500",
        "time" : {
          "start" : 1718850595727,
          "stop" : 1718850607835,
          "duration" : 12108
        }
      }, {
        "uid" : "32420dd0f07ce68d",
        "reportUrl" : "https://Nat754.github.io/PulseWave/60//#testresult/32420dd0f07ce68d",
        "status" : "skipped",
        "statusDetails" : "XFAIL\n\nAssertionError: Unexpected status code. Expected: 201. Actual: 500",
        "time" : {
          "start" : 1718764325880,
          "stop" : 1718764336536,
          "duration" : 10656
        }
      }, {
        "uid" : "142cab54484b3ec3",
        "reportUrl" : "https://Nat754.github.io/PulseWave/59//#testresult/142cab54484b3ec3",
        "status" : "skipped",
        "statusDetails" : "XFAIL\n\nAssertionError: Unexpected status code. Expected: 201. Actual: 500",
        "time" : {
          "start" : 1718677870201,
          "stop" : 1718677880914,
          "duration" : 10713
        }
      }, {
        "uid" : "4ac113983080ee6f",
        "reportUrl" : "https://Nat754.github.io/PulseWave/58//#testresult/4ac113983080ee6f",
        "status" : "skipped",
        "statusDetails" : "XFAIL\n\nAssertionError: Unexpected status code. Expected: 201. Actual: 500",
        "time" : {
          "start" : 1718591624145,
          "stop" : 1718591634778,
          "duration" : 10633
        }
      }, {
        "uid" : "85ef16da76fd48a5",
        "reportUrl" : "https://Nat754.github.io/PulseWave/57//#testresult/85ef16da76fd48a5",
        "status" : "skipped",
        "statusDetails" : "XFAIL\n\nAssertionError: Unexpected status code. Expected: 201. Actual: 500",
        "time" : {
          "start" : 1718505219389,
          "stop" : 1718505228977,
          "duration" : 9588
        }
      } ]
    },
    "tags" : [ "@pytest.mark.xfail" ]
  },
  "source" : "56619441a57eb189.json",
  "parameterValues" : [ ]
}