{
  "uid" : "99ae7b2c45f230e5",
  "name" : "POST Создать стикер к задаче",
  "fullName" : "tests.test_api.test_api.TestAPI#test_post_api_task_id_sticker",
  "historyId" : "15c7beb0356344830714c93b55aa7dfe",
  "time" : {
    "start" : 1718159546607,
    "stop" : 1718159559604,
    "duration" : 12997
  },
  "status" : "skipped",
  "statusMessage" : "XFAIL\n\nAssertionError: Unexpected status code. Expected: 201. Actual: 500",
  "statusTrace" : "self = <tests.test_api.test_api.TestAPI object at 0x7f6d9e09f9e0>\nuse_api_base = <api_testing.api_base.ApiBase object at 0x7f6d9da6b6b0>\n\n    @pytest.mark.xfail\n    @allure.title(\"POST Создать стикер к задаче\")\n    def test_post_api_task_id_sticker(self, use_api_base):\n        jwt = use_api_base.create_jwt(email1, password0)\n        column_id, task_id = use_api_base.get_column_task_id()\n        url = f'{self.constant.BASE_URL}api/task/{task_id}/sticker/'\n        response = requests.post(url, headers={'accept': 'application/json', 'Authorization': f\"{jwt}\"},\n                                 json={\"name\": faker.first_name(), \"color\": random.choice(self.constant.COLOR_STICKER)})\n>       Assertions.assert_status_code(response, self.code.STATUS_201)\n\ntests/test_api/test_api.py:480: \n_ _ _ _ _ _ _ _ _ _ _ _ _ _ _ _ _ _ _ _ _ _ _ _ _ _ _ _ _ _ _ _ _ _ _ _ _ _ _ _ \n\nresponse = <Response [500]>, expected_status_code = 201\n\n    @staticmethod\n    def assert_status_code(response: Response, expected_status_code: int):\n        actual_status_code = response.status_code\n        with allure.step(f\"Expected status {expected_status_code}\"):\n>           assert actual_status_code == expected_status_code, \\\n                f\"Unexpected status code. Expected: {expected_status_code}. Actual: {actual_status_code}\"\nE           AssertionError: Unexpected status code. Expected: 201. Actual: 500\n\napi_testing/assertions.py:11: AssertionError",
  "flaky" : false,
  "newFailed" : false,
  "beforeStages" : [ {
    "name" : "clear_allure_results_folder",
    "time" : {
      "start" : 1718159211173,
      "stop" : 1718159211174,
      "duration" : 1
    },
    "status" : "passed",
    "steps" : [ ],
    "attachments" : [ ],
    "parameters" : [ ],
    "stepsCount" : 0,
    "attachmentsCount" : 0,
    "shouldDisplayMessage" : false,
    "hasContent" : false
  }, {
    "name" : "use_api_base",
    "time" : {
      "start" : 1718159546607,
      "stop" : 1718159546607,
      "duration" : 0
    },
    "status" : "passed",
    "steps" : [ ],
    "attachments" : [ ],
    "parameters" : [ ],
    "stepsCount" : 0,
    "attachmentsCount" : 0,
    "shouldDisplayMessage" : false,
    "hasContent" : false
  }, {
    "name" : "_session_faker",
    "time" : {
      "start" : 1718159211156,
      "stop" : 1718159211173,
      "duration" : 17
    },
    "status" : "passed",
    "steps" : [ ],
    "attachments" : [ ],
    "parameters" : [ ],
    "stepsCount" : 0,
    "attachmentsCount" : 0,
    "shouldDisplayMessage" : false,
    "hasContent" : false
  } ],
  "testStage" : {
    "status" : "skipped",
    "statusMessage" : "XFAIL\n\nAssertionError: Unexpected status code. Expected: 201. Actual: 500",
    "statusTrace" : "self = <tests.test_api.test_api.TestAPI object at 0x7f6d9e09f9e0>\nuse_api_base = <api_testing.api_base.ApiBase object at 0x7f6d9da6b6b0>\n\n    @pytest.mark.xfail\n    @allure.title(\"POST Создать стикер к задаче\")\n    def test_post_api_task_id_sticker(self, use_api_base):\n        jwt = use_api_base.create_jwt(email1, password0)\n        column_id, task_id = use_api_base.get_column_task_id()\n        url = f'{self.constant.BASE_URL}api/task/{task_id}/sticker/'\n        response = requests.post(url, headers={'accept': 'application/json', 'Authorization': f\"{jwt}\"},\n                                 json={\"name\": faker.first_name(), \"color\": random.choice(self.constant.COLOR_STICKER)})\n>       Assertions.assert_status_code(response, self.code.STATUS_201)\n\ntests/test_api/test_api.py:480: \n_ _ _ _ _ _ _ _ _ _ _ _ _ _ _ _ _ _ _ _ _ _ _ _ _ _ _ _ _ _ _ _ _ _ _ _ _ _ _ _ \n\nresponse = <Response [500]>, expected_status_code = 201\n\n    @staticmethod\n    def assert_status_code(response: Response, expected_status_code: int):\n        actual_status_code = response.status_code\n        with allure.step(f\"Expected status {expected_status_code}\"):\n>           assert actual_status_code == expected_status_code, \\\n                f\"Unexpected status code. Expected: {expected_status_code}. Actual: {actual_status_code}\"\nE           AssertionError: Unexpected status code. Expected: 201. Actual: 500\n\napi_testing/assertions.py:11: AssertionError",
    "steps" : [ {
      "name" : "Получить access токен пользователя на емайл",
      "time" : {
        "start" : 1718159546607,
        "stop" : 1718159548079,
        "duration" : 1472
      },
      "status" : "passed",
      "steps" : [ ],
      "attachments" : [ ],
      "parameters" : [ ],
      "stepsCount" : 0,
      "attachmentsCount" : 0,
      "shouldDisplayMessage" : false,
      "hasContent" : false
    }, {
      "name" : "Получить id задачи",
      "time" : {
        "start" : 1718159548080,
        "stop" : 1718159558702,
        "duration" : 10622
      },
      "status" : "passed",
      "steps" : [ {
        "name" : "Получить access токен пользователя на емайл",
        "time" : {
          "start" : 1718159548080,
          "stop" : 1718159549725,
          "duration" : 1645
        },
        "status" : "passed",
        "steps" : [ ],
        "attachments" : [ ],
        "parameters" : [ ],
        "stepsCount" : 0,
        "attachmentsCount" : 0,
        "shouldDisplayMessage" : false,
        "hasContent" : false
      }, {
        "name" : "Получить id колонки",
        "time" : {
          "start" : 1718159549726,
          "stop" : 1718159557884,
          "duration" : 8158
        },
        "status" : "passed",
        "steps" : [ {
          "name" : "Получить access токен пользователя на емайл",
          "time" : {
            "start" : 1718159549726,
            "stop" : 1718159551335,
            "duration" : 1609
          },
          "status" : "passed",
          "steps" : [ ],
          "attachments" : [ ],
          "parameters" : [ ],
          "stepsCount" : 0,
          "attachmentsCount" : 0,
          "shouldDisplayMessage" : false,
          "hasContent" : false
        }, {
          "name" : "Получить id доски",
          "time" : {
            "start" : 1718159551336,
            "stop" : 1718159556079,
            "duration" : 4743
          },
          "status" : "passed",
          "steps" : [ {
            "name" : "Получить access токен пользователя на емайл",
            "time" : {
              "start" : 1718159551336,
              "stop" : 1718159552770,
              "duration" : 1434
            },
            "status" : "passed",
            "steps" : [ ],
            "attachments" : [ ],
            "parameters" : [ ],
            "stepsCount" : 0,
            "attachmentsCount" : 0,
            "shouldDisplayMessage" : false,
            "hasContent" : false
          }, {
            "name" : "Получить id рабочего пространства",
            "time" : {
              "start" : 1718159552771,
              "stop" : 1718159555049,
              "duration" : 2278
            },
            "status" : "passed",
            "steps" : [ {
              "name" : "Получить access токен пользователя на емайл",
              "time" : {
                "start" : 1718159552772,
                "stop" : 1718159554163,
                "duration" : 1391
              },
              "status" : "passed",
              "steps" : [ ],
              "attachments" : [ ],
              "parameters" : [ ],
              "stepsCount" : 0,
              "attachmentsCount" : 0,
              "shouldDisplayMessage" : false,
              "hasContent" : false
            } ],
            "attachments" : [ ],
            "parameters" : [ ],
            "stepsCount" : 1,
            "attachmentsCount" : 0,
            "shouldDisplayMessage" : false,
            "hasContent" : true
          } ],
          "attachments" : [ ],
          "parameters" : [ ],
          "stepsCount" : 3,
          "attachmentsCount" : 0,
          "shouldDisplayMessage" : false,
          "hasContent" : true
        } ],
        "attachments" : [ ],
        "parameters" : [ ],
        "stepsCount" : 5,
        "attachmentsCount" : 0,
        "shouldDisplayMessage" : false,
        "hasContent" : true
      } ],
      "attachments" : [ ],
      "parameters" : [ ],
      "stepsCount" : 7,
      "attachmentsCount" : 0,
      "shouldDisplayMessage" : false,
      "hasContent" : true
    }, {
      "name" : "Expected status 201",
      "time" : {
        "start" : 1718159559604,
        "stop" : 1718159559604,
        "duration" : 0
      },
      "status" : "failed",
      "statusMessage" : "AssertionError: Unexpected status code. Expected: 201. Actual: 500\n",
      "statusTrace" : "  File \"/home/runner/work/PulseWave/PulseWave/api_testing/assertions.py\", line 11, in assert_status_code\n    assert actual_status_code == expected_status_code, \\\n           ^^^^^^^^^^^^^^^^^^^^^^^^^^^^^^^^^^^^^^^^^^\n",
      "steps" : [ ],
      "attachments" : [ ],
      "parameters" : [ ],
      "stepsCount" : 0,
      "attachmentsCount" : 0,
      "shouldDisplayMessage" : true,
      "hasContent" : true
    } ],
    "attachments" : [ ],
    "parameters" : [ ],
    "stepsCount" : 10,
    "attachmentsCount" : 0,
    "shouldDisplayMessage" : true,
    "hasContent" : true
  },
  "afterStages" : [ ],
  "labels" : [ {
    "name" : "epic",
    "value" : "Тестирование API"
  }, {
    "name" : "tag",
    "value" : "@pytest.mark.xfail"
  }, {
    "name" : "parentSuite",
    "value" : "tests.test_api"
  }, {
    "name" : "suite",
    "value" : "test_api"
  }, {
    "name" : "subSuite",
    "value" : "TestAPI"
  }, {
    "name" : "host",
    "value" : "fv-az568-467"
  }, {
    "name" : "thread",
    "value" : "2303-MainThread"
  }, {
    "name" : "framework",
    "value" : "pytest"
  }, {
    "name" : "language",
    "value" : "cpython3"
  }, {
    "name" : "package",
    "value" : "tests.test_api.test_api"
  }, {
    "name" : "resultFormat",
    "value" : "allure2"
  } ],
  "parameters" : [ ],
  "links" : [ ],
  "hidden" : false,
  "retry" : false,
  "extra" : {
    "severity" : "normal",
    "retries" : [ ],
    "categories" : [ ],
    "history" : {
      "statistic" : {
        "failed" : 0,
        "broken" : 0,
        "skipped" : 60,
        "passed" : 0,
        "unknown" : 0,
        "total" : 60
      },
      "items" : [ {
        "uid" : "846b5c7fa411d348",
        "reportUrl" : "https://Nat754.github.io/PulseWave/52//#testresult/846b5c7fa411d348",
        "status" : "skipped",
        "statusDetails" : "XFAIL\n\nAssertionError: Unexpected status code. Expected: 201. Actual: 500",
        "time" : {
          "start" : 1718073056263,
          "stop" : 1718073067320,
          "duration" : 11057
        }
      }, {
        "uid" : "43e162be35fdf13a",
        "reportUrl" : "https://Nat754.github.io/PulseWave/51//#testresult/43e162be35fdf13a",
        "status" : "skipped",
        "statusDetails" : "XFAIL\n\nAssertionError: Unexpected status code. Expected: 201. Actual: 500",
        "time" : {
          "start" : 1717986759187,
          "stop" : 1717986768870,
          "duration" : 9683
        }
      }, {
        "uid" : "11f08b33a87bd160",
        "reportUrl" : "https://Nat754.github.io/PulseWave/50//#testresult/11f08b33a87bd160",
        "status" : "skipped",
        "statusDetails" : "XFAIL\n\nAssertionError: Unexpected status code. Expected: 201. Actual: 500",
        "time" : {
          "start" : 1717900476468,
          "stop" : 1717900489397,
          "duration" : 12929
        }
      }, {
        "uid" : "f5502ee53fcc07ea",
        "reportUrl" : "https://Nat754.github.io/PulseWave/49//#testresult/f5502ee53fcc07ea",
        "status" : "skipped",
        "statusDetails" : "XFAIL\n\nAssertionError: Unexpected status code. Expected: 201. Actual: 500",
        "time" : {
          "start" : 1717813733958,
          "stop" : 1717813744729,
          "duration" : 10771
        }
      }, {
        "uid" : "7425f87f366b5a47",
        "reportUrl" : "https://Nat754.github.io/PulseWave/48//#testresult/7425f87f366b5a47",
        "status" : "skipped",
        "statusDetails" : "XFAIL\n\nAssertionError: Unexpected status code. Expected: 201. Actual: 500",
        "time" : {
          "start" : 1717727503155,
          "stop" : 1717727514733,
          "duration" : 11578
        }
      }, {
        "uid" : "f66a3990f4194772",
        "reportUrl" : "https://Nat754.github.io/PulseWave/47//#testresult/f66a3990f4194772",
        "status" : "skipped",
        "statusDetails" : "XFAIL\n\nAssertionError: Unexpected status code. Expected: 201. Actual: 500",
        "time" : {
          "start" : 1717640974751,
          "stop" : 1717640986737,
          "duration" : 11986
        }
      }, {
        "uid" : "df40eb3ecd31de5a",
        "reportUrl" : "https://Nat754.github.io/PulseWave/46//#testresult/df40eb3ecd31de5a",
        "status" : "skipped",
        "statusDetails" : "XFAIL\n\nAssertionError: Unexpected status code. Expected: 201. Actual: 500",
        "time" : {
          "start" : 1717554535454,
          "stop" : 1717554545019,
          "duration" : 9565
        }
      }, {
        "uid" : "8043e2cac2b36c82",
        "reportUrl" : "https://Nat754.github.io/PulseWave/45//#testresult/8043e2cac2b36c82",
        "status" : "skipped",
        "statusDetails" : "XFAIL\n\nAssertionError: Unexpected status code. Expected: 201. Actual: 500",
        "time" : {
          "start" : 1717468141858,
          "stop" : 1717468151464,
          "duration" : 9606
        }
      }, {
        "uid" : "e0b4d0c7f6c588f7",
        "reportUrl" : "https://Nat754.github.io/PulseWave/44//#testresult/e0b4d0c7f6c588f7",
        "status" : "skipped",
        "statusDetails" : "XFAIL\n\nAssertionError: Unexpected status code. Expected: 201. Actual: 500",
        "time" : {
          "start" : 1717381867014,
          "stop" : 1717381880460,
          "duration" : 13446
        }
      }, {
        "uid" : "da17813575d631c1",
        "reportUrl" : "https://Nat754.github.io/PulseWave/43//#testresult/da17813575d631c1",
        "status" : "skipped",
        "statusDetails" : "XFAIL\n\nAssertionError: Unexpected status code. Expected: 201. Actual: 500",
        "time" : {
          "start" : 1717295553241,
          "stop" : 1717295563139,
          "duration" : 9898
        }
      }, {
        "uid" : "13e864b318b2c517",
        "reportUrl" : "https://Nat754.github.io/PulseWave/42//#testresult/13e864b318b2c517",
        "status" : "skipped",
        "statusDetails" : "XFAIL\n\nAssertionError: Unexpected status code. Expected: 201. Actual: 500",
        "time" : {
          "start" : 1717209163185,
          "stop" : 1717209175315,
          "duration" : 12130
        }
      }, {
        "uid" : "b6a1f74e7e39f4de",
        "reportUrl" : "https://Nat754.github.io/PulseWave/41//#testresult/b6a1f74e7e39f4de",
        "status" : "skipped",
        "statusDetails" : "XFAIL\n\nAssertionError: Unexpected status code. Expected: 201. Actual: 500",
        "time" : {
          "start" : 1717122574588,
          "stop" : 1717122587216,
          "duration" : 12628
        }
      }, {
        "uid" : "4e13fd110e6824d8",
        "reportUrl" : "https://Nat754.github.io/PulseWave/40//#testresult/4e13fd110e6824d8",
        "status" : "skipped",
        "statusDetails" : "XFAIL\n\nAssertionError: Unexpected status code. Expected: 201. Actual: 500",
        "time" : {
          "start" : 1717036118023,
          "stop" : 1717036127305,
          "duration" : 9282
        }
      }, {
        "uid" : "d905bcf26e1351fa",
        "reportUrl" : "https://Nat754.github.io/PulseWave/39//#testresult/d905bcf26e1351fa",
        "status" : "skipped",
        "statusDetails" : "XFAIL\n\nAssertionError: Unexpected status code. Expected: 201. Actual: 500",
        "time" : {
          "start" : 1716949782693,
          "stop" : 1716949791572,
          "duration" : 8879
        }
      }, {
        "uid" : "d1347ae7e0a82b2d",
        "reportUrl" : "https://Nat754.github.io/PulseWave/38//#testresult/d1347ae7e0a82b2d",
        "status" : "skipped",
        "statusDetails" : "XFAIL\n\nAssertionError: Unexpected status code. Expected: 201. Actual: 500",
        "time" : {
          "start" : 1716863308917,
          "stop" : 1716863318949,
          "duration" : 10032
        }
      }, {
        "uid" : "3087a8619d600d62",
        "reportUrl" : "https://Nat754.github.io/PulseWave/37//#testresult/3087a8619d600d62",
        "status" : "skipped",
        "statusDetails" : "XFAIL\n\nAssertionError: Unexpected status code. Expected: 201. Actual: 500",
        "time" : {
          "start" : 1716776929744,
          "stop" : 1716776940160,
          "duration" : 10416
        }
      }, {
        "uid" : "a8a73f2185660d20",
        "reportUrl" : "https://Nat754.github.io/PulseWave/36//#testresult/a8a73f2185660d20",
        "status" : "skipped",
        "statusDetails" : "XFAIL\n\nAssertionError: Unexpected status code. Expected: 201. Actual: 500",
        "time" : {
          "start" : 1716690605244,
          "stop" : 1716690615807,
          "duration" : 10563
        }
      }, {
        "uid" : "33390ab19c10b847",
        "reportUrl" : "https://Nat754.github.io/PulseWave/34//#testresult/33390ab19c10b847",
        "status" : "skipped",
        "statusDetails" : "XFAIL\n\nAssertionError: Unexpected status code. Expected: 201. Actual: 500",
        "time" : {
          "start" : 1716638758027,
          "stop" : 1716638767705,
          "duration" : 9678
        }
      }, {
        "uid" : "c9cc9bb84b4140ab",
        "reportUrl" : "https://Nat754.github.io/PulseWave/35//#testresult/c9cc9bb84b4140ab",
        "status" : "skipped",
        "statusDetails" : "XFAIL\n\nAssertionError: Unexpected status code. Expected: 201. Actual: 500",
        "time" : {
          "start" : 1716603909212,
          "stop" : 1716603919811,
          "duration" : 10599
        }
      }, {
        "uid" : "5da4e16cc123dea8",
        "reportUrl" : "https://Nat754.github.io/PulseWave/34//#testresult/5da4e16cc123dea8",
        "status" : "skipped",
        "statusDetails" : "XFAIL\n\nKeyError: 'access'",
        "time" : {
          "start" : 1716517431511,
          "stop" : 1716517432769,
          "duration" : 1258
        }
      } ]
    },
    "tags" : [ "@pytest.mark.xfail" ]
  },
  "source" : "99ae7b2c45f230e5.json",
  "parameterValues" : [ ]
}