{
  "uid" : "279c99824f10cc5b",
  "name" : "R.5 Восстановить пароль на корректный емайл",
  "fullName" : "tests.ui_tests.password_recovery_test.TestPasswordRecoveryPage#test_recovery_password_to_fill_correct_email",
  "historyId" : "c89e92ccaf4be98f1027d5da5a586b20",
  "time" : {
    "start" : 1760241132429,
    "stop" : 1760241136106,
    "duration" : 3677
  },
  "status" : "broken",
  "statusMessage" : "selenium.common.exceptions.StaleElementReferenceException: Message: stale element reference: stale element not found in the current frame\n  (Session info: chrome=140.0.7339.207); For documentation on this error, please visit: https://www.selenium.dev/documentation/webdriver/troubleshooting/errors#stale-element-reference-exception\nStacktrace:\n#0 0x564a7da94fba <unknown>\n#1 0x564a7d5196d0 <unknown>\n#2 0x564a7d520358 <unknown>\n#3 0x564a7d522be8 <unknown>\n#4 0x564a7d522c73 <unknown>\n#5 0x564a7d565e9a <unknown>\n#6 0x564a7d590e32 <unknown>\n#7 0x564a7d55ef47 <unknown>\n#8 0x564a7d590ffe <unknown>\n#9 0x564a7d5b6b54 <unknown>\n#10 0x564a7d590c03 <unknown>\n#11 0x564a7d55d7a8 <unknown>\n#12 0x564a7d55e421 <unknown>\n#13 0x564a7da59b28 <unknown>\n#14 0x564a7da5d87f <unknown>\n#15 0x564a7da41c49 <unknown>\n#16 0x564a7da5e405 <unknown>\n#17 0x564a7da274ff <unknown>\n#18 0x564a7da82258 <unknown>\n#19 0x564a7da82432 <unknown>\n#20 0x564a7da93fa3 <unknown>\n#21 0x7fc795e9caa4 <unknown>\n#22 0x7fc795f29c6c <unknown>",
  "statusTrace" : "self = <tests.ui_tests.password_recovery_test.TestPasswordRecoveryPage object at 0x7f22f8cfb770>\nrecovery_page_open = <pages.password_recovery_page.PasswordRecoveryPage object at 0x7f22f8d1f680>\ndriver = <selenium.webdriver.chrome.webdriver.WebDriver (session=\"fcbf00a3e1e01b2ca008dcea9a11484e\")>\n\n    @allure.title(\"R.5 Восстановить пароль на корректный емайл\")\n    def test_recovery_password_to_fill_correct_email(self, recovery_page_open, driver):\n        with allure.step('Заполнить поле емайл'):\n            recovery_page_open.fill_email_to_recovery_password(email_auth)\n        with allure.step(\"Нажать кнопку 'Продолжить'\"):\n            recovery_page_open.click_resume_button()\n        link = recovery_page_open.get_link_recovery_password_by_email()\n        driver.get(link)\n        with allure.step('Ввести пароль в поле пароль'):\n            recovery_page_open.fill_password_recovery(password0)\n        with allure.step('Ввести пароль в поле подтверждение пароля'):\n            recovery_page_open.fill_confirm_password_recovery(password0)\n        with allure.step(\"Нажать кнопку 'Сохранить пароль'\"):\n            recovery_page_open.click_resume_button()\n        with allure.step(\"Нажать кнопку 'Ок' - подтвердить переход на страницу авторизации\"):\n>           recovery_page_open.click_resume_button()\n\ntests/ui_tests/password_recovery_test.py:63: \n_ _ _ _ _ _ _ _ _ _ _ _ _ _ _ _ _ _ _ _ _ _ _ _ _ _ _ _ _ _ _ _ _ _ _ _ _ _ _ _ \npages/password_recovery_page.py:41: in click_resume_button\n    return self.element_is_clickable(self.locator.SUBMIT_BUTTON).click()\npages/base_page.py:68: in element_is_clickable\n    return Wait(self.driver, self.timeout).until(es.element_to_be_clickable(locator))\n/opt/hostedtoolcache/Python/3.12.11/x64/lib/python3.12/site-packages/selenium/webdriver/support/wait.py:96: in until\n    value = method(self._driver)\n/opt/hostedtoolcache/Python/3.12.11/x64/lib/python3.12/site-packages/selenium/webdriver/support/expected_conditions.py:365: in _predicate\n    if element and element.is_enabled():\n/opt/hostedtoolcache/Python/3.12.11/x64/lib/python3.12/site-packages/selenium/webdriver/remote/webelement.py:192: in is_enabled\n    return self._execute(Command.IS_ELEMENT_ENABLED)[\"value\"]\n/opt/hostedtoolcache/Python/3.12.11/x64/lib/python3.12/site-packages/selenium/webdriver/remote/webelement.py:395: in _execute\n    return self._parent.execute(command, params)\n/opt/hostedtoolcache/Python/3.12.11/x64/lib/python3.12/site-packages/selenium/webdriver/remote/webdriver.py:347: in execute\n    self.error_handler.check_response(response)\n_ _ _ _ _ _ _ _ _ _ _ _ _ _ _ _ _ _ _ _ _ _ _ _ _ _ _ _ _ _ _ _ _ _ _ _ _ _ _ _ \n\nself = <selenium.webdriver.remote.errorhandler.ErrorHandler object at 0x7f22f8d16480>\nresponse = {'status': 404, 'value': '{\"value\":{\"error\":\"stale element reference\",\"message\":\"stale element reference: stale elemen...\\\\n#20 0x564a7da93fa3 \\\\u003Cunknown>\\\\n#21 0x7fc795e9caa4 \\\\u003Cunknown>\\\\n#22 0x7fc795f29c6c \\\\u003Cunknown>\\\\n\"}}'}\n\n    def check_response(self, response: Dict[str, Any]) -> None:\n        \"\"\"Checks that a JSON response from the WebDriver does not have an\n        error.\n    \n        :Args:\n         - response - The JSON response from the WebDriver server as a dictionary\n           object.\n    \n        :Raises: If the response contains an error message.\n        \"\"\"\n        status = response.get(\"status\", None)\n        if not status or status == ErrorCode.SUCCESS:\n            return\n        value = None\n        message = response.get(\"message\", \"\")\n        screen: str = response.get(\"screen\", \"\")\n        stacktrace = None\n        if isinstance(status, int):\n            value_json = response.get(\"value\", None)\n            if value_json and isinstance(value_json, str):\n                import json\n    \n                try:\n                    value = json.loads(value_json)\n                    if len(value) == 1:\n                        value = value[\"value\"]\n                    status = value.get(\"error\", None)\n                    if not status:\n                        status = value.get(\"status\", ErrorCode.UNKNOWN_ERROR)\n                        message = value.get(\"value\") or value.get(\"message\")\n                        if not isinstance(message, str):\n                            value = message\n                            message = message.get(\"message\")\n                    else:\n                        message = value.get(\"message\", None)\n                except ValueError:\n                    pass\n    \n        exception_class: Type[WebDriverException]\n        e = ErrorCode()\n        error_codes = [item for item in dir(e) if not item.startswith(\"__\")]\n        for error_code in error_codes:\n            error_info = getattr(ErrorCode, error_code)\n            if isinstance(error_info, list) and status in error_info:\n                exception_class = getattr(ExceptionMapping, error_code, WebDriverException)\n                break\n        else:\n            exception_class = WebDriverException\n    \n        if not value:\n            value = response[\"value\"]\n        if isinstance(value, str):\n            raise exception_class(value)\n        if message == \"\" and \"message\" in value:\n            message = value[\"message\"]\n    \n        screen = None  # type: ignore[assignment]\n        if \"screen\" in value:\n            screen = value[\"screen\"]\n    \n        stacktrace = None\n        st_value = value.get(\"stackTrace\") or value.get(\"stacktrace\")\n        if st_value:\n            if isinstance(st_value, str):\n                stacktrace = st_value.split(\"\\n\")\n            else:\n                stacktrace = []\n                try:\n                    for frame in st_value:\n                        line = frame.get(\"lineNumber\", \"\")\n                        file = frame.get(\"fileName\", \"<anonymous>\")\n                        if line:\n                            file = f\"{file}:{line}\"\n                        meth = frame.get(\"methodName\", \"<anonymous>\")\n                        if \"className\" in frame:\n                            meth = f\"{frame['className']}.{meth}\"\n                        msg = \"    at %s (%s)\"\n                        msg = msg % (meth, file)\n                        stacktrace.append(msg)\n                except TypeError:\n                    pass\n        if exception_class == UnexpectedAlertPresentException:\n            alert_text = None\n            if \"data\" in value:\n                alert_text = value[\"data\"].get(\"text\")\n            elif \"alert\" in value:\n                alert_text = value[\"alert\"].get(\"text\")\n            raise exception_class(message, screen, stacktrace, alert_text)  # type: ignore[call-arg]  # mypy is not smart enough here\n>       raise exception_class(message, screen, stacktrace)\nE       selenium.common.exceptions.StaleElementReferenceException: Message: stale element reference: stale element not found in the current frame\nE         (Session info: chrome=140.0.7339.207); For documentation on this error, please visit: https://www.selenium.dev/documentation/webdriver/troubleshooting/errors#stale-element-reference-exception\nE       Stacktrace:\nE       #0 0x564a7da94fba <unknown>\nE       #1 0x564a7d5196d0 <unknown>\nE       #2 0x564a7d520358 <unknown>\nE       #3 0x564a7d522be8 <unknown>\nE       #4 0x564a7d522c73 <unknown>\nE       #5 0x564a7d565e9a <unknown>\nE       #6 0x564a7d590e32 <unknown>\nE       #7 0x564a7d55ef47 <unknown>\nE       #8 0x564a7d590ffe <unknown>\nE       #9 0x564a7d5b6b54 <unknown>\nE       #10 0x564a7d590c03 <unknown>\nE       #11 0x564a7d55d7a8 <unknown>\nE       #12 0x564a7d55e421 <unknown>\nE       #13 0x564a7da59b28 <unknown>\nE       #14 0x564a7da5d87f <unknown>\nE       #15 0x564a7da41c49 <unknown>\nE       #16 0x564a7da5e405 <unknown>\nE       #17 0x564a7da274ff <unknown>\nE       #18 0x564a7da82258 <unknown>\nE       #19 0x564a7da82432 <unknown>\nE       #20 0x564a7da93fa3 <unknown>\nE       #21 0x7fc795e9caa4 <unknown>\nE       #22 0x7fc795f29c6c <unknown>\n\n/opt/hostedtoolcache/Python/3.12.11/x64/lib/python3.12/site-packages/selenium/webdriver/remote/errorhandler.py:229: StaleElementReferenceException",
  "flaky" : false,
  "newFailed" : false,
  "beforeStages" : [ {
    "name" : "driver",
    "time" : {
      "start" : 1760241129002,
      "stop" : 1760241129276,
      "duration" : 274
    },
    "status" : "passed",
    "steps" : [ ],
    "attachments" : [ ],
    "parameters" : [ ],
    "stepsCount" : 0,
    "attachmentsCount" : 0,
    "shouldDisplayMessage" : false,
    "hasContent" : false
  }, {
    "name" : "recovery_page_open",
    "time" : {
      "start" : 1760241129276,
      "stop" : 1760241132428,
      "duration" : 3152
    },
    "status" : "passed",
    "steps" : [ {
      "name" : "Открыть страницу восстановления пароля",
      "time" : {
        "start" : 1760241129276,
        "stop" : 1760241132428,
        "duration" : 3152
      },
      "status" : "passed",
      "steps" : [ {
        "name" : "Согласиться с использованием файлов cookies, если высветилось окно",
        "time" : {
          "start" : 1760241132328,
          "stop" : 1760241132428,
          "duration" : 100
        },
        "status" : "passed",
        "steps" : [ {
          "name" : "Получить кнопку 'OK' в сообщении о принятии файлов cookie на Главной странице",
          "time" : {
            "start" : 1760241132328,
            "stop" : 1760241132359,
            "duration" : 31
          },
          "status" : "passed",
          "steps" : [ {
            "name" : "Проверить видимость элемента",
            "time" : {
              "start" : 1760241132328,
              "stop" : 1760241132359,
              "duration" : 31
            },
            "status" : "passed",
            "steps" : [ {
              "name" : "Проверить присутствие элемента в DOM",
              "time" : {
                "start" : 1760241132328,
                "stop" : 1760241132338,
                "duration" : 10
              },
              "status" : "passed",
              "steps" : [ ],
              "attachments" : [ ],
              "parameters" : [ {
                "name" : "locator",
                "value" : "('class name', 'btn-cookies')"
              } ],
              "stepsCount" : 0,
              "attachmentsCount" : 0,
              "shouldDisplayMessage" : false,
              "hasContent" : true
            }, {
              "name" : "Проскролить до элемента",
              "time" : {
                "start" : 1760241132338,
                "stop" : 1760241132343,
                "duration" : 5
              },
              "status" : "passed",
              "steps" : [ ],
              "attachments" : [ ],
              "parameters" : [ {
                "name" : "element",
                "value" : "<selenium.webdriver.remote.webelement.WebElement (session=\"fcbf00a3e1e01b2ca008dcea9a11484e\", element=\"f.BDB53BD6884DA1B57927A7F980D53548.d.C66005F3311A26B3BB4C2E719927D41C.e.9\")>"
              } ],
              "stepsCount" : 0,
              "attachmentsCount" : 0,
              "shouldDisplayMessage" : false,
              "hasContent" : true
            } ],
            "attachments" : [ ],
            "parameters" : [ {
              "name" : "locator",
              "value" : "('class name', 'btn-cookies')"
            } ],
            "stepsCount" : 2,
            "attachmentsCount" : 0,
            "shouldDisplayMessage" : false,
            "hasContent" : true
          } ],
          "attachments" : [ ],
          "parameters" : [ ],
          "stepsCount" : 3,
          "attachmentsCount" : 0,
          "shouldDisplayMessage" : false,
          "hasContent" : true
        } ],
        "attachments" : [ ],
        "parameters" : [ {
          "name" : "driver",
          "value" : "<selenium.webdriver.chrome.webdriver.WebDriver (session=\"fcbf00a3e1e01b2ca008dcea9a11484e\")>"
        } ],
        "stepsCount" : 4,
        "attachmentsCount" : 0,
        "shouldDisplayMessage" : false,
        "hasContent" : true
      } ],
      "attachments" : [ ],
      "parameters" : [ {
        "name" : "driver",
        "value" : "<selenium.webdriver.chrome.webdriver.WebDriver (session=\"fcbf00a3e1e01b2ca008dcea9a11484e\")>"
      } ],
      "stepsCount" : 5,
      "attachmentsCount" : 0,
      "shouldDisplayMessage" : false,
      "hasContent" : true
    } ],
    "attachments" : [ ],
    "parameters" : [ ],
    "stepsCount" : 6,
    "attachmentsCount" : 0,
    "shouldDisplayMessage" : false,
    "hasContent" : true
  }, {
    "name" : "_session_faker",
    "time" : {
      "start" : 1760239899269,
      "stop" : 1760239899285,
      "duration" : 16
    },
    "status" : "passed",
    "steps" : [ ],
    "attachments" : [ ],
    "parameters" : [ ],
    "stepsCount" : 0,
    "attachmentsCount" : 0,
    "shouldDisplayMessage" : false,
    "hasContent" : false
  }, {
    "name" : "clear_allure_result_folder",
    "time" : {
      "start" : 1760239899285,
      "stop" : 1760239899285,
      "duration" : 0
    },
    "status" : "passed",
    "steps" : [ ],
    "attachments" : [ ],
    "parameters" : [ ],
    "stepsCount" : 0,
    "attachmentsCount" : 0,
    "shouldDisplayMessage" : false,
    "hasContent" : false
  } ],
  "testStage" : {
    "status" : "broken",
    "statusMessage" : "selenium.common.exceptions.StaleElementReferenceException: Message: stale element reference: stale element not found in the current frame\n  (Session info: chrome=140.0.7339.207); For documentation on this error, please visit: https://www.selenium.dev/documentation/webdriver/troubleshooting/errors#stale-element-reference-exception\nStacktrace:\n#0 0x564a7da94fba <unknown>\n#1 0x564a7d5196d0 <unknown>\n#2 0x564a7d520358 <unknown>\n#3 0x564a7d522be8 <unknown>\n#4 0x564a7d522c73 <unknown>\n#5 0x564a7d565e9a <unknown>\n#6 0x564a7d590e32 <unknown>\n#7 0x564a7d55ef47 <unknown>\n#8 0x564a7d590ffe <unknown>\n#9 0x564a7d5b6b54 <unknown>\n#10 0x564a7d590c03 <unknown>\n#11 0x564a7d55d7a8 <unknown>\n#12 0x564a7d55e421 <unknown>\n#13 0x564a7da59b28 <unknown>\n#14 0x564a7da5d87f <unknown>\n#15 0x564a7da41c49 <unknown>\n#16 0x564a7da5e405 <unknown>\n#17 0x564a7da274ff <unknown>\n#18 0x564a7da82258 <unknown>\n#19 0x564a7da82432 <unknown>\n#20 0x564a7da93fa3 <unknown>\n#21 0x7fc795e9caa4 <unknown>\n#22 0x7fc795f29c6c <unknown>",
    "statusTrace" : "self = <tests.ui_tests.password_recovery_test.TestPasswordRecoveryPage object at 0x7f22f8cfb770>\nrecovery_page_open = <pages.password_recovery_page.PasswordRecoveryPage object at 0x7f22f8d1f680>\ndriver = <selenium.webdriver.chrome.webdriver.WebDriver (session=\"fcbf00a3e1e01b2ca008dcea9a11484e\")>\n\n    @allure.title(\"R.5 Восстановить пароль на корректный емайл\")\n    def test_recovery_password_to_fill_correct_email(self, recovery_page_open, driver):\n        with allure.step('Заполнить поле емайл'):\n            recovery_page_open.fill_email_to_recovery_password(email_auth)\n        with allure.step(\"Нажать кнопку 'Продолжить'\"):\n            recovery_page_open.click_resume_button()\n        link = recovery_page_open.get_link_recovery_password_by_email()\n        driver.get(link)\n        with allure.step('Ввести пароль в поле пароль'):\n            recovery_page_open.fill_password_recovery(password0)\n        with allure.step('Ввести пароль в поле подтверждение пароля'):\n            recovery_page_open.fill_confirm_password_recovery(password0)\n        with allure.step(\"Нажать кнопку 'Сохранить пароль'\"):\n            recovery_page_open.click_resume_button()\n        with allure.step(\"Нажать кнопку 'Ок' - подтвердить переход на страницу авторизации\"):\n>           recovery_page_open.click_resume_button()\n\ntests/ui_tests/password_recovery_test.py:63: \n_ _ _ _ _ _ _ _ _ _ _ _ _ _ _ _ _ _ _ _ _ _ _ _ _ _ _ _ _ _ _ _ _ _ _ _ _ _ _ _ \npages/password_recovery_page.py:41: in click_resume_button\n    return self.element_is_clickable(self.locator.SUBMIT_BUTTON).click()\npages/base_page.py:68: in element_is_clickable\n    return Wait(self.driver, self.timeout).until(es.element_to_be_clickable(locator))\n/opt/hostedtoolcache/Python/3.12.11/x64/lib/python3.12/site-packages/selenium/webdriver/support/wait.py:96: in until\n    value = method(self._driver)\n/opt/hostedtoolcache/Python/3.12.11/x64/lib/python3.12/site-packages/selenium/webdriver/support/expected_conditions.py:365: in _predicate\n    if element and element.is_enabled():\n/opt/hostedtoolcache/Python/3.12.11/x64/lib/python3.12/site-packages/selenium/webdriver/remote/webelement.py:192: in is_enabled\n    return self._execute(Command.IS_ELEMENT_ENABLED)[\"value\"]\n/opt/hostedtoolcache/Python/3.12.11/x64/lib/python3.12/site-packages/selenium/webdriver/remote/webelement.py:395: in _execute\n    return self._parent.execute(command, params)\n/opt/hostedtoolcache/Python/3.12.11/x64/lib/python3.12/site-packages/selenium/webdriver/remote/webdriver.py:347: in execute\n    self.error_handler.check_response(response)\n_ _ _ _ _ _ _ _ _ _ _ _ _ _ _ _ _ _ _ _ _ _ _ _ _ _ _ _ _ _ _ _ _ _ _ _ _ _ _ _ \n\nself = <selenium.webdriver.remote.errorhandler.ErrorHandler object at 0x7f22f8d16480>\nresponse = {'status': 404, 'value': '{\"value\":{\"error\":\"stale element reference\",\"message\":\"stale element reference: stale elemen...\\\\n#20 0x564a7da93fa3 \\\\u003Cunknown>\\\\n#21 0x7fc795e9caa4 \\\\u003Cunknown>\\\\n#22 0x7fc795f29c6c \\\\u003Cunknown>\\\\n\"}}'}\n\n    def check_response(self, response: Dict[str, Any]) -> None:\n        \"\"\"Checks that a JSON response from the WebDriver does not have an\n        error.\n    \n        :Args:\n         - response - The JSON response from the WebDriver server as a dictionary\n           object.\n    \n        :Raises: If the response contains an error message.\n        \"\"\"\n        status = response.get(\"status\", None)\n        if not status or status == ErrorCode.SUCCESS:\n            return\n        value = None\n        message = response.get(\"message\", \"\")\n        screen: str = response.get(\"screen\", \"\")\n        stacktrace = None\n        if isinstance(status, int):\n            value_json = response.get(\"value\", None)\n            if value_json and isinstance(value_json, str):\n                import json\n    \n                try:\n                    value = json.loads(value_json)\n                    if len(value) == 1:\n                        value = value[\"value\"]\n                    status = value.get(\"error\", None)\n                    if not status:\n                        status = value.get(\"status\", ErrorCode.UNKNOWN_ERROR)\n                        message = value.get(\"value\") or value.get(\"message\")\n                        if not isinstance(message, str):\n                            value = message\n                            message = message.get(\"message\")\n                    else:\n                        message = value.get(\"message\", None)\n                except ValueError:\n                    pass\n    \n        exception_class: Type[WebDriverException]\n        e = ErrorCode()\n        error_codes = [item for item in dir(e) if not item.startswith(\"__\")]\n        for error_code in error_codes:\n            error_info = getattr(ErrorCode, error_code)\n            if isinstance(error_info, list) and status in error_info:\n                exception_class = getattr(ExceptionMapping, error_code, WebDriverException)\n                break\n        else:\n            exception_class = WebDriverException\n    \n        if not value:\n            value = response[\"value\"]\n        if isinstance(value, str):\n            raise exception_class(value)\n        if message == \"\" and \"message\" in value:\n            message = value[\"message\"]\n    \n        screen = None  # type: ignore[assignment]\n        if \"screen\" in value:\n            screen = value[\"screen\"]\n    \n        stacktrace = None\n        st_value = value.get(\"stackTrace\") or value.get(\"stacktrace\")\n        if st_value:\n            if isinstance(st_value, str):\n                stacktrace = st_value.split(\"\\n\")\n            else:\n                stacktrace = []\n                try:\n                    for frame in st_value:\n                        line = frame.get(\"lineNumber\", \"\")\n                        file = frame.get(\"fileName\", \"<anonymous>\")\n                        if line:\n                            file = f\"{file}:{line}\"\n                        meth = frame.get(\"methodName\", \"<anonymous>\")\n                        if \"className\" in frame:\n                            meth = f\"{frame['className']}.{meth}\"\n                        msg = \"    at %s (%s)\"\n                        msg = msg % (meth, file)\n                        stacktrace.append(msg)\n                except TypeError:\n                    pass\n        if exception_class == UnexpectedAlertPresentException:\n            alert_text = None\n            if \"data\" in value:\n                alert_text = value[\"data\"].get(\"text\")\n            elif \"alert\" in value:\n                alert_text = value[\"alert\"].get(\"text\")\n            raise exception_class(message, screen, stacktrace, alert_text)  # type: ignore[call-arg]  # mypy is not smart enough here\n>       raise exception_class(message, screen, stacktrace)\nE       selenium.common.exceptions.StaleElementReferenceException: Message: stale element reference: stale element not found in the current frame\nE         (Session info: chrome=140.0.7339.207); For documentation on this error, please visit: https://www.selenium.dev/documentation/webdriver/troubleshooting/errors#stale-element-reference-exception\nE       Stacktrace:\nE       #0 0x564a7da94fba <unknown>\nE       #1 0x564a7d5196d0 <unknown>\nE       #2 0x564a7d520358 <unknown>\nE       #3 0x564a7d522be8 <unknown>\nE       #4 0x564a7d522c73 <unknown>\nE       #5 0x564a7d565e9a <unknown>\nE       #6 0x564a7d590e32 <unknown>\nE       #7 0x564a7d55ef47 <unknown>\nE       #8 0x564a7d590ffe <unknown>\nE       #9 0x564a7d5b6b54 <unknown>\nE       #10 0x564a7d590c03 <unknown>\nE       #11 0x564a7d55d7a8 <unknown>\nE       #12 0x564a7d55e421 <unknown>\nE       #13 0x564a7da59b28 <unknown>\nE       #14 0x564a7da5d87f <unknown>\nE       #15 0x564a7da41c49 <unknown>\nE       #16 0x564a7da5e405 <unknown>\nE       #17 0x564a7da274ff <unknown>\nE       #18 0x564a7da82258 <unknown>\nE       #19 0x564a7da82432 <unknown>\nE       #20 0x564a7da93fa3 <unknown>\nE       #21 0x7fc795e9caa4 <unknown>\nE       #22 0x7fc795f29c6c <unknown>\n\n/opt/hostedtoolcache/Python/3.12.11/x64/lib/python3.12/site-packages/selenium/webdriver/remote/errorhandler.py:229: StaleElementReferenceException",
    "steps" : [ {
      "name" : "Заполнить поле емайл",
      "time" : {
        "start" : 1760241132429,
        "stop" : 1760241132534,
        "duration" : 105
      },
      "status" : "passed",
      "steps" : [ {
        "name" : "Проверить видимость элемента",
        "time" : {
          "start" : 1760241132429,
          "stop" : 1760241132461,
          "duration" : 32
        },
        "status" : "passed",
        "steps" : [ {
          "name" : "Проверить присутствие элемента в DOM",
          "time" : {
            "start" : 1760241132429,
            "stop" : 1760241132439,
            "duration" : 10
          },
          "status" : "passed",
          "steps" : [ ],
          "attachments" : [ ],
          "parameters" : [ {
            "name" : "locator",
            "value" : "('class name', 'input')"
          } ],
          "stepsCount" : 0,
          "attachmentsCount" : 0,
          "shouldDisplayMessage" : false,
          "hasContent" : true
        }, {
          "name" : "Проскролить до элемента",
          "time" : {
            "start" : 1760241132439,
            "stop" : 1760241132443,
            "duration" : 4
          },
          "status" : "passed",
          "steps" : [ ],
          "attachments" : [ ],
          "parameters" : [ {
            "name" : "element",
            "value" : "<selenium.webdriver.remote.webelement.WebElement (session=\"fcbf00a3e1e01b2ca008dcea9a11484e\", element=\"f.BDB53BD6884DA1B57927A7F980D53548.d.C66005F3311A26B3BB4C2E719927D41C.e.5\")>"
          } ],
          "stepsCount" : 0,
          "attachmentsCount" : 0,
          "shouldDisplayMessage" : false,
          "hasContent" : true
        } ],
        "attachments" : [ ],
        "parameters" : [ {
          "name" : "locator",
          "value" : "('class name', 'input')"
        } ],
        "stepsCount" : 2,
        "attachmentsCount" : 0,
        "shouldDisplayMessage" : false,
        "hasContent" : true
      } ],
      "attachments" : [ ],
      "parameters" : [ ],
      "stepsCount" : 3,
      "attachmentsCount" : 0,
      "shouldDisplayMessage" : false,
      "hasContent" : true
    }, {
      "name" : "Нажать кнопку 'Продолжить'",
      "time" : {
        "start" : 1760241132534,
        "stop" : 1760241132645,
        "duration" : 111
      },
      "status" : "passed",
      "steps" : [ {
        "name" : "Проверить кликабельность элемента",
        "time" : {
          "start" : 1760241132534,
          "stop" : 1760241132584,
          "duration" : 50
        },
        "status" : "passed",
        "steps" : [ {
          "name" : "Проверить видимость элемента",
          "time" : {
            "start" : 1760241132534,
            "stop" : 1760241132564,
            "duration" : 30
          },
          "status" : "passed",
          "steps" : [ {
            "name" : "Проверить присутствие элемента в DOM",
            "time" : {
              "start" : 1760241132534,
              "stop" : 1760241132546,
              "duration" : 12
            },
            "status" : "passed",
            "steps" : [ ],
            "attachments" : [ ],
            "parameters" : [ {
              "name" : "locator",
              "value" : "('css selector', 'button[type=\"submit\"]')"
            } ],
            "stepsCount" : 0,
            "attachmentsCount" : 0,
            "shouldDisplayMessage" : false,
            "hasContent" : true
          }, {
            "name" : "Проскролить до элемента",
            "time" : {
              "start" : 1760241132546,
              "stop" : 1760241132550,
              "duration" : 4
            },
            "status" : "passed",
            "steps" : [ ],
            "attachments" : [ ],
            "parameters" : [ {
              "name" : "element",
              "value" : "<selenium.webdriver.remote.webelement.WebElement (session=\"fcbf00a3e1e01b2ca008dcea9a11484e\", element=\"f.BDB53BD6884DA1B57927A7F980D53548.d.C66005F3311A26B3BB4C2E719927D41C.e.11\")>"
            } ],
            "stepsCount" : 0,
            "attachmentsCount" : 0,
            "shouldDisplayMessage" : false,
            "hasContent" : true
          } ],
          "attachments" : [ ],
          "parameters" : [ {
            "name" : "locator",
            "value" : "('css selector', 'button[type=\"submit\"]')"
          } ],
          "stepsCount" : 2,
          "attachmentsCount" : 0,
          "shouldDisplayMessage" : false,
          "hasContent" : true
        } ],
        "attachments" : [ ],
        "parameters" : [ {
          "name" : "locator",
          "value" : "('css selector', 'button[type=\"submit\"]')"
        } ],
        "stepsCount" : 3,
        "attachmentsCount" : 0,
        "shouldDisplayMessage" : false,
        "hasContent" : true
      } ],
      "attachments" : [ ],
      "parameters" : [ ],
      "stepsCount" : 4,
      "attachmentsCount" : 0,
      "shouldDisplayMessage" : false,
      "hasContent" : true
    }, {
      "name" : "Получить ссылку для смены пароля на email",
      "time" : {
        "start" : 1760241132645,
        "stop" : 1760241134931,
        "duration" : 2286
      },
      "status" : "passed",
      "steps" : [ {
        "name" : "Прочитать сообщение",
        "time" : {
          "start" : 1760241132645,
          "stop" : 1760241134472,
          "duration" : 1827
        },
        "status" : "passed",
        "steps" : [ ],
        "attachments" : [ ],
        "parameters" : [ ],
        "stepsCount" : 0,
        "attachmentsCount" : 0,
        "shouldDisplayMessage" : false,
        "hasContent" : false
      }, {
        "name" : "Получить письмо",
        "time" : {
          "start" : 1760241134931,
          "stop" : 1760241134931,
          "duration" : 0
        },
        "status" : "passed",
        "steps" : [ ],
        "attachments" : [ ],
        "parameters" : [ ],
        "stepsCount" : 0,
        "attachmentsCount" : 0,
        "shouldDisplayMessage" : false,
        "hasContent" : false
      } ],
      "attachments" : [ ],
      "parameters" : [ ],
      "stepsCount" : 2,
      "attachmentsCount" : 0,
      "shouldDisplayMessage" : false,
      "hasContent" : true
    }, {
      "name" : "Ввести пароль в поле пароль",
      "time" : {
        "start" : 1760241135276,
        "stop" : 1760241135366,
        "duration" : 90
      },
      "status" : "passed",
      "steps" : [ {
        "name" : "Проверить видимость элемента",
        "time" : {
          "start" : 1760241135276,
          "stop" : 1760241135310,
          "duration" : 34
        },
        "status" : "passed",
        "steps" : [ {
          "name" : "Проверить присутствие элемента в DOM",
          "time" : {
            "start" : 1760241135276,
            "stop" : 1760241135288,
            "duration" : 12
          },
          "status" : "passed",
          "steps" : [ ],
          "attachments" : [ ],
          "parameters" : [ {
            "name" : "locator",
            "value" : "('xpath', '(//input[@type=\"password\"])[1]')"
          } ],
          "stepsCount" : 0,
          "attachmentsCount" : 0,
          "shouldDisplayMessage" : false,
          "hasContent" : true
        }, {
          "name" : "Проскролить до элемента",
          "time" : {
            "start" : 1760241135288,
            "stop" : 1760241135293,
            "duration" : 5
          },
          "status" : "passed",
          "steps" : [ ],
          "attachments" : [ ],
          "parameters" : [ {
            "name" : "element",
            "value" : "<selenium.webdriver.remote.webelement.WebElement (session=\"fcbf00a3e1e01b2ca008dcea9a11484e\", element=\"f.BDB53BD6884DA1B57927A7F980D53548.d.95F4F23F9E4CA87926D9AF0492FF8F7F.e.16\")>"
          } ],
          "stepsCount" : 0,
          "attachmentsCount" : 0,
          "shouldDisplayMessage" : false,
          "hasContent" : true
        } ],
        "attachments" : [ ],
        "parameters" : [ {
          "name" : "locator",
          "value" : "('xpath', '(//input[@type=\"password\"])[1]')"
        } ],
        "stepsCount" : 2,
        "attachmentsCount" : 0,
        "shouldDisplayMessage" : false,
        "hasContent" : true
      } ],
      "attachments" : [ ],
      "parameters" : [ ],
      "stepsCount" : 3,
      "attachmentsCount" : 0,
      "shouldDisplayMessage" : false,
      "hasContent" : true
    }, {
      "name" : "Ввести пароль в поле подтверждение пароля",
      "time" : {
        "start" : 1760241135366,
        "stop" : 1760241135430,
        "duration" : 64
      },
      "status" : "passed",
      "steps" : [ {
        "name" : "Проверить видимость элемента",
        "time" : {
          "start" : 1760241135366,
          "stop" : 1760241135393,
          "duration" : 27
        },
        "status" : "passed",
        "steps" : [ {
          "name" : "Проверить присутствие элемента в DOM",
          "time" : {
            "start" : 1760241135366,
            "stop" : 1760241135376,
            "duration" : 10
          },
          "status" : "passed",
          "steps" : [ ],
          "attachments" : [ ],
          "parameters" : [ {
            "name" : "locator",
            "value" : "('xpath', '(//input[@type=\"password\"])[2]')"
          } ],
          "stepsCount" : 0,
          "attachmentsCount" : 0,
          "shouldDisplayMessage" : false,
          "hasContent" : true
        }, {
          "name" : "Проскролить до элемента",
          "time" : {
            "start" : 1760241135376,
            "stop" : 1760241135380,
            "duration" : 4
          },
          "status" : "passed",
          "steps" : [ ],
          "attachments" : [ ],
          "parameters" : [ {
            "name" : "element",
            "value" : "<selenium.webdriver.remote.webelement.WebElement (session=\"fcbf00a3e1e01b2ca008dcea9a11484e\", element=\"f.BDB53BD6884DA1B57927A7F980D53548.d.95F4F23F9E4CA87926D9AF0492FF8F7F.e.17\")>"
          } ],
          "stepsCount" : 0,
          "attachmentsCount" : 0,
          "shouldDisplayMessage" : false,
          "hasContent" : true
        } ],
        "attachments" : [ ],
        "parameters" : [ {
          "name" : "locator",
          "value" : "('xpath', '(//input[@type=\"password\"])[2]')"
        } ],
        "stepsCount" : 2,
        "attachmentsCount" : 0,
        "shouldDisplayMessage" : false,
        "hasContent" : true
      } ],
      "attachments" : [ ],
      "parameters" : [ ],
      "stepsCount" : 3,
      "attachmentsCount" : 0,
      "shouldDisplayMessage" : false,
      "hasContent" : true
    }, {
      "name" : "Нажать кнопку 'Сохранить пароль'",
      "time" : {
        "start" : 1760241135430,
        "stop" : 1760241135538,
        "duration" : 108
      },
      "status" : "passed",
      "steps" : [ {
        "name" : "Проверить кликабельность элемента",
        "time" : {
          "start" : 1760241135431,
          "stop" : 1760241135490,
          "duration" : 59
        },
        "status" : "passed",
        "steps" : [ {
          "name" : "Проверить видимость элемента",
          "time" : {
            "start" : 1760241135431,
            "stop" : 1760241135453,
            "duration" : 22
          },
          "status" : "passed",
          "steps" : [ {
            "name" : "Проверить присутствие элемента в DOM",
            "time" : {
              "start" : 1760241135431,
              "stop" : 1760241135437,
              "duration" : 6
            },
            "status" : "passed",
            "steps" : [ ],
            "attachments" : [ ],
            "parameters" : [ {
              "name" : "locator",
              "value" : "('css selector', 'button[type=\"submit\"]')"
            } ],
            "stepsCount" : 0,
            "attachmentsCount" : 0,
            "shouldDisplayMessage" : false,
            "hasContent" : true
          }, {
            "name" : "Проскролить до элемента",
            "time" : {
              "start" : 1760241135437,
              "stop" : 1760241135441,
              "duration" : 4
            },
            "status" : "passed",
            "steps" : [ ],
            "attachments" : [ ],
            "parameters" : [ {
              "name" : "element",
              "value" : "<selenium.webdriver.remote.webelement.WebElement (session=\"fcbf00a3e1e01b2ca008dcea9a11484e\", element=\"f.BDB53BD6884DA1B57927A7F980D53548.d.95F4F23F9E4CA87926D9AF0492FF8F7F.e.23\")>"
            } ],
            "stepsCount" : 0,
            "attachmentsCount" : 0,
            "shouldDisplayMessage" : false,
            "hasContent" : true
          } ],
          "attachments" : [ ],
          "parameters" : [ {
            "name" : "locator",
            "value" : "('css selector', 'button[type=\"submit\"]')"
          } ],
          "stepsCount" : 2,
          "attachmentsCount" : 0,
          "shouldDisplayMessage" : false,
          "hasContent" : true
        } ],
        "attachments" : [ ],
        "parameters" : [ {
          "name" : "locator",
          "value" : "('css selector', 'button[type=\"submit\"]')"
        } ],
        "stepsCount" : 3,
        "attachmentsCount" : 0,
        "shouldDisplayMessage" : false,
        "hasContent" : true
      } ],
      "attachments" : [ ],
      "parameters" : [ ],
      "stepsCount" : 4,
      "attachmentsCount" : 0,
      "shouldDisplayMessage" : false,
      "hasContent" : true
    }, {
      "name" : "Нажать кнопку 'Ок' - подтвердить переход на страницу авторизации",
      "time" : {
        "start" : 1760241135538,
        "stop" : 1760241136105,
        "duration" : 567
      },
      "status" : "broken",
      "statusMessage" : "selenium.common.exceptions.StaleElementReferenceException: Message: stale element reference: stale element not found in the current frame\n  (Session info: chrome=140.0.7339.207); For documentation on this error, please visit: https://www.selenium.dev/documentation/webdriver/troubleshooting/errors#stale-element-reference-exception\nStacktrace:\n#0 0x564a7da94fba <unknown>\n#1 0x564a7d5196d0 <unknown>\n#2 0x564a7d520358 <unknown>\n#3 0x564a7d522be8 <unknown>\n#4 0x564a7d522c73 <unknown>\n#5 0x564a7d565e9a <unknown>\n#6 0x564a7d590e32 <unknown>\n#7 0x564a7d55ef47 <unknown>\n#8 0x564a7d590ffe <unknown>\n#9 0x564a7d5b6b54 <unknown>\n#10 0x564a7d590c03 <unknown>\n#11 0x564a7d55d7a8 <unknown>\n#12 0x564a7d55e421 <unknown>\n#13 0x564a7da59b28 <unknown>\n#14 0x564a7da5d87f <unknown>\n#15 0x564a7da41c49 <unknown>\n#16 0x564a7da5e405 <unknown>\n#17 0x564a7da274ff <unknown>\n#18 0x564a7da82258 <unknown>\n#19 0x564a7da82432 <unknown>\n#20 0x564a7da93fa3 <unknown>\n#21 0x7fc795e9caa4 <unknown>\n#22 0x7fc795f29c6c <unknown>\n\n",
      "statusTrace" : "  File \"/home/runner/work/PulseWave/PulseWave/tests/ui_tests/password_recovery_test.py\", line 63, in test_recovery_password_to_fill_correct_email\n    recovery_page_open.click_resume_button()\n  File \"/home/runner/work/PulseWave/PulseWave/pages/password_recovery_page.py\", line 41, in click_resume_button\n    return self.element_is_clickable(self.locator.SUBMIT_BUTTON).click()\n           ^^^^^^^^^^^^^^^^^^^^^^^^^^^^^^^^^^^^^^^^^^^^^^^^^^^^^\n  File \"/opt/hostedtoolcache/Python/3.12.11/x64/lib/python3.12/site-packages/allure_commons/_allure.py\", line 192, in impl\n    return func(*a, **kw)\n           ^^^^^^^^^^^^^^\n  File \"/home/runner/work/PulseWave/PulseWave/pages/base_page.py\", line 68, in element_is_clickable\n    return Wait(self.driver, self.timeout).until(es.element_to_be_clickable(locator))\n           ^^^^^^^^^^^^^^^^^^^^^^^^^^^^^^^^^^^^^^^^^^^^^^^^^^^^^^^^^^^^^^^^^^^^^^^^^^\n  File \"/opt/hostedtoolcache/Python/3.12.11/x64/lib/python3.12/site-packages/selenium/webdriver/support/wait.py\", line 96, in until\n    value = method(self._driver)\n            ^^^^^^^^^^^^^^^^^^^^\n  File \"/opt/hostedtoolcache/Python/3.12.11/x64/lib/python3.12/site-packages/selenium/webdriver/support/expected_conditions.py\", line 365, in _predicate\n    if element and element.is_enabled():\n                   ^^^^^^^^^^^^^^^^^^^^\n  File \"/opt/hostedtoolcache/Python/3.12.11/x64/lib/python3.12/site-packages/selenium/webdriver/remote/webelement.py\", line 192, in is_enabled\n    return self._execute(Command.IS_ELEMENT_ENABLED)[\"value\"]\n           ^^^^^^^^^^^^^^^^^^^^^^^^^^^^^^^^^^^^^^^^^\n  File \"/opt/hostedtoolcache/Python/3.12.11/x64/lib/python3.12/site-packages/selenium/webdriver/remote/webelement.py\", line 395, in _execute\n    return self._parent.execute(command, params)\n           ^^^^^^^^^^^^^^^^^^^^^^^^^^^^^^^^^^^^^\n  File \"/opt/hostedtoolcache/Python/3.12.11/x64/lib/python3.12/site-packages/selenium/webdriver/remote/webdriver.py\", line 347, in execute\n    self.error_handler.check_response(response)\n  File \"/opt/hostedtoolcache/Python/3.12.11/x64/lib/python3.12/site-packages/selenium/webdriver/remote/errorhandler.py\", line 229, in check_response\n    raise exception_class(message, screen, stacktrace)\n",
      "steps" : [ {
        "name" : "Проверить кликабельность элемента",
        "time" : {
          "start" : 1760241135538,
          "stop" : 1760241136104,
          "duration" : 566
        },
        "status" : "broken",
        "statusMessage" : "selenium.common.exceptions.StaleElementReferenceException: Message: stale element reference: stale element not found in the current frame\n  (Session info: chrome=140.0.7339.207); For documentation on this error, please visit: https://www.selenium.dev/documentation/webdriver/troubleshooting/errors#stale-element-reference-exception\nStacktrace:\n#0 0x564a7da94fba <unknown>\n#1 0x564a7d5196d0 <unknown>\n#2 0x564a7d520358 <unknown>\n#3 0x564a7d522be8 <unknown>\n#4 0x564a7d522c73 <unknown>\n#5 0x564a7d565e9a <unknown>\n#6 0x564a7d590e32 <unknown>\n#7 0x564a7d55ef47 <unknown>\n#8 0x564a7d590ffe <unknown>\n#9 0x564a7d5b6b54 <unknown>\n#10 0x564a7d590c03 <unknown>\n#11 0x564a7d55d7a8 <unknown>\n#12 0x564a7d55e421 <unknown>\n#13 0x564a7da59b28 <unknown>\n#14 0x564a7da5d87f <unknown>\n#15 0x564a7da41c49 <unknown>\n#16 0x564a7da5e405 <unknown>\n#17 0x564a7da274ff <unknown>\n#18 0x564a7da82258 <unknown>\n#19 0x564a7da82432 <unknown>\n#20 0x564a7da93fa3 <unknown>\n#21 0x7fc795e9caa4 <unknown>\n#22 0x7fc795f29c6c <unknown>\n\n",
        "statusTrace" : "  File \"/opt/hostedtoolcache/Python/3.12.11/x64/lib/python3.12/site-packages/allure_commons/_allure.py\", line 192, in impl\n    return func(*a, **kw)\n           ^^^^^^^^^^^^^^\n  File \"/home/runner/work/PulseWave/PulseWave/pages/base_page.py\", line 68, in element_is_clickable\n    return Wait(self.driver, self.timeout).until(es.element_to_be_clickable(locator))\n           ^^^^^^^^^^^^^^^^^^^^^^^^^^^^^^^^^^^^^^^^^^^^^^^^^^^^^^^^^^^^^^^^^^^^^^^^^^\n  File \"/opt/hostedtoolcache/Python/3.12.11/x64/lib/python3.12/site-packages/selenium/webdriver/support/wait.py\", line 96, in until\n    value = method(self._driver)\n            ^^^^^^^^^^^^^^^^^^^^\n  File \"/opt/hostedtoolcache/Python/3.12.11/x64/lib/python3.12/site-packages/selenium/webdriver/support/expected_conditions.py\", line 365, in _predicate\n    if element and element.is_enabled():\n                   ^^^^^^^^^^^^^^^^^^^^\n  File \"/opt/hostedtoolcache/Python/3.12.11/x64/lib/python3.12/site-packages/selenium/webdriver/remote/webelement.py\", line 192, in is_enabled\n    return self._execute(Command.IS_ELEMENT_ENABLED)[\"value\"]\n           ^^^^^^^^^^^^^^^^^^^^^^^^^^^^^^^^^^^^^^^^^\n  File \"/opt/hostedtoolcache/Python/3.12.11/x64/lib/python3.12/site-packages/selenium/webdriver/remote/webelement.py\", line 395, in _execute\n    return self._parent.execute(command, params)\n           ^^^^^^^^^^^^^^^^^^^^^^^^^^^^^^^^^^^^^\n  File \"/opt/hostedtoolcache/Python/3.12.11/x64/lib/python3.12/site-packages/selenium/webdriver/remote/webdriver.py\", line 347, in execute\n    self.error_handler.check_response(response)\n  File \"/opt/hostedtoolcache/Python/3.12.11/x64/lib/python3.12/site-packages/selenium/webdriver/remote/errorhandler.py\", line 229, in check_response\n    raise exception_class(message, screen, stacktrace)\n",
        "steps" : [ {
          "name" : "Проверить видимость элемента",
          "time" : {
            "start" : 1760241135538,
            "stop" : 1760241135561,
            "duration" : 23
          },
          "status" : "passed",
          "steps" : [ {
            "name" : "Проверить присутствие элемента в DOM",
            "time" : {
              "start" : 1760241135539,
              "stop" : 1760241135544,
              "duration" : 5
            },
            "status" : "passed",
            "steps" : [ ],
            "attachments" : [ ],
            "parameters" : [ {
              "name" : "locator",
              "value" : "('css selector', 'button[type=\"submit\"]')"
            } ],
            "stepsCount" : 0,
            "attachmentsCount" : 0,
            "shouldDisplayMessage" : false,
            "hasContent" : true
          }, {
            "name" : "Проскролить до элемента",
            "time" : {
              "start" : 1760241135545,
              "stop" : 1760241135549,
              "duration" : 4
            },
            "status" : "passed",
            "steps" : [ ],
            "attachments" : [ ],
            "parameters" : [ {
              "name" : "element",
              "value" : "<selenium.webdriver.remote.webelement.WebElement (session=\"fcbf00a3e1e01b2ca008dcea9a11484e\", element=\"f.BDB53BD6884DA1B57927A7F980D53548.d.95F4F23F9E4CA87926D9AF0492FF8F7F.e.23\")>"
            } ],
            "stepsCount" : 0,
            "attachmentsCount" : 0,
            "shouldDisplayMessage" : false,
            "hasContent" : true
          } ],
          "attachments" : [ ],
          "parameters" : [ {
            "name" : "locator",
            "value" : "('css selector', 'button[type=\"submit\"]')"
          } ],
          "stepsCount" : 2,
          "attachmentsCount" : 0,
          "shouldDisplayMessage" : false,
          "hasContent" : true
        } ],
        "attachments" : [ ],
        "parameters" : [ {
          "name" : "locator",
          "value" : "('css selector', 'button[type=\"submit\"]')"
        } ],
        "stepsCount" : 3,
        "attachmentsCount" : 0,
        "shouldDisplayMessage" : true,
        "hasContent" : true
      } ],
      "attachments" : [ ],
      "parameters" : [ ],
      "stepsCount" : 4,
      "attachmentsCount" : 0,
      "shouldDisplayMessage" : false,
      "hasContent" : true
    } ],
    "attachments" : [ {
      "uid" : "d85ad896369793da",
      "name" : "Screenshot",
      "source" : "d85ad896369793da.png",
      "type" : "image/png",
      "size" : 62856
    }, {
      "uid" : "4b439779692c310",
      "name" : "HTML source",
      "source" : "4b439779692c310.html",
      "type" : "text/html",
      "size" : 38530
    } ],
    "parameters" : [ ],
    "stepsCount" : 30,
    "attachmentsCount" : 2,
    "shouldDisplayMessage" : true,
    "hasContent" : true
  },
  "afterStages" : [ {
    "name" : "driver::0",
    "time" : {
      "start" : 1760241136288,
      "stop" : 1760241136353,
      "duration" : 65
    },
    "status" : "passed",
    "steps" : [ ],
    "attachments" : [ ],
    "parameters" : [ ],
    "stepsCount" : 0,
    "attachmentsCount" : 0,
    "shouldDisplayMessage" : false,
    "hasContent" : false
  } ],
  "labels" : [ {
    "name" : "epic",
    "value" : "Тестирование страницы 'Восстановление пароля'"
  }, {
    "name" : "tag",
    "value" : "smoke"
  }, {
    "name" : "parentSuite",
    "value" : "tests.ui_tests"
  }, {
    "name" : "suite",
    "value" : "password_recovery_test"
  }, {
    "name" : "subSuite",
    "value" : "TestPasswordRecoveryPage"
  }, {
    "name" : "host",
    "value" : "runnervmwhb2z"
  }, {
    "name" : "thread",
    "value" : "2546-MainThread"
  }, {
    "name" : "framework",
    "value" : "pytest"
  }, {
    "name" : "language",
    "value" : "cpython3"
  }, {
    "name" : "package",
    "value" : "tests.ui_tests.password_recovery_test"
  }, {
    "name" : "resultFormat",
    "value" : "allure2"
  } ],
  "parameters" : [ ],
  "links" : [ ],
  "hidden" : false,
  "retry" : false,
  "extra" : {
    "severity" : "normal",
    "retries" : [ ],
    "categories" : [ {
      "name" : "Test defects",
      "matchedStatuses" : [ ],
      "flaky" : false
    } ],
    "history" : {
      "statistic" : {
        "failed" : 0,
        "broken" : 5,
        "skipped" : 0,
        "passed" : 131,
        "unknown" : 0,
        "total" : 136
      },
      "items" : [ {
        "uid" : "cc69a6c03d381786",
        "reportUrl" : "https://Nat754.github.io/PulseWave/538//#testresult/cc69a6c03d381786",
        "status" : "passed",
        "time" : {
          "start" : 1760154318195,
          "stop" : 1760154326004,
          "duration" : 7809
        }
      }, {
        "uid" : "d0b89fa4fab742de",
        "reportUrl" : "https://Nat754.github.io/PulseWave/537//#testresult/d0b89fa4fab742de",
        "status" : "passed",
        "time" : {
          "start" : 1760068357382,
          "stop" : 1760068365014,
          "duration" : 7632
        }
      }, {
        "uid" : "10452b32fb025c79",
        "reportUrl" : "https://Nat754.github.io/PulseWave/536//#testresult/10452b32fb025c79",
        "status" : "passed",
        "time" : {
          "start" : 1759981890923,
          "stop" : 1759981897892,
          "duration" : 6969
        }
      }, {
        "uid" : "875d410bc4138529",
        "reportUrl" : "https://Nat754.github.io/PulseWave/535//#testresult/875d410bc4138529",
        "status" : "passed",
        "time" : {
          "start" : 1759895385501,
          "stop" : 1759895392299,
          "duration" : 6798
        }
      }, {
        "uid" : "16b5989e2db5102",
        "reportUrl" : "https://Nat754.github.io/PulseWave/534//#testresult/16b5989e2db5102",
        "status" : "passed",
        "time" : {
          "start" : 1759809047593,
          "stop" : 1759809056427,
          "duration" : 8834
        }
      }, {
        "uid" : "41ffc09ca448c0d8",
        "reportUrl" : "https://Nat754.github.io/PulseWave/533//#testresult/41ffc09ca448c0d8",
        "status" : "passed",
        "time" : {
          "start" : 1759722716825,
          "stop" : 1759722724761,
          "duration" : 7936
        }
      }, {
        "uid" : "daa5b5b6650a8989",
        "reportUrl" : "https://Nat754.github.io/PulseWave/532//#testresult/daa5b5b6650a8989",
        "status" : "passed",
        "time" : {
          "start" : 1759636424192,
          "stop" : 1759636432355,
          "duration" : 8163
        }
      }, {
        "uid" : "fc9de0631efbb4a",
        "reportUrl" : "https://Nat754.github.io/PulseWave/531//#testresult/fc9de0631efbb4a",
        "status" : "passed",
        "time" : {
          "start" : 1759549267856,
          "stop" : 1759549276022,
          "duration" : 8166
        }
      }, {
        "uid" : "762ae0994143e31f",
        "reportUrl" : "https://Nat754.github.io/PulseWave/530//#testresult/762ae0994143e31f",
        "status" : "passed",
        "time" : {
          "start" : 1759491939807,
          "stop" : 1759491947539,
          "duration" : 7732
        }
      }, {
        "uid" : "def78a486aa7c3e6",
        "reportUrl" : "https://Nat754.github.io/PulseWave/530//#testresult/def78a486aa7c3e6",
        "status" : "passed",
        "time" : {
          "start" : 1759463134330,
          "stop" : 1759463145019,
          "duration" : 10689
        }
      }, {
        "uid" : "a51f04ce5d03452d",
        "reportUrl" : "https://Nat754.github.io/PulseWave/529//#testresult/a51f04ce5d03452d",
        "status" : "passed",
        "time" : {
          "start" : 1759376794348,
          "stop" : 1759376801134,
          "duration" : 6786
        }
      }, {
        "uid" : "777ee86a012b34d8",
        "reportUrl" : "https://Nat754.github.io/PulseWave/528//#testresult/777ee86a012b34d8",
        "status" : "passed",
        "time" : {
          "start" : 1759291316759,
          "stop" : 1759291327776,
          "duration" : 11017
        }
      }, {
        "uid" : "785cafabbb16c6c",
        "reportUrl" : "https://Nat754.github.io/PulseWave/527//#testresult/785cafabbb16c6c",
        "status" : "passed",
        "time" : {
          "start" : 1759262553992,
          "stop" : 1759262561532,
          "duration" : 7540
        }
      }, {
        "uid" : "ac7222fde1869c1f",
        "reportUrl" : "https://Nat754.github.io/PulseWave/527//#testresult/ac7222fde1869c1f",
        "status" : "passed",
        "time" : {
          "start" : 1759204222592,
          "stop" : 1759204229542,
          "duration" : 6950
        }
      }, {
        "uid" : "2e5a5d1dc4f0fa1d",
        "reportUrl" : "https://Nat754.github.io/PulseWave/526//#testresult/2e5a5d1dc4f0fa1d",
        "status" : "passed",
        "time" : {
          "start" : 1759118142987,
          "stop" : 1759118151284,
          "duration" : 8297
        }
      }, {
        "uid" : "3a7d043db4b91159",
        "reportUrl" : "https://Nat754.github.io/PulseWave/525//#testresult/3a7d043db4b91159",
        "status" : "passed",
        "time" : {
          "start" : 1759031865360,
          "stop" : 1759031887080,
          "duration" : 21720
        }
      }, {
        "uid" : "fa901ee9a5164831",
        "reportUrl" : "https://Nat754.github.io/PulseWave/524//#testresult/fa901ee9a5164831",
        "status" : "passed",
        "time" : {
          "start" : 1758944849781,
          "stop" : 1758944858417,
          "duration" : 8636
        }
      }, {
        "uid" : "5eba3de867df1fa7",
        "reportUrl" : "https://Nat754.github.io/PulseWave/523//#testresult/5eba3de867df1fa7",
        "status" : "passed",
        "time" : {
          "start" : 1758858685012,
          "stop" : 1758858705088,
          "duration" : 20076
        }
      }, {
        "uid" : "19bd22cf6c803c6b",
        "reportUrl" : "https://Nat754.github.io/PulseWave/522//#testresult/19bd22cf6c803c6b",
        "status" : "passed",
        "time" : {
          "start" : 1758772377827,
          "stop" : 1758772385449,
          "duration" : 7622
        }
      }, {
        "uid" : "c5602e2de7d0d0e1",
        "reportUrl" : "https://Nat754.github.io/PulseWave/521//#testresult/c5602e2de7d0d0e1",
        "status" : "passed",
        "time" : {
          "start" : 1758685910651,
          "stop" : 1758685918476,
          "duration" : 7825
        }
      } ]
    },
    "tags" : [ "smoke" ]
  },
  "source" : "279c99824f10cc5b.json",
  "parameterValues" : [ ]
}