{
  "uid" : "cd19046ea86e17cc",
  "name" : "POST Создать доску",
  "fullName" : "tests.test_api.test_api.TestAPI#test_post_api_workspace_id_boards",
  "historyId" : "e0c89310e54d7f413d275ba53f8bf728",
  "time" : {
    "start" : 1713945325173,
    "stop" : 1713945329523,
    "duration" : 4350
  },
  "status" : "skipped",
  "statusMessage" : "XFAIL\n\nAssertionError: Unexpected status code. Expected: 201. Actual: 500",
  "statusTrace" : "self = <tests.test_api.test_api.TestAPI object at 0x7faf875adfd0>\nuse_api_base = <api_testing.api_base.ApiBase object at 0x7faf86efb770>\n\n    @pytest.mark.xfail(reazon='Bug')\n    @allure.title(\"POST Создать доску\")\n    def test_post_api_workspace_id_boards(self, use_api_base):\n        jwt = use_api_base.create_jwt(email1, password0)\n        workspace_id = use_api_base.get_workspace_id()\n        url = f'{self.constant.BASE_URL}api/workspace/{workspace_id}/boards/'\n        response = requests.post(url, headers={'accept': 'application/json', 'Authorization': f\"\"\"{jwt}\"\"\"},\n                                 json=self.constant.BOARD_CREATE | {\"work_space\": f\"{workspace_id}\"})\n>       Assertions.assert_status_code(response, self.code.STATUS_201)\n\ntests/test_api/test_api.py:209: \n_ _ _ _ _ _ _ _ _ _ _ _ _ _ _ _ _ _ _ _ _ _ _ _ _ _ _ _ _ _ _ _ _ _ _ _ _ _ _ _ \n\nresponse = <Response [500]>, expected_status_code = 201\n\n    @staticmethod\n    def assert_status_code(response: Response, expected_status_code: int):\n        actual_status_code = response.status_code\n        with allure.step(f\"Expected status {expected_status_code}\"):\n>           assert actual_status_code == expected_status_code, \\\n                f\"Unexpected status code. Expected: {expected_status_code}. Actual: {actual_status_code}\"\nE           AssertionError: Unexpected status code. Expected: 201. Actual: 500\n\napi_testing/assertions.py:11: AssertionError",
  "flaky" : false,
  "newFailed" : false,
  "beforeStages" : [ {
    "name" : "_session_faker",
    "time" : {
      "start" : 1713945247853,
      "stop" : 1713945247870,
      "duration" : 17
    },
    "status" : "passed",
    "steps" : [ ],
    "attachments" : [ ],
    "parameters" : [ ],
    "stepsCount" : 0,
    "attachmentsCount" : 0,
    "shouldDisplayMessage" : false,
    "hasContent" : false
  }, {
    "name" : "clear_allure_results_folder",
    "time" : {
      "start" : 1713945247871,
      "stop" : 1713945247871,
      "duration" : 0
    },
    "status" : "passed",
    "steps" : [ ],
    "attachments" : [ ],
    "parameters" : [ ],
    "stepsCount" : 0,
    "attachmentsCount" : 0,
    "shouldDisplayMessage" : false,
    "hasContent" : false
  }, {
    "name" : "use_api_base",
    "time" : {
      "start" : 1713945325173,
      "stop" : 1713945325173,
      "duration" : 0
    },
    "status" : "passed",
    "steps" : [ ],
    "attachments" : [ ],
    "parameters" : [ ],
    "stepsCount" : 0,
    "attachmentsCount" : 0,
    "shouldDisplayMessage" : false,
    "hasContent" : false
  } ],
  "testStage" : {
    "status" : "skipped",
    "statusMessage" : "XFAIL\n\nAssertionError: Unexpected status code. Expected: 201. Actual: 500",
    "statusTrace" : "self = <tests.test_api.test_api.TestAPI object at 0x7faf875adfd0>\nuse_api_base = <api_testing.api_base.ApiBase object at 0x7faf86efb770>\n\n    @pytest.mark.xfail(reazon='Bug')\n    @allure.title(\"POST Создать доску\")\n    def test_post_api_workspace_id_boards(self, use_api_base):\n        jwt = use_api_base.create_jwt(email1, password0)\n        workspace_id = use_api_base.get_workspace_id()\n        url = f'{self.constant.BASE_URL}api/workspace/{workspace_id}/boards/'\n        response = requests.post(url, headers={'accept': 'application/json', 'Authorization': f\"\"\"{jwt}\"\"\"},\n                                 json=self.constant.BOARD_CREATE | {\"work_space\": f\"{workspace_id}\"})\n>       Assertions.assert_status_code(response, self.code.STATUS_201)\n\ntests/test_api/test_api.py:209: \n_ _ _ _ _ _ _ _ _ _ _ _ _ _ _ _ _ _ _ _ _ _ _ _ _ _ _ _ _ _ _ _ _ _ _ _ _ _ _ _ \n\nresponse = <Response [500]>, expected_status_code = 201\n\n    @staticmethod\n    def assert_status_code(response: Response, expected_status_code: int):\n        actual_status_code = response.status_code\n        with allure.step(f\"Expected status {expected_status_code}\"):\n>           assert actual_status_code == expected_status_code, \\\n                f\"Unexpected status code. Expected: {expected_status_code}. Actual: {actual_status_code}\"\nE           AssertionError: Unexpected status code. Expected: 201. Actual: 500\n\napi_testing/assertions.py:11: AssertionError",
    "steps" : [ {
      "name" : "Получить access токен пользователя на емайл",
      "time" : {
        "start" : 1713945325174,
        "stop" : 1713945326624,
        "duration" : 1450
      },
      "status" : "passed",
      "steps" : [ ],
      "attachments" : [ ],
      "parameters" : [ ],
      "stepsCount" : 0,
      "attachmentsCount" : 0,
      "shouldDisplayMessage" : false,
      "hasContent" : false
    }, {
      "name" : "Получить id рабочего пространства",
      "time" : {
        "start" : 1713945326625,
        "stop" : 1713945328753,
        "duration" : 2128
      },
      "status" : "passed",
      "steps" : [ {
        "name" : "Получить access токен пользователя на емайл",
        "time" : {
          "start" : 1713945326625,
          "stop" : 1713945328142,
          "duration" : 1517
        },
        "status" : "passed",
        "steps" : [ ],
        "attachments" : [ ],
        "parameters" : [ ],
        "stepsCount" : 0,
        "attachmentsCount" : 0,
        "shouldDisplayMessage" : false,
        "hasContent" : false
      } ],
      "attachments" : [ ],
      "parameters" : [ ],
      "stepsCount" : 1,
      "attachmentsCount" : 0,
      "shouldDisplayMessage" : false,
      "hasContent" : true
    }, {
      "name" : "Expected status 201",
      "time" : {
        "start" : 1713945329523,
        "stop" : 1713945329523,
        "duration" : 0
      },
      "status" : "failed",
      "statusMessage" : "AssertionError: Unexpected status code. Expected: 201. Actual: 500\n",
      "statusTrace" : "  File \"/home/runner/work/PulseWave/PulseWave/api_testing/assertions.py\", line 11, in assert_status_code\n    assert actual_status_code == expected_status_code, \\\n           ^^^^^^^^^^^^^^^^^^^^^^^^^^^^^^^^^^^^^^^^^^\n",
      "steps" : [ ],
      "attachments" : [ ],
      "parameters" : [ ],
      "stepsCount" : 0,
      "attachmentsCount" : 0,
      "shouldDisplayMessage" : true,
      "hasContent" : true
    } ],
    "attachments" : [ ],
    "parameters" : [ ],
    "stepsCount" : 4,
    "attachmentsCount" : 0,
    "shouldDisplayMessage" : true,
    "hasContent" : true
  },
  "afterStages" : [ ],
  "labels" : [ {
    "name" : "epic",
    "value" : "Тестирование API"
  }, {
    "name" : "tag",
    "value" : "@pytest.mark.xfail(reazon='Bug')"
  }, {
    "name" : "parentSuite",
    "value" : "tests.test_api"
  }, {
    "name" : "suite",
    "value" : "test_api"
  }, {
    "name" : "subSuite",
    "value" : "TestAPI"
  }, {
    "name" : "host",
    "value" : "fv-az1393-320"
  }, {
    "name" : "thread",
    "value" : "2291-MainThread"
  }, {
    "name" : "framework",
    "value" : "pytest"
  }, {
    "name" : "language",
    "value" : "cpython3"
  }, {
    "name" : "package",
    "value" : "tests.test_api.test_api"
  }, {
    "name" : "resultFormat",
    "value" : "allure2"
  } ],
  "parameters" : [ ],
  "links" : [ ],
  "hidden" : false,
  "retry" : false,
  "extra" : {
    "severity" : "normal",
    "retries" : [ ],
    "categories" : [ ],
    "history" : {
      "statistic" : {
        "failed" : 0,
        "broken" : 0,
        "skipped" : 7,
        "passed" : 0,
        "unknown" : 0,
        "total" : 7
      },
      "items" : [ {
        "uid" : "c5fddfc7e82a0d38",
        "reportUrl" : "https://Nat754.github.io/PulseWave/4//#testresult/c5fddfc7e82a0d38",
        "status" : "skipped",
        "statusDetails" : "XFAIL\n\nAssertionError: Unexpected status code. Expected: 201. Actual: 500",
        "time" : {
          "start" : 1713925146316,
          "stop" : 1713925150003,
          "duration" : 3687
        }
      }, {
        "uid" : "56f9bbd4834746d",
        "reportUrl" : "https://Nat754.github.io/PulseWave/211//#testresult/56f9bbd4834746d",
        "status" : "skipped",
        "statusDetails" : "XFAIL\n\nAssertionError: Unexpected status code. Expected: 201. Actual: 500",
        "time" : {
          "start" : 1713900953634,
          "stop" : 1713900957845,
          "duration" : 4211
        }
      }, {
        "uid" : "3038d14c709a2199",
        "reportUrl" : "https://Nat754.github.io/PulseWave/210//#testresult/3038d14c709a2199",
        "status" : "skipped",
        "statusDetails" : "XFAIL\n\nAssertionError: Unexpected status code. Expected: 201. Actual: 500",
        "time" : {
          "start" : 1713885060746,
          "stop" : 1713885066291,
          "duration" : 5545
        }
      }, {
        "uid" : "a4c10868a0d58be3",
        "reportUrl" : "https://Nat754.github.io/PulseWave/209//#testresult/a4c10868a0d58be3",
        "status" : "skipped",
        "statusDetails" : "XFAIL\n\nAssertionError: Unexpected status code. Expected: 201. Actual: 500",
        "time" : {
          "start" : 1713882996489,
          "stop" : 1713883001077,
          "duration" : 4588
        }
      }, {
        "uid" : "5f1417894d06d2ff",
        "reportUrl" : "https://Nat754.github.io/PulseWave/209//#testresult/5f1417894d06d2ff",
        "status" : "skipped",
        "statusDetails" : "XFAIL\n\nAssertionError: Unexpected status code. Expected: 201. Actual: 500",
        "time" : {
          "start" : 1713881479583,
          "stop" : 1713881484327,
          "duration" : 4744
        }
      }, {
        "uid" : "c509c449f6194fdc",
        "reportUrl" : "https://Nat754.github.io/PulseWave/208//#testresult/c509c449f6194fdc",
        "status" : "skipped",
        "statusDetails" : "XFAIL\n\nAssertionError: Unexpected status code. Expected: 201. Actual: 500",
        "time" : {
          "start" : 1713878656164,
          "stop" : 1713878660753,
          "duration" : 4589
        }
      } ]
    },
    "tags" : [ "@pytest.mark.xfail(reazon='Bug')" ]
  },
  "source" : "cd19046ea86e17cc.json",
  "parameterValues" : [ ]
}