{
  "uid" : "e93a8e2da5112224",
  "name" : "POST Подтверждение сброса пароля. Когда пользователь переходит по ссылке     auth/password/reset/confirm/{uid}/{token}",
  "fullName" : "tests.test_api.test_api.TestAPI#test_post_auth_users_reset_password_confirm",
  "historyId" : "955584523e44b3e59bd87d6626c56c0c",
  "time" : {
    "start" : 1713945597759,
    "stop" : 1713945603097,
    "duration" : 5338
  },
  "status" : "skipped",
  "statusMessage" : "XFAIL\n\nAssertionError: Unexpected status code. Expected: 204. Actual: 500",
  "statusTrace" : "self = <tests.test_api.test_api.TestAPI object at 0x7faf875b5460>\nuse_api_base = <api_testing.api_base.ApiBase object at 0x7faf86f0a090>\n\n    @pytest.mark.xfail(reazon='Bug')\n    @allure.title(\"POST Подтверждение сброса пароля. Когда пользователь переходит по ссылке \\\n    auth/password/reset/confirm/{uid}/{token}\")\n    def test_post_auth_users_reset_password_confirm(self, use_api_base):\n        jwt = use_api_base.create_jwt(email2, password0)\n        page = ApiBase()\n        url = f'{self.constant.BASE_URL}auth/users/reset_password_confirm/'\n        response = requests.post(url, headers={'accept': 'application/json', 'Authorization': f\"{jwt}\"},\n                                 json=page.get_confirm_email_tokens(email2, password2) | {\n                                 \"new_password\": password3, \"re_new_password\": password3})\n>       Assertions.assert_status_code(response, self.code.STATUS_204)\n\ntests/test_api/test_api.py:666: \n_ _ _ _ _ _ _ _ _ _ _ _ _ _ _ _ _ _ _ _ _ _ _ _ _ _ _ _ _ _ _ _ _ _ _ _ _ _ _ _ \n\nresponse = <Response [500]>, expected_status_code = 204\n\n    @staticmethod\n    def assert_status_code(response: Response, expected_status_code: int):\n        actual_status_code = response.status_code\n        with allure.step(f\"Expected status {expected_status_code}\"):\n>           assert actual_status_code == expected_status_code, \\\n                f\"Unexpected status code. Expected: {expected_status_code}. Actual: {actual_status_code}\"\nE           AssertionError: Unexpected status code. Expected: 204. Actual: 500\n\napi_testing/assertions.py:11: AssertionError",
  "flaky" : false,
  "newFailed" : false,
  "beforeStages" : [ {
    "name" : "_session_faker",
    "time" : {
      "start" : 1713945247853,
      "stop" : 1713945247870,
      "duration" : 17
    },
    "status" : "passed",
    "steps" : [ ],
    "attachments" : [ ],
    "parameters" : [ ],
    "stepsCount" : 0,
    "attachmentsCount" : 0,
    "shouldDisplayMessage" : false,
    "hasContent" : false
  }, {
    "name" : "clear_allure_results_folder",
    "time" : {
      "start" : 1713945247871,
      "stop" : 1713945247871,
      "duration" : 0
    },
    "status" : "passed",
    "steps" : [ ],
    "attachments" : [ ],
    "parameters" : [ ],
    "stepsCount" : 0,
    "attachmentsCount" : 0,
    "shouldDisplayMessage" : false,
    "hasContent" : false
  }, {
    "name" : "use_api_base",
    "time" : {
      "start" : 1713945597758,
      "stop" : 1713945597759,
      "duration" : 1
    },
    "status" : "passed",
    "steps" : [ ],
    "attachments" : [ ],
    "parameters" : [ ],
    "stepsCount" : 0,
    "attachmentsCount" : 0,
    "shouldDisplayMessage" : false,
    "hasContent" : false
  } ],
  "testStage" : {
    "status" : "skipped",
    "statusMessage" : "XFAIL\n\nAssertionError: Unexpected status code. Expected: 204. Actual: 500",
    "statusTrace" : "self = <tests.test_api.test_api.TestAPI object at 0x7faf875b5460>\nuse_api_base = <api_testing.api_base.ApiBase object at 0x7faf86f0a090>\n\n    @pytest.mark.xfail(reazon='Bug')\n    @allure.title(\"POST Подтверждение сброса пароля. Когда пользователь переходит по ссылке \\\n    auth/password/reset/confirm/{uid}/{token}\")\n    def test_post_auth_users_reset_password_confirm(self, use_api_base):\n        jwt = use_api_base.create_jwt(email2, password0)\n        page = ApiBase()\n        url = f'{self.constant.BASE_URL}auth/users/reset_password_confirm/'\n        response = requests.post(url, headers={'accept': 'application/json', 'Authorization': f\"{jwt}\"},\n                                 json=page.get_confirm_email_tokens(email2, password2) | {\n                                 \"new_password\": password3, \"re_new_password\": password3})\n>       Assertions.assert_status_code(response, self.code.STATUS_204)\n\ntests/test_api/test_api.py:666: \n_ _ _ _ _ _ _ _ _ _ _ _ _ _ _ _ _ _ _ _ _ _ _ _ _ _ _ _ _ _ _ _ _ _ _ _ _ _ _ _ \n\nresponse = <Response [500]>, expected_status_code = 204\n\n    @staticmethod\n    def assert_status_code(response: Response, expected_status_code: int):\n        actual_status_code = response.status_code\n        with allure.step(f\"Expected status {expected_status_code}\"):\n>           assert actual_status_code == expected_status_code, \\\n                f\"Unexpected status code. Expected: {expected_status_code}. Actual: {actual_status_code}\"\nE           AssertionError: Unexpected status code. Expected: 204. Actual: 500\n\napi_testing/assertions.py:11: AssertionError",
    "steps" : [ {
      "name" : "Получить access токен пользователя на емайл",
      "time" : {
        "start" : 1713945597759,
        "stop" : 1713945599149,
        "duration" : 1390
      },
      "status" : "passed",
      "steps" : [ ],
      "attachments" : [ ],
      "parameters" : [ ],
      "stepsCount" : 0,
      "attachmentsCount" : 0,
      "shouldDisplayMessage" : false,
      "hasContent" : false
    }, {
      "name" : "Получить токен подтверждения пользователя на емайл",
      "time" : {
        "start" : 1713945599150,
        "stop" : 1713945601176,
        "duration" : 2026
      },
      "status" : "passed",
      "steps" : [ ],
      "attachments" : [ ],
      "parameters" : [ ],
      "stepsCount" : 0,
      "attachmentsCount" : 0,
      "shouldDisplayMessage" : false,
      "hasContent" : false
    }, {
      "name" : "Expected status 204",
      "time" : {
        "start" : 1713945603096,
        "stop" : 1713945603096,
        "duration" : 0
      },
      "status" : "failed",
      "statusMessage" : "AssertionError: Unexpected status code. Expected: 204. Actual: 500\n",
      "statusTrace" : "  File \"/home/runner/work/PulseWave/PulseWave/api_testing/assertions.py\", line 11, in assert_status_code\n    assert actual_status_code == expected_status_code, \\\n           ^^^^^^^^^^^^^^^^^^^^^^^^^^^^^^^^^^^^^^^^^^\n",
      "steps" : [ ],
      "attachments" : [ ],
      "parameters" : [ ],
      "stepsCount" : 0,
      "attachmentsCount" : 0,
      "shouldDisplayMessage" : true,
      "hasContent" : true
    } ],
    "attachments" : [ ],
    "parameters" : [ ],
    "stepsCount" : 3,
    "attachmentsCount" : 0,
    "shouldDisplayMessage" : true,
    "hasContent" : true
  },
  "afterStages" : [ ],
  "labels" : [ {
    "name" : "epic",
    "value" : "Тестирование API"
  }, {
    "name" : "tag",
    "value" : "@pytest.mark.xfail(reazon='Bug')"
  }, {
    "name" : "parentSuite",
    "value" : "tests.test_api"
  }, {
    "name" : "suite",
    "value" : "test_api"
  }, {
    "name" : "subSuite",
    "value" : "TestAPI"
  }, {
    "name" : "host",
    "value" : "fv-az1393-320"
  }, {
    "name" : "thread",
    "value" : "2291-MainThread"
  }, {
    "name" : "framework",
    "value" : "pytest"
  }, {
    "name" : "language",
    "value" : "cpython3"
  }, {
    "name" : "package",
    "value" : "tests.test_api.test_api"
  }, {
    "name" : "resultFormat",
    "value" : "allure2"
  } ],
  "parameters" : [ ],
  "links" : [ ],
  "hidden" : false,
  "retry" : false,
  "extra" : {
    "severity" : "normal",
    "retries" : [ ],
    "categories" : [ ],
    "history" : {
      "statistic" : {
        "failed" : 0,
        "broken" : 0,
        "skipped" : 7,
        "passed" : 0,
        "unknown" : 0,
        "total" : 7
      },
      "items" : [ {
        "uid" : "53a0b4f0d05a87c6",
        "reportUrl" : "https://Nat754.github.io/PulseWave/4//#testresult/53a0b4f0d05a87c6",
        "status" : "skipped",
        "statusDetails" : "XFAIL\n\nAssertionError: Unexpected status code. Expected: 204. Actual: 500",
        "time" : {
          "start" : 1713925397639,
          "stop" : 1713925403046,
          "duration" : 5407
        }
      }, {
        "uid" : "550b7bf4219090fc",
        "reportUrl" : "https://Nat754.github.io/PulseWave/211//#testresult/550b7bf4219090fc",
        "status" : "skipped",
        "statusDetails" : "XFAIL\n\nAssertionError: Unexpected status code. Expected: 204. Actual: 500",
        "time" : {
          "start" : 1713901218875,
          "stop" : 1713901224732,
          "duration" : 5857
        }
      }, {
        "uid" : "68dba66c51e1e117",
        "reportUrl" : "https://Nat754.github.io/PulseWave/210//#testresult/68dba66c51e1e117",
        "status" : "skipped",
        "statusDetails" : "XFAIL\n\nAssertionError: Unexpected status code. Expected: 204. Actual: 500",
        "time" : {
          "start" : 1713885373608,
          "stop" : 1713885379216,
          "duration" : 5608
        }
      }, {
        "uid" : "7411508ff87e0e51",
        "reportUrl" : "https://Nat754.github.io/PulseWave/209//#testresult/7411508ff87e0e51",
        "status" : "skipped",
        "statusDetails" : "XFAIL\n\nAssertionError: Unexpected status code. Expected: 204. Actual: 500",
        "time" : {
          "start" : 1713883290242,
          "stop" : 1713883296203,
          "duration" : 5961
        }
      }, {
        "uid" : "4cfd4ca272fbd5d9",
        "reportUrl" : "https://Nat754.github.io/PulseWave/209//#testresult/4cfd4ca272fbd5d9",
        "status" : "skipped",
        "statusDetails" : "XFAIL\n\nAssertionError: Unexpected status code. Expected: 204. Actual: 500",
        "time" : {
          "start" : 1713881789900,
          "stop" : 1713881796279,
          "duration" : 6379
        }
      }, {
        "uid" : "4b7680d5d698944f",
        "reportUrl" : "https://Nat754.github.io/PulseWave/208//#testresult/4b7680d5d698944f",
        "status" : "skipped",
        "statusDetails" : "XFAIL\n\nAssertionError: Unexpected status code. Expected: 204. Actual: 500",
        "time" : {
          "start" : 1713878964323,
          "stop" : 1713878970636,
          "duration" : 6313
        }
      } ]
    },
    "tags" : [ "@pytest.mark.xfail(reazon='Bug')" ]
  },
  "source" : "e93a8e2da5112224.json",
  "parameterValues" : [ ]
}