{"uid":"804e7f36f54e2d08","name":"R.5 Восстановить пароль на корректный емайл","fullName":"tests.ui_tests.password_recovery_test.TestPasswordRecoveryPage#test_recovery_password_to_fill_correct_email","historyId":"c89e92ccaf4be98f1027d5da5a586b20","time":{"start":1765685847092,"stop":1765685854733,"duration":7641},"status":"broken","statusMessage":"selenium.common.exceptions.StaleElementReferenceException: Message: stale element reference: stale element not found in the current frame\n  (Session info: chrome=143.0.7499.40); For documentation on this error, please visit: https://www.selenium.dev/documentation/webdriver/troubleshooting/errors#stale-element-reference-exception\nStacktrace:\n#0 0x55758fea816a <unknown>\n#1 0x55758f925c4b <unknown>\n#2 0x55758f92c99f <unknown>\n#3 0x55758f92f339 <unknown>\n#4 0x55758f9c3c3a <unknown>\n#5 0x55758f9c2bee <unknown>\n#6 0x55758f969c42 <unknown>\n#7 0x55758f96a8f1 <unknown>\n#8 0x55758fe70f09 <unknown>\n#9 0x55758fe73e4d <unknown>\n#10 0x55758fe59c51 <unknown>\n#11 0x55758fe74a2b <unknown>\n#12 0x55758fe40a20 <unknown>\n#13 0x55758fe95a78 <unknown>\n#14 0x55758fe95c49 <unknown>\n#15 0x55758fea74c3 <unknown>\n#16 0x7efe1909caa4 <unknown>\n#17 0x7efe19129c6c <unknown>","statusTrace":"self = <tests.ui_tests.password_recovery_test.TestPasswordRecoveryPage object at 0x7f6176e001a0>\nrecovery_page_open = <pages.password_recovery_page.PasswordRecoveryPage object at 0x7f6176e35010>\ndriver = <selenium.webdriver.chrome.webdriver.WebDriver (session=\"209e526c72706d82c65b4a066e4cdc76\")>\n\n    @allure.title(\"R.5 Восстановить пароль на корректный емайл\")\n    def test_recovery_password_to_fill_correct_email(self, recovery_page_open, driver):\n        with allure.step('Заполнить поле емайл'):\n            recovery_page_open.fill_email_to_recovery_password(email_auth)\n        with allure.step(\"Нажать кнопку 'Продолжить'\"):\n            recovery_page_open.click_resume_button()\n        link = recovery_page_open.get_link_recovery_password_by_email()\n        driver.get(link)\n        with allure.step('Ввести пароль в поле пароль'):\n            recovery_page_open.fill_password_recovery(password0)\n        with allure.step('Ввести пароль в поле подтверждение пароля'):\n            recovery_page_open.fill_confirm_password_recovery(password0)\n        with allure.step(\"Нажать кнопку 'Сохранить пароль'\"):\n            recovery_page_open.click_resume_button()\n        with allure.step(\"Нажать кнопку 'Ок' - подтвердить переход на страницу авторизации\"):\n>           recovery_page_open.click_resume_button()\n\ntests/ui_tests/password_recovery_test.py:63: \n_ _ _ _ _ _ _ _ _ _ _ _ _ _ _ _ _ _ _ _ _ _ _ _ _ _ _ _ _ _ _ _ _ _ _ _ _ _ _ _ \npages/password_recovery_page.py:41: in click_resume_button\n    return self.element_is_clickable(self.locator.SUBMIT_BUTTON).click()\npages/base_page.py:68: in element_is_clickable\n    return Wait(self.driver, self.timeout).until(es.element_to_be_clickable(locator))\n/opt/hostedtoolcache/Python/3.12.12/x64/lib/python3.12/site-packages/selenium/webdriver/support/wait.py:96: in until\n    value = method(self._driver)\n/opt/hostedtoolcache/Python/3.12.12/x64/lib/python3.12/site-packages/selenium/webdriver/support/expected_conditions.py:364: in _predicate\n    element = visibility_of(target)(driver)\n/opt/hostedtoolcache/Python/3.12.12/x64/lib/python3.12/site-packages/selenium/webdriver/support/expected_conditions.py:173: in _predicate\n    return _element_if_visible(element)\n/opt/hostedtoolcache/Python/3.12.12/x64/lib/python3.12/site-packages/selenium/webdriver/support/expected_conditions.py:179: in _element_if_visible\n    return element if element.is_displayed() == visibility else False\n/opt/hostedtoolcache/Python/3.12.12/x64/lib/python3.12/site-packages/selenium/webdriver/remote/webelement.py:252: in is_displayed\n    return self.parent.execute_script(f\"/* isDisplayed */return ({isDisplayed_js}).apply(null, arguments);\", self)\n/opt/hostedtoolcache/Python/3.12.12/x64/lib/python3.12/site-packages/selenium/webdriver/remote/webdriver.py:407: in execute_script\n    return self.execute(command, {\"script\": script, \"args\": converted_args})[\"value\"]\n/opt/hostedtoolcache/Python/3.12.12/x64/lib/python3.12/site-packages/selenium/webdriver/remote/webdriver.py:347: in execute\n    self.error_handler.check_response(response)\n_ _ _ _ _ _ _ _ _ _ _ _ _ _ _ _ _ _ _ _ _ _ _ _ _ _ _ _ _ _ _ _ _ _ _ _ _ _ _ _ \n\nself = <selenium.webdriver.remote.errorhandler.ErrorHandler object at 0x7f6176e26570>\nresponse = {'status': 404, 'value': '{\"value\":{\"error\":\"stale element reference\",\"message\":\"stale element reference: stale elemen...\\\\n#15 0x55758fea74c3 \\\\u003Cunknown>\\\\n#16 0x7efe1909caa4 \\\\u003Cunknown>\\\\n#17 0x7efe19129c6c \\\\u003Cunknown>\\\\n\"}}'}\n\n    def check_response(self, response: Dict[str, Any]) -> None:\n        \"\"\"Checks that a JSON response from the WebDriver does not have an\n        error.\n    \n        :Args:\n         - response - The JSON response from the WebDriver server as a dictionary\n           object.\n    \n        :Raises: If the response contains an error message.\n        \"\"\"\n        status = response.get(\"status\", None)\n        if not status or status == ErrorCode.SUCCESS:\n            return\n        value = None\n        message = response.get(\"message\", \"\")\n        screen: str = response.get(\"screen\", \"\")\n        stacktrace = None\n        if isinstance(status, int):\n            value_json = response.get(\"value\", None)\n            if value_json and isinstance(value_json, str):\n                import json\n    \n                try:\n                    value = json.loads(value_json)\n                    if len(value) == 1:\n                        value = value[\"value\"]\n                    status = value.get(\"error\", None)\n                    if not status:\n                        status = value.get(\"status\", ErrorCode.UNKNOWN_ERROR)\n                        message = value.get(\"value\") or value.get(\"message\")\n                        if not isinstance(message, str):\n                            value = message\n                            message = message.get(\"message\")\n                    else:\n                        message = value.get(\"message\", None)\n                except ValueError:\n                    pass\n    \n        exception_class: Type[WebDriverException]\n        e = ErrorCode()\n        error_codes = [item for item in dir(e) if not item.startswith(\"__\")]\n        for error_code in error_codes:\n            error_info = getattr(ErrorCode, error_code)\n            if isinstance(error_info, list) and status in error_info:\n                exception_class = getattr(ExceptionMapping, error_code, WebDriverException)\n                break\n        else:\n            exception_class = WebDriverException\n    \n        if not value:\n            value = response[\"value\"]\n        if isinstance(value, str):\n            raise exception_class(value)\n        if message == \"\" and \"message\" in value:\n            message = value[\"message\"]\n    \n        screen = None  # type: ignore[assignment]\n        if \"screen\" in value:\n            screen = value[\"screen\"]\n    \n        stacktrace = None\n        st_value = value.get(\"stackTrace\") or value.get(\"stacktrace\")\n        if st_value:\n            if isinstance(st_value, str):\n                stacktrace = st_value.split(\"\\n\")\n            else:\n                stacktrace = []\n                try:\n                    for frame in st_value:\n                        line = frame.get(\"lineNumber\", \"\")\n                        file = frame.get(\"fileName\", \"<anonymous>\")\n                        if line:\n                            file = f\"{file}:{line}\"\n                        meth = frame.get(\"methodName\", \"<anonymous>\")\n                        if \"className\" in frame:\n                            meth = f\"{frame['className']}.{meth}\"\n                        msg = \"    at %s (%s)\"\n                        msg = msg % (meth, file)\n                        stacktrace.append(msg)\n                except TypeError:\n                    pass\n        if exception_class == UnexpectedAlertPresentException:\n            alert_text = None\n            if \"data\" in value:\n                alert_text = value[\"data\"].get(\"text\")\n            elif \"alert\" in value:\n                alert_text = value[\"alert\"].get(\"text\")\n            raise exception_class(message, screen, stacktrace, alert_text)  # type: ignore[call-arg]  # mypy is not smart enough here\n>       raise exception_class(message, screen, stacktrace)\nE       selenium.common.exceptions.StaleElementReferenceException: Message: stale element reference: stale element not found in the current frame\nE         (Session info: chrome=143.0.7499.40); For documentation on this error, please visit: https://www.selenium.dev/documentation/webdriver/troubleshooting/errors#stale-element-reference-exception\nE       Stacktrace:\nE       #0 0x55758fea816a <unknown>\nE       #1 0x55758f925c4b <unknown>\nE       #2 0x55758f92c99f <unknown>\nE       #3 0x55758f92f339 <unknown>\nE       #4 0x55758f9c3c3a <unknown>\nE       #5 0x55758f9c2bee <unknown>\nE       #6 0x55758f969c42 <unknown>\nE       #7 0x55758f96a8f1 <unknown>\nE       #8 0x55758fe70f09 <unknown>\nE       #9 0x55758fe73e4d <unknown>\nE       #10 0x55758fe59c51 <unknown>\nE       #11 0x55758fe74a2b <unknown>\nE       #12 0x55758fe40a20 <unknown>\nE       #13 0x55758fe95a78 <unknown>\nE       #14 0x55758fe95c49 <unknown>\nE       #15 0x55758fea74c3 <unknown>\nE       #16 0x7efe1909caa4 <unknown>\nE       #17 0x7efe19129c6c <unknown>\n\n/opt/hostedtoolcache/Python/3.12.12/x64/lib/python3.12/site-packages/selenium/webdriver/remote/errorhandler.py:229: StaleElementReferenceException","flaky":false,"newFailed":false,"newBroken":true,"newPassed":false,"retriesCount":0,"retriesStatusChange":false,"beforeStages":[{"name":"_session_faker","time":{"start":1765684690164,"stop":1765684690180,"duration":16},"status":"passed","steps":[],"attachments":[],"parameters":[],"stepsCount":0,"shouldDisplayMessage":false,"attachmentsCount":0,"hasContent":false,"attachmentStep":false},{"name":"clear_allure_result_folder","time":{"start":1765684690180,"stop":1765684690180,"duration":0},"status":"passed","steps":[],"attachments":[],"parameters":[],"stepsCount":0,"shouldDisplayMessage":false,"attachmentsCount":0,"hasContent":false,"attachmentStep":false},{"name":"driver","time":{"start":1765685844830,"stop":1765685845093,"duration":263},"status":"passed","steps":[],"attachments":[],"parameters":[],"stepsCount":0,"shouldDisplayMessage":false,"attachmentsCount":0,"hasContent":false,"attachmentStep":false},{"name":"recovery_page_open","time":{"start":1765685845094,"stop":1765685847092,"duration":1998},"status":"passed","steps":[{"name":"Открыть страницу восстановления пароля","time":{"start":1765685845094,"stop":1765685847091,"duration":1997},"status":"passed","steps":[{"name":"Согласиться с использованием файлов cookies, если высветилось окно","time":{"start":1765685847016,"stop":1765685847091,"duration":75},"status":"passed","steps":[{"name":"Получить кнопку 'OK' в сообщении о принятии файлов cookie на Главной странице","time":{"start":1765685847016,"stop":1765685847045,"duration":29},"status":"passed","steps":[{"name":"Проверить видимость элемента","time":{"start":1765685847016,"stop":1765685847045,"duration":29},"status":"passed","steps":[{"name":"Проверить присутствие элемента в DOM","time":{"start":1765685847016,"stop":1765685847025,"duration":9},"status":"passed","steps":[],"attachments":[],"parameters":[{"name":"locator","value":"('class name', 'btn-cookies')"}],"stepsCount":0,"shouldDisplayMessage":false,"attachmentsCount":0,"hasContent":true,"attachmentStep":false},{"name":"Проскролить до элемента","time":{"start":1765685847026,"stop":1765685847030,"duration":4},"status":"passed","steps":[],"attachments":[],"parameters":[{"name":"element","value":"<selenium.webdriver.remote.webelement.WebElement (session=\"209e526c72706d82c65b4a066e4cdc76\", element=\"f.F0410F8DE0C8FC1AAC4A1F02DE3FC974.d.77ECE60E46898A242F180D1685CFC4A7.e.8\")>"}],"stepsCount":0,"shouldDisplayMessage":false,"attachmentsCount":0,"hasContent":true,"attachmentStep":false}],"attachments":[],"parameters":[{"name":"locator","value":"('class name', 'btn-cookies')"}],"stepsCount":2,"shouldDisplayMessage":false,"attachmentsCount":0,"hasContent":true,"attachmentStep":false}],"attachments":[],"parameters":[],"stepsCount":3,"shouldDisplayMessage":false,"attachmentsCount":0,"hasContent":true,"attachmentStep":false}],"attachments":[],"parameters":[{"name":"driver","value":"<selenium.webdriver.chrome.webdriver.WebDriver (session=\"209e526c72706d82c65b4a066e4cdc76\")>"}],"stepsCount":4,"shouldDisplayMessage":false,"attachmentsCount":0,"hasContent":true,"attachmentStep":false}],"attachments":[],"parameters":[{"name":"driver","value":"<selenium.webdriver.chrome.webdriver.WebDriver (session=\"209e526c72706d82c65b4a066e4cdc76\")>"}],"stepsCount":5,"shouldDisplayMessage":false,"attachmentsCount":0,"hasContent":true,"attachmentStep":false}],"attachments":[],"parameters":[],"stepsCount":6,"shouldDisplayMessage":false,"attachmentsCount":0,"hasContent":true,"attachmentStep":false}],"testStage":{"status":"broken","statusMessage":"selenium.common.exceptions.StaleElementReferenceException: Message: stale element reference: stale element not found in the current frame\n  (Session info: chrome=143.0.7499.40); For documentation on this error, please visit: https://www.selenium.dev/documentation/webdriver/troubleshooting/errors#stale-element-reference-exception\nStacktrace:\n#0 0x55758fea816a <unknown>\n#1 0x55758f925c4b <unknown>\n#2 0x55758f92c99f <unknown>\n#3 0x55758f92f339 <unknown>\n#4 0x55758f9c3c3a <unknown>\n#5 0x55758f9c2bee <unknown>\n#6 0x55758f969c42 <unknown>\n#7 0x55758f96a8f1 <unknown>\n#8 0x55758fe70f09 <unknown>\n#9 0x55758fe73e4d <unknown>\n#10 0x55758fe59c51 <unknown>\n#11 0x55758fe74a2b <unknown>\n#12 0x55758fe40a20 <unknown>\n#13 0x55758fe95a78 <unknown>\n#14 0x55758fe95c49 <unknown>\n#15 0x55758fea74c3 <unknown>\n#16 0x7efe1909caa4 <unknown>\n#17 0x7efe19129c6c <unknown>","statusTrace":"self = <tests.ui_tests.password_recovery_test.TestPasswordRecoveryPage object at 0x7f6176e001a0>\nrecovery_page_open = <pages.password_recovery_page.PasswordRecoveryPage object at 0x7f6176e35010>\ndriver = <selenium.webdriver.chrome.webdriver.WebDriver (session=\"209e526c72706d82c65b4a066e4cdc76\")>\n\n    @allure.title(\"R.5 Восстановить пароль на корректный емайл\")\n    def test_recovery_password_to_fill_correct_email(self, recovery_page_open, driver):\n        with allure.step('Заполнить поле емайл'):\n            recovery_page_open.fill_email_to_recovery_password(email_auth)\n        with allure.step(\"Нажать кнопку 'Продолжить'\"):\n            recovery_page_open.click_resume_button()\n        link = recovery_page_open.get_link_recovery_password_by_email()\n        driver.get(link)\n        with allure.step('Ввести пароль в поле пароль'):\n            recovery_page_open.fill_password_recovery(password0)\n        with allure.step('Ввести пароль в поле подтверждение пароля'):\n            recovery_page_open.fill_confirm_password_recovery(password0)\n        with allure.step(\"Нажать кнопку 'Сохранить пароль'\"):\n            recovery_page_open.click_resume_button()\n        with allure.step(\"Нажать кнопку 'Ок' - подтвердить переход на страницу авторизации\"):\n>           recovery_page_open.click_resume_button()\n\ntests/ui_tests/password_recovery_test.py:63: \n_ _ _ _ _ _ _ _ _ _ _ _ _ _ _ _ _ _ _ _ _ _ _ _ _ _ _ _ _ _ _ _ _ _ _ _ _ _ _ _ \npages/password_recovery_page.py:41: in click_resume_button\n    return self.element_is_clickable(self.locator.SUBMIT_BUTTON).click()\npages/base_page.py:68: in element_is_clickable\n    return Wait(self.driver, self.timeout).until(es.element_to_be_clickable(locator))\n/opt/hostedtoolcache/Python/3.12.12/x64/lib/python3.12/site-packages/selenium/webdriver/support/wait.py:96: in until\n    value = method(self._driver)\n/opt/hostedtoolcache/Python/3.12.12/x64/lib/python3.12/site-packages/selenium/webdriver/support/expected_conditions.py:364: in _predicate\n    element = visibility_of(target)(driver)\n/opt/hostedtoolcache/Python/3.12.12/x64/lib/python3.12/site-packages/selenium/webdriver/support/expected_conditions.py:173: in _predicate\n    return _element_if_visible(element)\n/opt/hostedtoolcache/Python/3.12.12/x64/lib/python3.12/site-packages/selenium/webdriver/support/expected_conditions.py:179: in _element_if_visible\n    return element if element.is_displayed() == visibility else False\n/opt/hostedtoolcache/Python/3.12.12/x64/lib/python3.12/site-packages/selenium/webdriver/remote/webelement.py:252: in is_displayed\n    return self.parent.execute_script(f\"/* isDisplayed */return ({isDisplayed_js}).apply(null, arguments);\", self)\n/opt/hostedtoolcache/Python/3.12.12/x64/lib/python3.12/site-packages/selenium/webdriver/remote/webdriver.py:407: in execute_script\n    return self.execute(command, {\"script\": script, \"args\": converted_args})[\"value\"]\n/opt/hostedtoolcache/Python/3.12.12/x64/lib/python3.12/site-packages/selenium/webdriver/remote/webdriver.py:347: in execute\n    self.error_handler.check_response(response)\n_ _ _ _ _ _ _ _ _ _ _ _ _ _ _ _ _ _ _ _ _ _ _ _ _ _ _ _ _ _ _ _ _ _ _ _ _ _ _ _ \n\nself = <selenium.webdriver.remote.errorhandler.ErrorHandler object at 0x7f6176e26570>\nresponse = {'status': 404, 'value': '{\"value\":{\"error\":\"stale element reference\",\"message\":\"stale element reference: stale elemen...\\\\n#15 0x55758fea74c3 \\\\u003Cunknown>\\\\n#16 0x7efe1909caa4 \\\\u003Cunknown>\\\\n#17 0x7efe19129c6c \\\\u003Cunknown>\\\\n\"}}'}\n\n    def check_response(self, response: Dict[str, Any]) -> None:\n        \"\"\"Checks that a JSON response from the WebDriver does not have an\n        error.\n    \n        :Args:\n         - response - The JSON response from the WebDriver server as a dictionary\n           object.\n    \n        :Raises: If the response contains an error message.\n        \"\"\"\n        status = response.get(\"status\", None)\n        if not status or status == ErrorCode.SUCCESS:\n            return\n        value = None\n        message = response.get(\"message\", \"\")\n        screen: str = response.get(\"screen\", \"\")\n        stacktrace = None\n        if isinstance(status, int):\n            value_json = response.get(\"value\", None)\n            if value_json and isinstance(value_json, str):\n                import json\n    \n                try:\n                    value = json.loads(value_json)\n                    if len(value) == 1:\n                        value = value[\"value\"]\n                    status = value.get(\"error\", None)\n                    if not status:\n                        status = value.get(\"status\", ErrorCode.UNKNOWN_ERROR)\n                        message = value.get(\"value\") or value.get(\"message\")\n                        if not isinstance(message, str):\n                            value = message\n                            message = message.get(\"message\")\n                    else:\n                        message = value.get(\"message\", None)\n                except ValueError:\n                    pass\n    \n        exception_class: Type[WebDriverException]\n        e = ErrorCode()\n        error_codes = [item for item in dir(e) if not item.startswith(\"__\")]\n        for error_code in error_codes:\n            error_info = getattr(ErrorCode, error_code)\n            if isinstance(error_info, list) and status in error_info:\n                exception_class = getattr(ExceptionMapping, error_code, WebDriverException)\n                break\n        else:\n            exception_class = WebDriverException\n    \n        if not value:\n            value = response[\"value\"]\n        if isinstance(value, str):\n            raise exception_class(value)\n        if message == \"\" and \"message\" in value:\n            message = value[\"message\"]\n    \n        screen = None  # type: ignore[assignment]\n        if \"screen\" in value:\n            screen = value[\"screen\"]\n    \n        stacktrace = None\n        st_value = value.get(\"stackTrace\") or value.get(\"stacktrace\")\n        if st_value:\n            if isinstance(st_value, str):\n                stacktrace = st_value.split(\"\\n\")\n            else:\n                stacktrace = []\n                try:\n                    for frame in st_value:\n                        line = frame.get(\"lineNumber\", \"\")\n                        file = frame.get(\"fileName\", \"<anonymous>\")\n                        if line:\n                            file = f\"{file}:{line}\"\n                        meth = frame.get(\"methodName\", \"<anonymous>\")\n                        if \"className\" in frame:\n                            meth = f\"{frame['className']}.{meth}\"\n                        msg = \"    at %s (%s)\"\n                        msg = msg % (meth, file)\n                        stacktrace.append(msg)\n                except TypeError:\n                    pass\n        if exception_class == UnexpectedAlertPresentException:\n            alert_text = None\n            if \"data\" in value:\n                alert_text = value[\"data\"].get(\"text\")\n            elif \"alert\" in value:\n                alert_text = value[\"alert\"].get(\"text\")\n            raise exception_class(message, screen, stacktrace, alert_text)  # type: ignore[call-arg]  # mypy is not smart enough here\n>       raise exception_class(message, screen, stacktrace)\nE       selenium.common.exceptions.StaleElementReferenceException: Message: stale element reference: stale element not found in the current frame\nE         (Session info: chrome=143.0.7499.40); For documentation on this error, please visit: https://www.selenium.dev/documentation/webdriver/troubleshooting/errors#stale-element-reference-exception\nE       Stacktrace:\nE       #0 0x55758fea816a <unknown>\nE       #1 0x55758f925c4b <unknown>\nE       #2 0x55758f92c99f <unknown>\nE       #3 0x55758f92f339 <unknown>\nE       #4 0x55758f9c3c3a <unknown>\nE       #5 0x55758f9c2bee <unknown>\nE       #6 0x55758f969c42 <unknown>\nE       #7 0x55758f96a8f1 <unknown>\nE       #8 0x55758fe70f09 <unknown>\nE       #9 0x55758fe73e4d <unknown>\nE       #10 0x55758fe59c51 <unknown>\nE       #11 0x55758fe74a2b <unknown>\nE       #12 0x55758fe40a20 <unknown>\nE       #13 0x55758fe95a78 <unknown>\nE       #14 0x55758fe95c49 <unknown>\nE       #15 0x55758fea74c3 <unknown>\nE       #16 0x7efe1909caa4 <unknown>\nE       #17 0x7efe19129c6c <unknown>\n\n/opt/hostedtoolcache/Python/3.12.12/x64/lib/python3.12/site-packages/selenium/webdriver/remote/errorhandler.py:229: StaleElementReferenceException","steps":[{"name":"Заполнить поле емайл","time":{"start":1765685847092,"stop":1765685847183,"duration":91},"status":"passed","steps":[{"name":"Проверить видимость элемента","time":{"start":1765685847092,"stop":1765685847118,"duration":26},"status":"passed","steps":[{"name":"Проверить присутствие элемента в DOM","time":{"start":1765685847092,"stop":1765685847100,"duration":8},"status":"passed","steps":[],"attachments":[],"parameters":[{"name":"locator","value":"('class name', 'input')"}],"stepsCount":0,"shouldDisplayMessage":false,"attachmentsCount":0,"hasContent":true,"attachmentStep":false},{"name":"Проскролить до элемента","time":{"start":1765685847100,"stop":1765685847105,"duration":5},"status":"passed","steps":[],"attachments":[],"parameters":[{"name":"element","value":"<selenium.webdriver.remote.webelement.WebElement (session=\"209e526c72706d82c65b4a066e4cdc76\", element=\"f.F0410F8DE0C8FC1AAC4A1F02DE3FC974.d.77ECE60E46898A242F180D1685CFC4A7.e.5\")>"}],"stepsCount":0,"shouldDisplayMessage":false,"attachmentsCount":0,"hasContent":true,"attachmentStep":false}],"attachments":[],"parameters":[{"name":"locator","value":"('class name', 'input')"}],"stepsCount":2,"shouldDisplayMessage":false,"attachmentsCount":0,"hasContent":true,"attachmentStep":false}],"attachments":[],"parameters":[],"stepsCount":3,"shouldDisplayMessage":false,"attachmentsCount":0,"hasContent":true,"attachmentStep":false},{"name":"Нажать кнопку 'Продолжить'","time":{"start":1765685847183,"stop":1765685847283,"duration":100},"status":"passed","steps":[{"name":"Проверить кликабельность элемента","time":{"start":1765685847183,"stop":1765685847231,"duration":48},"status":"passed","steps":[{"name":"Проверить видимость элемента","time":{"start":1765685847183,"stop":1765685847211,"duration":28},"status":"passed","steps":[{"name":"Проверить присутствие элемента в DOM","time":{"start":1765685847183,"stop":1765685847193,"duration":10},"status":"passed","steps":[],"attachments":[],"parameters":[{"name":"locator","value":"('css selector', 'button[type=\"submit\"]')"}],"stepsCount":0,"shouldDisplayMessage":false,"attachmentsCount":0,"hasContent":true,"attachmentStep":false},{"name":"Проскролить до элемента","time":{"start":1765685847193,"stop":1765685847197,"duration":4},"status":"passed","steps":[],"attachments":[],"parameters":[{"name":"element","value":"<selenium.webdriver.remote.webelement.WebElement (session=\"209e526c72706d82c65b4a066e4cdc76\", element=\"f.F0410F8DE0C8FC1AAC4A1F02DE3FC974.d.77ECE60E46898A242F180D1685CFC4A7.e.10\")>"}],"stepsCount":0,"shouldDisplayMessage":false,"attachmentsCount":0,"hasContent":true,"attachmentStep":false}],"attachments":[],"parameters":[{"name":"locator","value":"('css selector', 'button[type=\"submit\"]')"}],"stepsCount":2,"shouldDisplayMessage":false,"attachmentsCount":0,"hasContent":true,"attachmentStep":false}],"attachments":[],"parameters":[{"name":"locator","value":"('css selector', 'button[type=\"submit\"]')"}],"stepsCount":3,"shouldDisplayMessage":false,"attachmentsCount":0,"hasContent":true,"attachmentStep":false}],"attachments":[],"parameters":[],"stepsCount":4,"shouldDisplayMessage":false,"attachmentsCount":0,"hasContent":true,"attachmentStep":false},{"name":"Получить ссылку для смены пароля на email","time":{"start":1765685847284,"stop":1765685853638,"duration":6354},"status":"passed","steps":[{"name":"Прочитать сообщение","time":{"start":1765685847284,"stop":1765685853224,"duration":5940},"status":"passed","steps":[],"attachments":[],"parameters":[],"stepsCount":0,"shouldDisplayMessage":false,"attachmentsCount":0,"hasContent":false,"attachmentStep":false},{"name":"Получить письмо","time":{"start":1765685853638,"stop":1765685853638,"duration":0},"status":"passed","steps":[],"attachments":[],"parameters":[],"stepsCount":0,"shouldDisplayMessage":false,"attachmentsCount":0,"hasContent":false,"attachmentStep":false}],"attachments":[],"parameters":[],"stepsCount":2,"shouldDisplayMessage":false,"attachmentsCount":0,"hasContent":true,"attachmentStep":false},{"name":"Ввести пароль в поле пароль","time":{"start":1765685853934,"stop":1765685854017,"duration":83},"status":"passed","steps":[{"name":"Проверить видимость элемента","time":{"start":1765685853934,"stop":1765685853968,"duration":34},"status":"passed","steps":[{"name":"Проверить присутствие элемента в DOM","time":{"start":1765685853934,"stop":1765685853949,"duration":15},"status":"passed","steps":[],"attachments":[],"parameters":[{"name":"locator","value":"('xpath', '(//input[@type=\"password\"])[1]')"}],"stepsCount":0,"shouldDisplayMessage":false,"attachmentsCount":0,"hasContent":true,"attachmentStep":false},{"name":"Проскролить до элемента","time":{"start":1765685853949,"stop":1765685853953,"duration":4},"status":"passed","steps":[],"attachments":[],"parameters":[{"name":"element","value":"<selenium.webdriver.remote.webelement.WebElement (session=\"209e526c72706d82c65b4a066e4cdc76\", element=\"f.F0410F8DE0C8FC1AAC4A1F02DE3FC974.d.130BED87E364FDD79461B9E5902D58D1.e.15\")>"}],"stepsCount":0,"shouldDisplayMessage":false,"attachmentsCount":0,"hasContent":true,"attachmentStep":false}],"attachments":[],"parameters":[{"name":"locator","value":"('xpath', '(//input[@type=\"password\"])[1]')"}],"stepsCount":2,"shouldDisplayMessage":false,"attachmentsCount":0,"hasContent":true,"attachmentStep":false}],"attachments":[],"parameters":[],"stepsCount":3,"shouldDisplayMessage":false,"attachmentsCount":0,"hasContent":true,"attachmentStep":false},{"name":"Ввести пароль в поле подтверждение пароля","time":{"start":1765685854017,"stop":1765685854079,"duration":62},"status":"passed","steps":[{"name":"Проверить видимость элемента","time":{"start":1765685854017,"stop":1765685854043,"duration":26},"status":"passed","steps":[{"name":"Проверить присутствие элемента в DOM","time":{"start":1765685854017,"stop":1765685854027,"duration":10},"status":"passed","steps":[],"attachments":[],"parameters":[{"name":"locator","value":"('xpath', '(//input[@type=\"password\"])[2]')"}],"stepsCount":0,"shouldDisplayMessage":false,"attachmentsCount":0,"hasContent":true,"attachmentStep":false},{"name":"Проскролить до элемента","time":{"start":1765685854027,"stop":1765685854031,"duration":4},"status":"passed","steps":[],"attachments":[],"parameters":[{"name":"element","value":"<selenium.webdriver.remote.webelement.WebElement (session=\"209e526c72706d82c65b4a066e4cdc76\", element=\"f.F0410F8DE0C8FC1AAC4A1F02DE3FC974.d.130BED87E364FDD79461B9E5902D58D1.e.16\")>"}],"stepsCount":0,"shouldDisplayMessage":false,"attachmentsCount":0,"hasContent":true,"attachmentStep":false}],"attachments":[],"parameters":[{"name":"locator","value":"('xpath', '(//input[@type=\"password\"])[2]')"}],"stepsCount":2,"shouldDisplayMessage":false,"attachmentsCount":0,"hasContent":true,"attachmentStep":false}],"attachments":[],"parameters":[],"stepsCount":3,"shouldDisplayMessage":false,"attachmentsCount":0,"hasContent":true,"attachmentStep":false},{"name":"Нажать кнопку 'Сохранить пароль'","time":{"start":1765685854079,"stop":1765685854163,"duration":84},"status":"passed","steps":[{"name":"Проверить кликабельность элемента","time":{"start":1765685854079,"stop":1765685854116,"duration":37},"status":"passed","steps":[{"name":"Проверить видимость элемента","time":{"start":1765685854079,"stop":1765685854099,"duration":20},"status":"passed","steps":[{"name":"Проверить присутствие элемента в DOM","time":{"start":1765685854079,"stop":1765685854085,"duration":6},"status":"passed","steps":[],"attachments":[],"parameters":[{"name":"locator","value":"('css selector', 'button[type=\"submit\"]')"}],"stepsCount":0,"shouldDisplayMessage":false,"attachmentsCount":0,"hasContent":true,"attachmentStep":false},{"name":"Проскролить до элемента","time":{"start":1765685854085,"stop":1765685854089,"duration":4},"status":"passed","steps":[],"attachments":[],"parameters":[{"name":"element","value":"<selenium.webdriver.remote.webelement.WebElement (session=\"209e526c72706d82c65b4a066e4cdc76\", element=\"f.F0410F8DE0C8FC1AAC4A1F02DE3FC974.d.130BED87E364FDD79461B9E5902D58D1.e.22\")>"}],"stepsCount":0,"shouldDisplayMessage":false,"attachmentsCount":0,"hasContent":true,"attachmentStep":false}],"attachments":[],"parameters":[{"name":"locator","value":"('css selector', 'button[type=\"submit\"]')"}],"stepsCount":2,"shouldDisplayMessage":false,"attachmentsCount":0,"hasContent":true,"attachmentStep":false}],"attachments":[],"parameters":[{"name":"locator","value":"('css selector', 'button[type=\"submit\"]')"}],"stepsCount":3,"shouldDisplayMessage":false,"attachmentsCount":0,"hasContent":true,"attachmentStep":false}],"attachments":[],"parameters":[],"stepsCount":4,"shouldDisplayMessage":false,"attachmentsCount":0,"hasContent":true,"attachmentStep":false},{"name":"Нажать кнопку 'Ок' - подтвердить переход на страницу авторизации","time":{"start":1765685854163,"stop":1765685854732,"duration":569},"status":"broken","statusMessage":"selenium.common.exceptions.StaleElementReferenceException: Message: stale element reference: stale element not found in the current frame\n  (Session info: chrome=143.0.7499.40); For documentation on this error, please visit: https://www.selenium.dev/documentation/webdriver/troubleshooting/errors#stale-element-reference-exception\nStacktrace:\n#0 0x55758fea816a <unknown>\n#1 0x55758f925c4b <unknown>\n#2 0x55758f92c99f <unknown>\n#3 0x55758f92f339 <unknown>\n#4 0x55758f9c3c3a <unknown>\n#5 0x55758f9c2bee <unknown>\n#6 0x55758f969c42 <unknown>\n#7 0x55758f96a8f1 <unknown>\n#8 0x55758fe70f09 <unknown>\n#9 0x55758fe73e4d <unknown>\n#10 0x55758fe59c51 <unknown>\n#11 0x55758fe74a2b <unknown>\n#12 0x55758fe40a20 <unknown>\n#13 0x55758fe95a78 <unknown>\n#14 0x55758fe95c49 <unknown>\n#15 0x55758fea74c3 <unknown>\n#16 0x7efe1909caa4 <unknown>\n#17 0x7efe19129c6c <unknown>\n\n","statusTrace":"  File \"/home/runner/work/PulseWave/PulseWave/tests/ui_tests/password_recovery_test.py\", line 63, in test_recovery_password_to_fill_correct_email\n    recovery_page_open.click_resume_button()\n  File \"/home/runner/work/PulseWave/PulseWave/pages/password_recovery_page.py\", line 41, in click_resume_button\n    return self.element_is_clickable(self.locator.SUBMIT_BUTTON).click()\n           ^^^^^^^^^^^^^^^^^^^^^^^^^^^^^^^^^^^^^^^^^^^^^^^^^^^^^\n  File \"/opt/hostedtoolcache/Python/3.12.12/x64/lib/python3.12/site-packages/allure_commons/_allure.py\", line 192, in impl\n    return func(*a, **kw)\n           ^^^^^^^^^^^^^^\n  File \"/home/runner/work/PulseWave/PulseWave/pages/base_page.py\", line 68, in element_is_clickable\n    return Wait(self.driver, self.timeout).until(es.element_to_be_clickable(locator))\n           ^^^^^^^^^^^^^^^^^^^^^^^^^^^^^^^^^^^^^^^^^^^^^^^^^^^^^^^^^^^^^^^^^^^^^^^^^^\n  File \"/opt/hostedtoolcache/Python/3.12.12/x64/lib/python3.12/site-packages/selenium/webdriver/support/wait.py\", line 96, in until\n    value = method(self._driver)\n            ^^^^^^^^^^^^^^^^^^^^\n  File \"/opt/hostedtoolcache/Python/3.12.12/x64/lib/python3.12/site-packages/selenium/webdriver/support/expected_conditions.py\", line 364, in _predicate\n    element = visibility_of(target)(driver)\n              ^^^^^^^^^^^^^^^^^^^^^^^^^^^^^\n  File \"/opt/hostedtoolcache/Python/3.12.12/x64/lib/python3.12/site-packages/selenium/webdriver/support/expected_conditions.py\", line 173, in _predicate\n    return _element_if_visible(element)\n           ^^^^^^^^^^^^^^^^^^^^^^^^^^^^\n  File \"/opt/hostedtoolcache/Python/3.12.12/x64/lib/python3.12/site-packages/selenium/webdriver/support/expected_conditions.py\", line 179, in _element_if_visible\n    return element if element.is_displayed() == visibility else False\n                      ^^^^^^^^^^^^^^^^^^^^^^\n  File \"/opt/hostedtoolcache/Python/3.12.12/x64/lib/python3.12/site-packages/selenium/webdriver/remote/webelement.py\", line 252, in is_displayed\n    return self.parent.execute_script(f\"/* isDisplayed */return ({isDisplayed_js}).apply(null, arguments);\", self)\n           ^^^^^^^^^^^^^^^^^^^^^^^^^^^^^^^^^^^^^^^^^^^^^^^^^^^^^^^^^^^^^^^^^^^^^^^^^^^^^^^^^^^^^^^^^^^^^^^^^^^^^^^\n  File \"/opt/hostedtoolcache/Python/3.12.12/x64/lib/python3.12/site-packages/selenium/webdriver/remote/webdriver.py\", line 407, in execute_script\n    return self.execute(command, {\"script\": script, \"args\": converted_args})[\"value\"]\n           ^^^^^^^^^^^^^^^^^^^^^^^^^^^^^^^^^^^^^^^^^^^^^^^^^^^^^^^^^^^^^^^^^\n  File \"/opt/hostedtoolcache/Python/3.12.12/x64/lib/python3.12/site-packages/selenium/webdriver/remote/webdriver.py\", line 347, in execute\n    self.error_handler.check_response(response)\n  File \"/opt/hostedtoolcache/Python/3.12.12/x64/lib/python3.12/site-packages/selenium/webdriver/remote/errorhandler.py\", line 229, in check_response\n    raise exception_class(message, screen, stacktrace)\n","steps":[{"name":"Проверить кликабельность элемента","time":{"start":1765685854163,"stop":1765685854731,"duration":568},"status":"broken","statusMessage":"selenium.common.exceptions.StaleElementReferenceException: Message: stale element reference: stale element not found in the current frame\n  (Session info: chrome=143.0.7499.40); For documentation on this error, please visit: https://www.selenium.dev/documentation/webdriver/troubleshooting/errors#stale-element-reference-exception\nStacktrace:\n#0 0x55758fea816a <unknown>\n#1 0x55758f925c4b <unknown>\n#2 0x55758f92c99f <unknown>\n#3 0x55758f92f339 <unknown>\n#4 0x55758f9c3c3a <unknown>\n#5 0x55758f9c2bee <unknown>\n#6 0x55758f969c42 <unknown>\n#7 0x55758f96a8f1 <unknown>\n#8 0x55758fe70f09 <unknown>\n#9 0x55758fe73e4d <unknown>\n#10 0x55758fe59c51 <unknown>\n#11 0x55758fe74a2b <unknown>\n#12 0x55758fe40a20 <unknown>\n#13 0x55758fe95a78 <unknown>\n#14 0x55758fe95c49 <unknown>\n#15 0x55758fea74c3 <unknown>\n#16 0x7efe1909caa4 <unknown>\n#17 0x7efe19129c6c <unknown>\n\n","statusTrace":"  File \"/opt/hostedtoolcache/Python/3.12.12/x64/lib/python3.12/site-packages/allure_commons/_allure.py\", line 192, in impl\n    return func(*a, **kw)\n           ^^^^^^^^^^^^^^\n  File \"/home/runner/work/PulseWave/PulseWave/pages/base_page.py\", line 68, in element_is_clickable\n    return Wait(self.driver, self.timeout).until(es.element_to_be_clickable(locator))\n           ^^^^^^^^^^^^^^^^^^^^^^^^^^^^^^^^^^^^^^^^^^^^^^^^^^^^^^^^^^^^^^^^^^^^^^^^^^\n  File \"/opt/hostedtoolcache/Python/3.12.12/x64/lib/python3.12/site-packages/selenium/webdriver/support/wait.py\", line 96, in until\n    value = method(self._driver)\n            ^^^^^^^^^^^^^^^^^^^^\n  File \"/opt/hostedtoolcache/Python/3.12.12/x64/lib/python3.12/site-packages/selenium/webdriver/support/expected_conditions.py\", line 364, in _predicate\n    element = visibility_of(target)(driver)\n              ^^^^^^^^^^^^^^^^^^^^^^^^^^^^^\n  File \"/opt/hostedtoolcache/Python/3.12.12/x64/lib/python3.12/site-packages/selenium/webdriver/support/expected_conditions.py\", line 173, in _predicate\n    return _element_if_visible(element)\n           ^^^^^^^^^^^^^^^^^^^^^^^^^^^^\n  File \"/opt/hostedtoolcache/Python/3.12.12/x64/lib/python3.12/site-packages/selenium/webdriver/support/expected_conditions.py\", line 179, in _element_if_visible\n    return element if element.is_displayed() == visibility else False\n                      ^^^^^^^^^^^^^^^^^^^^^^\n  File \"/opt/hostedtoolcache/Python/3.12.12/x64/lib/python3.12/site-packages/selenium/webdriver/remote/webelement.py\", line 252, in is_displayed\n    return self.parent.execute_script(f\"/* isDisplayed */return ({isDisplayed_js}).apply(null, arguments);\", self)\n           ^^^^^^^^^^^^^^^^^^^^^^^^^^^^^^^^^^^^^^^^^^^^^^^^^^^^^^^^^^^^^^^^^^^^^^^^^^^^^^^^^^^^^^^^^^^^^^^^^^^^^^^\n  File \"/opt/hostedtoolcache/Python/3.12.12/x64/lib/python3.12/site-packages/selenium/webdriver/remote/webdriver.py\", line 407, in execute_script\n    return self.execute(command, {\"script\": script, \"args\": converted_args})[\"value\"]\n           ^^^^^^^^^^^^^^^^^^^^^^^^^^^^^^^^^^^^^^^^^^^^^^^^^^^^^^^^^^^^^^^^^\n  File \"/opt/hostedtoolcache/Python/3.12.12/x64/lib/python3.12/site-packages/selenium/webdriver/remote/webdriver.py\", line 347, in execute\n    self.error_handler.check_response(response)\n  File \"/opt/hostedtoolcache/Python/3.12.12/x64/lib/python3.12/site-packages/selenium/webdriver/remote/errorhandler.py\", line 229, in check_response\n    raise exception_class(message, screen, stacktrace)\n","steps":[{"name":"Проверить видимость элемента","time":{"start":1765685854163,"stop":1765685854195,"duration":32},"status":"passed","steps":[{"name":"Проверить присутствие элемента в DOM","time":{"start":1765685854163,"stop":1765685854172,"duration":9},"status":"passed","steps":[],"attachments":[],"parameters":[{"name":"locator","value":"('css selector', 'button[type=\"submit\"]')"}],"stepsCount":0,"shouldDisplayMessage":false,"attachmentsCount":0,"hasContent":true,"attachmentStep":false},{"name":"Проскролить до элемента","time":{"start":1765685854172,"stop":1765685854181,"duration":9},"status":"passed","steps":[],"attachments":[],"parameters":[{"name":"element","value":"<selenium.webdriver.remote.webelement.WebElement (session=\"209e526c72706d82c65b4a066e4cdc76\", element=\"f.F0410F8DE0C8FC1AAC4A1F02DE3FC974.d.130BED87E364FDD79461B9E5902D58D1.e.22\")>"}],"stepsCount":0,"shouldDisplayMessage":false,"attachmentsCount":0,"hasContent":true,"attachmentStep":false}],"attachments":[],"parameters":[{"name":"locator","value":"('css selector', 'button[type=\"submit\"]')"}],"stepsCount":2,"shouldDisplayMessage":false,"attachmentsCount":0,"hasContent":true,"attachmentStep":false}],"attachments":[],"parameters":[{"name":"locator","value":"('css selector', 'button[type=\"submit\"]')"}],"stepsCount":3,"shouldDisplayMessage":true,"attachmentsCount":0,"hasContent":true,"attachmentStep":false}],"attachments":[],"parameters":[],"stepsCount":4,"shouldDisplayMessage":false,"attachmentsCount":0,"hasContent":true,"attachmentStep":false}],"attachments":[{"uid":"24b456b9f8eaec89","name":"Screenshot","source":"24b456b9f8eaec89.png","type":"image/png","size":62768},{"uid":"c90c15019defcd8b","name":"HTML source","source":"c90c15019defcd8b.html","type":"text/html","size":38530}],"parameters":[],"stepsCount":30,"shouldDisplayMessage":true,"attachmentsCount":2,"hasContent":true,"attachmentStep":false},"afterStages":[{"name":"driver::0","time":{"start":1765685854897,"stop":1765685854961,"duration":64},"status":"passed","steps":[],"attachments":[],"parameters":[],"stepsCount":0,"shouldDisplayMessage":false,"attachmentsCount":0,"hasContent":false,"attachmentStep":false}],"labels":[{"name":"epic","value":"Тестирование страницы 'Восстановление пароля'"},{"name":"tag","value":"smoke"},{"name":"parentSuite","value":"tests.ui_tests"},{"name":"suite","value":"password_recovery_test"},{"name":"subSuite","value":"TestPasswordRecoveryPage"},{"name":"host","value":"runnervm6qbrg"},{"name":"thread","value":"2639-MainThread"},{"name":"framework","value":"pytest"},{"name":"language","value":"cpython3"},{"name":"package","value":"tests.ui_tests.password_recovery_test"},{"name":"resultFormat","value":"allure2"}],"parameters":[],"links":[],"hidden":false,"retry":false,"extra":{"severity":"normal","retries":[],"categories":[{"name":"Test defects","matchedStatuses":[],"flaky":false}],"history":{"statistic":{"failed":0,"broken":2,"skipped":0,"passed":44,"unknown":0,"total":46},"items":[{"uid":"9cd72a3068cb1f33","reportUrl":"https://Nat754.github.io/PulseWave/601/#testresult/9cd72a3068cb1f33","status":"passed","time":{"start":1765598770767,"stop":1765598778759,"duration":7992}},{"uid":"d25953041789e4e6","reportUrl":"https://Nat754.github.io/PulseWave/600/#testresult/d25953041789e4e6","status":"passed","time":{"start":1765512887676,"stop":1765512912290,"duration":24614}},{"uid":"7bb36ab45bb0a3f0","reportUrl":"https://Nat754.github.io/PulseWave/599/#testresult/7bb36ab45bb0a3f0","status":"passed","time":{"start":1765426576210,"stop":1765426583226,"duration":7016}},{"uid":"32f19b864f9c6a46","reportUrl":"https://Nat754.github.io/PulseWave/598/#testresult/32f19b864f9c6a46","status":"passed","time":{"start":1765340109124,"stop":1765340116707,"duration":7583}},{"uid":"5beb660fe9657c40","reportUrl":"https://Nat754.github.io/PulseWave/597/#testresult/5beb660fe9657c40","status":"passed","time":{"start":1765253426116,"stop":1765253435645,"duration":9529}},{"uid":"4477bd4a62f2584a","reportUrl":"https://Nat754.github.io/PulseWave/596/#testresult/4477bd4a62f2584a","status":"passed","time":{"start":1765167202103,"stop":1765167219555,"duration":17452}},{"uid":"65c29d65756de8ff","reportUrl":"https://Nat754.github.io/PulseWave/595/#testresult/65c29d65756de8ff","status":"broken","statusDetails":"selenium.common.exceptions.TimeoutException: Message: \nStacktrace:\n#0 0x55d98c8a54ca <unknown>\n#1 0x55d98c2f3e4b <unknown>\n#2 0x55d98c346814 <unknown>\n#3 0x55d98c346a51 <unknown>\n#4 0x55d98c395a44 <unknown>\n#5 0x55d98c392df7 <unknown>\n#6 0x55d98c338c2a <unknown>\n#7 0x55d98c339931 <unknown>\n#8 0x55d98c86bcf9 <unknown>\n#9 0x55d98c86ecdc <unknown>\n#10 0x55d98c854f79 <unknown>\n#11 0x55d98c86f8b5 <unknown>\n#12 0x55d98c83c9c3 <unknown>\n#13 0x55d98c892228 <unknown>\n#14 0x55d98c892403 <unknown>\n#15 0x55d98c8a4463 <unknown>\n#16 0x7f4fe049caa4 <unknown>\n#17 0x7f4fe0529c6c <unknown>","time":{"start":1765080897083,"stop":1765080959877,"duration":62794}},{"uid":"bf5f55eba576b645","reportUrl":"https://Nat754.github.io/PulseWave/594/#testresult/bf5f55eba576b645","status":"passed","time":{"start":1764993616878,"stop":1764993658422,"duration":41544}},{"uid":"9459ee7128ddb024","reportUrl":"https://Nat754.github.io/PulseWave/593/#testresult/9459ee7128ddb024","status":"passed","time":{"start":1764907762878,"stop":1764907770115,"duration":7237}},{"uid":"ce7892a847898b31","reportUrl":"https://Nat754.github.io/PulseWave/592/#testresult/ce7892a847898b31","status":"passed","time":{"start":1764821455132,"stop":1764821462228,"duration":7096}},{"uid":"17f2603f9c324490","reportUrl":"https://Nat754.github.io/PulseWave/591/#testresult/17f2603f9c324490","status":"passed","time":{"start":1764735072405,"stop":1764735088104,"duration":15699}},{"uid":"2cb174d655654f6d","reportUrl":"https://Nat754.github.io/PulseWave/590/#testresult/2cb174d655654f6d","status":"passed","time":{"start":1764648618899,"stop":1764648625343,"duration":6444}},{"uid":"5cd865666074aaf8","reportUrl":"https://Nat754.github.io/PulseWave/589/#testresult/5cd865666074aaf8","status":"passed","time":{"start":1764563301959,"stop":1764563309433,"duration":7474}},{"uid":"2bebf4de53976f00","reportUrl":"https://Nat754.github.io/PulseWave/588/#testresult/2bebf4de53976f00","status":"passed","time":{"start":1764476224775,"stop":1764476231493,"duration":6718}},{"uid":"b2439270cacc393b","reportUrl":"https://Nat754.github.io/PulseWave/587/#testresult/b2439270cacc393b","status":"passed","time":{"start":1764389033473,"stop":1764389299317,"duration":265844}},{"uid":"dbedb77f6a4cb042","reportUrl":"https://Nat754.github.io/PulseWave/27/#testresult/dbedb77f6a4cb042","status":"passed","time":{"start":1764327269155,"stop":1764327276200,"duration":7045}},{"uid":"f8a32b897f23e772","reportUrl":"https://Nat754.github.io/PulseWave/26/#testresult/f8a32b897f23e772","status":"passed","time":{"start":1764316035990,"stop":1764316047767,"duration":11777}},{"uid":"457e2c0eec59bd24","reportUrl":"https://Nat754.github.io/PulseWave/586/#testresult/457e2c0eec59bd24","status":"passed","time":{"start":1764302627552,"stop":1764302652365,"duration":24813}},{"uid":"6a3753eac87c29fd","reportUrl":"https://Nat754.github.io/PulseWave/585/#testresult/6a3753eac87c29fd","status":"passed","time":{"start":1764216170039,"stop":1764216177411,"duration":7372}},{"uid":"4a3865144c2c64d","reportUrl":"https://Nat754.github.io/PulseWave/584/#testresult/4a3865144c2c64d","status":"passed","time":{"start":1764129887591,"stop":1764129894578,"duration":6987}}]},"tags":["smoke"]},"source":"804e7f36f54e2d08.json","parameterValues":[]}