{
  "uid" : "38a06bc22e9521bd",
  "name" : "POST Регистрация пользователя без подтверждения подписки",
  "fullName" : "tests.test_api.test_api.TestAPI#test_post_create_user_no_subscriber",
  "historyId" : "65cde6c273276871256fcbcd8d2a7b23",
  "time" : {
    "start" : 1734453692115,
    "stop" : 1734453707835,
    "duration" : 15720
  },
  "status" : "failed",
  "statusMessage" : "AssertionError: Unexpected status code. Expected: 201. Actual: 400",
  "statusTrace" : "self = <tests.test_api.test_api.TestAPI object at 0x7fefccb44320>\nuse_api_base = <api_testing.api_base.ApiBase object at 0x7fefccb89ac0>\n\n    @allure.title(\"POST Регистрация пользователя без подтверждения подписки\")\n    def test_post_create_user_no_subscriber(self, use_api_base):\n        url = f'{self.link.BASE_URL}auth/users/'\n        response = requests.post(url, json=self.constant.CREATE_USER_NO_SUBSCRIBER)\n        time.sleep(15)\n>       Assertions.assert_status_code(response, self.code.STATUS_201)\n\ntests/test_api/test_api.py:258: \n_ _ _ _ _ _ _ _ _ _ _ _ _ _ _ _ _ _ _ _ _ _ _ _ _ _ _ _ _ _ _ _ _ _ _ _ _ _ _ _ \n\nresponse = <Response [400]>, expected_status_code = 201\n\n    @staticmethod\n    def assert_status_code(response: Response, expected_status_code: int):\n        actual_status_code = response.status_code\n        with allure.step(f\"Expected status {expected_status_code}\"):\n>           assert actual_status_code == expected_status_code, \\\n                f\"Unexpected status code. Expected: {expected_status_code}. Actual: {actual_status_code}\"\nE           AssertionError: Unexpected status code. Expected: 201. Actual: 400\n\napi_testing/assertions.py:11: AssertionError",
  "flaky" : true,
  "newFailed" : false,
  "beforeStages" : [ {
    "name" : "_session_faker",
    "time" : {
      "start" : 1734453639928,
      "stop" : 1734453639947,
      "duration" : 19
    },
    "status" : "passed",
    "steps" : [ ],
    "attachments" : [ ],
    "parameters" : [ ],
    "stepsCount" : 0,
    "attachmentsCount" : 0,
    "shouldDisplayMessage" : false,
    "hasContent" : false
  }, {
    "name" : "clear_allure_results_folder",
    "time" : {
      "start" : 1734453639947,
      "stop" : 1734453639947,
      "duration" : 0
    },
    "status" : "passed",
    "steps" : [ ],
    "attachments" : [ ],
    "parameters" : [ ],
    "stepsCount" : 0,
    "attachmentsCount" : 0,
    "shouldDisplayMessage" : false,
    "hasContent" : false
  }, {
    "name" : "use_api_base",
    "time" : {
      "start" : 1734453692115,
      "stop" : 1734453692115,
      "duration" : 0
    },
    "status" : "passed",
    "steps" : [ ],
    "attachments" : [ ],
    "parameters" : [ ],
    "stepsCount" : 0,
    "attachmentsCount" : 0,
    "shouldDisplayMessage" : false,
    "hasContent" : false
  } ],
  "testStage" : {
    "status" : "failed",
    "statusMessage" : "AssertionError: Unexpected status code. Expected: 201. Actual: 400",
    "statusTrace" : "self = <tests.test_api.test_api.TestAPI object at 0x7fefccb44320>\nuse_api_base = <api_testing.api_base.ApiBase object at 0x7fefccb89ac0>\n\n    @allure.title(\"POST Регистрация пользователя без подтверждения подписки\")\n    def test_post_create_user_no_subscriber(self, use_api_base):\n        url = f'{self.link.BASE_URL}auth/users/'\n        response = requests.post(url, json=self.constant.CREATE_USER_NO_SUBSCRIBER)\n        time.sleep(15)\n>       Assertions.assert_status_code(response, self.code.STATUS_201)\n\ntests/test_api/test_api.py:258: \n_ _ _ _ _ _ _ _ _ _ _ _ _ _ _ _ _ _ _ _ _ _ _ _ _ _ _ _ _ _ _ _ _ _ _ _ _ _ _ _ \n\nresponse = <Response [400]>, expected_status_code = 201\n\n    @staticmethod\n    def assert_status_code(response: Response, expected_status_code: int):\n        actual_status_code = response.status_code\n        with allure.step(f\"Expected status {expected_status_code}\"):\n>           assert actual_status_code == expected_status_code, \\\n                f\"Unexpected status code. Expected: {expected_status_code}. Actual: {actual_status_code}\"\nE           AssertionError: Unexpected status code. Expected: 201. Actual: 400\n\napi_testing/assertions.py:11: AssertionError",
    "steps" : [ {
      "name" : "Expected status 201",
      "time" : {
        "start" : 1734453707835,
        "stop" : 1734453707835,
        "duration" : 0
      },
      "status" : "failed",
      "statusMessage" : "AssertionError: Unexpected status code. Expected: 201. Actual: 400\n",
      "statusTrace" : "  File \"/home/runner/work/PulseWave/PulseWave/api_testing/assertions.py\", line 11, in assert_status_code\n    assert actual_status_code == expected_status_code, \\\n           ^^^^^^^^^^^^^^^^^^^^^^^^^^^^^^^^^^^^^^^^^^\n",
      "steps" : [ ],
      "attachments" : [ ],
      "parameters" : [ ],
      "stepsCount" : 0,
      "attachmentsCount" : 0,
      "shouldDisplayMessage" : true,
      "hasContent" : true
    } ],
    "attachments" : [ ],
    "parameters" : [ ],
    "stepsCount" : 1,
    "attachmentsCount" : 0,
    "shouldDisplayMessage" : true,
    "hasContent" : true
  },
  "afterStages" : [ ],
  "labels" : [ {
    "name" : "epic",
    "value" : "Тестирование API"
  }, {
    "name" : "parentSuite",
    "value" : "tests.test_api"
  }, {
    "name" : "suite",
    "value" : "test_api"
  }, {
    "name" : "subSuite",
    "value" : "TestAPI"
  }, {
    "name" : "host",
    "value" : "fv-az1196-799"
  }, {
    "name" : "thread",
    "value" : "2322-MainThread"
  }, {
    "name" : "framework",
    "value" : "pytest"
  }, {
    "name" : "language",
    "value" : "cpython3"
  }, {
    "name" : "package",
    "value" : "tests.test_api.test_api"
  }, {
    "name" : "resultFormat",
    "value" : "allure2"
  } ],
  "parameters" : [ ],
  "links" : [ ],
  "hidden" : false,
  "retry" : false,
  "extra" : {
    "severity" : "normal",
    "retries" : [ ],
    "categories" : [ {
      "name" : "Product defects",
      "matchedStatuses" : [ ],
      "flaky" : false
    } ],
    "history" : {
      "statistic" : {
        "failed" : 38,
        "broken" : 3,
        "skipped" : 0,
        "passed" : 233,
        "unknown" : 0,
        "total" : 274
      },
      "items" : [ {
        "uid" : "b6986001daf3035",
        "reportUrl" : "https://Nat754.github.io/PulseWave/241//#testresult/b6986001daf3035",
        "status" : "failed",
        "statusDetails" : "AssertionError: Unexpected status code. Expected: 201. Actual: 400",
        "time" : {
          "start" : 1734404224179,
          "stop" : 1734404239766,
          "duration" : 15587
        }
      }, {
        "uid" : "4e428ca7e7356203",
        "reportUrl" : "https://Nat754.github.io/PulseWave/240//#testresult/4e428ca7e7356203",
        "status" : "failed",
        "statusDetails" : "AssertionError: Unexpected status code. Expected: 201. Actual: 400",
        "time" : {
          "start" : 1734318083107,
          "stop" : 1734318098700,
          "duration" : 15593
        }
      }, {
        "uid" : "448a18e821e25922",
        "reportUrl" : "https://Nat754.github.io/PulseWave/239//#testresult/448a18e821e25922",
        "status" : "passed",
        "time" : {
          "start" : 1734231873882,
          "stop" : 1734231890050,
          "duration" : 16168
        }
      }, {
        "uid" : "9cccc830e9e74b91",
        "reportUrl" : "https://Nat754.github.io/PulseWave/238//#testresult/9cccc830e9e74b91",
        "status" : "failed",
        "statusDetails" : "AssertionError: Unexpected status code. Expected: 201. Actual: 400",
        "time" : {
          "start" : 1734144866436,
          "stop" : 1734144882225,
          "duration" : 15789
        }
      }, {
        "uid" : "60f4f352d9dc1a2c",
        "reportUrl" : "https://Nat754.github.io/PulseWave/237//#testresult/60f4f352d9dc1a2c",
        "status" : "passed",
        "time" : {
          "start" : 1734058843372,
          "stop" : 1734058859580,
          "duration" : 16208
        }
      }, {
        "uid" : "f344d00ad9e7fca6",
        "reportUrl" : "https://Nat754.github.io/PulseWave/236//#testresult/f344d00ad9e7fca6",
        "status" : "passed",
        "time" : {
          "start" : 1733972367547,
          "stop" : 1733972383920,
          "duration" : 16373
        }
      }, {
        "uid" : "afdf50437937efdc",
        "reportUrl" : "https://Nat754.github.io/PulseWave/235//#testresult/afdf50437937efdc",
        "status" : "passed",
        "time" : {
          "start" : 1733887145165,
          "stop" : 1733887161357,
          "duration" : 16192
        }
      }, {
        "uid" : "9a62abdda094fe12",
        "reportUrl" : "https://Nat754.github.io/PulseWave/235//#testresult/9a62abdda094fe12",
        "status" : "failed",
        "statusDetails" : "AssertionError: Unexpected status code. Expected: 201. Actual: 400",
        "time" : {
          "start" : 1733885873464,
          "stop" : 1733885889046,
          "duration" : 15582
        }
      }, {
        "uid" : "e0e98ce416606b38",
        "reportUrl" : "https://Nat754.github.io/PulseWave/234//#testresult/e0e98ce416606b38",
        "status" : "passed",
        "time" : {
          "start" : 1733799685528,
          "stop" : 1733799701694,
          "duration" : 16166
        }
      }, {
        "uid" : "a36003bbdddb1c4b",
        "reportUrl" : "https://Nat754.github.io/PulseWave/233//#testresult/a36003bbdddb1c4b",
        "status" : "passed",
        "time" : {
          "start" : 1733713355146,
          "stop" : 1733713371406,
          "duration" : 16260
        }
      }, {
        "uid" : "8ef2ed6bd5984a1c",
        "reportUrl" : "https://Nat754.github.io/PulseWave/232//#testresult/8ef2ed6bd5984a1c",
        "status" : "passed",
        "time" : {
          "start" : 1733627070001,
          "stop" : 1733627086184,
          "duration" : 16183
        }
      }, {
        "uid" : "156e3e120ff7edc5",
        "reportUrl" : "https://Nat754.github.io/PulseWave/231//#testresult/156e3e120ff7edc5",
        "status" : "passed",
        "time" : {
          "start" : 1733540208563,
          "stop" : 1733540224770,
          "duration" : 16207
        }
      }, {
        "uid" : "3d40229672def7fe",
        "reportUrl" : "https://Nat754.github.io/PulseWave/230//#testresult/3d40229672def7fe",
        "status" : "passed",
        "time" : {
          "start" : 1733453925639,
          "stop" : 1733453941842,
          "duration" : 16203
        }
      }, {
        "uid" : "51b8d160dddb1a5",
        "reportUrl" : "https://Nat754.github.io/PulseWave/229//#testresult/51b8d160dddb1a5",
        "status" : "passed",
        "time" : {
          "start" : 1733367612280,
          "stop" : 1733367628447,
          "duration" : 16167
        }
      }, {
        "uid" : "f53c4c9ceadc6638",
        "reportUrl" : "https://Nat754.github.io/PulseWave/228//#testresult/f53c4c9ceadc6638",
        "status" : "passed",
        "time" : {
          "start" : 1733281169748,
          "stop" : 1733281185917,
          "duration" : 16169
        }
      }, {
        "uid" : "955cc43ed31237f2",
        "reportUrl" : "https://Nat754.github.io/PulseWave/227//#testresult/955cc43ed31237f2",
        "status" : "passed",
        "time" : {
          "start" : 1733194891445,
          "stop" : 1733194907916,
          "duration" : 16471
        }
      }, {
        "uid" : "6be07dfc18775d4e",
        "reportUrl" : "https://Nat754.github.io/PulseWave/227//#testresult/6be07dfc18775d4e",
        "status" : "passed",
        "time" : {
          "start" : 1733141994837,
          "stop" : 1733142011071,
          "duration" : 16234
        }
      }, {
        "uid" : "6302266706620771",
        "reportUrl" : "https://Nat754.github.io/PulseWave/226//#testresult/6302266706620771",
        "status" : "passed",
        "time" : {
          "start" : 1733108473853,
          "stop" : 1733108490368,
          "duration" : 16515
        }
      }, {
        "uid" : "4daed57ef627837b",
        "reportUrl" : "https://Nat754.github.io/PulseWave/225//#testresult/4daed57ef627837b",
        "status" : "passed",
        "time" : {
          "start" : 1733022672112,
          "stop" : 1733022688563,
          "duration" : 16451
        }
      }, {
        "uid" : "6dcc4c853ee3900b",
        "reportUrl" : "https://Nat754.github.io/PulseWave/224//#testresult/6dcc4c853ee3900b",
        "status" : "passed",
        "time" : {
          "start" : 1732935094769,
          "stop" : 1732935111261,
          "duration" : 16492
        }
      } ]
    },
    "tags" : [ ]
  },
  "source" : "38a06bc22e9521bd.json",
  "parameterValues" : [ ]
}