{
  "uid" : "61d29e3f3aab1c1a",
  "name" : "2.1 POST Создать пользователя с корректными данными",
  "fullName" : "tests.test_api.test_api.TestAPI#test_post_auth_user",
  "historyId" : "d9a2437627bbe237bdf3b37bffffa3b2",
  "time" : {
    "start" : 1734453641214,
    "stop" : 1734453658075,
    "duration" : 16861
  },
  "status" : "failed",
  "statusMessage" : "AssertionError: Unexpected status code. Expected: 201. Actual: 400",
  "statusTrace" : "self = <tests.test_api.test_api.TestAPI object at 0x7fefccb3c4a0>\n\n    @allure.title(\"2.1 POST Создать пользователя с корректными данными\")\n    def test_post_auth_user(self):\n        url = f'{self.link.BASE_URL}auth/users/'\n        response = requests.post(url, json=self.constant.CREATE_USER)\n        time.sleep(15)\n>       Assertions.assert_status_code(response, self.code.STATUS_201)\n\ntests/test_api/test_api.py:36: \n_ _ _ _ _ _ _ _ _ _ _ _ _ _ _ _ _ _ _ _ _ _ _ _ _ _ _ _ _ _ _ _ _ _ _ _ _ _ _ _ \n\nresponse = <Response [400]>, expected_status_code = 201\n\n    @staticmethod\n    def assert_status_code(response: Response, expected_status_code: int):\n        actual_status_code = response.status_code\n        with allure.step(f\"Expected status {expected_status_code}\"):\n>           assert actual_status_code == expected_status_code, \\\n                f\"Unexpected status code. Expected: {expected_status_code}. Actual: {actual_status_code}\"\nE           AssertionError: Unexpected status code. Expected: 201. Actual: 400\n\napi_testing/assertions.py:11: AssertionError",
  "flaky" : false,
  "newFailed" : false,
  "beforeStages" : [ {
    "name" : "_session_faker",
    "time" : {
      "start" : 1734453639928,
      "stop" : 1734453639947,
      "duration" : 19
    },
    "status" : "passed",
    "steps" : [ ],
    "attachments" : [ ],
    "parameters" : [ ],
    "stepsCount" : 0,
    "attachmentsCount" : 0,
    "shouldDisplayMessage" : false,
    "hasContent" : false
  }, {
    "name" : "clear_allure_results_folder",
    "time" : {
      "start" : 1734453639947,
      "stop" : 1734453639947,
      "duration" : 0
    },
    "status" : "passed",
    "steps" : [ ],
    "attachments" : [ ],
    "parameters" : [ ],
    "stepsCount" : 0,
    "attachmentsCount" : 0,
    "shouldDisplayMessage" : false,
    "hasContent" : false
  } ],
  "testStage" : {
    "status" : "failed",
    "statusMessage" : "AssertionError: Unexpected status code. Expected: 201. Actual: 400",
    "statusTrace" : "self = <tests.test_api.test_api.TestAPI object at 0x7fefccb3c4a0>\n\n    @allure.title(\"2.1 POST Создать пользователя с корректными данными\")\n    def test_post_auth_user(self):\n        url = f'{self.link.BASE_URL}auth/users/'\n        response = requests.post(url, json=self.constant.CREATE_USER)\n        time.sleep(15)\n>       Assertions.assert_status_code(response, self.code.STATUS_201)\n\ntests/test_api/test_api.py:36: \n_ _ _ _ _ _ _ _ _ _ _ _ _ _ _ _ _ _ _ _ _ _ _ _ _ _ _ _ _ _ _ _ _ _ _ _ _ _ _ _ \n\nresponse = <Response [400]>, expected_status_code = 201\n\n    @staticmethod\n    def assert_status_code(response: Response, expected_status_code: int):\n        actual_status_code = response.status_code\n        with allure.step(f\"Expected status {expected_status_code}\"):\n>           assert actual_status_code == expected_status_code, \\\n                f\"Unexpected status code. Expected: {expected_status_code}. Actual: {actual_status_code}\"\nE           AssertionError: Unexpected status code. Expected: 201. Actual: 400\n\napi_testing/assertions.py:11: AssertionError",
    "steps" : [ {
      "name" : "Expected status 201",
      "time" : {
        "start" : 1734453658075,
        "stop" : 1734453658075,
        "duration" : 0
      },
      "status" : "failed",
      "statusMessage" : "AssertionError: Unexpected status code. Expected: 201. Actual: 400\n",
      "statusTrace" : "  File \"/home/runner/work/PulseWave/PulseWave/api_testing/assertions.py\", line 11, in assert_status_code\n    assert actual_status_code == expected_status_code, \\\n           ^^^^^^^^^^^^^^^^^^^^^^^^^^^^^^^^^^^^^^^^^^\n",
      "steps" : [ ],
      "attachments" : [ ],
      "parameters" : [ ],
      "stepsCount" : 0,
      "attachmentsCount" : 0,
      "shouldDisplayMessage" : true,
      "hasContent" : true
    } ],
    "attachments" : [ ],
    "parameters" : [ ],
    "stepsCount" : 1,
    "attachmentsCount" : 0,
    "shouldDisplayMessage" : true,
    "hasContent" : true
  },
  "afterStages" : [ ],
  "labels" : [ {
    "name" : "epic",
    "value" : "Тестирование API"
  }, {
    "name" : "parentSuite",
    "value" : "tests.test_api"
  }, {
    "name" : "suite",
    "value" : "test_api"
  }, {
    "name" : "subSuite",
    "value" : "TestAPI"
  }, {
    "name" : "host",
    "value" : "fv-az1196-799"
  }, {
    "name" : "thread",
    "value" : "2322-MainThread"
  }, {
    "name" : "framework",
    "value" : "pytest"
  }, {
    "name" : "language",
    "value" : "cpython3"
  }, {
    "name" : "package",
    "value" : "tests.test_api.test_api"
  }, {
    "name" : "resultFormat",
    "value" : "allure2"
  } ],
  "parameters" : [ ],
  "links" : [ ],
  "hidden" : false,
  "retry" : false,
  "extra" : {
    "severity" : "normal",
    "retries" : [ ],
    "categories" : [ {
      "name" : "Product defects",
      "matchedStatuses" : [ ],
      "flaky" : false
    } ],
    "history" : {
      "statistic" : {
        "failed" : 34,
        "broken" : 0,
        "skipped" : 27,
        "passed" : 213,
        "unknown" : 0,
        "total" : 274
      },
      "items" : [ {
        "uid" : "a05284e1b135da26",
        "reportUrl" : "https://Nat754.github.io/PulseWave/241//#testresult/a05284e1b135da26",
        "status" : "failed",
        "statusDetails" : "AssertionError: Unexpected status code. Expected: 201. Actual: 400",
        "time" : {
          "start" : 1734404174385,
          "stop" : 1734404190555,
          "duration" : 16170
        }
      }, {
        "uid" : "b18f2e0503351881",
        "reportUrl" : "https://Nat754.github.io/PulseWave/240//#testresult/b18f2e0503351881",
        "status" : "failed",
        "statusDetails" : "AssertionError: Unexpected status code. Expected: 201. Actual: 400",
        "time" : {
          "start" : 1734318035166,
          "stop" : 1734318051211,
          "duration" : 16045
        }
      }, {
        "uid" : "3710b19e751c2c14",
        "reportUrl" : "https://Nat754.github.io/PulseWave/239//#testresult/3710b19e751c2c14",
        "status" : "passed",
        "time" : {
          "start" : 1734231749049,
          "stop" : 1734231765597,
          "duration" : 16548
        }
      }, {
        "uid" : "4cb16a0053af2640",
        "reportUrl" : "https://Nat754.github.io/PulseWave/238//#testresult/4cb16a0053af2640",
        "status" : "passed",
        "time" : {
          "start" : 1734144745634,
          "stop" : 1734144762106,
          "duration" : 16472
        }
      }, {
        "uid" : "7944904acc21f775",
        "reportUrl" : "https://Nat754.github.io/PulseWave/237//#testresult/7944904acc21f775",
        "status" : "passed",
        "time" : {
          "start" : 1734058716084,
          "stop" : 1734058732290,
          "duration" : 16206
        }
      }, {
        "uid" : "aafc35ec370c5595",
        "reportUrl" : "https://Nat754.github.io/PulseWave/236//#testresult/aafc35ec370c5595",
        "status" : "passed",
        "time" : {
          "start" : 1733972231617,
          "stop" : 1733972248532,
          "duration" : 16915
        }
      }, {
        "uid" : "5b6117f73f6bbb3c",
        "reportUrl" : "https://Nat754.github.io/PulseWave/235//#testresult/5b6117f73f6bbb3c",
        "status" : "passed",
        "time" : {
          "start" : 1733887018747,
          "stop" : 1733887035847,
          "duration" : 17100
        }
      }, {
        "uid" : "2ec1647b2842a71a",
        "reportUrl" : "https://Nat754.github.io/PulseWave/235//#testresult/2ec1647b2842a71a",
        "status" : "passed",
        "time" : {
          "start" : 1733885825437,
          "stop" : 1733885842551,
          "duration" : 17114
        }
      }, {
        "uid" : "50d0326652415522",
        "reportUrl" : "https://Nat754.github.io/PulseWave/234//#testresult/50d0326652415522",
        "status" : "passed",
        "time" : {
          "start" : 1733799559920,
          "stop" : 1733799576195,
          "duration" : 16275
        }
      }, {
        "uid" : "edb7bbe253990398",
        "reportUrl" : "https://Nat754.github.io/PulseWave/233//#testresult/edb7bbe253990398",
        "status" : "passed",
        "time" : {
          "start" : 1733713227504,
          "stop" : 1733713244059,
          "duration" : 16555
        }
      }, {
        "uid" : "3a7d5a081b07c45a",
        "reportUrl" : "https://Nat754.github.io/PulseWave/232//#testresult/3a7d5a081b07c45a",
        "status" : "passed",
        "time" : {
          "start" : 1733626940610,
          "stop" : 1733626957621,
          "duration" : 17011
        }
      }, {
        "uid" : "1a8c77bea8d948ea",
        "reportUrl" : "https://Nat754.github.io/PulseWave/231//#testresult/1a8c77bea8d948ea",
        "status" : "passed",
        "time" : {
          "start" : 1733540082566,
          "stop" : 1733540099212,
          "duration" : 16646
        }
      }, {
        "uid" : "bca2ce5ad28d37c3",
        "reportUrl" : "https://Nat754.github.io/PulseWave/230//#testresult/bca2ce5ad28d37c3",
        "status" : "passed",
        "time" : {
          "start" : 1733453803115,
          "stop" : 1733453819392,
          "duration" : 16277
        }
      }, {
        "uid" : "572660b679249754",
        "reportUrl" : "https://Nat754.github.io/PulseWave/229//#testresult/572660b679249754",
        "status" : "passed",
        "time" : {
          "start" : 1733367484754,
          "stop" : 1733367501067,
          "duration" : 16313
        }
      }, {
        "uid" : "f4488daae84e96b1",
        "reportUrl" : "https://Nat754.github.io/PulseWave/228//#testresult/f4488daae84e96b1",
        "status" : "passed",
        "time" : {
          "start" : 1733281043094,
          "stop" : 1733281059643,
          "duration" : 16549
        }
      }, {
        "uid" : "91d72becffb502b6",
        "reportUrl" : "https://Nat754.github.io/PulseWave/227//#testresult/91d72becffb502b6",
        "status" : "passed",
        "time" : {
          "start" : 1733194748136,
          "stop" : 1733194764954,
          "duration" : 16818
        }
      }, {
        "uid" : "fa4c3e7c30cc2560",
        "reportUrl" : "https://Nat754.github.io/PulseWave/227//#testresult/fa4c3e7c30cc2560",
        "status" : "passed",
        "time" : {
          "start" : 1733141864151,
          "stop" : 1733141881302,
          "duration" : 17151
        }
      }, {
        "uid" : "f7b2fcbb349a80a3",
        "reportUrl" : "https://Nat754.github.io/PulseWave/226//#testresult/f7b2fcbb349a80a3",
        "status" : "passed",
        "time" : {
          "start" : 1733108341237,
          "stop" : 1733108358152,
          "duration" : 16915
        }
      }, {
        "uid" : "7238b5a510f8a51f",
        "reportUrl" : "https://Nat754.github.io/PulseWave/225//#testresult/7238b5a510f8a51f",
        "status" : "passed",
        "time" : {
          "start" : 1733022540599,
          "stop" : 1733022557300,
          "duration" : 16701
        }
      }, {
        "uid" : "3343764ac0a6b994",
        "reportUrl" : "https://Nat754.github.io/PulseWave/224//#testresult/3343764ac0a6b994",
        "status" : "passed",
        "time" : {
          "start" : 1732934960273,
          "stop" : 1732934976930,
          "duration" : 16657
        }
      } ]
    },
    "tags" : [ ]
  },
  "source" : "61d29e3f3aab1c1a.json",
  "parameterValues" : [ ]
}