{
  "uid" : "301c599df570a523",
  "name" : "GET Список стикеров задачи",
  "fullName" : "tests.test_api.test_api.TestAPI#test_get_api_task_id_sticker",
  "historyId" : "6d6ecebe240d50664140f603964b63e9",
  "time" : {
    "start" : 1718245872288,
    "stop" : 1718245886513,
    "duration" : 14225
  },
  "status" : "skipped",
  "statusMessage" : "XFAIL\n\nAssertionError: Unexpected status code. Expected: 200. Actual: 500",
  "statusTrace" : "self = <tests.test_api.test_api.TestAPI object at 0x7fbe086b4890>\nuse_api_base = <api_testing.api_base.ApiBase object at 0x7fbe07fcfa40>\n\n    @pytest.mark.xfail\n    @allure.title(\"GET Список стикеров задачи\")\n    def test_get_api_task_id_sticker(self, use_api_base):\n        jwt = use_api_base.create_jwt(email1, password0)\n        column_id, task_id = use_api_base.get_column_task_id()\n        url = f'{self.constant.BASE_URL}api/task/{task_id}/sticker/'\n        requests.post(url, headers={'accept': 'application/json', 'Authorization': f\"{jwt}\"},\n                      json={\"name\": faker.first_name(), \"color\": random.choice(self.constant.COLOR_STICKER)})\n        response = requests.get(url, headers={'accept': 'application/json', 'Authorization': f\"{jwt}\"})\n>       Assertions.assert_status_code(response, self.code.STATUS_200)\n\ntests/test_api/test_api.py:470: \n_ _ _ _ _ _ _ _ _ _ _ _ _ _ _ _ _ _ _ _ _ _ _ _ _ _ _ _ _ _ _ _ _ _ _ _ _ _ _ _ \n\nresponse = <Response [500]>, expected_status_code = 200\n\n    @staticmethod\n    def assert_status_code(response: Response, expected_status_code: int):\n        actual_status_code = response.status_code\n        with allure.step(f\"Expected status {expected_status_code}\"):\n>           assert actual_status_code == expected_status_code, \\\n                f\"Unexpected status code. Expected: {expected_status_code}. Actual: {actual_status_code}\"\nE           AssertionError: Unexpected status code. Expected: 200. Actual: 500\n\napi_testing/assertions.py:11: AssertionError",
  "flaky" : false,
  "newFailed" : false,
  "beforeStages" : [ {
    "name" : "use_api_base",
    "time" : {
      "start" : 1718245872288,
      "stop" : 1718245872288,
      "duration" : 0
    },
    "status" : "passed",
    "steps" : [ ],
    "attachments" : [ ],
    "parameters" : [ ],
    "stepsCount" : 0,
    "attachmentsCount" : 0,
    "shouldDisplayMessage" : false,
    "hasContent" : false
  }, {
    "name" : "_session_faker",
    "time" : {
      "start" : 1718245536350,
      "stop" : 1718245536367,
      "duration" : 17
    },
    "status" : "passed",
    "steps" : [ ],
    "attachments" : [ ],
    "parameters" : [ ],
    "stepsCount" : 0,
    "attachmentsCount" : 0,
    "shouldDisplayMessage" : false,
    "hasContent" : false
  }, {
    "name" : "clear_allure_results_folder",
    "time" : {
      "start" : 1718245536367,
      "stop" : 1718245536367,
      "duration" : 0
    },
    "status" : "passed",
    "steps" : [ ],
    "attachments" : [ ],
    "parameters" : [ ],
    "stepsCount" : 0,
    "attachmentsCount" : 0,
    "shouldDisplayMessage" : false,
    "hasContent" : false
  } ],
  "testStage" : {
    "status" : "skipped",
    "statusMessage" : "XFAIL\n\nAssertionError: Unexpected status code. Expected: 200. Actual: 500",
    "statusTrace" : "self = <tests.test_api.test_api.TestAPI object at 0x7fbe086b4890>\nuse_api_base = <api_testing.api_base.ApiBase object at 0x7fbe07fcfa40>\n\n    @pytest.mark.xfail\n    @allure.title(\"GET Список стикеров задачи\")\n    def test_get_api_task_id_sticker(self, use_api_base):\n        jwt = use_api_base.create_jwt(email1, password0)\n        column_id, task_id = use_api_base.get_column_task_id()\n        url = f'{self.constant.BASE_URL}api/task/{task_id}/sticker/'\n        requests.post(url, headers={'accept': 'application/json', 'Authorization': f\"{jwt}\"},\n                      json={\"name\": faker.first_name(), \"color\": random.choice(self.constant.COLOR_STICKER)})\n        response = requests.get(url, headers={'accept': 'application/json', 'Authorization': f\"{jwt}\"})\n>       Assertions.assert_status_code(response, self.code.STATUS_200)\n\ntests/test_api/test_api.py:470: \n_ _ _ _ _ _ _ _ _ _ _ _ _ _ _ _ _ _ _ _ _ _ _ _ _ _ _ _ _ _ _ _ _ _ _ _ _ _ _ _ \n\nresponse = <Response [500]>, expected_status_code = 200\n\n    @staticmethod\n    def assert_status_code(response: Response, expected_status_code: int):\n        actual_status_code = response.status_code\n        with allure.step(f\"Expected status {expected_status_code}\"):\n>           assert actual_status_code == expected_status_code, \\\n                f\"Unexpected status code. Expected: {expected_status_code}. Actual: {actual_status_code}\"\nE           AssertionError: Unexpected status code. Expected: 200. Actual: 500\n\napi_testing/assertions.py:11: AssertionError",
    "steps" : [ {
      "name" : "Получить access токен пользователя на емайл",
      "time" : {
        "start" : 1718245872288,
        "stop" : 1718245873723,
        "duration" : 1435
      },
      "status" : "passed",
      "steps" : [ ],
      "attachments" : [ ],
      "parameters" : [ ],
      "stepsCount" : 0,
      "attachmentsCount" : 0,
      "shouldDisplayMessage" : false,
      "hasContent" : false
    }, {
      "name" : "Получить id задачи",
      "time" : {
        "start" : 1718245873724,
        "stop" : 1718245884626,
        "duration" : 10902
      },
      "status" : "passed",
      "steps" : [ {
        "name" : "Получить access токен пользователя на емайл",
        "time" : {
          "start" : 1718245873724,
          "stop" : 1718245875192,
          "duration" : 1468
        },
        "status" : "passed",
        "steps" : [ ],
        "attachments" : [ ],
        "parameters" : [ ],
        "stepsCount" : 0,
        "attachmentsCount" : 0,
        "shouldDisplayMessage" : false,
        "hasContent" : false
      }, {
        "name" : "Получить id колонки",
        "time" : {
          "start" : 1718245875193,
          "stop" : 1718245883764,
          "duration" : 8571
        },
        "status" : "passed",
        "steps" : [ {
          "name" : "Получить access токен пользователя на емайл",
          "time" : {
            "start" : 1718245875193,
            "stop" : 1718245876929,
            "duration" : 1736
          },
          "status" : "passed",
          "steps" : [ ],
          "attachments" : [ ],
          "parameters" : [ ],
          "stepsCount" : 0,
          "attachmentsCount" : 0,
          "shouldDisplayMessage" : false,
          "hasContent" : false
        }, {
          "name" : "Получить id доски",
          "time" : {
            "start" : 1718245876930,
            "stop" : 1718245881924,
            "duration" : 4994
          },
          "status" : "passed",
          "steps" : [ {
            "name" : "Получить access токен пользователя на емайл",
            "time" : {
              "start" : 1718245876930,
              "stop" : 1718245878668,
              "duration" : 1738
            },
            "status" : "passed",
            "steps" : [ ],
            "attachments" : [ ],
            "parameters" : [ ],
            "stepsCount" : 0,
            "attachmentsCount" : 0,
            "shouldDisplayMessage" : false,
            "hasContent" : false
          }, {
            "name" : "Получить id рабочего пространства",
            "time" : {
              "start" : 1718245878669,
              "stop" : 1718245881099,
              "duration" : 2430
            },
            "status" : "passed",
            "steps" : [ {
              "name" : "Получить access токен пользователя на емайл",
              "time" : {
                "start" : 1718245878669,
                "stop" : 1718245880227,
                "duration" : 1558
              },
              "status" : "passed",
              "steps" : [ ],
              "attachments" : [ ],
              "parameters" : [ ],
              "stepsCount" : 0,
              "attachmentsCount" : 0,
              "shouldDisplayMessage" : false,
              "hasContent" : false
            } ],
            "attachments" : [ ],
            "parameters" : [ ],
            "stepsCount" : 1,
            "attachmentsCount" : 0,
            "shouldDisplayMessage" : false,
            "hasContent" : true
          } ],
          "attachments" : [ ],
          "parameters" : [ ],
          "stepsCount" : 3,
          "attachmentsCount" : 0,
          "shouldDisplayMessage" : false,
          "hasContent" : true
        } ],
        "attachments" : [ ],
        "parameters" : [ ],
        "stepsCount" : 5,
        "attachmentsCount" : 0,
        "shouldDisplayMessage" : false,
        "hasContent" : true
      } ],
      "attachments" : [ ],
      "parameters" : [ ],
      "stepsCount" : 7,
      "attachmentsCount" : 0,
      "shouldDisplayMessage" : false,
      "hasContent" : true
    }, {
      "name" : "Expected status 200",
      "time" : {
        "start" : 1718245886513,
        "stop" : 1718245886513,
        "duration" : 0
      },
      "status" : "failed",
      "statusMessage" : "AssertionError: Unexpected status code. Expected: 200. Actual: 500\n",
      "statusTrace" : "  File \"/home/runner/work/PulseWave/PulseWave/api_testing/assertions.py\", line 11, in assert_status_code\n    assert actual_status_code == expected_status_code, \\\n           ^^^^^^^^^^^^^^^^^^^^^^^^^^^^^^^^^^^^^^^^^^\n",
      "steps" : [ ],
      "attachments" : [ ],
      "parameters" : [ ],
      "stepsCount" : 0,
      "attachmentsCount" : 0,
      "shouldDisplayMessage" : true,
      "hasContent" : true
    } ],
    "attachments" : [ ],
    "parameters" : [ ],
    "stepsCount" : 10,
    "attachmentsCount" : 0,
    "shouldDisplayMessage" : true,
    "hasContent" : true
  },
  "afterStages" : [ ],
  "labels" : [ {
    "name" : "epic",
    "value" : "Тестирование API"
  }, {
    "name" : "tag",
    "value" : "@pytest.mark.xfail"
  }, {
    "name" : "parentSuite",
    "value" : "tests.test_api"
  }, {
    "name" : "suite",
    "value" : "test_api"
  }, {
    "name" : "subSuite",
    "value" : "TestAPI"
  }, {
    "name" : "host",
    "value" : "fv-az1247-769"
  }, {
    "name" : "thread",
    "value" : "2299-MainThread"
  }, {
    "name" : "framework",
    "value" : "pytest"
  }, {
    "name" : "language",
    "value" : "cpython3"
  }, {
    "name" : "package",
    "value" : "tests.test_api.test_api"
  }, {
    "name" : "resultFormat",
    "value" : "allure2"
  } ],
  "parameters" : [ ],
  "links" : [ ],
  "hidden" : false,
  "retry" : false,
  "extra" : {
    "severity" : "normal",
    "retries" : [ ],
    "categories" : [ ],
    "history" : {
      "statistic" : {
        "failed" : 0,
        "broken" : 0,
        "skipped" : 61,
        "passed" : 0,
        "unknown" : 0,
        "total" : 61
      },
      "items" : [ {
        "uid" : "e21fe308a85f489a",
        "reportUrl" : "https://Nat754.github.io/PulseWave/53//#testresult/e21fe308a85f489a",
        "status" : "skipped",
        "statusDetails" : "XFAIL\n\nAssertionError: Unexpected status code. Expected: 200. Actual: 500",
        "time" : {
          "start" : 1718159532997,
          "stop" : 1718159546547,
          "duration" : 13550
        }
      }, {
        "uid" : "f79c003f70751c2f",
        "reportUrl" : "https://Nat754.github.io/PulseWave/52//#testresult/f79c003f70751c2f",
        "status" : "skipped",
        "statusDetails" : "XFAIL\n\nAssertionError: Unexpected status code. Expected: 200. Actual: 500",
        "time" : {
          "start" : 1718073044858,
          "stop" : 1718073056204,
          "duration" : 11346
        }
      }, {
        "uid" : "fbdf0865a300517a",
        "reportUrl" : "https://Nat754.github.io/PulseWave/51//#testresult/fbdf0865a300517a",
        "status" : "skipped",
        "statusDetails" : "XFAIL\n\nAssertionError: Unexpected status code. Expected: 200. Actual: 500",
        "time" : {
          "start" : 1717986748611,
          "stop" : 1717986759129,
          "duration" : 10518
        }
      }, {
        "uid" : "75c11bb62bb72491",
        "reportUrl" : "https://Nat754.github.io/PulseWave/50//#testresult/75c11bb62bb72491",
        "status" : "skipped",
        "statusDetails" : "XFAIL\n\nAssertionError: Unexpected status code. Expected: 200. Actual: 500",
        "time" : {
          "start" : 1717900462417,
          "stop" : 1717900476441,
          "duration" : 14024
        }
      }, {
        "uid" : "8c5c4e772e5cca15",
        "reportUrl" : "https://Nat754.github.io/PulseWave/49//#testresult/8c5c4e772e5cca15",
        "status" : "skipped",
        "statusDetails" : "XFAIL\n\nAssertionError: Unexpected status code. Expected: 200. Actual: 500",
        "time" : {
          "start" : 1717813723066,
          "stop" : 1717813733900,
          "duration" : 10834
        }
      }, {
        "uid" : "9dd95bccb17fcef2",
        "reportUrl" : "https://Nat754.github.io/PulseWave/48//#testresult/9dd95bccb17fcef2",
        "status" : "skipped",
        "statusDetails" : "XFAIL\n\nAssertionError: Unexpected status code. Expected: 200. Actual: 500",
        "time" : {
          "start" : 1717727490810,
          "stop" : 1717727503097,
          "duration" : 12287
        }
      }, {
        "uid" : "5ef75d203a6597cf",
        "reportUrl" : "https://Nat754.github.io/PulseWave/47//#testresult/5ef75d203a6597cf",
        "status" : "skipped",
        "statusDetails" : "XFAIL\n\nAssertionError: Unexpected status code. Expected: 200. Actual: 500",
        "time" : {
          "start" : 1717640962153,
          "stop" : 1717640974691,
          "duration" : 12538
        }
      }, {
        "uid" : "357c922f1e1703ed",
        "reportUrl" : "https://Nat754.github.io/PulseWave/46//#testresult/357c922f1e1703ed",
        "status" : "skipped",
        "statusDetails" : "XFAIL\n\nAssertionError: Unexpected status code. Expected: 200. Actual: 500",
        "time" : {
          "start" : 1717554525377,
          "stop" : 1717554535393,
          "duration" : 10016
        }
      }, {
        "uid" : "2a9b1a9ddd77425f",
        "reportUrl" : "https://Nat754.github.io/PulseWave/45//#testresult/2a9b1a9ddd77425f",
        "status" : "skipped",
        "statusDetails" : "XFAIL\n\nAssertionError: Unexpected status code. Expected: 200. Actual: 500",
        "time" : {
          "start" : 1717468131753,
          "stop" : 1717468141800,
          "duration" : 10047
        }
      }, {
        "uid" : "b121beef0c1a8e57",
        "reportUrl" : "https://Nat754.github.io/PulseWave/44//#testresult/b121beef0c1a8e57",
        "status" : "skipped",
        "statusDetails" : "XFAIL\n\nAssertionError: Unexpected status code. Expected: 200. Actual: 500",
        "time" : {
          "start" : 1717381852945,
          "stop" : 1717381866956,
          "duration" : 14011
        }
      }, {
        "uid" : "78dd04ce24b5c2aa",
        "reportUrl" : "https://Nat754.github.io/PulseWave/43//#testresult/78dd04ce24b5c2aa",
        "status" : "skipped",
        "statusDetails" : "XFAIL\n\nAssertionError: Unexpected status code. Expected: 200. Actual: 500",
        "time" : {
          "start" : 1717295543037,
          "stop" : 1717295553182,
          "duration" : 10145
        }
      }, {
        "uid" : "d11f7bf4e0c93d84",
        "reportUrl" : "https://Nat754.github.io/PulseWave/42//#testresult/d11f7bf4e0c93d84",
        "status" : "skipped",
        "statusDetails" : "XFAIL\n\nAssertionError: Unexpected status code. Expected: 200. Actual: 500",
        "time" : {
          "start" : 1717209150232,
          "stop" : 1717209163126,
          "duration" : 12894
        }
      }, {
        "uid" : "ca5316801c3f14e9",
        "reportUrl" : "https://Nat754.github.io/PulseWave/41//#testresult/ca5316801c3f14e9",
        "status" : "skipped",
        "statusDetails" : "XFAIL\n\nAssertionError: Unexpected status code. Expected: 200. Actual: 500",
        "time" : {
          "start" : 1717122561342,
          "stop" : 1717122574563,
          "duration" : 13221
        }
      }, {
        "uid" : "cf9cd3bb5238342e",
        "reportUrl" : "https://Nat754.github.io/PulseWave/40//#testresult/cf9cd3bb5238342e",
        "status" : "skipped",
        "statusDetails" : "XFAIL\n\nAssertionError: Unexpected status code. Expected: 200. Actual: 500",
        "time" : {
          "start" : 1717036108284,
          "stop" : 1717036117964,
          "duration" : 9680
        }
      }, {
        "uid" : "898989a432bd7337",
        "reportUrl" : "https://Nat754.github.io/PulseWave/39//#testresult/898989a432bd7337",
        "status" : "skipped",
        "statusDetails" : "XFAIL\n\nAssertionError: Unexpected status code. Expected: 200. Actual: 500",
        "time" : {
          "start" : 1716949772713,
          "stop" : 1716949782635,
          "duration" : 9922
        }
      }, {
        "uid" : "cdc2950dc664df51",
        "reportUrl" : "https://Nat754.github.io/PulseWave/38//#testresult/cdc2950dc664df51",
        "status" : "skipped",
        "statusDetails" : "XFAIL\n\nAssertionError: Unexpected status code. Expected: 200. Actual: 500",
        "time" : {
          "start" : 1716863298106,
          "stop" : 1716863308858,
          "duration" : 10752
        }
      }, {
        "uid" : "ac8cd474a8235c8c",
        "reportUrl" : "https://Nat754.github.io/PulseWave/37//#testresult/ac8cd474a8235c8c",
        "status" : "skipped",
        "statusDetails" : "XFAIL\n\nAssertionError: Unexpected status code. Expected: 200. Actual: 500",
        "time" : {
          "start" : 1716776918631,
          "stop" : 1716776929683,
          "duration" : 11052
        }
      }, {
        "uid" : "f1bba242cbd1a275",
        "reportUrl" : "https://Nat754.github.io/PulseWave/36//#testresult/f1bba242cbd1a275",
        "status" : "skipped",
        "statusDetails" : "XFAIL\n\nAssertionError: Unexpected status code. Expected: 200. Actual: 500",
        "time" : {
          "start" : 1716690593784,
          "stop" : 1716690605186,
          "duration" : 11402
        }
      }, {
        "uid" : "63dd405fb4c4cb4f",
        "reportUrl" : "https://Nat754.github.io/PulseWave/34//#testresult/63dd405fb4c4cb4f",
        "status" : "skipped",
        "statusDetails" : "XFAIL\n\nAssertionError: Unexpected status code. Expected: 200. Actual: 500",
        "time" : {
          "start" : 1716638747796,
          "stop" : 1716638757967,
          "duration" : 10171
        }
      }, {
        "uid" : "41bcfc78fc636028",
        "reportUrl" : "https://Nat754.github.io/PulseWave/35//#testresult/41bcfc78fc636028",
        "status" : "skipped",
        "statusDetails" : "XFAIL\n\nAssertionError: Unexpected status code. Expected: 200. Actual: 500",
        "time" : {
          "start" : 1716603897331,
          "stop" : 1716603909154,
          "duration" : 11823
        }
      } ]
    },
    "tags" : [ "@pytest.mark.xfail" ]
  },
  "source" : "301c599df570a523.json",
  "parameterValues" : [ ]
}