{
  "uid" : "cc2d87623f8c19f7",
  "name" : "Проверка размера элемента 'Ваша безопасность и конфиденциальность для нас на первом месте!' на Главной странице",
  "fullName" : "tests.test_main_page.TestMainPage#test_get_body_first_safety_size",
  "historyId" : "e67bb1b0038a6ce725a0bcac8d14c9dc",
  "time" : {
    "start" : 1698868149959,
    "stop" : 1698868150037,
    "duration" : 78
  },
  "status" : "skipped",
  "statusMessage" : "XFAIL ОР шрифт 16, ФР шрифт 14\n\nAssertionError: Размер текста элемента 'Ваша безопасность и конфиденциальность для нас на первом месте!' не соответствует макету\nassert '14px' == '16px'\n  - 16px\n  ?  ^\n  + 14px\n  ?  ^",
  "statusTrace" : "self = <tests.test_main_page.TestMainPage object at 0x7f535596d3d0>\nmain_page_open = <pages.main_page.MainPage object at 0x7f5355b0ee50>\n\n    @pytest.mark.xfail(reason=\"ОР шрифт 16, ФР шрифт 14\")\n    @allure.title(f\"Проверка размера элемента '{FIRST_SAFETY}' на Главной странице\")\n    @pytest.mark.smoke\n    def test_get_body_first_safety_size(self, main_page_open):\n        element = main_page_open.get_body_first_safety()\n        size = element.value_of_css_property(\"font-size\")\n>       assert size == TEXT_SIZE, f\"Размер текста элемента '{FIRST_SAFETY}' не соответствует макету\"\nE       AssertionError: Размер текста элемента 'Ваша безопасность и конфиденциальность для нас на первом месте!' не соответствует макету\nE       assert '14px' == '16px'\nE         - 16px\nE         ?  ^\nE         + 14px\nE         ?  ^\n\ntests/test_main_page.py:197: AssertionError",
  "flaky" : false,
  "newFailed" : false,
  "beforeStages" : [ {
    "name" : "main_page_open",
    "time" : {
      "start" : 1698868149337,
      "stop" : 1698868149958,
      "duration" : 621
    },
    "status" : "passed",
    "steps" : [ {
      "name" : "Проверка видимости кнопки 'Принимаю все' в сообщении о принятии файлов cookie на Главной странице",
      "time" : {
        "start" : 1698868149843,
        "stop" : 1698868149908,
        "duration" : 65
      },
      "status" : "passed",
      "steps" : [ ],
      "attachments" : [ ],
      "parameters" : [ ],
      "stepsCount" : 0,
      "attachmentsCount" : 0,
      "shouldDisplayMessage" : false,
      "hasContent" : false
    } ],
    "attachments" : [ ],
    "parameters" : [ ],
    "stepsCount" : 1,
    "attachmentsCount" : 0,
    "shouldDisplayMessage" : false,
    "hasContent" : true
  }, {
    "name" : "_session_faker",
    "time" : {
      "start" : 1698868107015,
      "stop" : 1698868107098,
      "duration" : 83
    },
    "status" : "passed",
    "steps" : [ ],
    "attachments" : [ ],
    "parameters" : [ ],
    "stepsCount" : 0,
    "attachmentsCount" : 0,
    "shouldDisplayMessage" : false,
    "hasContent" : false
  }, {
    "name" : "clear_allure_results_folder",
    "time" : {
      "start" : 1698868107099,
      "stop" : 1698868107099,
      "duration" : 0
    },
    "status" : "passed",
    "steps" : [ ],
    "attachments" : [ ],
    "parameters" : [ ],
    "stepsCount" : 0,
    "attachmentsCount" : 0,
    "shouldDisplayMessage" : false,
    "hasContent" : false
  }, {
    "name" : "driver",
    "time" : {
      "start" : 1698868148573,
      "stop" : 1698868149337,
      "duration" : 764
    },
    "status" : "passed",
    "steps" : [ ],
    "attachments" : [ ],
    "parameters" : [ ],
    "stepsCount" : 0,
    "attachmentsCount" : 0,
    "shouldDisplayMessage" : false,
    "hasContent" : false
  } ],
  "testStage" : {
    "status" : "skipped",
    "statusMessage" : "XFAIL ОР шрифт 16, ФР шрифт 14\n\nAssertionError: Размер текста элемента 'Ваша безопасность и конфиденциальность для нас на первом месте!' не соответствует макету\nassert '14px' == '16px'\n  - 16px\n  ?  ^\n  + 14px\n  ?  ^",
    "statusTrace" : "self = <tests.test_main_page.TestMainPage object at 0x7f535596d3d0>\nmain_page_open = <pages.main_page.MainPage object at 0x7f5355b0ee50>\n\n    @pytest.mark.xfail(reason=\"ОР шрифт 16, ФР шрифт 14\")\n    @allure.title(f\"Проверка размера элемента '{FIRST_SAFETY}' на Главной странице\")\n    @pytest.mark.smoke\n    def test_get_body_first_safety_size(self, main_page_open):\n        element = main_page_open.get_body_first_safety()\n        size = element.value_of_css_property(\"font-size\")\n>       assert size == TEXT_SIZE, f\"Размер текста элемента '{FIRST_SAFETY}' не соответствует макету\"\nE       AssertionError: Размер текста элемента 'Ваша безопасность и конфиденциальность для нас на первом месте!' не соответствует макету\nE       assert '14px' == '16px'\nE         - 16px\nE         ?  ^\nE         + 14px\nE         ?  ^\n\ntests/test_main_page.py:197: AssertionError",
    "steps" : [ {
      "name" : "Проверка видимости надписи 'Ваша безопасность и конфиденциальность для нас на первом месте!' на Главной странице",
      "time" : {
        "start" : 1698868149959,
        "stop" : 1698868150026,
        "duration" : 67
      },
      "status" : "passed",
      "steps" : [ ],
      "attachments" : [ ],
      "parameters" : [ ],
      "stepsCount" : 0,
      "attachmentsCount" : 0,
      "shouldDisplayMessage" : false,
      "hasContent" : false
    } ],
    "attachments" : [ {
      "name" : "Screenshot",
      "type" : "image/png",
      "size" : 0
    } ],
    "parameters" : [ ],
    "stepsCount" : 1,
    "attachmentsCount" : 1,
    "shouldDisplayMessage" : true,
    "hasContent" : true
  },
  "afterStages" : [ {
    "name" : "driver::0",
    "time" : {
      "start" : 1698868150217,
      "stop" : 1698868150274,
      "duration" : 57
    },
    "status" : "passed",
    "steps" : [ ],
    "attachments" : [ ],
    "parameters" : [ ],
    "stepsCount" : 0,
    "attachmentsCount" : 0,
    "shouldDisplayMessage" : false,
    "hasContent" : false
  } ],
  "labels" : [ {
    "name" : "epic",
    "value" : "Тестирование Главной страницы"
  }, {
    "name" : "tag",
    "value" : "smoke"
  }, {
    "name" : "tag",
    "value" : "@pytest.mark.xfail(reason='ОР шрифт 16, ФР шрифт 14')"
  }, {
    "name" : "parentSuite",
    "value" : "tests"
  }, {
    "name" : "suite",
    "value" : "test_main_page"
  }, {
    "name" : "subSuite",
    "value" : "TestMainPage"
  }, {
    "name" : "host",
    "value" : "fv-az1131-744"
  }, {
    "name" : "thread",
    "value" : "2211-MainThread"
  }, {
    "name" : "framework",
    "value" : "pytest"
  }, {
    "name" : "language",
    "value" : "cpython3"
  }, {
    "name" : "package",
    "value" : "tests.test_main_page"
  }, {
    "name" : "resultFormat",
    "value" : "allure2"
  } ],
  "parameters" : [ ],
  "links" : [ ],
  "hidden" : false,
  "retry" : false,
  "extra" : {
    "severity" : "normal",
    "retries" : [ ],
    "categories" : [ ],
    "tags" : [ "@pytest.mark.xfail(reason='ОР шрифт 16, ФР шрифт 14')", "smoke" ]
  },
  "source" : "cc2d87623f8c19f7.json",
  "parameterValues" : [ ]
}