{
  "uid" : "529595716c050bdb",
  "name" : "POST Подтверждение сброса пароля. Когда пользователь переходит по ссылке     auth/password/reset/confirm/{uid}/{token}",
  "fullName" : "tests.test_api.test_api.TestAPI#test_post_auth_users_reset_password_confirm",
  "historyId" : "955584523e44b3e59bd87d6626c56c0c",
  "time" : {
    "start" : 1715394221732,
    "stop" : 1715394226853,
    "duration" : 5121
  },
  "status" : "skipped",
  "statusMessage" : "XFAIL\n\nAssertionError: Unexpected status code. Expected: 204. Actual: 500",
  "statusTrace" : "self = <tests.test_api.test_api.TestAPI object at 0x7f77793a61e0>\nuse_api_base = <api_testing.api_base.ApiBase object at 0x7f7778d46450>\n\n    @pytest.mark.xfail(reazon='Bug')\n    @allure.title(\"POST Подтверждение сброса пароля. Когда пользователь переходит по ссылке \\\n    auth/password/reset/confirm/{uid}/{token}\")\n    def test_post_auth_users_reset_password_confirm(self, use_api_base):\n        jwt = use_api_base.create_jwt(email2, password0)\n        page = ApiBase()\n        url = f'{self.constant.BASE_URL}auth/users/reset_password_confirm/'\n        response = requests.post(url, headers={'accept': 'application/json', 'Authorization': f\"{jwt}\"},\n                                 json=page.get_confirm_email_tokens(email2, password2) | {\n                                 \"new_password\": password3, \"re_new_password\": password3})\n>       Assertions.assert_status_code(response, self.code.STATUS_204)\n\ntests/test_api/test_api.py:666: \n_ _ _ _ _ _ _ _ _ _ _ _ _ _ _ _ _ _ _ _ _ _ _ _ _ _ _ _ _ _ _ _ _ _ _ _ _ _ _ _ \n\nresponse = <Response [500]>, expected_status_code = 204\n\n    @staticmethod\n    def assert_status_code(response: Response, expected_status_code: int):\n        actual_status_code = response.status_code\n        with allure.step(f\"Expected status {expected_status_code}\"):\n>           assert actual_status_code == expected_status_code, \\\n                f\"Unexpected status code. Expected: {expected_status_code}. Actual: {actual_status_code}\"\nE           AssertionError: Unexpected status code. Expected: 204. Actual: 500\n\napi_testing/assertions.py:11: AssertionError",
  "flaky" : false,
  "newFailed" : false,
  "beforeStages" : [ {
    "name" : "_session_faker",
    "time" : {
      "start" : 1715393894589,
      "stop" : 1715393894606,
      "duration" : 17
    },
    "status" : "passed",
    "steps" : [ ],
    "attachments" : [ ],
    "parameters" : [ ],
    "stepsCount" : 0,
    "attachmentsCount" : 0,
    "shouldDisplayMessage" : false,
    "hasContent" : false
  }, {
    "name" : "clear_allure_results_folder",
    "time" : {
      "start" : 1715393894606,
      "stop" : 1715393894606,
      "duration" : 0
    },
    "status" : "passed",
    "steps" : [ ],
    "attachments" : [ ],
    "parameters" : [ ],
    "stepsCount" : 0,
    "attachmentsCount" : 0,
    "shouldDisplayMessage" : false,
    "hasContent" : false
  }, {
    "name" : "use_api_base",
    "time" : {
      "start" : 1715394221731,
      "stop" : 1715394221731,
      "duration" : 0
    },
    "status" : "passed",
    "steps" : [ ],
    "attachments" : [ ],
    "parameters" : [ ],
    "stepsCount" : 0,
    "attachmentsCount" : 0,
    "shouldDisplayMessage" : false,
    "hasContent" : false
  } ],
  "testStage" : {
    "status" : "skipped",
    "statusMessage" : "XFAIL\n\nAssertionError: Unexpected status code. Expected: 204. Actual: 500",
    "statusTrace" : "self = <tests.test_api.test_api.TestAPI object at 0x7f77793a61e0>\nuse_api_base = <api_testing.api_base.ApiBase object at 0x7f7778d46450>\n\n    @pytest.mark.xfail(reazon='Bug')\n    @allure.title(\"POST Подтверждение сброса пароля. Когда пользователь переходит по ссылке \\\n    auth/password/reset/confirm/{uid}/{token}\")\n    def test_post_auth_users_reset_password_confirm(self, use_api_base):\n        jwt = use_api_base.create_jwt(email2, password0)\n        page = ApiBase()\n        url = f'{self.constant.BASE_URL}auth/users/reset_password_confirm/'\n        response = requests.post(url, headers={'accept': 'application/json', 'Authorization': f\"{jwt}\"},\n                                 json=page.get_confirm_email_tokens(email2, password2) | {\n                                 \"new_password\": password3, \"re_new_password\": password3})\n>       Assertions.assert_status_code(response, self.code.STATUS_204)\n\ntests/test_api/test_api.py:666: \n_ _ _ _ _ _ _ _ _ _ _ _ _ _ _ _ _ _ _ _ _ _ _ _ _ _ _ _ _ _ _ _ _ _ _ _ _ _ _ _ \n\nresponse = <Response [500]>, expected_status_code = 204\n\n    @staticmethod\n    def assert_status_code(response: Response, expected_status_code: int):\n        actual_status_code = response.status_code\n        with allure.step(f\"Expected status {expected_status_code}\"):\n>           assert actual_status_code == expected_status_code, \\\n                f\"Unexpected status code. Expected: {expected_status_code}. Actual: {actual_status_code}\"\nE           AssertionError: Unexpected status code. Expected: 204. Actual: 500\n\napi_testing/assertions.py:11: AssertionError",
    "steps" : [ {
      "name" : "Получить access токен пользователя на емайл",
      "time" : {
        "start" : 1715394221732,
        "stop" : 1715394223157,
        "duration" : 1425
      },
      "status" : "passed",
      "steps" : [ ],
      "attachments" : [ ],
      "parameters" : [ ],
      "stepsCount" : 0,
      "attachmentsCount" : 0,
      "shouldDisplayMessage" : false,
      "hasContent" : false
    }, {
      "name" : "Получить токен подтверждения пользователя на емайл",
      "time" : {
        "start" : 1715394223158,
        "stop" : 1715394225400,
        "duration" : 2242
      },
      "status" : "passed",
      "steps" : [ ],
      "attachments" : [ ],
      "parameters" : [ ],
      "stepsCount" : 0,
      "attachmentsCount" : 0,
      "shouldDisplayMessage" : false,
      "hasContent" : false
    }, {
      "name" : "Expected status 204",
      "time" : {
        "start" : 1715394226853,
        "stop" : 1715394226853,
        "duration" : 0
      },
      "status" : "failed",
      "statusMessage" : "AssertionError: Unexpected status code. Expected: 204. Actual: 500\n",
      "statusTrace" : "  File \"/home/runner/work/PulseWave/PulseWave/api_testing/assertions.py\", line 11, in assert_status_code\n    assert actual_status_code == expected_status_code, \\\n           ^^^^^^^^^^^^^^^^^^^^^^^^^^^^^^^^^^^^^^^^^^\n",
      "steps" : [ ],
      "attachments" : [ ],
      "parameters" : [ ],
      "stepsCount" : 0,
      "attachmentsCount" : 0,
      "shouldDisplayMessage" : true,
      "hasContent" : true
    } ],
    "attachments" : [ ],
    "parameters" : [ ],
    "stepsCount" : 3,
    "attachmentsCount" : 0,
    "shouldDisplayMessage" : true,
    "hasContent" : true
  },
  "afterStages" : [ ],
  "labels" : [ {
    "name" : "epic",
    "value" : "Тестирование API"
  }, {
    "name" : "tag",
    "value" : "@pytest.mark.xfail(reazon='Bug')"
  }, {
    "name" : "parentSuite",
    "value" : "tests.test_api"
  }, {
    "name" : "suite",
    "value" : "test_api"
  }, {
    "name" : "subSuite",
    "value" : "TestAPI"
  }, {
    "name" : "host",
    "value" : "fv-az770-937"
  }, {
    "name" : "thread",
    "value" : "2307-MainThread"
  }, {
    "name" : "framework",
    "value" : "pytest"
  }, {
    "name" : "language",
    "value" : "cpython3"
  }, {
    "name" : "package",
    "value" : "tests.test_api.test_api"
  }, {
    "name" : "resultFormat",
    "value" : "allure2"
  } ],
  "parameters" : [ ],
  "links" : [ ],
  "hidden" : false,
  "retry" : false,
  "extra" : {
    "severity" : "normal",
    "retries" : [ ],
    "categories" : [ ],
    "history" : {
      "statistic" : {
        "failed" : 0,
        "broken" : 0,
        "skipped" : 26,
        "passed" : 0,
        "unknown" : 0,
        "total" : 26
      },
      "items" : [ {
        "uid" : "85be562cf988191",
        "reportUrl" : "https://Nat754.github.io/PulseWave/20//#testresult/85be562cf988191",
        "status" : "skipped",
        "statusDetails" : "XFAIL\n\nAssertionError: Unexpected status code. Expected: 204. Actual: 400",
        "time" : {
          "start" : 1715308312291,
          "stop" : 1715308317636,
          "duration" : 5345
        }
      }, {
        "uid" : "406cd6949180fd34",
        "reportUrl" : "https://Nat754.github.io/PulseWave/19//#testresult/406cd6949180fd34",
        "status" : "skipped",
        "statusDetails" : "XFAIL\n\nAssertionError: Unexpected status code. Expected: 204. Actual: 500",
        "time" : {
          "start" : 1715221743660,
          "stop" : 1715221748562,
          "duration" : 4902
        }
      }, {
        "uid" : "9019b514524c9877",
        "reportUrl" : "https://Nat754.github.io/PulseWave/18//#testresult/9019b514524c9877",
        "status" : "skipped",
        "statusDetails" : "XFAIL\n\nAssertionError: Unexpected status code. Expected: 204. Actual: 400",
        "time" : {
          "start" : 1715134403666,
          "stop" : 1715134407760,
          "duration" : 4094
        }
      }, {
        "uid" : "a4d42ceae53ef916",
        "reportUrl" : "https://Nat754.github.io/PulseWave/17//#testresult/a4d42ceae53ef916",
        "status" : "skipped",
        "statusDetails" : "XFAIL\n\nAssertionError: Unexpected status code. Expected: 204. Actual: 400",
        "time" : {
          "start" : 1715049064507,
          "stop" : 1715049069285,
          "duration" : 4778
        }
      }, {
        "uid" : "4988a67b0c865d90",
        "reportUrl" : "https://Nat754.github.io/PulseWave/16//#testresult/4988a67b0c865d90",
        "status" : "skipped",
        "statusDetails" : "XFAIL\n\nAssertionError: Unexpected status code. Expected: 204. Actual: 400",
        "time" : {
          "start" : 1714962459143,
          "stop" : 1714962463609,
          "duration" : 4466
        }
      }, {
        "uid" : "32cba867c60a2c36",
        "reportUrl" : "https://Nat754.github.io/PulseWave/15//#testresult/32cba867c60a2c36",
        "status" : "skipped",
        "statusDetails" : "XFAIL\n\nAssertionError: Unexpected status code. Expected: 204. Actual: 400",
        "time" : {
          "start" : 1714876050944,
          "stop" : 1714876055735,
          "duration" : 4791
        }
      }, {
        "uid" : "1223b1b0d6f06e6d",
        "reportUrl" : "https://Nat754.github.io/PulseWave/14//#testresult/1223b1b0d6f06e6d",
        "status" : "skipped",
        "statusDetails" : "XFAIL\n\nAssertionError: Unexpected status code. Expected: 204. Actual: 400",
        "time" : {
          "start" : 1714827573560,
          "stop" : 1714827577090,
          "duration" : 3530
        }
      }, {
        "uid" : "b9c2bb59d912d8de",
        "reportUrl" : "https://Nat754.github.io/PulseWave/14//#testresult/b9c2bb59d912d8de",
        "status" : "skipped",
        "statusDetails" : "XFAIL\n\nKeyError: 'access'",
        "time" : {
          "start" : 1714789087275,
          "stop" : 1714789088018,
          "duration" : 743
        }
      }, {
        "uid" : "435fb9a59eb2fd26",
        "reportUrl" : "https://Nat754.github.io/PulseWave/13//#testresult/435fb9a59eb2fd26",
        "status" : "skipped",
        "statusDetails" : "XFAIL\n\nKeyError: 'access'",
        "time" : {
          "start" : 1714702944346,
          "stop" : 1714702944865,
          "duration" : 519
        }
      }, {
        "uid" : "6c90584ac96936ec",
        "reportUrl" : "https://Nat754.github.io/PulseWave/12//#testresult/6c90584ac96936ec",
        "status" : "skipped",
        "statusDetails" : "XFAIL\n\nKeyError: 'access'",
        "time" : {
          "start" : 1714616396833,
          "stop" : 1714616397442,
          "duration" : 609
        }
      }, {
        "uid" : "bca1d6a9f7632f00",
        "reportUrl" : "https://Nat754.github.io/PulseWave/11//#testresult/bca1d6a9f7632f00",
        "status" : "skipped",
        "statusDetails" : "XFAIL\n\nKeyError: 'access'",
        "time" : {
          "start" : 1714530331604,
          "stop" : 1714530332214,
          "duration" : 610
        }
      }, {
        "uid" : "abe87ad3e45a883a",
        "reportUrl" : "https://Nat754.github.io/PulseWave/10//#testresult/abe87ad3e45a883a",
        "status" : "skipped",
        "statusDetails" : "XFAIL\n\nrequests.exceptions.ConnectionError: HTTPSConnectionPool(host='owa.pulsewave.ru', port=443): Max retries exceeded with url: /auth/jwt/create/ (Caused by NewConnectionError('<urllib3.connection.HTTPSConnection object at 0x7f17c7dc41d0>: Failed to establish a new connection: [Errno 111] Connection refused'))",
        "time" : {
          "start" : 1714443512320,
          "stop" : 1714443512510,
          "duration" : 190
        }
      }, {
        "uid" : "fc1066221a7a9c56",
        "reportUrl" : "https://Nat754.github.io/PulseWave/9//#testresult/fc1066221a7a9c56",
        "status" : "skipped",
        "statusDetails" : "XFAIL\n\nrequests.exceptions.ConnectionError: HTTPSConnectionPool(host='owa.pulsewave.ru', port=443): Max retries exceeded with url: /auth/jwt/create/ (Caused by NewConnectionError('<urllib3.connection.HTTPSConnection object at 0x7f7971e098e0>: Failed to establish a new connection: [Errno 111] Connection refused'))",
        "time" : {
          "start" : 1714357186430,
          "stop" : 1714357186557,
          "duration" : 127
        }
      }, {
        "uid" : "b1ad9b10f09ac1e6",
        "reportUrl" : "https://Nat754.github.io/PulseWave/8//#testresult/b1ad9b10f09ac1e6",
        "status" : "skipped",
        "statusDetails" : "XFAIL\n\nrequests.exceptions.SSLError: HTTPSConnectionPool(host='owa.pulsewave.ru', port=443): Max retries exceeded with url: /auth/jwt/create/ (Caused by SSLError(SSLCertVerificationError(1, '[SSL: CERTIFICATE_VERIFY_FAILED] certificate verify failed: self-signed certificate (_ssl.c:1000)')))",
        "time" : {
          "start" : 1714270979349,
          "stop" : 1714270979666,
          "duration" : 317
        }
      }, {
        "uid" : "c0dd50f7b7661d64",
        "reportUrl" : "https://Nat754.github.io/PulseWave/7//#testresult/c0dd50f7b7661d64",
        "status" : "skipped",
        "statusDetails" : "XFAIL\n\nAssertionError: Unexpected status code. Expected: 204. Actual: 500",
        "time" : {
          "start" : 1714184638187,
          "stop" : 1714184644417,
          "duration" : 6230
        }
      }, {
        "uid" : "6f06926adefdd7cb",
        "reportUrl" : "https://Nat754.github.io/PulseWave/6//#testresult/6f06926adefdd7cb",
        "status" : "skipped",
        "statusDetails" : "XFAIL\n\nAssertionError: Unexpected status code. Expected: 204. Actual: 500",
        "time" : {
          "start" : 1714148157213,
          "stop" : 1714148162615,
          "duration" : 5402
        }
      }, {
        "uid" : "48060e372267f21",
        "reportUrl" : "https://Nat754.github.io/PulseWave/6//#testresult/48060e372267f21",
        "status" : "skipped",
        "statusDetails" : "XFAIL\n\nAssertionError: Unexpected status code. Expected: 204. Actual: 500",
        "time" : {
          "start" : 1714098216857,
          "stop" : 1714098222242,
          "duration" : 5385
        }
      }, {
        "uid" : "3970d433be420e1a",
        "reportUrl" : "https://Nat754.github.io/PulseWave/5//#testresult/3970d433be420e1a",
        "status" : "skipped",
        "statusDetails" : "XFAIL\n\nAssertionError: Unexpected status code. Expected: 204. Actual: 500",
        "time" : {
          "start" : 1714014131526,
          "stop" : 1714014136335,
          "duration" : 4809
        }
      }, {
        "uid" : "e93a8e2da5112224",
        "reportUrl" : "https://Nat754.github.io/PulseWave/211//#testresult/e93a8e2da5112224",
        "status" : "skipped",
        "statusDetails" : "XFAIL\n\nAssertionError: Unexpected status code. Expected: 204. Actual: 500",
        "time" : {
          "start" : 1713945597759,
          "stop" : 1713945603097,
          "duration" : 5338
        }
      }, {
        "uid" : "53a0b4f0d05a87c6",
        "reportUrl" : "https://Nat754.github.io/PulseWave/4//#testresult/53a0b4f0d05a87c6",
        "status" : "skipped",
        "statusDetails" : "XFAIL\n\nAssertionError: Unexpected status code. Expected: 204. Actual: 500",
        "time" : {
          "start" : 1713925397639,
          "stop" : 1713925403046,
          "duration" : 5407
        }
      } ]
    },
    "tags" : [ "@pytest.mark.xfail(reazon='Bug')" ]
  },
  "source" : "529595716c050bdb.json",
  "parameterValues" : [ ]
}