{
  "uid" : "9d87aa95db4205",
  "name" : "POST Запрос на смену почты",
  "fullName" : "tests.test_api.test_api.TestAPI#test_post_auth_change_email",
  "historyId" : "b05e07f6bb5e624e3a2d1bcc8ca2be0d",
  "time" : {
    "start" : 1715394193277,
    "stop" : 1715394205811,
    "duration" : 12534
  },
  "status" : "failed",
  "statusMessage" : "AssertionError: Unexpected status code. Expected: 204. Actual: 400",
  "statusTrace" : "self = <tests.test_api.test_api.TestAPI object at 0x7f77793a4110>\nuse_api_base = <api_testing.api_base.ApiBase object at 0x7f7778d4aea0>\n\n    @allure.title(\"POST Запрос на смену почты\")\n    def test_post_auth_change_email(self, use_api_base):\n        jwt = use_api_base.create_jwt(email1, password0)\n        url = f'{self.constant.BASE_URL}auth/change_email/'\n        response = requests.post(url, headers={'accept': 'application/json', 'Authorization': f\"{jwt}\"},\n                                 json=self.constant.NEW_EMAIL)\n        time.sleep(10)\n>       Assertions.assert_status_code(response, self.code.STATUS_204)\n\ntests/test_api/test_api.py:636: \n_ _ _ _ _ _ _ _ _ _ _ _ _ _ _ _ _ _ _ _ _ _ _ _ _ _ _ _ _ _ _ _ _ _ _ _ _ _ _ _ \n\nresponse = <Response [400]>, expected_status_code = 204\n\n    @staticmethod\n    def assert_status_code(response: Response, expected_status_code: int):\n        actual_status_code = response.status_code\n        with allure.step(f\"Expected status {expected_status_code}\"):\n>           assert actual_status_code == expected_status_code, \\\n                f\"Unexpected status code. Expected: {expected_status_code}. Actual: {actual_status_code}\"\nE           AssertionError: Unexpected status code. Expected: 204. Actual: 400\n\napi_testing/assertions.py:11: AssertionError",
  "flaky" : true,
  "newFailed" : true,
  "beforeStages" : [ {
    "name" : "_session_faker",
    "time" : {
      "start" : 1715393894589,
      "stop" : 1715393894606,
      "duration" : 17
    },
    "status" : "passed",
    "steps" : [ ],
    "attachments" : [ ],
    "parameters" : [ ],
    "stepsCount" : 0,
    "attachmentsCount" : 0,
    "shouldDisplayMessage" : false,
    "hasContent" : false
  }, {
    "name" : "clear_allure_results_folder",
    "time" : {
      "start" : 1715393894606,
      "stop" : 1715393894606,
      "duration" : 0
    },
    "status" : "passed",
    "steps" : [ ],
    "attachments" : [ ],
    "parameters" : [ ],
    "stepsCount" : 0,
    "attachmentsCount" : 0,
    "shouldDisplayMessage" : false,
    "hasContent" : false
  }, {
    "name" : "use_api_base",
    "time" : {
      "start" : 1715394193276,
      "stop" : 1715394193276,
      "duration" : 0
    },
    "status" : "passed",
    "steps" : [ ],
    "attachments" : [ ],
    "parameters" : [ ],
    "stepsCount" : 0,
    "attachmentsCount" : 0,
    "shouldDisplayMessage" : false,
    "hasContent" : false
  } ],
  "testStage" : {
    "status" : "failed",
    "statusMessage" : "AssertionError: Unexpected status code. Expected: 204. Actual: 400",
    "statusTrace" : "self = <tests.test_api.test_api.TestAPI object at 0x7f77793a4110>\nuse_api_base = <api_testing.api_base.ApiBase object at 0x7f7778d4aea0>\n\n    @allure.title(\"POST Запрос на смену почты\")\n    def test_post_auth_change_email(self, use_api_base):\n        jwt = use_api_base.create_jwt(email1, password0)\n        url = f'{self.constant.BASE_URL}auth/change_email/'\n        response = requests.post(url, headers={'accept': 'application/json', 'Authorization': f\"{jwt}\"},\n                                 json=self.constant.NEW_EMAIL)\n        time.sleep(10)\n>       Assertions.assert_status_code(response, self.code.STATUS_204)\n\ntests/test_api/test_api.py:636: \n_ _ _ _ _ _ _ _ _ _ _ _ _ _ _ _ _ _ _ _ _ _ _ _ _ _ _ _ _ _ _ _ _ _ _ _ _ _ _ _ \n\nresponse = <Response [400]>, expected_status_code = 204\n\n    @staticmethod\n    def assert_status_code(response: Response, expected_status_code: int):\n        actual_status_code = response.status_code\n        with allure.step(f\"Expected status {expected_status_code}\"):\n>           assert actual_status_code == expected_status_code, \\\n                f\"Unexpected status code. Expected: {expected_status_code}. Actual: {actual_status_code}\"\nE           AssertionError: Unexpected status code. Expected: 204. Actual: 400\n\napi_testing/assertions.py:11: AssertionError",
    "steps" : [ {
      "name" : "Получить access токен пользователя на емайл",
      "time" : {
        "start" : 1715394193277,
        "stop" : 1715394194580,
        "duration" : 1303
      },
      "status" : "passed",
      "steps" : [ ],
      "attachments" : [ ],
      "parameters" : [ ],
      "stepsCount" : 0,
      "attachmentsCount" : 0,
      "shouldDisplayMessage" : false,
      "hasContent" : false
    }, {
      "name" : "Expected status 204",
      "time" : {
        "start" : 1715394205811,
        "stop" : 1715394205811,
        "duration" : 0
      },
      "status" : "failed",
      "statusMessage" : "AssertionError: Unexpected status code. Expected: 204. Actual: 400\n",
      "statusTrace" : "  File \"/home/runner/work/PulseWave/PulseWave/api_testing/assertions.py\", line 11, in assert_status_code\n    assert actual_status_code == expected_status_code, \\\n           ^^^^^^^^^^^^^^^^^^^^^^^^^^^^^^^^^^^^^^^^^^\n",
      "steps" : [ ],
      "attachments" : [ ],
      "parameters" : [ ],
      "stepsCount" : 0,
      "attachmentsCount" : 0,
      "shouldDisplayMessage" : true,
      "hasContent" : true
    } ],
    "attachments" : [ ],
    "parameters" : [ ],
    "stepsCount" : 2,
    "attachmentsCount" : 0,
    "shouldDisplayMessage" : true,
    "hasContent" : true
  },
  "afterStages" : [ ],
  "labels" : [ {
    "name" : "epic",
    "value" : "Тестирование API"
  }, {
    "name" : "parentSuite",
    "value" : "tests.test_api"
  }, {
    "name" : "suite",
    "value" : "test_api"
  }, {
    "name" : "subSuite",
    "value" : "TestAPI"
  }, {
    "name" : "host",
    "value" : "fv-az770-937"
  }, {
    "name" : "thread",
    "value" : "2307-MainThread"
  }, {
    "name" : "framework",
    "value" : "pytest"
  }, {
    "name" : "language",
    "value" : "cpython3"
  }, {
    "name" : "package",
    "value" : "tests.test_api.test_api"
  }, {
    "name" : "resultFormat",
    "value" : "allure2"
  } ],
  "parameters" : [ ],
  "links" : [ ],
  "hidden" : false,
  "retry" : false,
  "extra" : {
    "severity" : "normal",
    "retries" : [ ],
    "categories" : [ {
      "name" : "Product defects",
      "matchedStatuses" : [ ],
      "flaky" : false
    } ],
    "history" : {
      "statistic" : {
        "failed" : 7,
        "broken" : 7,
        "skipped" : 0,
        "passed" : 12,
        "unknown" : 0,
        "total" : 26
      },
      "items" : [ {
        "uid" : "d94088450c3480ac",
        "reportUrl" : "https://Nat754.github.io/PulseWave/20//#testresult/d94088450c3480ac",
        "status" : "passed",
        "time" : {
          "start" : 1715308281103,
          "stop" : 1715308294426,
          "duration" : 13323
        }
      }, {
        "uid" : "69257b49007bf646",
        "reportUrl" : "https://Nat754.github.io/PulseWave/19//#testresult/69257b49007bf646",
        "status" : "failed",
        "statusDetails" : "AssertionError: Unexpected status code. Expected: 204. Actual: 400",
        "time" : {
          "start" : 1715221714996,
          "stop" : 1715221727793,
          "duration" : 12797
        }
      }, {
        "uid" : "4449b79b586a4eda",
        "reportUrl" : "https://Nat754.github.io/PulseWave/18//#testresult/4449b79b586a4eda",
        "status" : "failed",
        "statusDetails" : "AssertionError: Unexpected status code. Expected: 204. Actual: 400",
        "time" : {
          "start" : 1715134375572,
          "stop" : 1715134388000,
          "duration" : 12428
        }
      }, {
        "uid" : "bf15ef580def6364",
        "reportUrl" : "https://Nat754.github.io/PulseWave/17//#testresult/bf15ef580def6364",
        "status" : "failed",
        "statusDetails" : "AssertionError: Unexpected status code. Expected: 204. Actual: 400",
        "time" : {
          "start" : 1715049036710,
          "stop" : 1715049049048,
          "duration" : 12338
        }
      }, {
        "uid" : "6ef4f094764b1d8c",
        "reportUrl" : "https://Nat754.github.io/PulseWave/16//#testresult/6ef4f094764b1d8c",
        "status" : "failed",
        "statusDetails" : "AssertionError: Unexpected status code. Expected: 204. Actual: 400",
        "time" : {
          "start" : 1714962431086,
          "stop" : 1714962443650,
          "duration" : 12564
        }
      }, {
        "uid" : "6986b9ebaad3b458",
        "reportUrl" : "https://Nat754.github.io/PulseWave/15//#testresult/6986b9ebaad3b458",
        "status" : "failed",
        "statusDetails" : "AssertionError: Unexpected status code. Expected: 204. Actual: 400",
        "time" : {
          "start" : 1714876020618,
          "stop" : 1714876033832,
          "duration" : 13214
        }
      }, {
        "uid" : "3bb14282122ebad3",
        "reportUrl" : "https://Nat754.github.io/PulseWave/14//#testresult/3bb14282122ebad3",
        "status" : "failed",
        "statusDetails" : "AssertionError: Unexpected status code. Expected: 204. Actual: 400",
        "time" : {
          "start" : 1714827545437,
          "stop" : 1714827558024,
          "duration" : 12587
        }
      }, {
        "uid" : "27863dca3a5a36f5",
        "reportUrl" : "https://Nat754.github.io/PulseWave/14//#testresult/27863dca3a5a36f5",
        "status" : "broken",
        "statusDetails" : "KeyError: 'access'",
        "time" : {
          "start" : 1714789083669,
          "stop" : 1714789085170,
          "duration" : 1501
        }
      }, {
        "uid" : "13407dc1ae07c924",
        "reportUrl" : "https://Nat754.github.io/PulseWave/13//#testresult/13407dc1ae07c924",
        "status" : "broken",
        "statusDetails" : "KeyError: 'access'",
        "time" : {
          "start" : 1714702941257,
          "stop" : 1714702942379,
          "duration" : 1122
        }
      }, {
        "uid" : "f03b45d5ff491093",
        "reportUrl" : "https://Nat754.github.io/PulseWave/12//#testresult/f03b45d5ff491093",
        "status" : "broken",
        "statusDetails" : "KeyError: 'access'",
        "time" : {
          "start" : 1714616393749,
          "stop" : 1714616394948,
          "duration" : 1199
        }
      }, {
        "uid" : "54012b110339e7c0",
        "reportUrl" : "https://Nat754.github.io/PulseWave/11//#testresult/54012b110339e7c0",
        "status" : "broken",
        "statusDetails" : "KeyError: 'access'",
        "time" : {
          "start" : 1714530328237,
          "stop" : 1714530329591,
          "duration" : 1354
        }
      }, {
        "uid" : "76379376eb474216",
        "reportUrl" : "https://Nat754.github.io/PulseWave/10//#testresult/76379376eb474216",
        "status" : "broken",
        "statusDetails" : "requests.exceptions.ConnectionError: HTTPSConnectionPool(host='owa.pulsewave.ru', port=443): Max retries exceeded with url: /auth/jwt/create/ (Caused by NewConnectionError('<urllib3.connection.HTTPSConnection object at 0x7f17c7bdc170>: Failed to establish a new connection: [Errno 111] Connection refused'))",
        "time" : {
          "start" : 1714443511356,
          "stop" : 1714443511547,
          "duration" : 191
        }
      }, {
        "uid" : "ed6904b78a7495f6",
        "reportUrl" : "https://Nat754.github.io/PulseWave/9//#testresult/ed6904b78a7495f6",
        "status" : "broken",
        "statusDetails" : "requests.exceptions.ConnectionError: HTTPSConnectionPool(host='owa.pulsewave.ru', port=443): Max retries exceeded with url: /auth/jwt/create/ (Caused by NewConnectionError('<urllib3.connection.HTTPSConnection object at 0x7f7971c1caa0>: Failed to establish a new connection: [Errno 111] Connection refused'))",
        "time" : {
          "start" : 1714357185676,
          "stop" : 1714357185801,
          "duration" : 125
        }
      }, {
        "uid" : "bd2863f1098f77ea",
        "reportUrl" : "https://Nat754.github.io/PulseWave/8//#testresult/bd2863f1098f77ea",
        "status" : "broken",
        "statusDetails" : "requests.exceptions.SSLError: HTTPSConnectionPool(host='owa.pulsewave.ru', port=443): Max retries exceeded with url: /auth/jwt/create/ (Caused by SSLError(SSLCertVerificationError(1, '[SSL: CERTIFICATE_VERIFY_FAILED] certificate verify failed: self-signed certificate (_ssl.c:1000)')))",
        "time" : {
          "start" : 1714270977921,
          "stop" : 1714270978250,
          "duration" : 329
        }
      }, {
        "uid" : "136ee6145b69ab32",
        "reportUrl" : "https://Nat754.github.io/PulseWave/7//#testresult/136ee6145b69ab32",
        "status" : "passed",
        "time" : {
          "start" : 1714184605758,
          "stop" : 1714184619161,
          "duration" : 13403
        }
      }, {
        "uid" : "c604f6470bfd7bb9",
        "reportUrl" : "https://Nat754.github.io/PulseWave/6//#testresult/c604f6470bfd7bb9",
        "status" : "passed",
        "time" : {
          "start" : 1714148127123,
          "stop" : 1714148140064,
          "duration" : 12941
        }
      }, {
        "uid" : "b6f72de4d38041aa",
        "reportUrl" : "https://Nat754.github.io/PulseWave/6//#testresult/b6f72de4d38041aa",
        "status" : "passed",
        "time" : {
          "start" : 1714098186632,
          "stop" : 1714098199745,
          "duration" : 13113
        }
      }, {
        "uid" : "539a796899fa32bd",
        "reportUrl" : "https://Nat754.github.io/PulseWave/5//#testresult/539a796899fa32bd",
        "status" : "passed",
        "time" : {
          "start" : 1714014101957,
          "stop" : 1714014114852,
          "duration" : 12895
        }
      }, {
        "uid" : "db3d9beb758a4bce",
        "reportUrl" : "https://Nat754.github.io/PulseWave/211//#testresult/db3d9beb758a4bce",
        "status" : "passed",
        "time" : {
          "start" : 1713945567646,
          "stop" : 1713945581454,
          "duration" : 13808
        }
      }, {
        "uid" : "e22f446f152bdfbe",
        "reportUrl" : "https://Nat754.github.io/PulseWave/4//#testresult/e22f446f152bdfbe",
        "status" : "passed",
        "time" : {
          "start" : 1713925368249,
          "stop" : 1713925381264,
          "duration" : 13015
        }
      } ]
    },
    "tags" : [ ]
  },
  "source" : "9d87aa95db4205.json",
  "parameterValues" : [ ]
}