{
  "uid" : "9a39ea133aa12133",
  "name" : "POST Регистрация пользователя без подтверждения подписки",
  "fullName" : "tests.test_api.test_api.TestAPI#test_post_create_user_no_subscriber",
  "historyId" : "65cde6c273276871256fcbcd8d2a7b23",
  "time" : {
    "start" : 1702502254681,
    "stop" : 1702502260271,
    "duration" : 5590
  },
  "status" : "failed",
  "statusMessage" : "AssertionError: Expected status 201, actual status 400\nassert 400 == 201\n +  where 400 = <Response [400]>.status_code\n +  and   201 = <tests.test_api.api_constant.StatusCode object at 0x7fced4aff4d0>.STATUS_201\n +    where <tests.test_api.api_constant.StatusCode object at 0x7fced4aff4d0> = <tests.test_api.test_api.TestAPI object at 0x7fced39f3110>.code",
  "statusTrace" : "self = <tests.test_api.test_api.TestAPI object at 0x7fced39f3110>\nuse_api_page = <pages.api_page.ApiPage object at 0x7fced2afddd0>\n\n    @allure.title(\"POST Регистрация пользователя без подтверждения подписки\")\n    def test_post_create_user_no_subscriber(self, use_api_page):\n        url = f'{self.constant.BASE_URL}auth/users/'\n        response = requests.post(url, json=self.constant.CREATE_USER_NO_SUBSCRIBER)\n        time.sleep(5)\n        with allure.step(f\"Expected status {self.code.STATUS_201}\"):\n>           assert response.status_code == self.code.STATUS_201, \\\n                f\"Expected status {self.code.STATUS_201}, actual status {response.status_code}\"\nE           AssertionError: Expected status 201, actual status 400\nE           assert 400 == 201\nE            +  where 400 = <Response [400]>.status_code\nE            +  and   201 = <tests.test_api.api_constant.StatusCode object at 0x7fced4aff4d0>.STATUS_201\nE            +    where <tests.test_api.api_constant.StatusCode object at 0x7fced4aff4d0> = <tests.test_api.test_api.TestAPI object at 0x7fced39f3110>.code\n\ntests/test_api/test_api.py:281: AssertionError",
  "flaky" : false,
  "newFailed" : false,
  "beforeStages" : [ {
    "name" : "use_api_page",
    "time" : {
      "start" : 1702502254680,
      "stop" : 1702502254680,
      "duration" : 0
    },
    "status" : "passed",
    "steps" : [ ],
    "attachments" : [ ],
    "parameters" : [ ],
    "stepsCount" : 0,
    "attachmentsCount" : 0,
    "shouldDisplayMessage" : false,
    "hasContent" : false
  }, {
    "name" : "_session_faker",
    "time" : {
      "start" : 1702502203028,
      "stop" : 1702502203098,
      "duration" : 70
    },
    "status" : "passed",
    "steps" : [ ],
    "attachments" : [ ],
    "parameters" : [ ],
    "stepsCount" : 0,
    "attachmentsCount" : 0,
    "shouldDisplayMessage" : false,
    "hasContent" : false
  }, {
    "name" : "clear_allure_results_folder",
    "time" : {
      "start" : 1702502203098,
      "stop" : 1702502203098,
      "duration" : 0
    },
    "status" : "passed",
    "steps" : [ ],
    "attachments" : [ ],
    "parameters" : [ ],
    "stepsCount" : 0,
    "attachmentsCount" : 0,
    "shouldDisplayMessage" : false,
    "hasContent" : false
  } ],
  "testStage" : {
    "status" : "failed",
    "statusMessage" : "AssertionError: Expected status 201, actual status 400\nassert 400 == 201\n +  where 400 = <Response [400]>.status_code\n +  and   201 = <tests.test_api.api_constant.StatusCode object at 0x7fced4aff4d0>.STATUS_201\n +    where <tests.test_api.api_constant.StatusCode object at 0x7fced4aff4d0> = <tests.test_api.test_api.TestAPI object at 0x7fced39f3110>.code",
    "statusTrace" : "self = <tests.test_api.test_api.TestAPI object at 0x7fced39f3110>\nuse_api_page = <pages.api_page.ApiPage object at 0x7fced2afddd0>\n\n    @allure.title(\"POST Регистрация пользователя без подтверждения подписки\")\n    def test_post_create_user_no_subscriber(self, use_api_page):\n        url = f'{self.constant.BASE_URL}auth/users/'\n        response = requests.post(url, json=self.constant.CREATE_USER_NO_SUBSCRIBER)\n        time.sleep(5)\n        with allure.step(f\"Expected status {self.code.STATUS_201}\"):\n>           assert response.status_code == self.code.STATUS_201, \\\n                f\"Expected status {self.code.STATUS_201}, actual status {response.status_code}\"\nE           AssertionError: Expected status 201, actual status 400\nE           assert 400 == 201\nE            +  where 400 = <Response [400]>.status_code\nE            +  and   201 = <tests.test_api.api_constant.StatusCode object at 0x7fced4aff4d0>.STATUS_201\nE            +    where <tests.test_api.api_constant.StatusCode object at 0x7fced4aff4d0> = <tests.test_api.test_api.TestAPI object at 0x7fced39f3110>.code\n\ntests/test_api/test_api.py:281: AssertionError",
    "steps" : [ {
      "name" : "Expected status 201",
      "time" : {
        "start" : 1702502260271,
        "stop" : 1702502260271,
        "duration" : 0
      },
      "status" : "failed",
      "statusMessage" : "AssertionError: Expected status 201, actual status 400\nassert 400 == 201\n +  where 400 = <Response [400]>.status_code\n +  and   201 = <tests.test_api.api_constant.StatusCode object at 0x7fced4aff4d0>.STATUS_201\n +    where <tests.test_api.api_constant.StatusCode object at 0x7fced4aff4d0> = <tests.test_api.test_api.TestAPI object at 0x7fced39f3110>.code\n",
      "statusTrace" : "  File \"/home/runner/work/PulseWave/PulseWave/tests/test_api/test_api.py\", line 281, in test_post_create_user_no_subscriber\n    assert response.status_code == self.code.STATUS_201, \\\n",
      "steps" : [ ],
      "attachments" : [ ],
      "parameters" : [ ],
      "stepsCount" : 0,
      "attachmentsCount" : 0,
      "shouldDisplayMessage" : true,
      "hasContent" : true
    } ],
    "attachments" : [ ],
    "parameters" : [ ],
    "stepsCount" : 1,
    "attachmentsCount" : 0,
    "shouldDisplayMessage" : true,
    "hasContent" : true
  },
  "afterStages" : [ ],
  "labels" : [ {
    "name" : "epic",
    "value" : "Тестирование API"
  }, {
    "name" : "parentSuite",
    "value" : "tests.test_api"
  }, {
    "name" : "suite",
    "value" : "test_api"
  }, {
    "name" : "subSuite",
    "value" : "TestAPI"
  }, {
    "name" : "host",
    "value" : "fv-az568-53"
  }, {
    "name" : "thread",
    "value" : "2423-MainThread"
  }, {
    "name" : "framework",
    "value" : "pytest"
  }, {
    "name" : "language",
    "value" : "cpython3"
  }, {
    "name" : "package",
    "value" : "tests.test_api.test_api"
  }, {
    "name" : "resultFormat",
    "value" : "allure2"
  } ],
  "parameters" : [ ],
  "links" : [ ],
  "hidden" : false,
  "retry" : false,
  "extra" : {
    "severity" : "normal",
    "retries" : [ ],
    "categories" : [ {
      "name" : "Product defects",
      "matchedStatuses" : [ ],
      "flaky" : false
    } ],
    "tags" : [ ]
  },
  "source" : "9a39ea133aa12133.json",
  "parameterValues" : [ ]
}