{
  "uid" : "4964f07076e7df86",
  "name" : "H.5 Проверка перехода на страницу 'https://app.dev.pulsewave.ru/auth/login' по кнопке 'Войти'",
  "fullName" : "tests.ui_tests.header_test.TestHeader#test_get_header_auth_login",
  "historyId" : "43aef48364c559291792cce422aea6b1",
  "time" : {
    "start" : 1758426372140,
    "stop" : 1758426372735,
    "duration" : 595
  },
  "status" : "failed",
  "statusMessage" : "AssertionError: Произошел переход на страницу 'https://app.dev.pulsewave.ru/auth/login?email='\nassert 'https://app..../login?email=' == 'https://app....ru/auth/login'\n  \n  - https://app.dev.pulsewave.ru/auth/login\n  + https://app.dev.pulsewave.ru/auth/login?email=\n  ?                                        +++++++",
  "statusTrace" : "self = <tests.ui_tests.header_test.TestHeader object at 0x7fd3ef3b4b30>\nheader_open = <pages.header.HeaderPage object at 0x7fd3ef3dd130>\ndriver = <selenium.webdriver.chrome.webdriver.WebDriver (session=\"d6a25a2912c6d98411777723d3915f43\")>\nurl = 'https://app.dev.pulsewave.ru/auth/password?email='\n\n    @pytest.mark.smoke\n    @pytest.mark.parametrize('url', [link.SIGNUP_PAGE, link.PASSWORD_RECOVERY])\n    @allure.title(f\"H.5 Проверка перехода на страницу '{link.LOGIN_PAGE}' по кнопке '{const.TEXT_LOGIN}'\")\n    def test_get_header_auth_login(self, header_open, driver, url):\n        link = driver.current_url\n        header_open.get_header_auth_login().click()\n        header_open.wait_changed_url(link)\n        with allure.step(f\"Произошел переход на страницу '{self.link.LOGIN_PAGE}'\"):\n>           assert driver.current_url == self.link.LOGIN_PAGE, f\"Произошел переход на страницу '{driver.current_url}'\"\nE           AssertionError: Произошел переход на страницу 'https://app.dev.pulsewave.ru/auth/login?email='\nE           assert 'https://app..../login?email=' == 'https://app....ru/auth/login'\nE             \nE             - https://app.dev.pulsewave.ru/auth/login\nE             + https://app.dev.pulsewave.ru/auth/login?email=\nE             ?                                        +++++++\n\ntests/ui_tests/header_test.py:47: AssertionError",
  "flaky" : false,
  "newFailed" : false,
  "beforeStages" : [ {
    "name" : "header_open",
    "time" : {
      "start" : 1758426368055,
      "stop" : 1758426372140,
      "duration" : 4085
    },
    "status" : "passed",
    "steps" : [ {
      "name" : "Открыть страницу 'https://app.dev.pulsewave.ru/auth/password?email='",
      "time" : {
        "start" : 1758426368055,
        "stop" : 1758426372140,
        "duration" : 4085
      },
      "status" : "passed",
      "steps" : [ {
        "name" : "Согласиться с использованием файлов cookies, если высветилось окно",
        "time" : {
          "start" : 1758426372044,
          "stop" : 1758426372140,
          "duration" : 96
        },
        "status" : "passed",
        "steps" : [ {
          "name" : "Получить кнопку 'Принимаю всё' в сообщении о принятии файлов cookie на Главной странице",
          "time" : {
            "start" : 1758426372044,
            "stop" : 1758426372075,
            "duration" : 31
          },
          "status" : "passed",
          "steps" : [ {
            "name" : "Проверить видимость элемента",
            "time" : {
              "start" : 1758426372044,
              "stop" : 1758426372075,
              "duration" : 31
            },
            "status" : "passed",
            "steps" : [ {
              "name" : "Проверить присутствие элемента в DOM",
              "time" : {
                "start" : 1758426372045,
                "stop" : 1758426372056,
                "duration" : 11
              },
              "status" : "passed",
              "steps" : [ ],
              "attachments" : [ ],
              "parameters" : [ {
                "name" : "locator",
                "value" : "('class name', 'btn-cookies')"
              } ],
              "stepsCount" : 0,
              "attachmentsCount" : 0,
              "shouldDisplayMessage" : false,
              "hasContent" : true
            }, {
              "name" : "Проскролить до элемента",
              "time" : {
                "start" : 1758426372056,
                "stop" : 1758426372060,
                "duration" : 4
              },
              "status" : "passed",
              "steps" : [ ],
              "attachments" : [ ],
              "parameters" : [ {
                "name" : "element",
                "value" : "<selenium.webdriver.remote.webelement.WebElement (session=\"d6a25a2912c6d98411777723d3915f43\", element=\"f.A50C630541219A550B4FFD96960B84EC.d.166B847A826AC440D64B9DB6364ACAF8.e.9\")>"
              } ],
              "stepsCount" : 0,
              "attachmentsCount" : 0,
              "shouldDisplayMessage" : false,
              "hasContent" : true
            } ],
            "attachments" : [ ],
            "parameters" : [ {
              "name" : "locator",
              "value" : "('class name', 'btn-cookies')"
            } ],
            "stepsCount" : 2,
            "attachmentsCount" : 0,
            "shouldDisplayMessage" : false,
            "hasContent" : true
          } ],
          "attachments" : [ ],
          "parameters" : [ ],
          "stepsCount" : 3,
          "attachmentsCount" : 0,
          "shouldDisplayMessage" : false,
          "hasContent" : true
        } ],
        "attachments" : [ ],
        "parameters" : [ {
          "name" : "driver",
          "value" : "<selenium.webdriver.chrome.webdriver.WebDriver (session=\"d6a25a2912c6d98411777723d3915f43\")>"
        } ],
        "stepsCount" : 4,
        "attachmentsCount" : 0,
        "shouldDisplayMessage" : false,
        "hasContent" : true
      } ],
      "attachments" : [ ],
      "parameters" : [ ],
      "stepsCount" : 5,
      "attachmentsCount" : 0,
      "shouldDisplayMessage" : false,
      "hasContent" : true
    } ],
    "attachments" : [ ],
    "parameters" : [ ],
    "stepsCount" : 6,
    "attachmentsCount" : 0,
    "shouldDisplayMessage" : false,
    "hasContent" : true
  }, {
    "name" : "driver",
    "time" : {
      "start" : 1758426367783,
      "stop" : 1758426368054,
      "duration" : 271
    },
    "status" : "passed",
    "steps" : [ ],
    "attachments" : [ ],
    "parameters" : [ ],
    "stepsCount" : 0,
    "attachmentsCount" : 0,
    "shouldDisplayMessage" : false,
    "hasContent" : false
  }, {
    "name" : "clear_allure_result_folder",
    "time" : {
      "start" : 1758425763099,
      "stop" : 1758425763099,
      "duration" : 0
    },
    "status" : "passed",
    "steps" : [ ],
    "attachments" : [ ],
    "parameters" : [ ],
    "stepsCount" : 0,
    "attachmentsCount" : 0,
    "shouldDisplayMessage" : false,
    "hasContent" : false
  }, {
    "name" : "_session_faker",
    "time" : {
      "start" : 1758425763084,
      "stop" : 1758425763098,
      "duration" : 14
    },
    "status" : "passed",
    "steps" : [ ],
    "attachments" : [ ],
    "parameters" : [ ],
    "stepsCount" : 0,
    "attachmentsCount" : 0,
    "shouldDisplayMessage" : false,
    "hasContent" : false
  } ],
  "testStage" : {
    "status" : "failed",
    "statusMessage" : "AssertionError: Произошел переход на страницу 'https://app.dev.pulsewave.ru/auth/login?email='\nassert 'https://app..../login?email=' == 'https://app....ru/auth/login'\n  \n  - https://app.dev.pulsewave.ru/auth/login\n  + https://app.dev.pulsewave.ru/auth/login?email=\n  ?                                        +++++++",
    "statusTrace" : "self = <tests.ui_tests.header_test.TestHeader object at 0x7fd3ef3b4b30>\nheader_open = <pages.header.HeaderPage object at 0x7fd3ef3dd130>\ndriver = <selenium.webdriver.chrome.webdriver.WebDriver (session=\"d6a25a2912c6d98411777723d3915f43\")>\nurl = 'https://app.dev.pulsewave.ru/auth/password?email='\n\n    @pytest.mark.smoke\n    @pytest.mark.parametrize('url', [link.SIGNUP_PAGE, link.PASSWORD_RECOVERY])\n    @allure.title(f\"H.5 Проверка перехода на страницу '{link.LOGIN_PAGE}' по кнопке '{const.TEXT_LOGIN}'\")\n    def test_get_header_auth_login(self, header_open, driver, url):\n        link = driver.current_url\n        header_open.get_header_auth_login().click()\n        header_open.wait_changed_url(link)\n        with allure.step(f\"Произошел переход на страницу '{self.link.LOGIN_PAGE}'\"):\n>           assert driver.current_url == self.link.LOGIN_PAGE, f\"Произошел переход на страницу '{driver.current_url}'\"\nE           AssertionError: Произошел переход на страницу 'https://app.dev.pulsewave.ru/auth/login?email='\nE           assert 'https://app..../login?email=' == 'https://app....ru/auth/login'\nE             \nE             - https://app.dev.pulsewave.ru/auth/login\nE             + https://app.dev.pulsewave.ru/auth/login?email=\nE             ?                                        +++++++\n\ntests/ui_tests/header_test.py:47: AssertionError",
    "steps" : [ {
      "name" : "Проверка видимости кнопки 'Войти' в хэдере",
      "time" : {
        "start" : 1758426372144,
        "stop" : 1758426372169,
        "duration" : 25
      },
      "status" : "passed",
      "steps" : [ {
        "name" : "Проверить видимость группы элементов",
        "time" : {
          "start" : 1758426372144,
          "stop" : 1758426372169,
          "duration" : 25
        },
        "status" : "passed",
        "steps" : [ ],
        "attachments" : [ ],
        "parameters" : [ {
          "name" : "locator",
          "value" : "('class name', 'button__small')"
        } ],
        "stepsCount" : 0,
        "attachmentsCount" : 0,
        "shouldDisplayMessage" : false,
        "hasContent" : true
      } ],
      "attachments" : [ ],
      "parameters" : [ ],
      "stepsCount" : 1,
      "attachmentsCount" : 0,
      "shouldDisplayMessage" : false,
      "hasContent" : true
    }, {
      "name" : "Проверка смены url",
      "time" : {
        "start" : 1758426372220,
        "stop" : 1758426372729,
        "duration" : 509
      },
      "status" : "passed",
      "steps" : [ ],
      "attachments" : [ ],
      "parameters" : [ {
        "name" : "url",
        "value" : "'https://app.dev.pulsewave.ru/auth/password?email='"
      } ],
      "stepsCount" : 0,
      "attachmentsCount" : 0,
      "shouldDisplayMessage" : false,
      "hasContent" : true
    }, {
      "name" : "Произошел переход на страницу 'https://app.dev.pulsewave.ru/auth/login'",
      "time" : {
        "start" : 1758426372729,
        "stop" : 1758426372734,
        "duration" : 5
      },
      "status" : "failed",
      "statusMessage" : "AssertionError: Произошел переход на страницу 'https://app.dev.pulsewave.ru/auth/login?email='\nassert 'https://app..../login?email=' == 'https://app....ru/auth/login'\n  \n  - https://app.dev.pulsewave.ru/auth/login\n  + https://app.dev.pulsewave.ru/auth/login?email=\n  ?                                        +++++++\n",
      "statusTrace" : "  File \"/home/runner/work/PulseWave/PulseWave/tests/ui_tests/header_test.py\", line 47, in test_get_header_auth_login\n    assert driver.current_url == self.link.LOGIN_PAGE, f\"Произошел переход на страницу '{driver.current_url}'\"\n",
      "steps" : [ ],
      "attachments" : [ ],
      "parameters" : [ ],
      "stepsCount" : 0,
      "attachmentsCount" : 0,
      "shouldDisplayMessage" : true,
      "hasContent" : true
    } ],
    "attachments" : [ {
      "uid" : "998181a6844257e5",
      "name" : "Screenshot",
      "source" : "998181a6844257e5.png",
      "type" : "image/png",
      "size" : 56929
    }, {
      "uid" : "46573b6ec474c8b6",
      "name" : "HTML source",
      "source" : "46573b6ec474c8b6.html",
      "type" : "text/html",
      "size" : 39970
    } ],
    "parameters" : [ ],
    "stepsCount" : 4,
    "attachmentsCount" : 2,
    "shouldDisplayMessage" : true,
    "hasContent" : true
  },
  "afterStages" : [ {
    "name" : "driver::0",
    "time" : {
      "start" : 1758426372799,
      "stop" : 1758426372859,
      "duration" : 60
    },
    "status" : "passed",
    "steps" : [ ],
    "attachments" : [ ],
    "parameters" : [ ],
    "stepsCount" : 0,
    "attachmentsCount" : 0,
    "shouldDisplayMessage" : false,
    "hasContent" : false
  } ],
  "labels" : [ {
    "name" : "epic",
    "value" : "Тестирование Хедера"
  }, {
    "name" : "tag",
    "value" : "smoke"
  }, {
    "name" : "tag",
    "value" : "regress"
  }, {
    "name" : "parentSuite",
    "value" : "tests.ui_tests"
  }, {
    "name" : "suite",
    "value" : "header_test"
  }, {
    "name" : "subSuite",
    "value" : "TestHeader"
  }, {
    "name" : "host",
    "value" : "runnervmf4ws1"
  }, {
    "name" : "thread",
    "value" : "2591-MainThread"
  }, {
    "name" : "framework",
    "value" : "pytest"
  }, {
    "name" : "language",
    "value" : "cpython3"
  }, {
    "name" : "package",
    "value" : "tests.ui_tests.header_test"
  }, {
    "name" : "resultFormat",
    "value" : "allure2"
  } ],
  "parameters" : [ {
    "name" : "url",
    "value" : "'https://app.dev.pulsewave.ru/auth/password?email='"
  } ],
  "links" : [ ],
  "hidden" : false,
  "retry" : false,
  "extra" : {
    "severity" : "normal",
    "retries" : [ ],
    "categories" : [ {
      "name" : "Product defects",
      "matchedStatuses" : [ ],
      "flaky" : false
    } ],
    "history" : {
      "statistic" : {
        "failed" : 3,
        "broken" : 0,
        "skipped" : 0,
        "passed" : 25,
        "unknown" : 0,
        "total" : 28
      },
      "items" : [ {
        "uid" : "a72af2c78d44ccc9",
        "reportUrl" : "https://Nat754.github.io/PulseWave/7//#testresult/a72af2c78d44ccc9",
        "status" : "failed",
        "statusDetails" : "AssertionError: Произошел переход на страницу 'https://app.dev.pulsewave.ru/auth/login?email='\nassert 'https://app..../login?email=' == 'https://app....ru/auth/login'\n  \n  - https://app.dev.pulsewave.ru/auth/login\n  + https://app.dev.pulsewave.ru/auth/login?email=\n  ?                                        +++++++",
        "time" : {
          "start" : 1758365396053,
          "stop" : 1758365396643,
          "duration" : 590
        }
      }, {
        "uid" : "b590b69415159409",
        "reportUrl" : "https://Nat754.github.io/PulseWave/517//#testresult/b590b69415159409",
        "status" : "failed",
        "statusDetails" : "AssertionError: Произошел переход на страницу 'https://app.dev.pulsewave.ru/auth/login?email='\nassert 'https://app..../login?email=' == 'https://app....ru/auth/login'\n  \n  - https://app.dev.pulsewave.ru/auth/login\n  + https://app.dev.pulsewave.ru/auth/login?email=\n  ?                                        +++++++",
        "time" : {
          "start" : 1758356806770,
          "stop" : 1758356807369,
          "duration" : 599
        }
      }, {
        "uid" : "dec34d61e1ed5c7f",
        "reportUrl" : "https://Nat754.github.io/PulseWave/516//#testresult/dec34d61e1ed5c7f",
        "status" : "passed",
        "time" : {
          "start" : 1758253169368,
          "stop" : 1758253169957,
          "duration" : 589
        }
      }, {
        "uid" : "abb67c011da46cf9",
        "reportUrl" : "https://Nat754.github.io/PulseWave/515//#testresult/abb67c011da46cf9",
        "status" : "passed",
        "time" : {
          "start" : 1758166651890,
          "stop" : 1758166652477,
          "duration" : 587
        }
      }, {
        "uid" : "36289c54a4fb88ac",
        "reportUrl" : "https://Nat754.github.io/PulseWave/514//#testresult/36289c54a4fb88ac",
        "status" : "passed",
        "time" : {
          "start" : 1758080032006,
          "stop" : 1758080032598,
          "duration" : 592
        }
      }, {
        "uid" : "99f8b562ed19b44b",
        "reportUrl" : "https://Nat754.github.io/PulseWave/513//#testresult/99f8b562ed19b44b",
        "status" : "passed",
        "time" : {
          "start" : 1757993709284,
          "stop" : 1757993709877,
          "duration" : 593
        }
      }, {
        "uid" : "49ca382f3ddd77a",
        "reportUrl" : "https://Nat754.github.io/PulseWave/512//#testresult/49ca382f3ddd77a",
        "status" : "passed",
        "time" : {
          "start" : 1757908002734,
          "stop" : 1757908003321,
          "duration" : 587
        }
      }, {
        "uid" : "decec3b96e636cde",
        "reportUrl" : "https://Nat754.github.io/PulseWave/7//#testresult/decec3b96e636cde",
        "status" : "passed",
        "time" : {
          "start" : 1757840665753,
          "stop" : 1757840666343,
          "duration" : 590
        }
      }, {
        "uid" : "7fd9e169fc556946",
        "reportUrl" : "https://Nat754.github.io/PulseWave/493//#testresult/7fd9e169fc556946",
        "status" : "passed",
        "time" : {
          "start" : 1756269868566,
          "stop" : 1756269869183,
          "duration" : 617
        }
      }, {
        "uid" : "74d6b42b8d9ad4a7",
        "reportUrl" : "https://Nat754.github.io/PulseWave/493//#testresult/74d6b42b8d9ad4a7",
        "status" : "passed",
        "time" : {
          "start" : 1756266167521,
          "stop" : 1756266168133,
          "duration" : 612
        }
      }, {
        "uid" : "d0e2acbbcf75f57e",
        "reportUrl" : "https://Nat754.github.io/PulseWave/492//#testresult/d0e2acbbcf75f57e",
        "status" : "passed",
        "time" : {
          "start" : 1756180129009,
          "stop" : 1756180129605,
          "duration" : 596
        }
      }, {
        "uid" : "6e519502e78f5b76",
        "reportUrl" : "https://Nat754.github.io/PulseWave/491//#testresult/6e519502e78f5b76",
        "status" : "passed",
        "time" : {
          "start" : 1756094124835,
          "stop" : 1756094125452,
          "duration" : 617
        }
      }, {
        "uid" : "332e717576e389d3",
        "reportUrl" : "https://Nat754.github.io/PulseWave/490//#testresult/332e717576e389d3",
        "status" : "passed",
        "time" : {
          "start" : 1756061469660,
          "stop" : 1756061470260,
          "duration" : 600
        }
      }, {
        "uid" : "49222c1d5c68f6d8",
        "reportUrl" : "https://Nat754.github.io/PulseWave/490//#testresult/49222c1d5c68f6d8",
        "status" : "passed",
        "time" : {
          "start" : 1756007638347,
          "stop" : 1756007638962,
          "duration" : 615
        }
      }, {
        "uid" : "91e17d9e178f1497",
        "reportUrl" : "https://Nat754.github.io/PulseWave/489//#testresult/91e17d9e178f1497",
        "status" : "passed",
        "time" : {
          "start" : 1755920503595,
          "stop" : 1755920504211,
          "duration" : 616
        }
      }, {
        "uid" : "f82ebca314e61aad",
        "reportUrl" : "https://Nat754.github.io/PulseWave/488//#testresult/f82ebca314e61aad",
        "status" : "passed",
        "time" : {
          "start" : 1755834430726,
          "stop" : 1755834431326,
          "duration" : 600
        }
      }, {
        "uid" : "ac904d1e728bb4bc",
        "reportUrl" : "https://Nat754.github.io/PulseWave/487//#testresult/ac904d1e728bb4bc",
        "status" : "passed",
        "time" : {
          "start" : 1755748013036,
          "stop" : 1755748013652,
          "duration" : 616
        }
      }, {
        "uid" : "6191a494d1702dee",
        "reportUrl" : "https://Nat754.github.io/PulseWave/486//#testresult/6191a494d1702dee",
        "status" : "passed",
        "time" : {
          "start" : 1755661621328,
          "stop" : 1755661621941,
          "duration" : 613
        }
      }, {
        "uid" : "542ff8a43da97b84",
        "reportUrl" : "https://Nat754.github.io/PulseWave/485//#testresult/542ff8a43da97b84",
        "status" : "passed",
        "time" : {
          "start" : 1755575289456,
          "stop" : 1755575290069,
          "duration" : 613
        }
      }, {
        "uid" : "eb948d732c85c3ce",
        "reportUrl" : "https://Nat754.github.io/PulseWave/3//#testresult/eb948d732c85c3ce",
        "status" : "passed",
        "time" : {
          "start" : 1755517911995,
          "stop" : 1755517912620,
          "duration" : 625
        }
      } ]
    },
    "tags" : [ "regress", "smoke" ]
  },
  "source" : "4964f07076e7df86.json",
  "parameterValues" : [ "'https://app.dev.pulsewave.ru/auth/password?email='" ]
}