{
  "uid" : "8043e2cac2b36c82",
  "name" : "POST Создать стикер к задаче",
  "fullName" : "tests.test_api.test_api.TestAPI#test_post_api_task_id_sticker",
  "historyId" : "15c7beb0356344830714c93b55aa7dfe",
  "time" : {
    "start" : 1717468141858,
    "stop" : 1717468151464,
    "duration" : 9606
  },
  "status" : "skipped",
  "statusMessage" : "XFAIL\n\nAssertionError: Unexpected status code. Expected: 201. Actual: 500",
  "statusTrace" : "self = <tests.test_api.test_api.TestAPI object at 0x7f1f4f7a7e30>\nuse_api_base = <api_testing.api_base.ApiBase object at 0x7f1f4f17d490>\n\n    @pytest.mark.xfail\n    @allure.title(\"POST Создать стикер к задаче\")\n    def test_post_api_task_id_sticker(self, use_api_base):\n        jwt = use_api_base.create_jwt(email1, password0)\n        column_id, task_id = use_api_base.get_column_task_id()\n        url = f'{self.constant.BASE_URL}api/task/{task_id}/sticker/'\n        response = requests.post(url, headers={'accept': 'application/json', 'Authorization': f\"{jwt}\"},\n                                 json={\"name\": faker.first_name(), \"color\": random.choice(self.constant.COLOR_STICKER)})\n>       Assertions.assert_status_code(response, self.code.STATUS_201)\n\ntests/test_api/test_api.py:480: \n_ _ _ _ _ _ _ _ _ _ _ _ _ _ _ _ _ _ _ _ _ _ _ _ _ _ _ _ _ _ _ _ _ _ _ _ _ _ _ _ \n\nresponse = <Response [500]>, expected_status_code = 201\n\n    @staticmethod\n    def assert_status_code(response: Response, expected_status_code: int):\n        actual_status_code = response.status_code\n        with allure.step(f\"Expected status {expected_status_code}\"):\n>           assert actual_status_code == expected_status_code, \\\n                f\"Unexpected status code. Expected: {expected_status_code}. Actual: {actual_status_code}\"\nE           AssertionError: Unexpected status code. Expected: 201. Actual: 500\n\napi_testing/assertions.py:11: AssertionError",
  "flaky" : false,
  "newFailed" : false,
  "beforeStages" : [ {
    "name" : "clear_allure_results_folder",
    "time" : {
      "start" : 1717467885277,
      "stop" : 1717467885277,
      "duration" : 0
    },
    "status" : "passed",
    "steps" : [ ],
    "attachments" : [ ],
    "parameters" : [ ],
    "stepsCount" : 0,
    "attachmentsCount" : 0,
    "shouldDisplayMessage" : false,
    "hasContent" : false
  }, {
    "name" : "_session_faker",
    "time" : {
      "start" : 1717467885259,
      "stop" : 1717467885277,
      "duration" : 18
    },
    "status" : "passed",
    "steps" : [ ],
    "attachments" : [ ],
    "parameters" : [ ],
    "stepsCount" : 0,
    "attachmentsCount" : 0,
    "shouldDisplayMessage" : false,
    "hasContent" : false
  }, {
    "name" : "use_api_base",
    "time" : {
      "start" : 1717468141858,
      "stop" : 1717468141858,
      "duration" : 0
    },
    "status" : "passed",
    "steps" : [ ],
    "attachments" : [ ],
    "parameters" : [ ],
    "stepsCount" : 0,
    "attachmentsCount" : 0,
    "shouldDisplayMessage" : false,
    "hasContent" : false
  } ],
  "testStage" : {
    "status" : "skipped",
    "statusMessage" : "XFAIL\n\nAssertionError: Unexpected status code. Expected: 201. Actual: 500",
    "statusTrace" : "self = <tests.test_api.test_api.TestAPI object at 0x7f1f4f7a7e30>\nuse_api_base = <api_testing.api_base.ApiBase object at 0x7f1f4f17d490>\n\n    @pytest.mark.xfail\n    @allure.title(\"POST Создать стикер к задаче\")\n    def test_post_api_task_id_sticker(self, use_api_base):\n        jwt = use_api_base.create_jwt(email1, password0)\n        column_id, task_id = use_api_base.get_column_task_id()\n        url = f'{self.constant.BASE_URL}api/task/{task_id}/sticker/'\n        response = requests.post(url, headers={'accept': 'application/json', 'Authorization': f\"{jwt}\"},\n                                 json={\"name\": faker.first_name(), \"color\": random.choice(self.constant.COLOR_STICKER)})\n>       Assertions.assert_status_code(response, self.code.STATUS_201)\n\ntests/test_api/test_api.py:480: \n_ _ _ _ _ _ _ _ _ _ _ _ _ _ _ _ _ _ _ _ _ _ _ _ _ _ _ _ _ _ _ _ _ _ _ _ _ _ _ _ \n\nresponse = <Response [500]>, expected_status_code = 201\n\n    @staticmethod\n    def assert_status_code(response: Response, expected_status_code: int):\n        actual_status_code = response.status_code\n        with allure.step(f\"Expected status {expected_status_code}\"):\n>           assert actual_status_code == expected_status_code, \\\n                f\"Unexpected status code. Expected: {expected_status_code}. Actual: {actual_status_code}\"\nE           AssertionError: Unexpected status code. Expected: 201. Actual: 500\n\napi_testing/assertions.py:11: AssertionError",
    "steps" : [ {
      "name" : "Получить access токен пользователя на емайл",
      "time" : {
        "start" : 1717468141858,
        "stop" : 1717468143086,
        "duration" : 1228
      },
      "status" : "passed",
      "steps" : [ ],
      "attachments" : [ ],
      "parameters" : [ ],
      "stepsCount" : 0,
      "attachmentsCount" : 0,
      "shouldDisplayMessage" : false,
      "hasContent" : false
    }, {
      "name" : "Получить id задачи",
      "time" : {
        "start" : 1717468143087,
        "stop" : 1717468150886,
        "duration" : 7799
      },
      "status" : "passed",
      "steps" : [ {
        "name" : "Получить access токен пользователя на емайл",
        "time" : {
          "start" : 1717468143087,
          "stop" : 1717468144387,
          "duration" : 1300
        },
        "status" : "passed",
        "steps" : [ ],
        "attachments" : [ ],
        "parameters" : [ ],
        "stepsCount" : 0,
        "attachmentsCount" : 0,
        "shouldDisplayMessage" : false,
        "hasContent" : false
      }, {
        "name" : "Получить id колонки",
        "time" : {
          "start" : 1717468144387,
          "stop" : 1717468150341,
          "duration" : 5954
        },
        "status" : "passed",
        "steps" : [ {
          "name" : "Получить access токен пользователя на емайл",
          "time" : {
            "start" : 1717468144387,
            "stop" : 1717468145718,
            "duration" : 1331
          },
          "status" : "passed",
          "steps" : [ ],
          "attachments" : [ ],
          "parameters" : [ ],
          "stepsCount" : 0,
          "attachmentsCount" : 0,
          "shouldDisplayMessage" : false,
          "hasContent" : false
        }, {
          "name" : "Получить id доски",
          "time" : {
            "start" : 1717468145719,
            "stop" : 1717468149202,
            "duration" : 3483
          },
          "status" : "passed",
          "steps" : [ {
            "name" : "Получить access токен пользователя на емайл",
            "time" : {
              "start" : 1717468145719,
              "stop" : 1717468146911,
              "duration" : 1192
            },
            "status" : "passed",
            "steps" : [ ],
            "attachments" : [ ],
            "parameters" : [ ],
            "stepsCount" : 0,
            "attachmentsCount" : 0,
            "shouldDisplayMessage" : false,
            "hasContent" : false
          }, {
            "name" : "Получить id рабочего пространства",
            "time" : {
              "start" : 1717468146912,
              "stop" : 1717468148646,
              "duration" : 1734
            },
            "status" : "passed",
            "steps" : [ {
              "name" : "Получить access токен пользователя на емайл",
              "time" : {
                "start" : 1717468146912,
                "stop" : 1717468148033,
                "duration" : 1121
              },
              "status" : "passed",
              "steps" : [ ],
              "attachments" : [ ],
              "parameters" : [ ],
              "stepsCount" : 0,
              "attachmentsCount" : 0,
              "shouldDisplayMessage" : false,
              "hasContent" : false
            } ],
            "attachments" : [ ],
            "parameters" : [ ],
            "stepsCount" : 1,
            "attachmentsCount" : 0,
            "shouldDisplayMessage" : false,
            "hasContent" : true
          } ],
          "attachments" : [ ],
          "parameters" : [ ],
          "stepsCount" : 3,
          "attachmentsCount" : 0,
          "shouldDisplayMessage" : false,
          "hasContent" : true
        } ],
        "attachments" : [ ],
        "parameters" : [ ],
        "stepsCount" : 5,
        "attachmentsCount" : 0,
        "shouldDisplayMessage" : false,
        "hasContent" : true
      } ],
      "attachments" : [ ],
      "parameters" : [ ],
      "stepsCount" : 7,
      "attachmentsCount" : 0,
      "shouldDisplayMessage" : false,
      "hasContent" : true
    }, {
      "name" : "Expected status 201",
      "time" : {
        "start" : 1717468151463,
        "stop" : 1717468151463,
        "duration" : 0
      },
      "status" : "failed",
      "statusMessage" : "AssertionError: Unexpected status code. Expected: 201. Actual: 500\n",
      "statusTrace" : "  File \"/home/runner/work/PulseWave/PulseWave/api_testing/assertions.py\", line 11, in assert_status_code\n    assert actual_status_code == expected_status_code, \\\n           ^^^^^^^^^^^^^^^^^^^^^^^^^^^^^^^^^^^^^^^^^^\n",
      "steps" : [ ],
      "attachments" : [ ],
      "parameters" : [ ],
      "stepsCount" : 0,
      "attachmentsCount" : 0,
      "shouldDisplayMessage" : true,
      "hasContent" : true
    } ],
    "attachments" : [ ],
    "parameters" : [ ],
    "stepsCount" : 10,
    "attachmentsCount" : 0,
    "shouldDisplayMessage" : true,
    "hasContent" : true
  },
  "afterStages" : [ ],
  "labels" : [ {
    "name" : "epic",
    "value" : "Тестирование API"
  }, {
    "name" : "tag",
    "value" : "@pytest.mark.xfail"
  }, {
    "name" : "parentSuite",
    "value" : "tests.test_api"
  }, {
    "name" : "suite",
    "value" : "test_api"
  }, {
    "name" : "subSuite",
    "value" : "TestAPI"
  }, {
    "name" : "host",
    "value" : "fv-az702-606"
  }, {
    "name" : "thread",
    "value" : "2261-MainThread"
  }, {
    "name" : "framework",
    "value" : "pytest"
  }, {
    "name" : "language",
    "value" : "cpython3"
  }, {
    "name" : "package",
    "value" : "tests.test_api.test_api"
  }, {
    "name" : "resultFormat",
    "value" : "allure2"
  } ],
  "parameters" : [ ],
  "links" : [ ],
  "hidden" : false,
  "retry" : false,
  "extra" : {
    "severity" : "normal",
    "retries" : [ ],
    "categories" : [ ],
    "history" : {
      "statistic" : {
        "failed" : 0,
        "broken" : 0,
        "skipped" : 52,
        "passed" : 0,
        "unknown" : 0,
        "total" : 52
      },
      "items" : [ {
        "uid" : "e0b4d0c7f6c588f7",
        "reportUrl" : "https://Nat754.github.io/PulseWave/44//#testresult/e0b4d0c7f6c588f7",
        "status" : "skipped",
        "statusDetails" : "XFAIL\n\nAssertionError: Unexpected status code. Expected: 201. Actual: 500",
        "time" : {
          "start" : 1717381867014,
          "stop" : 1717381880460,
          "duration" : 13446
        }
      }, {
        "uid" : "da17813575d631c1",
        "reportUrl" : "https://Nat754.github.io/PulseWave/43//#testresult/da17813575d631c1",
        "status" : "skipped",
        "statusDetails" : "XFAIL\n\nAssertionError: Unexpected status code. Expected: 201. Actual: 500",
        "time" : {
          "start" : 1717295553241,
          "stop" : 1717295563139,
          "duration" : 9898
        }
      }, {
        "uid" : "13e864b318b2c517",
        "reportUrl" : "https://Nat754.github.io/PulseWave/42//#testresult/13e864b318b2c517",
        "status" : "skipped",
        "statusDetails" : "XFAIL\n\nAssertionError: Unexpected status code. Expected: 201. Actual: 500",
        "time" : {
          "start" : 1717209163185,
          "stop" : 1717209175315,
          "duration" : 12130
        }
      }, {
        "uid" : "b6a1f74e7e39f4de",
        "reportUrl" : "https://Nat754.github.io/PulseWave/41//#testresult/b6a1f74e7e39f4de",
        "status" : "skipped",
        "statusDetails" : "XFAIL\n\nAssertionError: Unexpected status code. Expected: 201. Actual: 500",
        "time" : {
          "start" : 1717122574588,
          "stop" : 1717122587216,
          "duration" : 12628
        }
      }, {
        "uid" : "4e13fd110e6824d8",
        "reportUrl" : "https://Nat754.github.io/PulseWave/40//#testresult/4e13fd110e6824d8",
        "status" : "skipped",
        "statusDetails" : "XFAIL\n\nAssertionError: Unexpected status code. Expected: 201. Actual: 500",
        "time" : {
          "start" : 1717036118023,
          "stop" : 1717036127305,
          "duration" : 9282
        }
      }, {
        "uid" : "d905bcf26e1351fa",
        "reportUrl" : "https://Nat754.github.io/PulseWave/39//#testresult/d905bcf26e1351fa",
        "status" : "skipped",
        "statusDetails" : "XFAIL\n\nAssertionError: Unexpected status code. Expected: 201. Actual: 500",
        "time" : {
          "start" : 1716949782693,
          "stop" : 1716949791572,
          "duration" : 8879
        }
      }, {
        "uid" : "d1347ae7e0a82b2d",
        "reportUrl" : "https://Nat754.github.io/PulseWave/38//#testresult/d1347ae7e0a82b2d",
        "status" : "skipped",
        "statusDetails" : "XFAIL\n\nAssertionError: Unexpected status code. Expected: 201. Actual: 500",
        "time" : {
          "start" : 1716863308917,
          "stop" : 1716863318949,
          "duration" : 10032
        }
      }, {
        "uid" : "3087a8619d600d62",
        "reportUrl" : "https://Nat754.github.io/PulseWave/37//#testresult/3087a8619d600d62",
        "status" : "skipped",
        "statusDetails" : "XFAIL\n\nAssertionError: Unexpected status code. Expected: 201. Actual: 500",
        "time" : {
          "start" : 1716776929744,
          "stop" : 1716776940160,
          "duration" : 10416
        }
      }, {
        "uid" : "a8a73f2185660d20",
        "reportUrl" : "https://Nat754.github.io/PulseWave/36//#testresult/a8a73f2185660d20",
        "status" : "skipped",
        "statusDetails" : "XFAIL\n\nAssertionError: Unexpected status code. Expected: 201. Actual: 500",
        "time" : {
          "start" : 1716690605244,
          "stop" : 1716690615807,
          "duration" : 10563
        }
      }, {
        "uid" : "33390ab19c10b847",
        "reportUrl" : "https://Nat754.github.io/PulseWave/34//#testresult/33390ab19c10b847",
        "status" : "skipped",
        "statusDetails" : "XFAIL\n\nAssertionError: Unexpected status code. Expected: 201. Actual: 500",
        "time" : {
          "start" : 1716638758027,
          "stop" : 1716638767705,
          "duration" : 9678
        }
      }, {
        "uid" : "c9cc9bb84b4140ab",
        "reportUrl" : "https://Nat754.github.io/PulseWave/35//#testresult/c9cc9bb84b4140ab",
        "status" : "skipped",
        "statusDetails" : "XFAIL\n\nAssertionError: Unexpected status code. Expected: 201. Actual: 500",
        "time" : {
          "start" : 1716603909212,
          "stop" : 1716603919811,
          "duration" : 10599
        }
      }, {
        "uid" : "5da4e16cc123dea8",
        "reportUrl" : "https://Nat754.github.io/PulseWave/34//#testresult/5da4e16cc123dea8",
        "status" : "skipped",
        "statusDetails" : "XFAIL\n\nKeyError: 'access'",
        "time" : {
          "start" : 1716517431511,
          "stop" : 1716517432769,
          "duration" : 1258
        }
      }, {
        "uid" : "aed117cf55b995ca",
        "reportUrl" : "https://Nat754.github.io/PulseWave/33//#testresult/aed117cf55b995ca",
        "status" : "skipped",
        "statusDetails" : "XFAIL\n\nAssertionError: Unexpected status code. Expected: 201. Actual: 500",
        "time" : {
          "start" : 1716431261386,
          "stop" : 1716431275414,
          "duration" : 14028
        }
      }, {
        "uid" : "73718e1fa0040259",
        "reportUrl" : "https://Nat754.github.io/PulseWave/32//#testresult/73718e1fa0040259",
        "status" : "skipped",
        "statusDetails" : "XFAIL\n\nAssertionError: Unexpected status code. Expected: 201. Actual: 500",
        "time" : {
          "start" : 1716344868983,
          "stop" : 1716344882233,
          "duration" : 13250
        }
      }, {
        "uid" : "7f623b74854dd89a",
        "reportUrl" : "https://Nat754.github.io/PulseWave/31//#testresult/7f623b74854dd89a",
        "status" : "skipped",
        "statusDetails" : "XFAIL\n\nAssertionError: Unexpected status code. Expected: 201. Actual: 500",
        "time" : {
          "start" : 1716258349312,
          "stop" : 1716258359117,
          "duration" : 9805
        }
      }, {
        "uid" : "12fd465682655aec",
        "reportUrl" : "https://Nat754.github.io/PulseWave/30//#testresult/12fd465682655aec",
        "status" : "skipped",
        "statusDetails" : "XFAIL\n\nAssertionError: Unexpected status code. Expected: 201. Actual: 500",
        "time" : {
          "start" : 1716172148553,
          "stop" : 1716172161785,
          "duration" : 13232
        }
      }, {
        "uid" : "d1d7b966fdebf55c",
        "reportUrl" : "https://Nat754.github.io/PulseWave/29//#testresult/d1d7b966fdebf55c",
        "status" : "skipped",
        "statusDetails" : "XFAIL\n\nAssertionError: Unexpected status code. Expected: 201. Actual: 500",
        "time" : {
          "start" : 1716085714023,
          "stop" : 1716085724088,
          "duration" : 10065
        }
      }, {
        "uid" : "f682d7f3d8cf9510",
        "reportUrl" : "https://Nat754.github.io/PulseWave/28//#testresult/f682d7f3d8cf9510",
        "status" : "skipped",
        "statusDetails" : "XFAIL\n\nAssertionError: Unexpected status code. Expected: 201. Actual: 500",
        "time" : {
          "start" : 1715999133956,
          "stop" : 1715999143626,
          "duration" : 9670
        }
      }, {
        "uid" : "2a59007bc9c2207",
        "reportUrl" : "https://Nat754.github.io/PulseWave/27//#testresult/2a59007bc9c2207",
        "status" : "skipped",
        "statusDetails" : "XFAIL\n\nAssertionError: Unexpected status code. Expected: 201. Actual: 500",
        "time" : {
          "start" : 1715912790131,
          "stop" : 1715912803299,
          "duration" : 13168
        }
      }, {
        "uid" : "bee87d081fc8b105",
        "reportUrl" : "https://Nat754.github.io/PulseWave/212//#testresult/bee87d081fc8b105",
        "status" : "skipped",
        "statusDetails" : "XFAIL\n\nAssertionError: Unexpected status code. Expected: 201. Actual: 500",
        "time" : {
          "start" : 1715841673121,
          "stop" : 1715841683092,
          "duration" : 9971
        }
      } ]
    },
    "tags" : [ "@pytest.mark.xfail" ]
  },
  "source" : "8043e2cac2b36c82.json",
  "parameterValues" : [ ]
}