{
  "uid" : "d2b24c921dd0e3ac",
  "name" : "POST Регистрация пользователя без подтверждения подписки",
  "fullName" : "tests.test_api.test_api.TestAPI#test_post_create_user_no_subscriber",
  "historyId" : "65cde6c273276871256fcbcd8d2a7b23",
  "time" : {
    "start" : 1715134411014,
    "stop" : 1715134421536,
    "duration" : 10522
  },
  "status" : "failed",
  "statusMessage" : "AssertionError: Unexpected status code. Expected: 201. Actual: 400",
  "statusTrace" : "self = <tests.test_api.test_api.TestAPI object at 0x7fe31a3a5f70>\nuse_api_base = <api_testing.api_base.ApiBase object at 0x7fe319d3ac60>\n\n    @allure.title(\"POST Регистрация пользователя без подтверждения подписки\")\n    def test_post_create_user_no_subscriber(self, use_api_base):\n        url = f'{self.constant.BASE_URL}auth/users/'\n        response = requests.post(url, json=self.constant.CREATE_USER_NO_SUBSCRIBER)\n        time.sleep(10)\n>       Assertions.assert_status_code(response, self.code.STATUS_201)\n\ntests/test_api/test_api.py:699: \n_ _ _ _ _ _ _ _ _ _ _ _ _ _ _ _ _ _ _ _ _ _ _ _ _ _ _ _ _ _ _ _ _ _ _ _ _ _ _ _ \n\nresponse = <Response [400]>, expected_status_code = 201\n\n    @staticmethod\n    def assert_status_code(response: Response, expected_status_code: int):\n        actual_status_code = response.status_code\n        with allure.step(f\"Expected status {expected_status_code}\"):\n>           assert actual_status_code == expected_status_code, \\\n                f\"Unexpected status code. Expected: {expected_status_code}. Actual: {actual_status_code}\"\nE           AssertionError: Unexpected status code. Expected: 201. Actual: 400\n\napi_testing/assertions.py:11: AssertionError",
  "flaky" : false,
  "newFailed" : false,
  "beforeStages" : [ {
    "name" : "use_api_base",
    "time" : {
      "start" : 1715134411014,
      "stop" : 1715134411014,
      "duration" : 0
    },
    "status" : "passed",
    "steps" : [ ],
    "attachments" : [ ],
    "parameters" : [ ],
    "stepsCount" : 0,
    "attachmentsCount" : 0,
    "shouldDisplayMessage" : false,
    "hasContent" : false
  }, {
    "name" : "_session_faker",
    "time" : {
      "start" : 1715134076105,
      "stop" : 1715134076121,
      "duration" : 16
    },
    "status" : "passed",
    "steps" : [ ],
    "attachments" : [ ],
    "parameters" : [ ],
    "stepsCount" : 0,
    "attachmentsCount" : 0,
    "shouldDisplayMessage" : false,
    "hasContent" : false
  }, {
    "name" : "clear_allure_results_folder",
    "time" : {
      "start" : 1715134076121,
      "stop" : 1715134076121,
      "duration" : 0
    },
    "status" : "passed",
    "steps" : [ ],
    "attachments" : [ ],
    "parameters" : [ ],
    "stepsCount" : 0,
    "attachmentsCount" : 0,
    "shouldDisplayMessage" : false,
    "hasContent" : false
  } ],
  "testStage" : {
    "status" : "failed",
    "statusMessage" : "AssertionError: Unexpected status code. Expected: 201. Actual: 400",
    "statusTrace" : "self = <tests.test_api.test_api.TestAPI object at 0x7fe31a3a5f70>\nuse_api_base = <api_testing.api_base.ApiBase object at 0x7fe319d3ac60>\n\n    @allure.title(\"POST Регистрация пользователя без подтверждения подписки\")\n    def test_post_create_user_no_subscriber(self, use_api_base):\n        url = f'{self.constant.BASE_URL}auth/users/'\n        response = requests.post(url, json=self.constant.CREATE_USER_NO_SUBSCRIBER)\n        time.sleep(10)\n>       Assertions.assert_status_code(response, self.code.STATUS_201)\n\ntests/test_api/test_api.py:699: \n_ _ _ _ _ _ _ _ _ _ _ _ _ _ _ _ _ _ _ _ _ _ _ _ _ _ _ _ _ _ _ _ _ _ _ _ _ _ _ _ \n\nresponse = <Response [400]>, expected_status_code = 201\n\n    @staticmethod\n    def assert_status_code(response: Response, expected_status_code: int):\n        actual_status_code = response.status_code\n        with allure.step(f\"Expected status {expected_status_code}\"):\n>           assert actual_status_code == expected_status_code, \\\n                f\"Unexpected status code. Expected: {expected_status_code}. Actual: {actual_status_code}\"\nE           AssertionError: Unexpected status code. Expected: 201. Actual: 400\n\napi_testing/assertions.py:11: AssertionError",
    "steps" : [ {
      "name" : "Expected status 201",
      "time" : {
        "start" : 1715134421535,
        "stop" : 1715134421535,
        "duration" : 0
      },
      "status" : "failed",
      "statusMessage" : "AssertionError: Unexpected status code. Expected: 201. Actual: 400\n",
      "statusTrace" : "  File \"/home/runner/work/PulseWave/PulseWave/api_testing/assertions.py\", line 11, in assert_status_code\n    assert actual_status_code == expected_status_code, \\\n           ^^^^^^^^^^^^^^^^^^^^^^^^^^^^^^^^^^^^^^^^^^\n",
      "steps" : [ ],
      "attachments" : [ ],
      "parameters" : [ ],
      "stepsCount" : 0,
      "attachmentsCount" : 0,
      "shouldDisplayMessage" : true,
      "hasContent" : true
    } ],
    "attachments" : [ ],
    "parameters" : [ ],
    "stepsCount" : 1,
    "attachmentsCount" : 0,
    "shouldDisplayMessage" : true,
    "hasContent" : true
  },
  "afterStages" : [ ],
  "labels" : [ {
    "name" : "epic",
    "value" : "Тестирование API"
  }, {
    "name" : "parentSuite",
    "value" : "tests.test_api"
  }, {
    "name" : "suite",
    "value" : "test_api"
  }, {
    "name" : "subSuite",
    "value" : "TestAPI"
  }, {
    "name" : "host",
    "value" : "fv-az774-224"
  }, {
    "name" : "thread",
    "value" : "2300-MainThread"
  }, {
    "name" : "framework",
    "value" : "pytest"
  }, {
    "name" : "language",
    "value" : "cpython3"
  }, {
    "name" : "package",
    "value" : "tests.test_api.test_api"
  }, {
    "name" : "resultFormat",
    "value" : "allure2"
  } ],
  "parameters" : [ ],
  "links" : [ ],
  "hidden" : false,
  "retry" : false,
  "extra" : {
    "severity" : "normal",
    "retries" : [ ],
    "categories" : [ {
      "name" : "Product defects",
      "matchedStatuses" : [ ],
      "flaky" : false
    } ],
    "history" : {
      "statistic" : {
        "failed" : 9,
        "broken" : 3,
        "skipped" : 0,
        "passed" : 11,
        "unknown" : 0,
        "total" : 23
      },
      "items" : [ {
        "uid" : "5ebfa5e7f2924bf9",
        "reportUrl" : "https://Nat754.github.io/PulseWave/17//#testresult/5ebfa5e7f2924bf9",
        "status" : "failed",
        "statusDetails" : "AssertionError: Unexpected status code. Expected: 201. Actual: 400",
        "time" : {
          "start" : 1715049072726,
          "stop" : 1715049083272,
          "duration" : 10546
        }
      }, {
        "uid" : "2f37b61f2253f951",
        "reportUrl" : "https://Nat754.github.io/PulseWave/16//#testresult/2f37b61f2253f951",
        "status" : "failed",
        "statusDetails" : "AssertionError: Unexpected status code. Expected: 201. Actual: 400",
        "time" : {
          "start" : 1714962466876,
          "stop" : 1714962477540,
          "duration" : 10664
        }
      }, {
        "uid" : "c11ae076d3bea75d",
        "reportUrl" : "https://Nat754.github.io/PulseWave/15//#testresult/c11ae076d3bea75d",
        "status" : "failed",
        "statusDetails" : "AssertionError: Unexpected status code. Expected: 201. Actual: 400",
        "time" : {
          "start" : 1714876059190,
          "stop" : 1714876069936,
          "duration" : 10746
        }
      }, {
        "uid" : "773f06022222784c",
        "reportUrl" : "https://Nat754.github.io/PulseWave/14//#testresult/773f06022222784c",
        "status" : "failed",
        "statusDetails" : "AssertionError: Unexpected status code. Expected: 201. Actual: 400",
        "time" : {
          "start" : 1714827580118,
          "stop" : 1714827590654,
          "duration" : 10536
        }
      }, {
        "uid" : "ed17f0cfe0c9fdaf",
        "reportUrl" : "https://Nat754.github.io/PulseWave/14//#testresult/ed17f0cfe0c9fdaf",
        "status" : "failed",
        "statusDetails" : "AssertionError: Unexpected status code. Expected: 201. Actual: 400",
        "time" : {
          "start" : 1714789090236,
          "stop" : 1714789100975,
          "duration" : 10739
        }
      }, {
        "uid" : "db5c094e2646d8bd",
        "reportUrl" : "https://Nat754.github.io/PulseWave/13//#testresult/db5c094e2646d8bd",
        "status" : "failed",
        "statusDetails" : "AssertionError: Unexpected status code. Expected: 201. Actual: 400",
        "time" : {
          "start" : 1714702946484,
          "stop" : 1714702957007,
          "duration" : 10523
        }
      }, {
        "uid" : "1188baf30e037da6",
        "reportUrl" : "https://Nat754.github.io/PulseWave/12//#testresult/1188baf30e037da6",
        "status" : "failed",
        "statusDetails" : "AssertionError: Unexpected status code. Expected: 201. Actual: 400",
        "time" : {
          "start" : 1714616399309,
          "stop" : 1714616409925,
          "duration" : 10616
        }
      }, {
        "uid" : "94f6e925d3d9aa06",
        "reportUrl" : "https://Nat754.github.io/PulseWave/11//#testresult/94f6e925d3d9aa06",
        "status" : "failed",
        "statusDetails" : "AssertionError: Unexpected status code. Expected: 201. Actual: 400",
        "time" : {
          "start" : 1714530334110,
          "stop" : 1714530344731,
          "duration" : 10621
        }
      }, {
        "uid" : "5793d20d0df45f96",
        "reportUrl" : "https://Nat754.github.io/PulseWave/10//#testresult/5793d20d0df45f96",
        "status" : "broken",
        "statusDetails" : "requests.exceptions.ConnectionError: HTTPSConnectionPool(host='owa.pulsewave.ru', port=443): Max retries exceeded with url: /auth/users/ (Caused by NewConnectionError('<urllib3.connection.HTTPSConnection object at 0x7f17c7dc3b60>: Failed to establish a new connection: [Errno 111] Connection refused'))",
        "time" : {
          "start" : 1714443513578,
          "stop" : 1714443513767,
          "duration" : 189
        }
      }, {
        "uid" : "e739fc673756533d",
        "reportUrl" : "https://Nat754.github.io/PulseWave/9//#testresult/e739fc673756533d",
        "status" : "broken",
        "statusDetails" : "requests.exceptions.ConnectionError: HTTPSConnectionPool(host='owa.pulsewave.ru', port=443): Max retries exceeded with url: /auth/users/ (Caused by NewConnectionError('<urllib3.connection.HTTPSConnection object at 0x7f7971df4ad0>: Failed to establish a new connection: [Errno 111] Connection refused'))",
        "time" : {
          "start" : 1714357187397,
          "stop" : 1714357187520,
          "duration" : 123
        }
      }, {
        "uid" : "ff7db070d56d3e38",
        "reportUrl" : "https://Nat754.github.io/PulseWave/8//#testresult/ff7db070d56d3e38",
        "status" : "broken",
        "statusDetails" : "requests.exceptions.SSLError: HTTPSConnectionPool(host='owa.pulsewave.ru', port=443): Max retries exceeded with url: /auth/users/ (Caused by SSLError(SSLCertVerificationError(1, '[SSL: CERTIFICATE_VERIFY_FAILED] certificate verify failed: self-signed certificate (_ssl.c:1000)')))",
        "time" : {
          "start" : 1714270981213,
          "stop" : 1714270981525,
          "duration" : 312
        }
      }, {
        "uid" : "94d2139e6068407f",
        "reportUrl" : "https://Nat754.github.io/PulseWave/7//#testresult/94d2139e6068407f",
        "status" : "passed",
        "time" : {
          "start" : 1714184649692,
          "stop" : 1714184661921,
          "duration" : 12229
        }
      }, {
        "uid" : "1d7d8ae76841e5c7",
        "reportUrl" : "https://Nat754.github.io/PulseWave/6//#testresult/1d7d8ae76841e5c7",
        "status" : "passed",
        "time" : {
          "start" : 1714148167502,
          "stop" : 1714148179193,
          "duration" : 11691
        }
      }, {
        "uid" : "575c9fe603b9819f",
        "reportUrl" : "https://Nat754.github.io/PulseWave/6//#testresult/575c9fe603b9819f",
        "status" : "passed",
        "time" : {
          "start" : 1714098226574,
          "stop" : 1714098238373,
          "duration" : 11799
        }
      }, {
        "uid" : "4425f63c68b717d0",
        "reportUrl" : "https://Nat754.github.io/PulseWave/5//#testresult/4425f63c68b717d0",
        "status" : "passed",
        "time" : {
          "start" : 1714014140508,
          "stop" : 1714014152277,
          "duration" : 11769
        }
      }, {
        "uid" : "4040670d4f036f65",
        "reportUrl" : "https://Nat754.github.io/PulseWave/211//#testresult/4040670d4f036f65",
        "status" : "passed",
        "time" : {
          "start" : 1713945608395,
          "stop" : 1713945620644,
          "duration" : 12249
        }
      }, {
        "uid" : "5b30f808d9b5311e",
        "reportUrl" : "https://Nat754.github.io/PulseWave/4//#testresult/5b30f808d9b5311e",
        "status" : "passed",
        "time" : {
          "start" : 1713925407382,
          "stop" : 1713925419019,
          "duration" : 11637
        }
      }, {
        "uid" : "6abfeec00f5cb04d",
        "reportUrl" : "https://Nat754.github.io/PulseWave/211//#testresult/6abfeec00f5cb04d",
        "status" : "passed",
        "time" : {
          "start" : 1713901229459,
          "stop" : 1713901241407,
          "duration" : 11948
        }
      }, {
        "uid" : "15a169e195343027",
        "reportUrl" : "https://Nat754.github.io/PulseWave/210//#testresult/15a169e195343027",
        "status" : "passed",
        "time" : {
          "start" : 1713885384923,
          "stop" : 1713885397169,
          "duration" : 12246
        }
      }, {
        "uid" : "9641286dfe1b84c9",
        "reportUrl" : "https://Nat754.github.io/PulseWave/209//#testresult/9641286dfe1b84c9",
        "status" : "passed",
        "time" : {
          "start" : 1713883301035,
          "stop" : 1713883313317,
          "duration" : 12282
        }
      } ]
    },
    "tags" : [ ]
  },
  "source" : "d2b24c921dd0e3ac.json",
  "parameterValues" : [ ]
}