{
  "uid" : "575ad3358189b4d6",
  "name" : "Проверка размера шрифта элемента 'pulsewave@gmail.com' на Главной странице",
  "fullName" : "tests.test_main_page.TestMainPage#test_get_body_futer_email_size",
  "historyId" : "3dd385aaa08ccdf193682dc55216e376",
  "time" : {
    "start" : 1698939864689,
    "stop" : 1698939864736,
    "duration" : 47
  },
  "status" : "skipped",
  "statusMessage" : "XFAIL ОР шрифт 16, ФР шрифт 14\n\nAssertionError: Размер шрифта элемента 'pulsewave@gmail.com' не соответствует макету\nassert '14px' == '16px'\n  - 16px\n  ?  ^\n  + 14px\n  ?  ^",
  "statusTrace" : "self = <tests.test_main_page.TestMainPage object at 0x7f1f888ddf10>\nmain_page_open = <pages.main_page.MainPage object at 0x7f1f888f5f50>\n\n    @allure.title(f\"Проверка размера шрифта элемента '{EMAIL_TEXT}' на Главной странице\")\n    @pytest.mark.xfail(reason=\"ОР шрифт 16, ФР шрифт 14\")\n    @pytest.mark.smoke\n    def test_get_body_futer_email_size(self, main_page_open):\n        element = main_page_open.get_futer_email()\n        size = element.value_of_css_property(\"font-size\")\n>       assert size == TEXT_SIZE, f\"Размер шрифта элемента '{EMAIL_TEXT}' не соответствует макету\"\nE       AssertionError: Размер шрифта элемента 'pulsewave@gmail.com' не соответствует макету\nE       assert '14px' == '16px'\nE         - 16px\nE         ?  ^\nE         + 14px\nE         ?  ^\n\ntests/test_main_page.py:347: AssertionError",
  "flaky" : false,
  "newFailed" : false,
  "beforeStages" : [ {
    "name" : "clear_allure_results_folder",
    "time" : {
      "start" : 1698939798453,
      "stop" : 1698939798453,
      "duration" : 0
    },
    "status" : "passed",
    "steps" : [ ],
    "attachments" : [ ],
    "parameters" : [ ],
    "stepsCount" : 0,
    "attachmentsCount" : 0,
    "shouldDisplayMessage" : false,
    "hasContent" : false
  }, {
    "name" : "_session_faker",
    "time" : {
      "start" : 1698939798381,
      "stop" : 1698939798453,
      "duration" : 72
    },
    "status" : "passed",
    "steps" : [ ],
    "attachments" : [ ],
    "parameters" : [ ],
    "stepsCount" : 0,
    "attachmentsCount" : 0,
    "shouldDisplayMessage" : false,
    "hasContent" : false
  }, {
    "name" : "driver",
    "time" : {
      "start" : 1698939863559,
      "stop" : 1698939864285,
      "duration" : 726
    },
    "status" : "passed",
    "steps" : [ ],
    "attachments" : [ ],
    "parameters" : [ ],
    "stepsCount" : 0,
    "attachmentsCount" : 0,
    "shouldDisplayMessage" : false,
    "hasContent" : false
  }, {
    "name" : "main_page_open",
    "time" : {
      "start" : 1698939864285,
      "stop" : 1698939864688,
      "duration" : 403
    },
    "status" : "passed",
    "steps" : [ {
      "name" : "Проверка видимости кнопки 'Принимаю всё' в сообщении о принятии файлов cookie на Главной странице",
      "time" : {
        "start" : 1698939864615,
        "stop" : 1698939864653,
        "duration" : 38
      },
      "status" : "passed",
      "steps" : [ ],
      "attachments" : [ ],
      "parameters" : [ ],
      "stepsCount" : 0,
      "attachmentsCount" : 0,
      "shouldDisplayMessage" : false,
      "hasContent" : false
    } ],
    "attachments" : [ ],
    "parameters" : [ ],
    "stepsCount" : 1,
    "attachmentsCount" : 0,
    "shouldDisplayMessage" : false,
    "hasContent" : true
  } ],
  "testStage" : {
    "status" : "skipped",
    "statusMessage" : "XFAIL ОР шрифт 16, ФР шрифт 14\n\nAssertionError: Размер шрифта элемента 'pulsewave@gmail.com' не соответствует макету\nassert '14px' == '16px'\n  - 16px\n  ?  ^\n  + 14px\n  ?  ^",
    "statusTrace" : "self = <tests.test_main_page.TestMainPage object at 0x7f1f888ddf10>\nmain_page_open = <pages.main_page.MainPage object at 0x7f1f888f5f50>\n\n    @allure.title(f\"Проверка размера шрифта элемента '{EMAIL_TEXT}' на Главной странице\")\n    @pytest.mark.xfail(reason=\"ОР шрифт 16, ФР шрифт 14\")\n    @pytest.mark.smoke\n    def test_get_body_futer_email_size(self, main_page_open):\n        element = main_page_open.get_futer_email()\n        size = element.value_of_css_property(\"font-size\")\n>       assert size == TEXT_SIZE, f\"Размер шрифта элемента '{EMAIL_TEXT}' не соответствует макету\"\nE       AssertionError: Размер шрифта элемента 'pulsewave@gmail.com' не соответствует макету\nE       assert '14px' == '16px'\nE         - 16px\nE         ?  ^\nE         + 14px\nE         ?  ^\n\ntests/test_main_page.py:347: AssertionError",
    "steps" : [ {
      "name" : "Проверка видимости надписи 'pulsewave@gmail.com' в футере",
      "time" : {
        "start" : 1698939864689,
        "stop" : 1698939864727,
        "duration" : 38
      },
      "status" : "passed",
      "steps" : [ ],
      "attachments" : [ ],
      "parameters" : [ ],
      "stepsCount" : 0,
      "attachmentsCount" : 0,
      "shouldDisplayMessage" : false,
      "hasContent" : false
    } ],
    "attachments" : [ {
      "name" : "Screenshot",
      "type" : "image/png",
      "size" : 0
    } ],
    "parameters" : [ ],
    "stepsCount" : 1,
    "attachmentsCount" : 1,
    "shouldDisplayMessage" : true,
    "hasContent" : true
  },
  "afterStages" : [ {
    "name" : "driver::0",
    "time" : {
      "start" : 1698939864797,
      "stop" : 1698939864852,
      "duration" : 55
    },
    "status" : "passed",
    "steps" : [ ],
    "attachments" : [ ],
    "parameters" : [ ],
    "stepsCount" : 0,
    "attachmentsCount" : 0,
    "shouldDisplayMessage" : false,
    "hasContent" : false
  } ],
  "labels" : [ {
    "name" : "epic",
    "value" : "Тестирование Главной страницы"
  }, {
    "name" : "tag",
    "value" : "smoke"
  }, {
    "name" : "tag",
    "value" : "@pytest.mark.xfail(reason='ОР шрифт 16, ФР шрифт 14')"
  }, {
    "name" : "parentSuite",
    "value" : "tests"
  }, {
    "name" : "suite",
    "value" : "test_main_page"
  }, {
    "name" : "subSuite",
    "value" : "TestMainPage"
  }, {
    "name" : "host",
    "value" : "fv-az485-70"
  }, {
    "name" : "thread",
    "value" : "2303-MainThread"
  }, {
    "name" : "framework",
    "value" : "pytest"
  }, {
    "name" : "language",
    "value" : "cpython3"
  }, {
    "name" : "package",
    "value" : "tests.test_main_page"
  }, {
    "name" : "resultFormat",
    "value" : "allure2"
  } ],
  "parameters" : [ ],
  "links" : [ ],
  "hidden" : false,
  "retry" : false,
  "extra" : {
    "severity" : "normal",
    "retries" : [ ],
    "categories" : [ ],
    "history" : {
      "statistic" : {
        "failed" : 0,
        "broken" : 0,
        "skipped" : 5,
        "passed" : 0,
        "unknown" : 0,
        "total" : 5
      },
      "items" : [ {
        "uid" : "1c119ec68ed53cce",
        "reportUrl" : "https://Nat754.github.io/PulseWave/56//#testresult/1c119ec68ed53cce",
        "status" : "skipped",
        "statusDetails" : "XFAIL ОР шрифт 16, ФР шрифт 14\n\nAssertionError: Размер шрифта элемента 'pulsewave@gmail.com' не соответствует макету\nassert '14px' == '16px'\n  - 16px\n  ?  ^\n  + 14px\n  ?  ^",
        "time" : {
          "start" : 1698937660823,
          "stop" : 1698937660869,
          "duration" : 46
        }
      }, {
        "uid" : "5bbdad878e195b98",
        "reportUrl" : "https://Nat754.github.io/PulseWave/55//#testresult/5bbdad878e195b98",
        "status" : "skipped",
        "statusDetails" : "XFAIL ОР шрифт 16, ФР шрифт 14\n\nAssertionError: Размер шрифта элемента 'pulsewave@gmail.com' не соответствует макету\nassert '14px' == '16px'\n  - 16px\n  ?  ^\n  + 14px\n  ?  ^",
        "time" : {
          "start" : 1698872335530,
          "stop" : 1698872335583,
          "duration" : 53
        }
      }, {
        "uid" : "ae2ed345fb86037f",
        "reportUrl" : "https://Nat754.github.io/PulseWave/54//#testresult/ae2ed345fb86037f",
        "status" : "skipped",
        "statusDetails" : "XFAIL ОР шрифт 16, ФР шрифт 14\n\nAssertionError: Размер текста элемента 'pulsewave@gmail.com' не соответствует макету\nassert '14px' == '16px'\n  - 16px\n  ?  ^\n  + 14px\n  ?  ^",
        "time" : {
          "start" : 1698868174307,
          "stop" : 1698868174356,
          "duration" : 49
        }
      }, {
        "uid" : "6dfe7e4dd66ca633",
        "reportUrl" : "https://Nat754.github.io/PulseWave/53//#testresult/6dfe7e4dd66ca633",
        "status" : "skipped",
        "statusDetails" : "XFAIL ОР шрифт 16, ФР шрифт 14\n\nAssertionError: Размер не соответствует\nassert '14px' == '16px'\n  - 16px\n  ?  ^\n  + 14px\n  ?  ^",
        "time" : {
          "start" : 1698858247510,
          "stop" : 1698858247567,
          "duration" : 57
        }
      } ]
    },
    "tags" : [ "@pytest.mark.xfail(reason='ОР шрифт 16, ФР шрифт 14')", "smoke" ]
  },
  "source" : "575ad3358189b4d6.json",
  "parameterValues" : [ ]
}