{
  "uid" : "abd441ba45a218b3",
  "name" : "Проверка размера шрифта элемента '2023' на Главной странице",
  "fullName" : "tests.test_main_page.TestMainPage#test_get_futer_cooperation_size",
  "historyId" : "67b7dba335e4125fe83fdf8a8b4edf86",
  "time" : {
    "start" : 1698939865939,
    "stop" : 1698939865987,
    "duration" : 48
  },
  "status" : "skipped",
  "statusMessage" : "XFAIL ОР шрифт 16, ФР шрифт 14\n\nAssertionError: Размер шрифта элемента '2023' не соответствует макету\nassert '14px' == '16px'\n  - 16px\n  ?  ^\n  + 14px\n  ?  ^",
  "statusTrace" : "self = <tests.test_main_page.TestMainPage object at 0x7f1f888ddbd0>\nmain_page_open = <pages.main_page.MainPage object at 0x7f1f883a83d0>\n\n    @allure.title(f\"Проверка размера шрифта элемента '{YEAR_COOPERATION}' на Главной странице\")\n    @pytest.mark.xfail(reason=\"ОР шрифт 16, ФР шрифт 14\")\n    @pytest.mark.smoke\n    def test_get_futer_cooperation_size(self, main_page_open):\n        element = main_page_open.get_futer_cooperation()\n        size = element.value_of_css_property(\"font-size\")\n>       assert size == TEXT_SIZE, f\"Размер шрифта элемента '{YEAR_COOPERATION}' не соответствует макету\"\nE       AssertionError: Размер шрифта элемента '2023' не соответствует макету\nE       assert '14px' == '16px'\nE         - 16px\nE         ?  ^\nE         + 14px\nE         ?  ^\n\ntests/test_main_page.py:355: AssertionError",
  "flaky" : false,
  "newFailed" : false,
  "beforeStages" : [ {
    "name" : "clear_allure_results_folder",
    "time" : {
      "start" : 1698939798453,
      "stop" : 1698939798453,
      "duration" : 0
    },
    "status" : "passed",
    "steps" : [ ],
    "attachments" : [ ],
    "parameters" : [ ],
    "stepsCount" : 0,
    "attachmentsCount" : 0,
    "shouldDisplayMessage" : false,
    "hasContent" : false
  }, {
    "name" : "_session_faker",
    "time" : {
      "start" : 1698939798381,
      "stop" : 1698939798453,
      "duration" : 72
    },
    "status" : "passed",
    "steps" : [ ],
    "attachments" : [ ],
    "parameters" : [ ],
    "stepsCount" : 0,
    "attachmentsCount" : 0,
    "shouldDisplayMessage" : false,
    "hasContent" : false
  }, {
    "name" : "main_page_open",
    "time" : {
      "start" : 1698939865563,
      "stop" : 1698939865938,
      "duration" : 375
    },
    "status" : "passed",
    "steps" : [ {
      "name" : "Проверка видимости кнопки 'Принимаю всё' в сообщении о принятии файлов cookie на Главной странице",
      "time" : {
        "start" : 1698939865858,
        "stop" : 1698939865900,
        "duration" : 42
      },
      "status" : "passed",
      "steps" : [ ],
      "attachments" : [ ],
      "parameters" : [ ],
      "stepsCount" : 0,
      "attachmentsCount" : 0,
      "shouldDisplayMessage" : false,
      "hasContent" : false
    } ],
    "attachments" : [ ],
    "parameters" : [ ],
    "stepsCount" : 1,
    "attachmentsCount" : 0,
    "shouldDisplayMessage" : false,
    "hasContent" : true
  }, {
    "name" : "driver",
    "time" : {
      "start" : 1698939864853,
      "stop" : 1698939865563,
      "duration" : 710
    },
    "status" : "passed",
    "steps" : [ ],
    "attachments" : [ ],
    "parameters" : [ ],
    "stepsCount" : 0,
    "attachmentsCount" : 0,
    "shouldDisplayMessage" : false,
    "hasContent" : false
  } ],
  "testStage" : {
    "status" : "skipped",
    "statusMessage" : "XFAIL ОР шрифт 16, ФР шрифт 14\n\nAssertionError: Размер шрифта элемента '2023' не соответствует макету\nassert '14px' == '16px'\n  - 16px\n  ?  ^\n  + 14px\n  ?  ^",
    "statusTrace" : "self = <tests.test_main_page.TestMainPage object at 0x7f1f888ddbd0>\nmain_page_open = <pages.main_page.MainPage object at 0x7f1f883a83d0>\n\n    @allure.title(f\"Проверка размера шрифта элемента '{YEAR_COOPERATION}' на Главной странице\")\n    @pytest.mark.xfail(reason=\"ОР шрифт 16, ФР шрифт 14\")\n    @pytest.mark.smoke\n    def test_get_futer_cooperation_size(self, main_page_open):\n        element = main_page_open.get_futer_cooperation()\n        size = element.value_of_css_property(\"font-size\")\n>       assert size == TEXT_SIZE, f\"Размер шрифта элемента '{YEAR_COOPERATION}' не соответствует макету\"\nE       AssertionError: Размер шрифта элемента '2023' не соответствует макету\nE       assert '14px' == '16px'\nE         - 16px\nE         ?  ^\nE         + 14px\nE         ?  ^\n\ntests/test_main_page.py:355: AssertionError",
    "steps" : [ {
      "name" : "Проверка видимости надписи '© PulseWave, 2023' в футере",
      "time" : {
        "start" : 1698939865939,
        "stop" : 1698939865978,
        "duration" : 39
      },
      "status" : "passed",
      "steps" : [ ],
      "attachments" : [ ],
      "parameters" : [ ],
      "stepsCount" : 0,
      "attachmentsCount" : 0,
      "shouldDisplayMessage" : false,
      "hasContent" : false
    } ],
    "attachments" : [ {
      "name" : "Screenshot",
      "type" : "image/png",
      "size" : 0
    } ],
    "parameters" : [ ],
    "stepsCount" : 1,
    "attachmentsCount" : 1,
    "shouldDisplayMessage" : true,
    "hasContent" : true
  },
  "afterStages" : [ {
    "name" : "driver::0",
    "time" : {
      "start" : 1698939866051,
      "stop" : 1698939866108,
      "duration" : 57
    },
    "status" : "passed",
    "steps" : [ ],
    "attachments" : [ ],
    "parameters" : [ ],
    "stepsCount" : 0,
    "attachmentsCount" : 0,
    "shouldDisplayMessage" : false,
    "hasContent" : false
  } ],
  "labels" : [ {
    "name" : "epic",
    "value" : "Тестирование Главной страницы"
  }, {
    "name" : "tag",
    "value" : "smoke"
  }, {
    "name" : "tag",
    "value" : "@pytest.mark.xfail(reason='ОР шрифт 16, ФР шрифт 14')"
  }, {
    "name" : "parentSuite",
    "value" : "tests"
  }, {
    "name" : "suite",
    "value" : "test_main_page"
  }, {
    "name" : "subSuite",
    "value" : "TestMainPage"
  }, {
    "name" : "host",
    "value" : "fv-az485-70"
  }, {
    "name" : "thread",
    "value" : "2303-MainThread"
  }, {
    "name" : "framework",
    "value" : "pytest"
  }, {
    "name" : "language",
    "value" : "cpython3"
  }, {
    "name" : "package",
    "value" : "tests.test_main_page"
  }, {
    "name" : "resultFormat",
    "value" : "allure2"
  } ],
  "parameters" : [ ],
  "links" : [ ],
  "hidden" : false,
  "retry" : false,
  "extra" : {
    "severity" : "normal",
    "retries" : [ ],
    "categories" : [ ],
    "history" : {
      "statistic" : {
        "failed" : 0,
        "broken" : 0,
        "skipped" : 5,
        "passed" : 0,
        "unknown" : 0,
        "total" : 5
      },
      "items" : [ {
        "uid" : "15fd28b8ee56dd",
        "reportUrl" : "https://Nat754.github.io/PulseWave/56//#testresult/15fd28b8ee56dd",
        "status" : "skipped",
        "statusDetails" : "XFAIL ОР шрифт 16, ФР шрифт 14\n\nAssertionError: Размер шрифта элемента '2023' не соответствует макету\nassert '14px' == '16px'\n  - 16px\n  ?  ^\n  + 14px\n  ?  ^",
        "time" : {
          "start" : 1698937662115,
          "stop" : 1698937662166,
          "duration" : 51
        }
      }, {
        "uid" : "ca84ca1da2413200",
        "reportUrl" : "https://Nat754.github.io/PulseWave/55//#testresult/ca84ca1da2413200",
        "status" : "skipped",
        "statusDetails" : "XFAIL ОР шрифт 16, ФР шрифт 14\n\nAssertionError: Размер шрифта элемента '2023' не соответствует макету\nassert '14px' == '16px'\n  - 16px\n  ?  ^\n  + 14px\n  ?  ^",
        "time" : {
          "start" : 1698872336775,
          "stop" : 1698872336830,
          "duration" : 55
        }
      }, {
        "uid" : "b75f9deea62723cd",
        "reportUrl" : "https://Nat754.github.io/PulseWave/54//#testresult/b75f9deea62723cd",
        "status" : "skipped",
        "statusDetails" : "XFAIL ОР шрифт 16, ФР шрифт 14\n\nAssertionError: Размер текста элемента '2023' не соответствует макету\nassert '14px' == '16px'\n  - 16px\n  ?  ^\n  + 14px\n  ?  ^",
        "time" : {
          "start" : 1698868177005,
          "stop" : 1698868177078,
          "duration" : 73
        }
      }, {
        "uid" : "e442d17f01c91ab5",
        "reportUrl" : "https://Nat754.github.io/PulseWave/53//#testresult/e442d17f01c91ab5",
        "status" : "skipped",
        "statusDetails" : "XFAIL ОР шрифт 16, ФР шрифт 14\n\nAssertionError: Размер не соответствует\nassert '14px' == '16px'\n  - 16px\n  ?  ^\n  + 14px\n  ?  ^",
        "time" : {
          "start" : 1698858250700,
          "stop" : 1698858250759,
          "duration" : 59
        }
      } ]
    },
    "tags" : [ "@pytest.mark.xfail(reason='ОР шрифт 16, ФР шрифт 14')", "smoke" ]
  },
  "source" : "abd441ba45a218b3.json",
  "parameterValues" : [ ]
}