{
  "uid" : "4189949963229749",
  "name" : "POST Создать пару токенов access и refresh",
  "fullName" : "tests.test_api.test_api.TestAPI#test_post_auth_jwt_create",
  "historyId" : "3a2538cb31301304b345f32dcb0f93b0",
  "time" : {
    "start" : 1714616324188,
    "stop" : 1714616325847,
    "duration" : 1659
  },
  "status" : "failed",
  "statusMessage" : "AssertionError: Unexpected status code. Expected: 200. Actual: 401",
  "statusTrace" : "self = <tests.test_api.test_api.TestAPI object at 0x7f3d9d4a39b0>\n\n    @allure.title(\"POST Создать пару токенов access и refresh\")\n    def test_post_auth_jwt_create(self):\n        url = f'{self.constant.BASE_URL}auth/jwt/create/'\n        response = requests.post(url, json={\"email\": email1, \"password\": password0})\n>       Assertions.assert_status_code(response, self.code.STATUS_200)\n\ntests/test_api/test_api.py:136: \n_ _ _ _ _ _ _ _ _ _ _ _ _ _ _ _ _ _ _ _ _ _ _ _ _ _ _ _ _ _ _ _ _ _ _ _ _ _ _ _ \n\nresponse = <Response [401]>, expected_status_code = 200\n\n    @staticmethod\n    def assert_status_code(response: Response, expected_status_code: int):\n        actual_status_code = response.status_code\n        with allure.step(f\"Expected status {expected_status_code}\"):\n>           assert actual_status_code == expected_status_code, \\\n                f\"Unexpected status code. Expected: {expected_status_code}. Actual: {actual_status_code}\"\nE           AssertionError: Unexpected status code. Expected: 200. Actual: 401\n\napi_testing/assertions.py:11: AssertionError",
  "flaky" : false,
  "newFailed" : false,
  "beforeStages" : [ {
    "name" : "clear_allure_results_folder",
    "time" : {
      "start" : 1714616301924,
      "stop" : 1714616301924,
      "duration" : 0
    },
    "status" : "passed",
    "steps" : [ ],
    "attachments" : [ ],
    "parameters" : [ ],
    "stepsCount" : 0,
    "attachmentsCount" : 0,
    "shouldDisplayMessage" : false,
    "hasContent" : false
  }, {
    "name" : "_session_faker",
    "time" : {
      "start" : 1714616301908,
      "stop" : 1714616301924,
      "duration" : 16
    },
    "status" : "passed",
    "steps" : [ ],
    "attachments" : [ ],
    "parameters" : [ ],
    "stepsCount" : 0,
    "attachmentsCount" : 0,
    "shouldDisplayMessage" : false,
    "hasContent" : false
  } ],
  "testStage" : {
    "status" : "failed",
    "statusMessage" : "AssertionError: Unexpected status code. Expected: 200. Actual: 401",
    "statusTrace" : "self = <tests.test_api.test_api.TestAPI object at 0x7f3d9d4a39b0>\n\n    @allure.title(\"POST Создать пару токенов access и refresh\")\n    def test_post_auth_jwt_create(self):\n        url = f'{self.constant.BASE_URL}auth/jwt/create/'\n        response = requests.post(url, json={\"email\": email1, \"password\": password0})\n>       Assertions.assert_status_code(response, self.code.STATUS_200)\n\ntests/test_api/test_api.py:136: \n_ _ _ _ _ _ _ _ _ _ _ _ _ _ _ _ _ _ _ _ _ _ _ _ _ _ _ _ _ _ _ _ _ _ _ _ _ _ _ _ \n\nresponse = <Response [401]>, expected_status_code = 200\n\n    @staticmethod\n    def assert_status_code(response: Response, expected_status_code: int):\n        actual_status_code = response.status_code\n        with allure.step(f\"Expected status {expected_status_code}\"):\n>           assert actual_status_code == expected_status_code, \\\n                f\"Unexpected status code. Expected: {expected_status_code}. Actual: {actual_status_code}\"\nE           AssertionError: Unexpected status code. Expected: 200. Actual: 401\n\napi_testing/assertions.py:11: AssertionError",
    "steps" : [ {
      "name" : "Expected status 200",
      "time" : {
        "start" : 1714616325847,
        "stop" : 1714616325847,
        "duration" : 0
      },
      "status" : "failed",
      "statusMessage" : "AssertionError: Unexpected status code. Expected: 200. Actual: 401\n",
      "statusTrace" : "  File \"/home/runner/work/PulseWave/PulseWave/api_testing/assertions.py\", line 11, in assert_status_code\n    assert actual_status_code == expected_status_code, \\\n           ^^^^^^^^^^^^^^^^^^^^^^^^^^^^^^^^^^^^^^^^^^\n",
      "steps" : [ ],
      "attachments" : [ ],
      "parameters" : [ ],
      "stepsCount" : 0,
      "attachmentsCount" : 0,
      "shouldDisplayMessage" : true,
      "hasContent" : true
    } ],
    "attachments" : [ ],
    "parameters" : [ ],
    "stepsCount" : 1,
    "attachmentsCount" : 0,
    "shouldDisplayMessage" : true,
    "hasContent" : true
  },
  "afterStages" : [ ],
  "labels" : [ {
    "name" : "epic",
    "value" : "Тестирование API"
  }, {
    "name" : "parentSuite",
    "value" : "tests.test_api"
  }, {
    "name" : "suite",
    "value" : "test_api"
  }, {
    "name" : "subSuite",
    "value" : "TestAPI"
  }, {
    "name" : "host",
    "value" : "fv-az1106-694"
  }, {
    "name" : "thread",
    "value" : "2271-MainThread"
  }, {
    "name" : "framework",
    "value" : "pytest"
  }, {
    "name" : "language",
    "value" : "cpython3"
  }, {
    "name" : "package",
    "value" : "tests.test_api.test_api"
  }, {
    "name" : "resultFormat",
    "value" : "allure2"
  } ],
  "parameters" : [ ],
  "links" : [ ],
  "hidden" : false,
  "retry" : false,
  "extra" : {
    "severity" : "normal",
    "retries" : [ ],
    "categories" : [ {
      "name" : "Product defects",
      "matchedStatuses" : [ ],
      "flaky" : false
    } ],
    "history" : {
      "statistic" : {
        "failed" : 2,
        "broken" : 3,
        "skipped" : 0,
        "passed" : 11,
        "unknown" : 0,
        "total" : 16
      },
      "items" : [ {
        "uid" : "2944663e3fbdecb1",
        "reportUrl" : "https://Nat754.github.io/PulseWave/11//#testresult/2944663e3fbdecb1",
        "status" : "failed",
        "statusDetails" : "AssertionError: Unexpected status code. Expected: 200. Actual: 401",
        "time" : {
          "start" : 1714530259189,
          "stop" : 1714530260391,
          "duration" : 1202
        }
      }, {
        "uid" : "4392fdf3941ed2a4",
        "reportUrl" : "https://Nat754.github.io/PulseWave/10//#testresult/4392fdf3941ed2a4",
        "status" : "broken",
        "statusDetails" : "requests.exceptions.ConnectionError: HTTPSConnectionPool(host='owa.pulsewave.ru', port=443): Max retries exceeded with url: /auth/jwt/create/ (Caused by NewConnectionError('<urllib3.connection.HTTPSConnection object at 0x7f17c7d81c70>: Failed to establish a new connection: [Errno 111] Connection refused'))",
        "time" : {
          "start" : 1714443492034,
          "stop" : 1714443493349,
          "duration" : 1315
        }
      }, {
        "uid" : "150fc8cfd85e2c57",
        "reportUrl" : "https://Nat754.github.io/PulseWave/9//#testresult/150fc8cfd85e2c57",
        "status" : "broken",
        "statusDetails" : "requests.exceptions.ConnectionError: HTTPSConnectionPool(host='owa.pulsewave.ru', port=443): Max retries exceeded with url: /auth/jwt/create/ (Caused by NewConnectionError('<urllib3.connection.HTTPSConnection object at 0x7f7971dc7e60>: Failed to establish a new connection: [Errno 111] Connection refused'))",
        "time" : {
          "start" : 1714357166333,
          "stop" : 1714357166459,
          "duration" : 126
        }
      }, {
        "uid" : "2218fd5b85f19733",
        "reportUrl" : "https://Nat754.github.io/PulseWave/8//#testresult/2218fd5b85f19733",
        "status" : "broken",
        "statusDetails" : "requests.exceptions.SSLError: HTTPSConnectionPool(host='owa.pulsewave.ru', port=443): Max retries exceeded with url: /auth/jwt/create/ (Caused by SSLError(SSLCertVerificationError(1, '[SSL: CERTIFICATE_VERIFY_FAILED] certificate verify failed: self-signed certificate (_ssl.c:1000)')))",
        "time" : {
          "start" : 1714270952989,
          "stop" : 1714270953315,
          "duration" : 326
        }
      }, {
        "uid" : "726417810d53aab5",
        "reportUrl" : "https://Nat754.github.io/PulseWave/7//#testresult/726417810d53aab5",
        "status" : "passed",
        "time" : {
          "start" : 1714184285454,
          "stop" : 1714184287508,
          "duration" : 2054
        }
      }, {
        "uid" : "acb459432fd645e4",
        "reportUrl" : "https://Nat754.github.io/PulseWave/6//#testresult/acb459432fd645e4",
        "status" : "passed",
        "time" : {
          "start" : 1714147857715,
          "stop" : 1714147859149,
          "duration" : 1434
        }
      }, {
        "uid" : "52b880b4a21cabff",
        "reportUrl" : "https://Nat754.github.io/PulseWave/6//#testresult/52b880b4a21cabff",
        "status" : "passed",
        "time" : {
          "start" : 1714097915188,
          "stop" : 1714097917142,
          "duration" : 1954
        }
      }, {
        "uid" : "f6fa748ad94c6afa",
        "reportUrl" : "https://Nat754.github.io/PulseWave/5//#testresult/f6fa748ad94c6afa",
        "status" : "passed",
        "time" : {
          "start" : 1714013841483,
          "stop" : 1714013842941,
          "duration" : 1458
        }
      }, {
        "uid" : "2637a49bbe765d49",
        "reportUrl" : "https://Nat754.github.io/PulseWave/211//#testresult/2637a49bbe765d49",
        "status" : "passed",
        "time" : {
          "start" : 1713945280211,
          "stop" : 1713945281782,
          "duration" : 1571
        }
      }, {
        "uid" : "160b5eb6482660ef",
        "reportUrl" : "https://Nat754.github.io/PulseWave/4//#testresult/160b5eb6482660ef",
        "status" : "passed",
        "time" : {
          "start" : 1713925105303,
          "stop" : 1713925106431,
          "duration" : 1128
        }
      }, {
        "uid" : "9e82e537890aca0d",
        "reportUrl" : "https://Nat754.github.io/PulseWave/211//#testresult/9e82e537890aca0d",
        "status" : "passed",
        "time" : {
          "start" : 1713900910505,
          "stop" : 1713900912003,
          "duration" : 1498
        }
      }, {
        "uid" : "8cdb87cc570e9c3a",
        "reportUrl" : "https://Nat754.github.io/PulseWave/210//#testresult/8cdb87cc570e9c3a",
        "status" : "passed",
        "time" : {
          "start" : 1713885012923,
          "stop" : 1713885014360,
          "duration" : 1437
        }
      }, {
        "uid" : "42c012f6d80aaad0",
        "reportUrl" : "https://Nat754.github.io/PulseWave/209//#testresult/42c012f6d80aaad0",
        "status" : "passed",
        "time" : {
          "start" : 1713882952050,
          "stop" : 1713882953408,
          "duration" : 1358
        }
      }, {
        "uid" : "e08ad7522684f9dd",
        "reportUrl" : "https://Nat754.github.io/PulseWave/209//#testresult/e08ad7522684f9dd",
        "status" : "passed",
        "time" : {
          "start" : 1713881429861,
          "stop" : 1713881431686,
          "duration" : 1825
        }
      }, {
        "uid" : "914dc29e0be5e4f4",
        "reportUrl" : "https://Nat754.github.io/PulseWave/208//#testresult/914dc29e0be5e4f4",
        "status" : "passed",
        "time" : {
          "start" : 1713878609029,
          "stop" : 1713878610971,
          "duration" : 1942
        }
      } ]
    },
    "tags" : [ ]
  },
  "source" : "4189949963229749.json",
  "parameterValues" : [ ]
}