{
  "uid" : "a52acb2d6833855f",
  "name" : "GET Список стикеров задачи",
  "fullName" : "tests.test_api.test_api.TestAPI#test_get_api_task_id_sticker",
  "historyId" : "6d6ecebe240d50664140f603964b63e9",
  "time" : {
    "start" : 1716172135373,
    "stop" : 1716172148496,
    "duration" : 13123
  },
  "status" : "skipped",
  "statusMessage" : "XFAIL\n\nAssertionError: Unexpected status code. Expected: 200. Actual: 500",
  "statusTrace" : "self = <tests.test_api.test_api.TestAPI object at 0x7ff90a2aa330>\nuse_api_base = <api_testing.api_base.ApiBase object at 0x7ff909c6ca40>\n\n    @pytest.mark.xfail\n    @allure.title(\"GET Список стикеров задачи\")\n    def test_get_api_task_id_sticker(self, use_api_base):\n        jwt = use_api_base.create_jwt(email1, password0)\n        column_id, task_id = use_api_base.get_column_task_id()\n        url = f'{self.constant.BASE_URL}api/task/{task_id}/sticker/'\n        requests.post(url, headers={'accept': 'application/json', 'Authorization': f\"{jwt}\"},\n                      json={\"name\": faker.first_name(), \"color\": random.choice(self.constant.COLOR_STICKER)})\n        response = requests.get(url, headers={'accept': 'application/json', 'Authorization': f\"{jwt}\"})\n>       Assertions.assert_status_code(response, self.code.STATUS_200)\n\ntests/test_api/test_api.py:470: \n_ _ _ _ _ _ _ _ _ _ _ _ _ _ _ _ _ _ _ _ _ _ _ _ _ _ _ _ _ _ _ _ _ _ _ _ _ _ _ _ \n\nresponse = <Response [500]>, expected_status_code = 200\n\n    @staticmethod\n    def assert_status_code(response: Response, expected_status_code: int):\n        actual_status_code = response.status_code\n        with allure.step(f\"Expected status {expected_status_code}\"):\n>           assert actual_status_code == expected_status_code, \\\n                f\"Unexpected status code. Expected: {expected_status_code}. Actual: {actual_status_code}\"\nE           AssertionError: Unexpected status code. Expected: 200. Actual: 500\n\napi_testing/assertions.py:11: AssertionError",
  "flaky" : false,
  "newFailed" : false,
  "beforeStages" : [ {
    "name" : "use_api_base",
    "time" : {
      "start" : 1716172135373,
      "stop" : 1716172135373,
      "duration" : 0
    },
    "status" : "passed",
    "steps" : [ ],
    "attachments" : [ ],
    "parameters" : [ ],
    "stepsCount" : 0,
    "attachmentsCount" : 0,
    "shouldDisplayMessage" : false,
    "hasContent" : false
  }, {
    "name" : "_session_faker",
    "time" : {
      "start" : 1716171826425,
      "stop" : 1716171826441,
      "duration" : 16
    },
    "status" : "passed",
    "steps" : [ ],
    "attachments" : [ ],
    "parameters" : [ ],
    "stepsCount" : 0,
    "attachmentsCount" : 0,
    "shouldDisplayMessage" : false,
    "hasContent" : false
  }, {
    "name" : "clear_allure_results_folder",
    "time" : {
      "start" : 1716171826441,
      "stop" : 1716171826441,
      "duration" : 0
    },
    "status" : "passed",
    "steps" : [ ],
    "attachments" : [ ],
    "parameters" : [ ],
    "stepsCount" : 0,
    "attachmentsCount" : 0,
    "shouldDisplayMessage" : false,
    "hasContent" : false
  } ],
  "testStage" : {
    "status" : "skipped",
    "statusMessage" : "XFAIL\n\nAssertionError: Unexpected status code. Expected: 200. Actual: 500",
    "statusTrace" : "self = <tests.test_api.test_api.TestAPI object at 0x7ff90a2aa330>\nuse_api_base = <api_testing.api_base.ApiBase object at 0x7ff909c6ca40>\n\n    @pytest.mark.xfail\n    @allure.title(\"GET Список стикеров задачи\")\n    def test_get_api_task_id_sticker(self, use_api_base):\n        jwt = use_api_base.create_jwt(email1, password0)\n        column_id, task_id = use_api_base.get_column_task_id()\n        url = f'{self.constant.BASE_URL}api/task/{task_id}/sticker/'\n        requests.post(url, headers={'accept': 'application/json', 'Authorization': f\"{jwt}\"},\n                      json={\"name\": faker.first_name(), \"color\": random.choice(self.constant.COLOR_STICKER)})\n        response = requests.get(url, headers={'accept': 'application/json', 'Authorization': f\"{jwt}\"})\n>       Assertions.assert_status_code(response, self.code.STATUS_200)\n\ntests/test_api/test_api.py:470: \n_ _ _ _ _ _ _ _ _ _ _ _ _ _ _ _ _ _ _ _ _ _ _ _ _ _ _ _ _ _ _ _ _ _ _ _ _ _ _ _ \n\nresponse = <Response [500]>, expected_status_code = 200\n\n    @staticmethod\n    def assert_status_code(response: Response, expected_status_code: int):\n        actual_status_code = response.status_code\n        with allure.step(f\"Expected status {expected_status_code}\"):\n>           assert actual_status_code == expected_status_code, \\\n                f\"Unexpected status code. Expected: {expected_status_code}. Actual: {actual_status_code}\"\nE           AssertionError: Unexpected status code. Expected: 200. Actual: 500\n\napi_testing/assertions.py:11: AssertionError",
    "steps" : [ {
      "name" : "Получить access токен пользователя на емайл",
      "time" : {
        "start" : 1716172135373,
        "stop" : 1716172136719,
        "duration" : 1346
      },
      "status" : "passed",
      "steps" : [ ],
      "attachments" : [ ],
      "parameters" : [ ],
      "stepsCount" : 0,
      "attachmentsCount" : 0,
      "shouldDisplayMessage" : false,
      "hasContent" : false
    }, {
      "name" : "Получить id задачи",
      "time" : {
        "start" : 1716172136719,
        "stop" : 1716172146836,
        "duration" : 10117
      },
      "status" : "passed",
      "steps" : [ {
        "name" : "Получить access токен пользователя на емайл",
        "time" : {
          "start" : 1716172136719,
          "stop" : 1716172138208,
          "duration" : 1489
        },
        "status" : "passed",
        "steps" : [ ],
        "attachments" : [ ],
        "parameters" : [ ],
        "stepsCount" : 0,
        "attachmentsCount" : 0,
        "shouldDisplayMessage" : false,
        "hasContent" : false
      }, {
        "name" : "Получить id колонки",
        "time" : {
          "start" : 1716172138208,
          "stop" : 1716172146033,
          "duration" : 7825
        },
        "status" : "passed",
        "steps" : [ {
          "name" : "Получить access токен пользователя на емайл",
          "time" : {
            "start" : 1716172138208,
            "stop" : 1716172139597,
            "duration" : 1389
          },
          "status" : "passed",
          "steps" : [ ],
          "attachments" : [ ],
          "parameters" : [ ],
          "stepsCount" : 0,
          "attachmentsCount" : 0,
          "shouldDisplayMessage" : false,
          "hasContent" : false
        }, {
          "name" : "Получить id доски",
          "time" : {
            "start" : 1716172139598,
            "stop" : 1716172144392,
            "duration" : 4794
          },
          "status" : "passed",
          "steps" : [ {
            "name" : "Получить access токен пользователя на емайл",
            "time" : {
              "start" : 1716172139598,
              "stop" : 1716172141195,
              "duration" : 1597
            },
            "status" : "passed",
            "steps" : [ ],
            "attachments" : [ ],
            "parameters" : [ ],
            "stepsCount" : 0,
            "attachmentsCount" : 0,
            "shouldDisplayMessage" : false,
            "hasContent" : false
          }, {
            "name" : "Получить id рабочего пространства",
            "time" : {
              "start" : 1716172141196,
              "stop" : 1716172143568,
              "duration" : 2372
            },
            "status" : "passed",
            "steps" : [ {
              "name" : "Получить access токен пользователя на емайл",
              "time" : {
                "start" : 1716172141196,
                "stop" : 1716172142701,
                "duration" : 1505
              },
              "status" : "passed",
              "steps" : [ ],
              "attachments" : [ ],
              "parameters" : [ ],
              "stepsCount" : 0,
              "attachmentsCount" : 0,
              "shouldDisplayMessage" : false,
              "hasContent" : false
            } ],
            "attachments" : [ ],
            "parameters" : [ ],
            "stepsCount" : 1,
            "attachmentsCount" : 0,
            "shouldDisplayMessage" : false,
            "hasContent" : true
          } ],
          "attachments" : [ ],
          "parameters" : [ ],
          "stepsCount" : 3,
          "attachmentsCount" : 0,
          "shouldDisplayMessage" : false,
          "hasContent" : true
        } ],
        "attachments" : [ ],
        "parameters" : [ ],
        "stepsCount" : 5,
        "attachmentsCount" : 0,
        "shouldDisplayMessage" : false,
        "hasContent" : true
      } ],
      "attachments" : [ ],
      "parameters" : [ ],
      "stepsCount" : 7,
      "attachmentsCount" : 0,
      "shouldDisplayMessage" : false,
      "hasContent" : true
    }, {
      "name" : "Expected status 200",
      "time" : {
        "start" : 1716172148495,
        "stop" : 1716172148496,
        "duration" : 1
      },
      "status" : "failed",
      "statusMessage" : "AssertionError: Unexpected status code. Expected: 200. Actual: 500\n",
      "statusTrace" : "  File \"/home/runner/work/PulseWave/PulseWave/api_testing/assertions.py\", line 11, in assert_status_code\n    assert actual_status_code == expected_status_code, \\\n           ^^^^^^^^^^^^^^^^^^^^^^^^^^^^^^^^^^^^^^^^^^\n",
      "steps" : [ ],
      "attachments" : [ ],
      "parameters" : [ ],
      "stepsCount" : 0,
      "attachmentsCount" : 0,
      "shouldDisplayMessage" : true,
      "hasContent" : true
    } ],
    "attachments" : [ ],
    "parameters" : [ ],
    "stepsCount" : 10,
    "attachmentsCount" : 0,
    "shouldDisplayMessage" : true,
    "hasContent" : true
  },
  "afterStages" : [ ],
  "labels" : [ {
    "name" : "epic",
    "value" : "Тестирование API"
  }, {
    "name" : "tag",
    "value" : "@pytest.mark.xfail"
  }, {
    "name" : "parentSuite",
    "value" : "tests.test_api"
  }, {
    "name" : "suite",
    "value" : "test_api"
  }, {
    "name" : "subSuite",
    "value" : "TestAPI"
  }, {
    "name" : "host",
    "value" : "fv-az1756-131"
  }, {
    "name" : "thread",
    "value" : "2311-MainThread"
  }, {
    "name" : "framework",
    "value" : "pytest"
  }, {
    "name" : "language",
    "value" : "cpython3"
  }, {
    "name" : "package",
    "value" : "tests.test_api.test_api"
  }, {
    "name" : "resultFormat",
    "value" : "allure2"
  } ],
  "parameters" : [ ],
  "links" : [ ],
  "hidden" : false,
  "retry" : false,
  "extra" : {
    "severity" : "normal",
    "retries" : [ ],
    "categories" : [ ],
    "history" : {
      "statistic" : {
        "failed" : 0,
        "broken" : 0,
        "skipped" : 36,
        "passed" : 0,
        "unknown" : 0,
        "total" : 36
      },
      "items" : [ {
        "uid" : "7beb156802dd258b",
        "reportUrl" : "https://Nat754.github.io/PulseWave/29//#testresult/7beb156802dd258b",
        "status" : "skipped",
        "statusDetails" : "XFAIL\n\nAssertionError: Unexpected status code. Expected: 200. Actual: 500",
        "time" : {
          "start" : 1716085703102,
          "stop" : 1716085713965,
          "duration" : 10863
        }
      }, {
        "uid" : "8e99b68877745341",
        "reportUrl" : "https://Nat754.github.io/PulseWave/28//#testresult/8e99b68877745341",
        "status" : "skipped",
        "statusDetails" : "XFAIL\n\nAssertionError: Unexpected status code. Expected: 200. Actual: 500",
        "time" : {
          "start" : 1715999123572,
          "stop" : 1715999133897,
          "duration" : 10325
        }
      }, {
        "uid" : "28861eba079e5a20",
        "reportUrl" : "https://Nat754.github.io/PulseWave/27//#testresult/28861eba079e5a20",
        "status" : "skipped",
        "statusDetails" : "XFAIL\n\nAssertionError: Unexpected status code. Expected: 200. Actual: 500",
        "time" : {
          "start" : 1715912776538,
          "stop" : 1715912790070,
          "duration" : 13532
        }
      }, {
        "uid" : "22c10888c7211ec5",
        "reportUrl" : "https://Nat754.github.io/PulseWave/212//#testresult/22c10888c7211ec5",
        "status" : "skipped",
        "statusDetails" : "XFAIL\n\nAssertionError: Unexpected status code. Expected: 200. Actual: 500",
        "time" : {
          "start" : 1715841661875,
          "stop" : 1715841673062,
          "duration" : 11187
        }
      }, {
        "uid" : "d33b20d39355e986",
        "reportUrl" : "https://Nat754.github.io/PulseWave/26//#testresult/d33b20d39355e986",
        "status" : "skipped",
        "statusDetails" : "XFAIL\n\nAssertionError: Unexpected status code. Expected: 200. Actual: 500",
        "time" : {
          "start" : 1715826356693,
          "stop" : 1715826368712,
          "duration" : 12019
        }
      }, {
        "uid" : "9d5780940833dc8a",
        "reportUrl" : "https://Nat754.github.io/PulseWave/25//#testresult/9d5780940833dc8a",
        "status" : "skipped",
        "statusDetails" : "XFAIL\n\nAssertionError: Unexpected status code. Expected: 200. Actual: 500",
        "time" : {
          "start" : 1715740243178,
          "stop" : 1715740259254,
          "duration" : 16076
        }
      }, {
        "uid" : "e244d31d632b9880",
        "reportUrl" : "https://Nat754.github.io/PulseWave/24//#testresult/e244d31d632b9880",
        "status" : "skipped",
        "statusDetails" : "XFAIL\n\nAssertionError: Unexpected status code. Expected: 200. Actual: 500",
        "time" : {
          "start" : 1715653569348,
          "stop" : 1715653583876,
          "duration" : 14528
        }
      }, {
        "uid" : "672e0bc56b430bec",
        "reportUrl" : "https://Nat754.github.io/PulseWave/23//#testresult/672e0bc56b430bec",
        "status" : "skipped",
        "statusDetails" : "XFAIL\n\nrequests.exceptions.JSONDecodeError: Expecting value: line 2 column 1 (char 1)",
        "time" : {
          "start" : 1715567255217,
          "stop" : 1715567263379,
          "duration" : 8162
        }
      }, {
        "uid" : "1936aedd35a7acfa",
        "reportUrl" : "https://Nat754.github.io/PulseWave/22//#testresult/1936aedd35a7acfa",
        "status" : "skipped",
        "statusDetails" : "XFAIL\n\nrequests.exceptions.JSONDecodeError: Expecting value: line 2 column 1 (char 1)",
        "time" : {
          "start" : 1715480843802,
          "stop" : 1715480853158,
          "duration" : 9356
        }
      }, {
        "uid" : "987463eaeda13dfe",
        "reportUrl" : "https://Nat754.github.io/PulseWave/21//#testresult/987463eaeda13dfe",
        "status" : "skipped",
        "statusDetails" : "XFAIL\n\nrequests.exceptions.JSONDecodeError: Expecting value: line 2 column 1 (char 1)",
        "time" : {
          "start" : 1715394115522,
          "stop" : 1715394123411,
          "duration" : 7889
        }
      }, {
        "uid" : "f839293eebbd367e",
        "reportUrl" : "https://Nat754.github.io/PulseWave/20//#testresult/f839293eebbd367e",
        "status" : "skipped",
        "statusDetails" : "XFAIL\n\nrequests.exceptions.JSONDecodeError: Expecting value: line 2 column 1 (char 1)",
        "time" : {
          "start" : 1715308180967,
          "stop" : 1715308191027,
          "duration" : 10060
        }
      }, {
        "uid" : "f5e28aa7bfddbe7d",
        "reportUrl" : "https://Nat754.github.io/PulseWave/19//#testresult/f5e28aa7bfddbe7d",
        "status" : "skipped",
        "statusDetails" : "XFAIL\n\nrequests.exceptions.JSONDecodeError: Expecting value: line 2 column 1 (char 1)",
        "time" : {
          "start" : 1715221628550,
          "stop" : 1715221637620,
          "duration" : 9070
        }
      }, {
        "uid" : "672f92811fcdf886",
        "reportUrl" : "https://Nat754.github.io/PulseWave/18//#testresult/672f92811fcdf886",
        "status" : "skipped",
        "statusDetails" : "XFAIL\n\nrequests.exceptions.JSONDecodeError: Expecting value: line 2 column 1 (char 1)",
        "time" : {
          "start" : 1715134299452,
          "stop" : 1715134307236,
          "duration" : 7784
        }
      }, {
        "uid" : "d749de4cf5377dfd",
        "reportUrl" : "https://Nat754.github.io/PulseWave/17//#testresult/d749de4cf5377dfd",
        "status" : "skipped",
        "statusDetails" : "XFAIL\n\nrequests.exceptions.JSONDecodeError: Expecting value: line 2 column 1 (char 1)",
        "time" : {
          "start" : 1715048955894,
          "stop" : 1715048964608,
          "duration" : 8714
        }
      }, {
        "uid" : "5511ea051d4f55ea",
        "reportUrl" : "https://Nat754.github.io/PulseWave/16//#testresult/5511ea051d4f55ea",
        "status" : "skipped",
        "statusDetails" : "XFAIL\n\nrequests.exceptions.JSONDecodeError: Expecting value: line 2 column 1 (char 1)",
        "time" : {
          "start" : 1714962354910,
          "stop" : 1714962362743,
          "duration" : 7833
        }
      }, {
        "uid" : "a7aaf378f3053e74",
        "reportUrl" : "https://Nat754.github.io/PulseWave/15//#testresult/a7aaf378f3053e74",
        "status" : "skipped",
        "statusDetails" : "XFAIL\n\nrequests.exceptions.JSONDecodeError: Expecting value: line 2 column 1 (char 1)",
        "time" : {
          "start" : 1714875929895,
          "stop" : 1714875939043,
          "duration" : 9148
        }
      }, {
        "uid" : "7edf2b144cb120fe",
        "reportUrl" : "https://Nat754.github.io/PulseWave/14//#testresult/7edf2b144cb120fe",
        "status" : "skipped",
        "statusDetails" : "XFAIL\n\nrequests.exceptions.JSONDecodeError: Expecting value: line 2 column 1 (char 1)",
        "time" : {
          "start" : 1714827473767,
          "stop" : 1714827480625,
          "duration" : 6858
        }
      }, {
        "uid" : "ddb04f3c9755183a",
        "reportUrl" : "https://Nat754.github.io/PulseWave/14//#testresult/ddb04f3c9755183a",
        "status" : "skipped",
        "statusDetails" : "XFAIL\n\nKeyError: 'access'",
        "time" : {
          "start" : 1714789061588,
          "stop" : 1714789062946,
          "duration" : 1358
        }
      }, {
        "uid" : "7d317a75747ee999",
        "reportUrl" : "https://Nat754.github.io/PulseWave/13//#testresult/7d317a75747ee999",
        "status" : "skipped",
        "statusDetails" : "XFAIL\n\nKeyError: 'access'",
        "time" : {
          "start" : 1714702922512,
          "stop" : 1714702923630,
          "duration" : 1118
        }
      }, {
        "uid" : "3e1b5af805a7c004",
        "reportUrl" : "https://Nat754.github.io/PulseWave/12//#testresult/3e1b5af805a7c004",
        "status" : "skipped",
        "statusDetails" : "XFAIL\n\nKeyError: 'access'",
        "time" : {
          "start" : 1714616373986,
          "stop" : 1714616375590,
          "duration" : 1604
        }
      } ]
    },
    "tags" : [ "@pytest.mark.xfail" ]
  },
  "source" : "a52acb2d6833855f.json",
  "parameterValues" : [ ]
}